submitit INFO (2023-04-30 13:43:31,651) - Starting with JobEnvironment(job_id=27523, hostname=cpunode3, local_rank=3(5), node=0(1), global_rank=3(5))
submitit INFO (2023-04-30 13:43:31,651) - Loading pickle: /h/30/pashootan/Matrix-Mult-CP/src/../logs/2x2x2_5_Apr30_13:43:30/27523_submitted.pkl
 ! --------------------------------------------------- CP Optimizer 22.1.1.0 --
 ! Satisfiability problem - 60 variables, 164 constraints
 ! TimeLimit            = 7200
 ! Workers              = 8
 ! LogPeriod            = 10000000
 ! RandomSeed           = 8708
 ! Initial process time : 0.01s (0.01s extraction + 0.00s propagation)
 !  . Log search space  : 95.1 (before), 95.1 (after)
 !  . Memory usage      : 502.6 kB (before), 502.6 kB (after)
 ! Using parallel search with 8 workers.
 ! ----------------------------------------------------------------------------
 !               Branches  Non-fixed    W       Branch decision
                   10000k          7    8   F     1 != V2_3
                   10000k          7    1         1 != U3_0
                   10000k          8    7         1 != W3_0
                   10000k          5    4   F     0  = U4_0
                   10000k          7    6   F     0  = W3_2
                   10000k          7    2   F     1 != V2_1
                   10000k          6    5         0  = W2_0
                   10000k          8    3         1 != V2_0
                   20000k          7    8   F    -1  = U2_0
                   20000k          8    1         0  = V1_2
                   20000k          7    2        -1  = U1_1
                   20000k          9    6   F     1  = W1_3
                   20000k          8    4         1 != U0_3
                   20000k          8    5        -1 != W2_1
                   20000k          7    7        -1 != W4_2
                   20000k         10    3   F     1  = U1_2
                   30000k          7    8   F        -
                   30000k          7    2   F     1 != W2_0
                   30000k          8    1         0 != V4_1
                   30000k          7    6         1  = W2_3
 ! Time = 291.78s, Average fail depth = 19, Memory usage = 139.7 MB
 !               Branches  Non-fixed    W       Branch decision
                   30000k          7    7   F    -1  = W0_2
                   30000k          6    4         1 != U0_0
                   30000k          8    5         0 != U2_2
                   30000k          8    3   F     0  = V1_1
                   40000k          7    8         0 != U2_0
                   40000k          9    2         0 != W1_0
                   40000k          7    1         0 != W3_2
                   40000k          8    7        -1  = W2_3
                   40000k          8    5   F     0 != U2_1
                   40000k          8    6        -1  = V1_2
                   40000k          6    4         0 != U3_0
                   40000k          9    3         0 != V3_2
                   50000k          6    8   F    -1 != V3_2
                   50000k          8    2   F     1  = V1_1
                   50000k          8    1         0  = U3_1
                   50000k          6    4   F    -1 != W4_0
                   50000k          7    5        -1  = U1_3
                   50000k         10    6   F     1  = W2_3
                   50000k          8    3   F     0  = V1_2
                   50000k          8    7         0 != V2_3
 ! Time = 489.39s, Average fail depth = 19, Memory usage = 226.9 MB
 !               Branches  Non-fixed    W       Branch decision
                   60000k          7    8         1  = V4_2
                   60000k          7    2         1  = U0_1
                   60000k          7    1   F    -1 != U0_3
                   60000k          9    3   F     1  = U2_0
                   60000k          9    7        -1 != W4_0
                   60000k          7    5   F     1  = U1_1
                   60000k          6    4         1  = V4_0
                   60000k          9    6   F     0  = W3_0
                   70000k          7    8   F     0 != V0_1
                   70000k          8    1        -1  = W0_0
                   70000k         10    2   F     1  = U0_2
                   70000k          9    3        -1  = V2_2
                   70000k          9    5        -1 != W0_3
                   70000k          6    4   F    -1  = W2_0
                   70000k          9    7   F     1  = U2_1
                   70000k          9    6        -1  = V4_3
                   80000k          7    8   F    -1  = W0_1
                   80000k          9    1   F     1  = V3_3
                   80000k          9    2         1 != U2_2
                   80000k          8    5        -1  = V2_2
 ! Time = 774.34s, Average fail depth = 19, Memory usage = 351.3 MB
 !               Branches  Non-fixed    W       Branch decision
                   80000k          8    3   F     0  = V1_2
                   80000k          6    4   F     1 != V2_0
                   80000k          7    7   F    -1 != U3_3
                   80000k          8    6   F    -1  = U4_0
                   90000k          7    8   F    -1  = V2_1
                   90000k          8    2        -1  = V1_3
                   90000k          9    1   F     1 != W3_1
                   90000k          7    5        -1 != U3_2
                   90000k          9    3         1  = V2_2
                   90000k          6    4   F     1 != V4_1
                   90000k          8    7        -1 != W0_3
                   90000k          9    6   F     1 != V1_2
                     100M          7    8         0 != U4_2
                     100M          8    2   F     1 != W3_0
                     100M          8    5   F     1 != W3_3
                     100M          9    3         1 != U4_1
                     100M          8    1        -1 != W0_2
                     100M          7    4         1  = U4_0
                     100M          7    7         0 != W2_3
                     100M          7    6   F     1 != W1_1
 ! Time = 985.13s, Average fail depth = 19, Memory usage = 440.7 MB
 !               Branches  Non-fixed    W       Branch decision
                     110M          7    8        -1 != V1_1
                     110M          9    2        -1  = V0_1
                     110M          8    3         1 != W4_0
                     110M         10    5   F    -1 != U1_2
                     110M          8    1        -1 != V4_0
                     110M          9    7   F    -1  = W3_2
                     110M          6    4   F     0 != U3_3
                     110M          9    6   F     0  = V4_0
                     120M          7    8   F     0  = U2_3
                     120M         11    3        -1 != U4_1
                     120M          8    2   F     1 != W4_1
                     120M          7    5        -1  = U3_3
                     120M          7    1         0 != W1_0
                     120M          6    4        -1 != U0_0
                     120M         11    7         1 != V3_2
                     120M          8    6         0 != W4_0
                     130M          7    8   F    -1  = V0_0
                     130M          7    5        -1  = W3_0
                     130M          8    2   F     1  = W1_1
                     130M          9    3   F     1  = W3_1
 ! Time = 1265.96s, Average fail depth = 19, Memory usage = 558.4 MB
 !               Branches  Non-fixed    W       Branch decision
                     130M          7    4        -1  = U1_3
                     130M          8    1   F     1 != U4_3
                     130M          8    7   F    -1  = U2_1
                     130M          8    6   F     0 != W4_3
                     140M          6    8   F    -1  = V4_3
                     140M          9    3   F    -1  = U4_3
                     140M          7    5         1  = W3_1
                     140M          9    2         0 != U3_0
                     140M          6    4         0 != W2_0
                     140M          8    1   F     1 != W1_0
                     140M          7    7        -1 != U0_1
                     140M          7    6   F     1 != W2_1
                     150M          6    8   F    -1 != V4_0
                     150M         12    3   F     0  = V3_2
                     150M          8    2         1 != W3_0
                     150M          6    4        -1  = V4_1
                     150M          7    5   F     1  = V0_1
                     150M          9    1         1 != V0_2
                     150M          8    7   F    -1  = V3_2
                     150M          9    6   F    -1  = V1_3
 ! Time = 1482.84s, Average fail depth = 19, Memory usage = 652.1 MB
 !               Branches  Non-fixed    W       Branch decision
                     160M          7    8            -
                     160M          9    3   F    -1 != V3_0
                     160M          8    2   F     1  = W2_3
                     160M          6    4         0  = W4_2
                     160M          8    5   F    -1  = V3_3
                     160M          7    1        -1 != U4_1
                     160M          8    7         0  = W2_0
                     160M          8    6   F     0  = V4_2
                     170M          7    8        -1 != U4_0
                     170M          6    4   F    -1 != W0_1
                     170M          9    2         1 != V1_2
                     170M          9    5   F     0 != V0_1
                     170M          7    1   F     0  = U0_0
                     170M         10    3        -1  = W1_1
                     170M          8    7   F     0  = V2_2
                     170M          8    6        -1  = W2_3
                     180M          6    8         0 != W4_1
                     180M          8    2        -1  = V3_2
                     180M          6    4   F    -1  = W1_2
                     180M          8    5   F    -1 != V1_2
 ! Time = 1758.10s, Average fail depth = 19, Memory usage = 772.6 MB
 !               Branches  Non-fixed    W       Branch decision
                     180M          8    3   F     1  = W3_1
                     180M          8    1   F     0  = W4_1
                     180M          7    7   F    -1  = W0_0
                     180M          8    6   F     1 != U3_3
                     190M          7    8         0 != W2_3
                     190M          8    2         1  = U1_0
                     190M          8    4         0 != V3_1
                     190M          7    1         0  = W1_1
                     190M          9    5   F     1  = W1_0
                     190M         12    3        -1  = U3_0
                     190M          7    7        -1  = W0_3
                     190M          8    6         0  = W4_0
                     200M          6    8   F    -1  = W1_0
                     200M          9    5         1 != W1_0
                     200M          7    2        -1 != W4_1
                     200M          6    4         1 != W1_2
                     200M          7    1   F     1  = V2_1
                     200M          8    3   F     0  = U2_3
                     200M          9    6   F     0  = U3_0
                     200M          9    7         1 != V4_3
 ! Time = 1970.36s, Average fail depth = 19, Memory usage = 856.1 MB
 !               Branches  Non-fixed    W       Branch decision
                     210M          6    8        -1  = W0_1
                     210M          8    5         1  = W3_3
                     210M          8    1   F     0 != W4_1
                     210M          8    2         1 != V2_2
                     210M          7    3   F    -1  = V4_2
                     210M          8    4   F     1  = V2_1
                     210M          8    6         0 != U4_0
                     210M         10    7   F     0  = V0_1
                     220M          7    8         1  = U1_0
                     220M          8    4        -1  = U1_2
                     220M          8    5   F     1 != U0_0
                     220M          9    1   F    -1  = V3_2
                     220M          9    3   F    -1  = U3_3
                     220M          8    2   F    -1  = V3_1
                     220M          8    6   F     0 != U2_1
                     220M          7    7         1  = U4_0
                     230M          6    8   F     0  = W4_1
                     230M          6    4   F     1  = V3_0
                     230M          7    1   F     1  = V4_2
                     230M          9    2   F     0 != U3_2
 ! Time = 2255.20s, Average fail depth = 19, Memory usage = 979.3 MB
 !               Branches  Non-fixed    W       Branch decision
                     230M          9    6   F     1 != U2_0
                     230M          8    5        -1  = U1_1
                     230M          8    3   F    -1  = V3_2
                     230M          7    7   F     0  = U4_3
                     240M          5    8        -1  = W2_1
                     240M          8    1         0  = W2_0
                     240M          7    4   F    -1 != U4_3
                     240M          8    5   F     0  = U4_1
                     240M          9    2         0 != V4_3
                     240M          8    3   F     1  = U3_1
                     240M          8    6         0 != W0_3
                     240M          6    7   F    -1  = V1_1
                     250M          5    8   F     1 != V3_2
                     250M          8    5   F    -1 != V4_2
                     250M          8    1        -1  = W3_0
                     250M          7    4   F    -1  = W2_3
                     250M          8    2   F    -1 != V0_1
                     250M          7    6         1 != U2_3
                     250M          8    3        -1 != W1_2
                     250M          8    7        -1 != U1_3
 ! Time = 2462.37s, Average fail depth = 19, Memory usage = 1.1 GB
 !               Branches  Non-fixed    W       Branch decision
                     260M          5    8   F     1 != U4_0
                     260M          8    5         1  = W0_3
                     260M          6    4         0 != U0_3
                     260M          9    6        -1 != V1_1
                     260M          8    1   F    -1  = W0_1
                     260M          8    2         0 != U0_3
                     260M         10    7   F     1  = W2_1
                     260M          9    3   F     0 != U2_0
                     270M          5    8         1  = W2_1
                     270M          7    4         1 != V3_2
                     270M          7    6         0 != V3_2
                     270M          8    5        -1 != W0_3
                     270M          9    1   F     1  = U0_1
                     270M          8    2        -1  = V2_2
                     270M          7    7        -1 != W2_0
                     270M          8    3   F    -1  = U0_2
                     280M          5    8        -1 != U0_1
                     280M         10    6         0 != V0_2
                     280M          8    1   F     0  = V4_3
                     280M          8    5        -1 != W0_1
 ! Time = 2748.17s, Average fail depth = 19, Memory usage = 1.2 GB
 !               Branches  Non-fixed    W       Branch decision
                     280M          6    4        -1 != U1_0
                     280M          8    2   F     1 != V0_2
                     280M          7    7   F     0 != U2_0
                     280M          7    3        -1 != W0_2
                     290M          5    8   F    -1  = W2_2
                     290M          9    6   F     0  = V2_3
                     290M          8    1   F    -1 != W3_1
                     290M          7    4   F    -1  = W2_1
                     290M          8    5   F     1 != W1_0
                     290M          7    2   F     0  = V3_1
                     290M          7    7        -1 != W1_3
                     290M          7    3        -1 != U4_0
                     300M          5    8         1  = W3_0
                     300M          9    5   F     1 != U0_1
                     300M          7    4         0 != W4_0
                     300M         10    6        -1  = W1_0
                     300M          6    2   F    -1  = V2_2
                     300M          8    1         0 != U3_3
                     300M         11    7         1 != U3_1
                     300M         12    3   F    -1 != V3_1
 ! Time = 2972.02s, Average fail depth = 19, Memory usage = 1.3 GB
 !               Branches  Non-fixed    W       Branch decision
                     310M          6    8         0 != W0_0
                     310M          7    5         1  = W3_0
                     310M          6    2         0 != U1_2
                     310M          9    4   F    -1 != V2_0
                     310M          7    6         0 != V0_3
                     310M          8    1         1  = U3_3
                     310M          9    7         0  = U3_1
                     310M          6    3        -1  = W4_0
                     320M          6    8   F     0 != U2_2
                     320M          9    5         1  = U1_1
                     320M          6    2         0 != U1_2
                     320M          8    4         0  = V2_1
                     320M          9    6   F     1  = U2_0
                     320M          7    1   F     1  = V1_2
                     320M          7    7         0 != V1_2
                     320M         14    3   F     0  = V1_1
                     330M          6    8        -1  = W3_0
                     330M          9    5   F    -1  = W0_3
                     330M          6    2   F    -1 != U4_3
                     330M          7    4        -1 != U4_2
 ! Time = 3244.20s, Average fail depth = 19, Memory usage = 1.4 GB
 !               Branches  Non-fixed    W       Branch decision
                     330M          8    1         0  = U3_3
                     330M          9    6         1 != V3_0
                     330M          8    7   F     0  = U0_0
                     330M          7    3        -1  = U4_2
                     340M          6    8         0 != U1_1
                     340M          8    5        -1  = V2_1
                     340M          6    2         1  = U2_2
                     340M          8    4   F    -1 != U4_2
                     340M          8    1        -1  = V2_2
                     340M          9    6   F     0 != W3_2
                     340M          9    7   F     1 != U0_1
                     340M         10    3   F     1 != U1_1
                     350M          6    8   F     1  = W2_0
                     350M          8    5        -1  = U0_1
                     350M          6    2         0  = V2_3
                     350M          8    1        -1  = V4_3
                     350M          8    4         0  = U3_0
                     350M         10    6        -1  = V2_2
                     350M         12    7         0  = U1_1
                     350M          9    3         0  = U3_3
 ! Time = 3474.98s, Average fail depth = 19, Memory usage = 1.5 GB
 !               Branches  Non-fixed    W       Branch decision
                     360M          6    8   F     0 != V1_0
                     360M          8    5   F     1 != V0_3
                     360M          6    2        -1 != U2_2
                     360M         10    1   F     0  = U4_3
                     360M          8    4         0  = U2_0
                     360M          8    6        -1 != W0_1
                     360M          8    7   F     0 != U1_2
                     360M         10    3   F     1  = W3_2
                     370M          6    8   F        -
                     370M          8    5   F     1 != U1_2
                     370M          6    2   F     0  = V4_2
                     370M          8    1         0  = U2_3
                     370M          8    4        -1  = U1_3
                     370M          9    6   F     1 != V0_0
                     370M         12    7         1  = V2_2
                     370M          9    3   F    -1  = V1_1
                     380M          6    8        -1 != U0_1
                     380M          8    5   F     0  = W1_3
                     380M          6    2        -1 != V4_1
                     380M          8    1   F    -1 != U2_1
 ! Time = 3735.93s, Average fail depth = 19, Memory usage = 1.6 GB
 !               Branches  Non-fixed    W       Branch decision
                     380M          8    4   F     1 != W1_3
                     380M          8    6   F     1  = V2_3
                     380M         10    7        -1  = U1_3
                     380M          8    3   F     0  = U2_1
                     390M          6    8        -1  = U4_0
                     390M          9    5        -1 != W2_3
                     390M          6    2         1 != V3_1
                     390M          8    1   F     0 != W1_3
                     390M          8    4   F     0 != V4_3
                     390M          9    6   F     1  = W2_0
                     390M          8    7        -1 != V1_1
                     390M          9    3   F     1  = W0_2
                     400M          6    8            -
                     400M          8    5         1  = W2_1
                     400M          6    2         1 != U0_3
                     400M          8    1        -1  = W0_3
                     400M          8    4         1 != V1_3
                     400M          9    6        -1  = W3_0
                     400M         12    7         0 != W1_3
                     400M         10    3         0  = W3_3
 ! Time = 3983.44s, Average fail depth = 19, Memory usage = 1.7 GB
 !               Branches  Non-fixed    W       Branch decision
                     410M          5    8        -1  = V1_2
                     410M          9    5   F    -1  = W2_1
                     410M          6    2        -1  = W2_1
                     410M          8    1   F    -1  = V2_3
                     410M          7    4         0 != W3_0
                     410M          8    6         1 != U3_3
                     410M          9    7        -1  = W3_0
                     410M          8    3        -1  = U2_3
                     420M          5    8         0  = W2_2
                     420M          7    5         1 != V3_3
                     420M          6    2        -1 != U0_2
                     420M          9    1        -1  = V1_2
                     420M          9    4   F    -1 != V3_1
                     420M         10    6   F     1  = U2_3
                     420M         10    7         0  = V0_1
                     420M         10    3        -1 != U2_1
                     430M          5    8   F    -1  = V0_1
                     430M          9    5   F    -1 != V4_3
                     430M          6    2   F     1 != W1_0
                     430M          6    1         1 != W4_1
 ! Time = 4234.03s, Average fail depth = 19, Memory usage = 1.8 GB
 !               Branches  Non-fixed    W       Branch decision
                     430M          8    4         1 != W0_0
                     430M          9    6   F     0 != W2_1
                     430M         10    7   F     0 != V2_3
                     430M          7    3   F    -1  = U1_1
                     440M          5    8   F    -1  = W4_2
                     440M          8    5        -1  = W2_3
                     440M          6    2   F    -1  = U0_1
                     440M          6    1         0 != W0_1
                     440M          8    4   F     0  = U2_3
                     440M          9    6         1 != U3_0
                     440M          7    7        -1 != W4_3
                     440M         10    3   F    -1  = W1_2
                     450M          5    8   F     0  = V3_1
                     450M         10    5   F     0  = W4_1
                     450M          6    2   F    -1  = W2_0
                     450M          6    1         0  = U0_0
                     450M          8    4         0 != U2_0
                     450M          9    6   F    -1 != W1_3
                     450M         10    7   F     1  = V0_2
                     450M         11    3        -1 != U4_0
 ! Time = 4480.76s, Average fail depth = 19, Memory usage = 1.9 GB
 !               Branches  Non-fixed    W       Branch decision
                     460M          5    8   F     1 != W4_1
                     460M          7    5         1 != W4_3
                     460M          6    1   F     1  = V1_0
                     460M          6    2         0 != U3_3
                     460M          8    4         0  = W2_3
                     460M          8    6         1  = U2_0
                     460M          9    7   F     1 != U3_1
                     460M         12    3         0 != V0_1
                     470M          5    8   F     0  = V4_0
                     470M          8    5        -1  = V1_3
                     470M          6    2         1 != U3_2
                     470M          6    1         0 != V2_1
                     470M          9    4   F     0  = V1_0
                     470M          7    6   F     1  = U0_3
                     470M          7    7         0 != W3_0
                     470M          7    3         1 != W3_2
                     480M          5    8   F        -
                     480M          9    5   F     1  = V0_1
                     480M          6    1   F    -1 != W3_2
                     480M          6    2         0 != V2_2
 ! Time = 4727.04s, Average fail depth = 19, Memory usage = 2.0 GB
 !               Branches  Non-fixed    W       Branch decision
                     480M          9    4        -1  = V3_3
                     480M          9    6         1  = V3_3
                     480M          9    7   F    -1  = V2_1
                     480M          8    3         0 != U0_3
                     490M          5    8   F    -1 != U1_2
                     490M          6    1         0 != W2_2
                     490M          8    5        -1 != U2_3
                     490M          6    2        -1 != V0_1
                     490M          8    4   F     1 != V4_1
                     490M          8    6   F     0  = W3_3
                     490M          7    7        -1 != U2_1
                     490M         10    3         1  = U2_0
                     500M          5    8   F     0  = U4_0
                     500M          7    1   F     1  = W4_1
                     500M          8    5   F     0 != V4_3
                     500M          6    2         0 != U0_2
                     500M          7    4         1 != U2_3
                     500M         10    6         1  = U3_2
                     500M          8    7        -1 != W0_2
                     500M          7    3         0 != W3_2
 ! Time = 4981.17s, Average fail depth = 19, Memory usage = 2.1 GB
 !               Branches  Non-fixed    W       Branch decision
                     510M          5    8         1 != W0_1
                     510M          6    2   F     1 != V0_1
                     510M          9    5         0 != U4_2
                     510M          7    1         1 != W2_0
                     510M          9    4   F     0 != W3_2
                     510M          9    6   F     1  = W3_3
                     510M         11    7   F    -1  = W3_2
                     510M          7    3        -1 != W0_2
                     520M          5    8   F    -1 != V4_0
                     520M          6    2   F     1  = V2_3
                     520M          9    5         0 != U0_2
                     520M          6    1   F     0 != W0_2
                     520M          8    4         0  = V1_0
                     520M          8    6   F     1  = V0_3
                     520M          7    7         0  = U3_2
                     520M          8    3         1 != U3_0
                     530M          5    8        -1 != U2_1
                     530M          6    2   F    -1  = U0_2
                     530M          8    5   F    -1 != V4_3
                     530M          6    1   F    -1 != U1_0
 ! Time = 5221.83s, Average fail depth = 19, Memory usage = 2.2 GB
 !               Branches  Non-fixed    W       Branch decision
                     530M          7    4   F     1  = W3_2
                     530M          9    6        -1  = W2_0
                     530M          7    7         0  = V3_2
                     530M         12    3   F    -1  = W4_2
                     540M          5    8        -1  = V0_2
                     540M          6    2        -1 != V1_1
                     540M          6    1        -1 != W3_1
                     540M          9    5   F     0 != U0_2
                     540M          7    4   F     1  = W3_0
                     540M          9    6   F    -1  = W1_0
                     540M          8    7        -1  = U0_2
                     550M          5    8         1 != V3_3
                     540M         13    3        -1 != U3_2
                     550M          6    2   F     1  = U1_2
                     550M          8    5   F     0  = W0_3
                     550M          6    1         1  = V2_0
                     550M          7    4   F     1  = V1_1
                     550M          9    6   F    -1 != U3_3
                     550M          8    7        -1 != V2_2
                     560M          5    8   F    -1 != W2_1
 ! Time = 5484.13s, Average fail depth = 19, Memory usage = 2.3 GB
 !               Branches  Non-fixed    W       Branch decision
                     550M          8    3         0 != U3_1
                     560M          6    1        -1  = U3_3
                     560M          8    2   F    -1  = V4_2
                     560M          7    5         0  = U4_1
                     560M          8    4   F     1  = W2_3
                     560M         14    6         1 != V0_0
                     560M          8    7   F    -1 != U4_1
                     570M          5    8         0 != W4_1
                     560M          9    3        -1 != V0_1
                     570M          8    5         1  = W3_0
                     570M          6    1         1 != V2_0
                     570M          8    2   F    -1 != U3_2
                     570M          7    4   F     1  = U3_0
                     570M          9    6   F    -1  = V1_1
                     570M          9    7        -1  = U2_0
                     580M          5    8   F    -1  = V0_1
                     570M          6    3   F     0  = W0_3
                     580M          6    1         1  = V4_3
                     580M         12    5         1 != W1_1
                     580M          7    2        -1 != U1_1
 ! Time = 5710.06s, Average fail depth = 19, Memory usage = 2.4 GB
 !               Branches  Non-fixed    W       Branch decision
                     580M          7    4         0  = W1_3
                     580M         10    6   F     1  = V2_3
                     580M          9    7         1  = U3_0
                     590M          5    8   F     1 != V2_2
                     580M          6    3        -1 != U3_1
                     590M          6    1   F    -1 != V2_3
                     590M          9    5   F     0  = V4_3
                     590M          7    2        -1  = W2_0
                     590M          6    4   F     0 != U0_3
                     590M         10    6         0 != W3_3
                     590M         14    7   F    -1  = V4_1
                     600M          5    8         1 != V3_2
                     590M         12    3        -1 != U1_1
                     600M          6    1         0  = U3_2
                     600M          8    5   F     0  = U3_2
                     600M          7    2   F     1  = W2_3
                     600M          7    4        -1 != W1_0
                     600M          8    6   F     1  = V2_0
                     600M          9    7        -1  = V3_2
                     610M          5    8   F    -1  = U3_1
 ! Time = 5986.05s, Average fail depth = 19, Memory usage = 2.5 GB
 !               Branches  Non-fixed    W       Branch decision
                     600M         12    3   F    -1 != W3_1
                     610M          6    1   F    -1  = V3_0
                     610M          9    5         0 != V0_2
                     610M          8    2         0 != V3_1
                     610M          7    4         0 != U0_3
                     610M         10    6        -1  = W2_3
                     610M          8    7   F     1 != U2_0
                     620M          5    8        -1  = V1_1
                     620M          6    1        -1 != W3_3
                     610M         10    3   F    -1 != V0_3
                     620M          8    5   F     1  = V1_1
                     620M          7    2   F    -1 != V4_0
                     620M          8    4         0 != V3_1
                     620M          9    6         0  = V1_0
                     620M          8    7   F    -1 != V2_3
                     630M          5    8   F     0  = W0_1
                     630M          6    1   F     0 != U1_1
                     630M         12    5         1 != W1_3
                     630M          7    2   F     1  = U1_1
                     620M         12    3   F     1  = U2_3
 ! Time = 6219.18s, Average fail depth = 19, Memory usage = 2.6 GB
 !               Branches  Non-fixed    W       Branch decision
                     630M          9    4   F    -1 != W4_0
                     630M          9    6   F    -1  = U4_1
                     630M          8    7         1 != U2_0
                     640M          5    8         1 != V3_1
                     640M          6    1   F     1  = W4_3
                     640M          7    5        -1 != U3_1
                     640M          8    2   F     1  = U0_0
                     630M         12    3         1  = W3_1
                     640M          7    4         1 != V2_0
                     640M          9    6   F    -1  = U2_1
                     640M          9    7        -1 != V4_2
                     650M          5    8        -1  = V3_2
                     650M          6    1         1  = W4_3
                     650M          9    5         0 != W4_0
                     650M          7    2         0 != W3_2
                     640M         12    3   F     0 != W1_3
                     650M          8    4        -1  = U0_2
                     650M          9    6   F     0  = U2_3
                     650M          9    7   F    -1 != W4_1
                     660M          5    8         0  = U1_1
 ! Time = 6474.90s, Average fail depth = 19, Memory usage = 2.7 GB
 !               Branches  Non-fixed    W       Branch decision
                     660M          7    1         0 != U0_2
                     660M          8    5   F    -1  = W3_2
                     660M          7    2   F     0  = U4_1
                     650M         12    3         0 != U3_0
                     660M          7    4         0 != U0_0
                     660M          7    6        -1 != V2_2
                     660M          9    7        -1  = U3_3
                     670M          6    1   F    -1  = U3_3
                     670M          5    8   F    -1 != U3_0
                     670M          8    5         0 != W3_2
                     670M          8    2   F    -1 != V1_1
                     670M          7    4   F     0  = W1_2
                     660M          8    3   F    -1  = U4_1
                     670M          7    6         1 != U0_1
                     670M         12    7   F     1 != V3_2
                     680M          6    1         0  = V1_3
                     680M          5    8         0  = V1_1
                     680M          9    5        -1  = W2_3
                     680M          7    2   F    -1 != V4_1
                     670M          8    3        -1  = U0_2
 ! Time = 6726.18s, Average fail depth = 19, Memory usage = 2.8 GB
 !               Branches  Non-fixed    W       Branch decision
                     680M          9    4        -1 != U3_2
                     680M          8    6         1 != V2_3
                     680M          9    7         0  = W2_3
                     690M         10    1   F    -1 != W1_0
                     690M          5    8         0 != U1_3
                     690M          7    5   F     1 != V4_2
                     690M          8    2        -1  = V3_1
                     680M          9    3         1 != W0_2
                     690M          8    4         0  = V2_3
                     690M          9    6   F     1 != W1_0
                     690M         13    7        -1 != U2_1
                     700M          6    1   F    -1 != U1_3
                     700M          5    8         0  = W3_0
                     700M          9    5         1 != U0_2
                     700M          7    2        -1 != V3_0
                     690M         10    3        -1  = W2_3
                     700M          7    4   F     0  = W1_1
                     700M          8    6   F    -1 != U3_1
                     710M          6    1        -1  = V1_2
                     700M         12    7   F     0 != U2_1
 ! Time = 6969.61s, Average fail depth = 19, Memory usage = 2.9 GB
 !               Branches  Non-fixed    W       Branch decision
                     710M          5    8   F    -1 != V0_1
                     710M         11    5         1  = U1_2
                     710M          6    2         0 != U0_2
                     710M          8    4         0 != W1_3
                     700M         13    3   F     0 != V2_3
                     710M         10    6         0 != W2_0
                     720M          8    1         1  = V1_3
                     720M          5    8        -1  = U2_3
                     710M          7    7        -1  = W2_1
                     720M          7    5         1  = V2_1
                     720M          8    2   F     0  = W1_3
                     720M          7    4         1 != W0_3
                     720M          9    6   F     1  = U1_3
                     710M         10    3        -1  = W0_3
submitit INFO (2023-04-30 15:42:42,303) - Job has timed out. Ran 119 minutes out of requested 121 minutes.
submitit WARNING (2023-04-30 15:42:42,303) - Bypassing signal SIGCONT
submitit WARNING (2023-04-30 15:42:42,304) - Caught signal SIGUSR2 on cpunode3: this job is timed-out.
submitit INFO (2023-04-30 15:42:42,304) - Not checkpointing nor requeuing since I am a slave (procid=3).
                     730M          8    1        -1 != W4_1
                     730M          5    8        -1 != U3_3
                     730M          7    5   F     0  = W1_1
                     720M         10    7         0 != V0_1
                     730M          7    2         1  = U1_3
 ! ----------------------------------------------------------------------------
 ! Search terminated by limit, no solution found.
 ! ----------------------------------------------------------------------------
 ! Number of branches     : 5825349178
 ! Number of fails        : 2865532105
 ! Total memory usage     : 3.2 GB (3.2 GB CP Optimizer + 0.0 GB Concert)
 ! Time spent in solve    : 7200.05s (7200.04s engine + 0.01s extraction)
 ! Search speed (br. / s) : 809071.8
 ! ----------------------------------------------------------------------------
Unknown
Saving stats to: /h/30/pashootan/Matrix-Mult-CP/logs/2x2x2_5_Apr30_13:43:30/27523_3_stats.csv
submitit INFO (2023-04-30 15:43:32,646) - Job completed successfully
