submitit INFO (2023-05-04 22:52:07,682) - Starting with JobEnvironment(job_id=27817, hostname=cpunode3, local_rank=1(5), node=0(1), global_rank=1(5))
submitit INFO (2023-05-04 22:52:07,683) - Loading pickle: /h/30/pashootan/Matrix-Mult-CP/src/../logs/5/3x3x3_23_May04_22:52:05/27817_submitted.pkl
Running with: Namespace(N=3, M=3, P=3, R=23, valid_ineq=False, symmetry=False, min_add=False, cyclic_invar=False, inex_bounds=(0, 0), output_dir='../logs/5/3x3x3_23_May04_22:52:05', n_seeds=5, n_workers=20, timeout=2880, solver='cpo', cpo_LogPeriod=10000000, cpo_RandomSeed=4, inexact_ineq=False)
Running solver with: {'LogPeriod': 10000000, 'RandomSeed': 4, 'Workers': 20, 'TimeLimit': 172800}
 ! --------------------------------------------------- CP Optimizer 22.1.1.0 --
 ! Satisfiability problem - 621 variables, 729 constraints
 ! TimeLimit            = 172800
 ! Workers              = 20
 ! LogPeriod            = 10000000
 ! RandomSeed           = 736
 ! Initial process time : 0.08s (0.08s extraction + 0.00s propagation)
 !  . Log search space  : 984.3 (before), 984.3 (after)
 !  . Memory usage      : 5.2 MB (before), 5.2 MB (after)
 ! Using parallel search with 20 workers.
 ! ----------------------------------------------------------------------------
 !               Branches  Non-fixed    W       Branch decision
                   10000k         63    9        -1  = V6_7
                   10000k        165   11   F    -1 != V18_1
                   10000k        119    2         1  = W8_7
                   10000k        103   17   F     0  = W10_0
                   10000k         75    6   F     1 != V18_1
                   10000k        126    4   F     1  = U15_3
                   10000k        116    1         0 != V4_2
                   10000k        103   13         0 != W3_0
                   10000k        105    5   F     1  = W12_0
                   10000k        162   19        -1  = U2_0
                   10000k         86    3   F    -1  = V7_4
                   10000k        106    8        -1  = W11_6
                   10000k        106   20        -1  = U15_5
                   10000k        108   16   F    -1  = W6_3
                   10000k        103   10   F     1  = W17_4
                   10000k        106   18         0 != W22_2
                   10000k        119   15   F    -1 != U0_6
                   10000k        118    7         1  = U4_6
                   10000k         76   14   F    -1  = U20_1
                   10000k        104   12         1  = U3_4
 ! Time = 596.97s, Memory usage = 124.7 MB
 !               Branches  Non-fixed    W       Branch decision
                   20000k         55    9         0  = W3_2
                   20000k         88    4   F    -1 != W2_1
                   20000k        291   11   F    -1 != V20_1
                   20000k        150    2   F     1 != W13_3
                   20000k        100   17        -1  = U9_0
                   20000k         93   13   F     0 != U16_5
                   20000k        116    1        -1  = V21_6
                   20000k         84    6         0  = W16_7
                   20000k         79    5        -1  = V0_5
                   20000k        105    3   F    -1 != U18_7
                   20000k        293   19   F    -1 != W20_5
                   20000k        108    8         1 != W9_4
                   20000k        109   18   F     0 != U11_3
                   20000k        108   20        -1  = W7_3
                   20000k        108   16        -1  = W3_0
                   20000k        110   10   F        -
                   20000k         99   15   F    -1  = V22_4
                   20000k        108   14         0  = W6_6
                   20000k        145    7        -1  = V19_1
                   20000k        107   12   F    -1 != U18_8
 ! Time = 1174.30s, Memory usage = 124.7 MB
 !               Branches  Non-fixed    W       Branch decision
                   30000k         92    4   F     0  = W3_7
                   30000k        170    2         0 != V21_8
                   30000k        106    1   F     0  = V18_2
                   30000k        348   11        -1  = V19_1
                   30000k        101    9   F     0 != V15_0
                   30000k         87   13         0 != W18_2
                   30000k        115   17   F     0  = U3_0
                   30000k         72    6         1  = U2_7
                   30000k         83    5         0 != W14_0
                   30000k        125    3         0 != W16_5
                   30000k        253   19        -1  = W7_5
                   30000k         67   15        -1 != W12_8
                   30000k        109    8   F    -1 != V8_2
                   30000k        106   18   F    -1  = V14_0
                   30000k        109   20   F     0  = W21_0
                   30000k        110   10         1  = W13_2
                   30000k        106   16   F    -1  = W6_2
                   30000k        108   14        -1  = V4_3
                   30000k        107   12        -1  = U15_7
                   30000k        149    7        -1 != V5_3
 ! Time = 1790.49s, Memory usage = 124.7 MB
 !               Branches  Non-fixed    W       Branch decision
                   40000k         95    4         0  = U6_3
                   40000k        103    1   F    -1 != U15_6
                   40000k        133    2   F     0  = U8_8
                   40000k        267   11        -1  = W8_0
                   40000k         80   13        -1  = W15_8
                   40000k        107   17   F    -1  = W12_4
                   40000k         54    9   F     1 != V20_1
                   40000k         72    6   F     1 != W1_8
                   40000k        112    3   F     1 != V13_0
                   40000k         84    5         0  = U13_2
                   40000k        333   19   F     0 != U11_3
                   40000k        112   15   F    -1  = V9_8
                   40000k        110   18        -1  = V8_2
                   40000k        111    8   F     0  = W12_1
                   40000k        106   20         0 != U19_3
                   40000k        109   10         1  = V3_1
                   40000k        109   16        -1  = V4_3
                   40000k        106   14        -1 != W1_8
                   40000k        109   12   F     1 != V17_1
                   40000k        140    7        -1  = V18_0
 ! Time = 2372.37s, Memory usage = 124.7 MB
 !               Branches  Non-fixed    W       Branch decision
                   50000k        100    4   F    -1  = U9_8
                   50000k        348   11        -1  = V18_1
                   50000k         98    1         0  = W6_5
                   50000k        124    2         0  = U15_2
                   50000k         94   17         0 != V3_2
                   50000k         53    9   F     0 != W16_7
                   50000k         75   13   F    -1 != V14_0
                   50000k        134    3        -1 != W9_7
                   50000k         71    6   F     0 != W8_2
                   50000k        340   19         1  = W3_1
                   50000k        139   15   F    -1  = U16_6
                   50000k         85    5         0  = W6_4
                   50000k        110   18         0 != U0_0
                   50000k        103    8        -1  = U20_6
                   50000k        107   20   F     0  = V18_0
                   50000k        108   16        -1 != W7_0
                   50000k        107   10        -1 != V16_1
                   50000k        101   14   F    -1 != U13_8
                   50000k        108   12         0  = V5_0
                   50000k         96    7   F     1  = W2_0
 ! Time = 2931.75s, Memory usage = 124.7 MB
 !               Branches  Non-fixed    W       Branch decision
                   60000k        101    4         1  = U5_5
                   60000k        348   11         1 != W14_1
                   60000k        105    1        -1 != U6_6
                   60000k         76   17   F     0  = V8_3
                   60000k        133    2        -1  = U20_4
                   60000k         71   13        -1 != W1_3
                   60000k         80    3        -1  = U13_5
                   60000k         55    9         1  = W17_6
                   60000k        130   15   F    -1  = W10_5
                   60000k        348   19   F     0 != U13_0
                   60000k         72    6   F     0  = V19_1
                   60000k         82    5         0 != W9_2
                   60000k        109   18   F    -1 != U18_1
                   60000k        109   16        -1  = W10_4
                   60000k        109   10   F     1  = W21_2
                   60000k        110   20         1 != U5_5
                   60000k        102    8         0  = W13_0
                   60000k        154    7   F    -1 != V13_5
                   60000k        108   14   F    -1  = U2_8
                   60000k        108   12         0  = U7_3
 ! Time = 3484.88s, Memory usage = 124.7 MB
 !               Branches  Non-fixed    W       Branch decision
                   70000k        101    1         0 != U7_1
                   70000k        307   11        -1  = W2_1
                   70000k         65    4         1  = V13_3
                   70000k        137    2   F     0  = U4_7
                   70000k         71   17   F     0  = V20_1
                   70000k        348   19        -1  = W3_8
                   70000k         50    9        -1 != W5_7
                   70000k         93   15   F    -1  = W1_0
                   70000k        135   13   F     1  = U11_1
                   70000k        131    3   F    -1  = W13_1
                   70000k         70    6   F     1  = U1_6
                   70000k         82    5   F    -1 != U3_4
                   70000k        157    7   F     0 != V18_1
                   70000k        103   18   F    -1  = W0_2
                   70000k        107   16         0 != W8_0
                   70000k        109   10        -1  = W0_4
                   70000k        108   20   F    -1 != V15_1
                   70000k        104    8        -1  = U1_2
                   70000k        106   14        -1  = U21_8
                   70000k        106   12         0 != V13_1
 ! Time = 4063.64s, Memory usage = 124.7 MB
 !               Branches  Non-fixed    W       Branch decision
                   80000k        102    1   F    -1 != V0_4
                   80000k        228   11   F     1 != U11_0
                   80000k        131    2         0  = W1_4
                   80000k         74    4   F     0  = V13_1
                   80000k         68   17        -1 != W22_1
                   80000k         48    9         1 != W17_0
                   80000k        146   15   F    -1 != V15_7
                   80000k        137   13        -1 != U21_5
                   80000k        348   19   F     0  = U20_0
                   80000k        130    3   F    -1 != U5_7
                   80000k         62    6         1 != W11_3
                   80000k         77    5   F    -1 != V17_7
                   80000k        110   18   F    -1  = V15_1
                   80000k        110   10         0 != U13_5
                   80000k        142    7   F     0 != W0_3
                   80000k        107   16   F    -1 != V15_1
                   80000k        105   20   F    -1  = U1_5
                   80000k        106    8        -1  = U4_2
                   80000k        109   14            -
                   80000k        110   12        -1 != W16_3
 ! Time = 4629.33s, Memory usage = 124.7 MB
 !               Branches  Non-fixed    W       Branch decision
                   90000k        101    1         0 != W20_1
                   90000k        322   11         1  = V6_0
                   90000k         72    4         0  = U12_8
                   90000k         76   17         1  = U9_0
                   90000k         52    9         1  = V10_7
                   90000k        137    2   F     1 != U11_1
                   90000k        182   13        -1  = V13_4
                   90000k        121   15   F     0  = V10_7
                   90000k        319   19   F    -1 != V20_1
                   90000k        137    3        -1 != W1_6
                   90000k         69    6         0 != W15_6
                   90000k         79    5   F     0  = V15_8
                   90000k        109   18         0  = V10_4
                   90000k        108   10        -1 != V12_2
                   90000k        110    7   F    -1  = U6_1
                   90000k        103   16         1  = U22_2
                   90000k        107   14         0 != W15_2
                   90000k        107   20         0 != W22_5
                   90000k        106    8   F     1 != W0_1
                   90000k        108   12         0  = W15_6
 ! Time = 5207.21s, Memory usage = 124.7 MB
 !               Branches  Non-fixed    W       Branch decision
                     100M        119    1        -1 != V15_2
                     100M         76    4         0 != U3_8
                     100M        348   11        -1  = V19_1
                     100M         77   17        -1  = U22_5
                     100M        161    2   F     1  = U2_2
                     100M        158   13   F    -1  = W20_8
                     100M         56    9   F    -1  = W0_7
                     100M        348   19   F     0 != U11_2
                     100M        139   15   F    -1  = W21_5
                     100M         82    6         0  = V13_4
                     100M         74    5   F     0  = V11_2
                     100M        154    3        -1  = W4_2
                     100M        109   10   F    -1 != W10_3
                     100M         97   18         0 != W12_2
                     100M        116    7         1 != V8_3
                     100M        106   14        -1  = V11_1
                     100M        106   16   F     0  = U0_6
                     100M        104    8   F    -1  = V14_7
                     100M        108   20        -1  = W3_1
                     110M        102    1        -1 != W7_1
 ! Time = 5749.52s, Memory usage = 124.7 MB
 !               Branches  Non-fixed    W       Branch decision
                     100M        107   12         0 != U15_6
                     110M         68    4         1 != W1_3
                     110M         90   17   F    -1  = W12_1
                     110M        145    2   F    -1 != V5_7
                     110M         45    9   F     0  = U7_2
                     110M        330   11         1 != U18_4
                     110M        144   13         0  = V10_7
                     110M        154   15         0 != W4_7
                     110M        320   19   F     0  = U7_1
                     110M         87    5         1 != W13_7
                     110M         74    6   F     0  = U8_2
                     110M        163    3        -1 != V20_1
                     110M         68    7        -1  = W6_3
                     110M        104   10         0 != W2_1
                     110M        106   18   F    -1  = V15_1
                     120M         96    1   F    -1 != V17_2
                     110M        105   14        -1  = W0_8
                     110M        105    8        -1  = V4_1
                     110M        110   16   F    -1  = V13_4
                     110M        106   20   F    -1  = U11_6
 ! Time = 6275.41s, Memory usage = 124.7 MB
 !               Branches  Non-fixed    W       Branch decision
                     110M        107   12        -1  = V0_2
                     120M         79    4         0  = U21_8
                     120M         42    9         0 != U15_1
                     120M        318   11   F     1  = V17_7
                     120M        112    2         0  = W8_8
                     120M        148   15        -1 != U22_8
                     120M        144   13   F     0  = V5_3
                     120M         77   17   F     0  = V5_1
                     120M        348   19         0  = U22_3
                     120M         83    5         0 != W13_4
                     120M         65    6   F     0 != V7_3
                     120M        154    3   F     1  = V16_5
                     130M        114    1        -1  = U16_4
                     120M        109   10         0  = V17_5
                     120M        103   18         0  = V8_2
                     120M        108   14   F    -1  = W4_8
                     120M        140    7         1  = U2_3
                     120M        107   16        -1  = V13_4
                     120M        105    8         1  = U5_3
                     120M        108   20   F    -1  = U20_5
 ! Time = 6857.46s, Memory usage = 124.7 MB
 !               Branches  Non-fixed    W       Branch decision
                     120M        107   12   F    -1 != V14_1
                     130M         68    4         1  = U17_2
                     130M         77   17         0  = W21_3
                     130M        120    2   F     0  = U3_1
                     130M         52    9   F     1  = V22_0
                     130M        167   13         1  = U17_3
                     130M        133   15   F    -1 != V20_4
                     130M        341   19   F     0 != U21_8
                     130M        348   11         0 != V19_1
                     130M         72    5        -1  = W11_4
                     130M         63    6         0  = W14_6
                     130M        131    3   F     0 != V18_1
                     140M        108    1         1  = U3_2
                     130M        106   10   F     1 != W10_0
                     130M        108   18         1  = U3_2
                     130M        134    7   F     0 != W16_4
                     130M        110   14   F     0  = V17_1
                     130M        104   16         0 != W0_8
                     130M        108    8            -
                     130M        111   20         0  = V2_3
 ! Time = 7402.74s, Memory usage = 124.7 MB
 !               Branches  Non-fixed    W       Branch decision
                     140M         65    4        -1  = W15_2
                     130M        105   12        -1  = U17_3
                     140M        139    2         0 != V18_8
                     140M        156   15   F    -1  = W11_3
                     140M        142   13         0 != V13_7
                     140M        342   19   F     1  = W11_3
                     140M         81   17        -1 != U15_3
                     140M         73    9   F     0  = U11_6
                     140M        316   11   F     1  = W13_0
                     140M         77    5        -1 != V5_4
                     140M         73    6         1 != V19_4
                     150M        105    1         0  = U14_6
                     140M        124    3         0  = V6_5
                     140M        108   10   F     0 != U2_5
                     140M        105   18         1  = U21_5
                     140M        109   14   F     0  = W8_2
                     140M        104   16         1  = W3_6
                     140M        104    8   F     1  = V12_8
                     140M        121    7   F     1 != U16_3
                     150M         66    4   F     1  = W18_0
 ! Time = 7977.67s, Memory usage = 124.7 MB
 !               Branches  Non-fixed    W       Branch decision
                     140M        108   20        -1  = V14_1
                     150M        353   19         0 != U13_0
                     150M         45    9         1  = V3_1
                     140M        106   12         1 != V20_0
                     150M         82   17   F    -1 != W20_4
                     150M        124    2   F    -1 != U5_8
                     150M        142   13         0  = W6_1
                     150M        142   15         0 != W2_0
                     150M        336   11         0  = V8_0
                     150M         74    5        -1 != U22_5
                     150M         63    6   F     0 != W1_1
                     160M         97    1         0 != W14_8
                     150M        152    3   F    -1  = V5_6
                     150M         89    7   F    -1  = W21_3
                     150M        108   10         0  = U18_1
                     160M        348   19        -1  = W15_8
                     150M        108   14   F     0  = V3_5
                     150M        103   18   F    -1 != U0_7
                     150M        107   16        -1  = V2_4
                     150M        103    8         1  = V16_5
 ! Time = 8508.27s, Memory usage = 124.7 MB
 !               Branches  Non-fixed    W       Branch decision
                     160M         74    4        -1  = U10_2
                     160M        108    9   F     1 != V0_2
                     150M        106   20        -1  = W5_2
                     150M        107   12         0 != U22_4
                     160M        123    2         1  = U7_8
                     160M        144   13         0  = V22_8
                     160M        143   15        -1  = V14_6
                     160M         69   17        -1  = V2_0
                     160M        331   11         1 != W5_0
                     160M         67    5   F     0  = W2_1
                     160M         59    6         0  = W6_2
                     170M        100    1   F     1 != V22_7
                     160M        149    3        -1  = V9_8
                     170M        333   19   F    -1 != W13_8
                     160M        117    7        -1  = V4_7
                     160M        106   10   F    -1  = W20_2
                     160M        110   18        -1 != W3_2
                     160M        105   14   F     1  = W4_8
                     170M         68    4   F    -1 != U2_1
                     160M        105   16         0 != V9_5
 ! Time = 9103.77s, Memory usage = 124.7 MB
 !               Branches  Non-fixed    W       Branch decision
                     160M        105    8   F     1 != V12_1
                     170M         43    9   F    -1 != V20_0
                     160M        106   20   F     0  = U16_1
                     170M        153   13        -1  = V3_5
                     170M        221   15   F     0  = V20_1
                     160M        110   12         0 != V13_6
                     170M        117    2         1 != V13_6
                     170M         71    5   F     0  = U14_3
                     170M        209   11         1 != V12_7
                     170M         68   17         0  = W12_7
                     170M         95    6         1 != U22_1
                     180M         97    1   F     1 != V9_5
                     170M        172    3   F    -1  = V3_6
                     170M        156    7   F    -1  = V20_1
                     180M        348   19   F    -1  = U20_3
                     180M         66    4   F     0 != W20_1
                     180M         48    9   F     1 != V18_7
                     170M        110   10   F    -1  = W14_2
                     170M        108   18         1  = U10_5
                     170M        109   14         1  = U1_8
 ! Time = 9629.38s, Memory usage = 124.7 MB
 !               Branches  Non-fixed    W       Branch decision
                     180M        215   15   F    -1 != V11_7
                     170M        106   16   F    -1 != V8_6
                     170M        103    8   F    -1  = U3_3
                     170M        101   20         0  = U15_6
                     180M        146   13   F     0 != U14_1
                     180M        116    2   F    -1  = V13_2
                     180M         54    5         0  = U5_5
                     170M        106   12         0  = U10_0
                     180M         74   17         0  = U12_7
                     180M        286   11         1 != U2_0
                     180M         66    6         0 != U2_0
                     190M        118    1         0  = U20_1
                     180M        111    7         1  = U19_5
                     190M         71    4        -1 != U22_8
                     190M        355   19        -1 != U21_2
                     190M         52    9         0 != V16_7
                     180M        107   10   F    -1  = V18_5
                     180M        110   18        -1  = U2_7
                     180M        106   14   F    -1  = V14_1
                     180M        103   16         0 != W16_6
 ! Time = 10264.00s, Memory usage = 124.7 MB
 !               Branches  Non-fixed    W       Branch decision
                     180M        140    3   F     0  = V8_8
                     180M        109    8         0  = W11_5
                     190M         43    5   F     0 != U21_3
                     190M        144    2   F     0  = U6_0
                     180M        111   20   F     0  = V0_0
                     190M        155   15         1  = V2_3
                     190M        142   13         0 != W12_8
                     180M        108   12        -1 != U13_1
                     190M         80   17   F     0 != V4_4
                     190M        316   11   F     1 != V0_0
                     190M         61    6   F     1  = W19_4
                     200M         91    1         1  = V3_4
                     190M        165    7   F     1 != W11_4
                     200M        107    9         0  = W21_2
                     200M        372   19   F     1  = W9_8
                     200M         85    4         1 != V10_3
                     190M        216    3   F     0  = V2_5
                     200M        184   15   F    -1  = V20_1
                     190M        108   10        -1  = V22_5
                     200M        128    2        -1 != U7_2
 ! Time = 10791.18s, Memory usage = 124.7 MB
 !               Branches  Non-fixed    W       Branch decision
                     190M        112   18         1  = W20_8
                     190M        108   14   F        -
                     200M         37    5   F    -1 != W4_8
                     190M        100   16        -1 != V2_3
                     190M        102    8   F     0  = V22_2
                     200M        112   13        -1  = U15_3
                     190M        105   20   F     1 != V3_7
                     190M        108   12         1 != W13_8
                     200M         91   17         1 != W15_1
                     200M        335   11        -1 != V20_1
                     210M        127    1   F    -1  = U9_6
                     200M         68    6         1  = U14_1
                     200M        164    7         0 != W14_1
                     210M         46    9   F    -1 != W0_6
                     210M         73    4        -1 != W14_3
                     210M        137   15   F    -1  = W19_0
                     210M        139    2        -1  = V4_4
                     210M         35    5   F    -1  = U18_3
                     210M        319   19        -1  = V15_2
                     200M        139    3   F    -1  = W14_2
 ! Time = 11317.89s, Memory usage = 124.7 MB
 !               Branches  Non-fixed    W       Branch decision
                     200M        107   14   F    -1 != U18_3
                     200M        110   10   F     1 != U15_4
                     200M        108   18         1  = W21_0
                     200M        108   16        -1 != U5_0
                     200M        106    8         0 != V2_7
                     210M         93   13   F     1  = W7_3
                     200M        110   20         1 != W9_1
                     210M         74   17   F    -1  = W14_2
                     200M        111   12         0 != W11_4
                     220M        101    1         0  = W14_0
                     210M         84    6   F    -1 != V5_3
                     210M        230   11   F     0 != V14_7
                     210M        145    7         1  = W20_1
                     220M         43    9         1  = V5_8
                     220M         66    4   F     0 != U9_1
                     220M         32    5         0 != V0_2
                     220M        119    2   F     1  = U1_6
                     210M        107   14   F     0  = V20_3
                     210M        108   10         1  = V20_2
                     210M        107   18        -1  = W2_0
 ! Time = 11945.24s, Memory usage = 124.7 MB
 !               Branches  Non-fixed    W       Branch decision
                     220M        153   15   F     1  = W0_5
                     210M        109   16         1  = V18_6
                     220M        348   19         0  = W20_1
                     210M        101    8   F     1  = W21_7
                     210M        143    3   F     0 != U13_1
                     220M        135   13         1 != U22_3
                     210M        107   20   F    -1  = U6_7
                     220M         46   17         1 != U22_1
                     230M        102    1   F    -1  = W20_0
                     210M        107   12   F        -
                     220M         99    6   F     1 != W5_0
                     220M        352   11   F    -1  = W14_2
                     230M         76    9        -1  = W22_6
                     220M        152    7   F    -1  = U5_3
                     230M         59    4         0 != V7_1
                     230M        129    2   F     0  = V13_8
                     230M        164   15   F    -1 != W16_5
                     230M         37    5         1  = U22_8
                     230M        335   19         0  = U6_1
                     220M        156    3         1 != V12_6
 ! Time = 12438.88s, Memory usage = 124.7 MB
 !               Branches  Non-fixed    W       Branch decision
                     220M        107   14   F    -1  = U6_5
                     220M        107   10   F     0  = V3_8
                     220M        105   18   F     0  = V12_8
                     220M        107   16   F     0  = W8_3
                     220M        108    8        -1 != U22_3
                     230M         37   17        -1  = U11_1
                     220M        108   20   F    -1  = V14_1
                     240M        109    1         1  = U5_4
                     230M        143   13         0 != V8_4
                     230M         78    6        -1  = V12_0
                     220M        108   12   F     1  = V4_8
                     240M         47    9         0  = U13_2
                     230M        127    7        -1 != W12_0
                     230M        273   11         0 != V19_8
                     240M         62    4         1  = W0_2
                     240M        123   15         0  = V17_7
                     240M        134    2         0 != U21_4
                     240M        338   19   F     0 != V20_1
                     240M         44    5   F     1  = V19_5
                     230M        106   14            -
 ! Time = 13025.08s, Memory usage = 124.7 MB
 !               Branches  Non-fixed    W       Branch decision
                     230M        149    3         1  = V2_5
                     230M        108   10   F     1  = U9_8
                     250M        121    1         0  = U12_6
                     230M        106   18            -
                     230M        105   16         0  = V20_6
                     240M         37   17   F     1 != W5_8
                     230M        107    8        -1  = W9_7
                     240M        121   13         1  = W8_3
                     240M         67    6   F    -1  = W16_1
                     230M        110   20            -
                     250M         39    9         0  = V16_4
                     230M        107   12        -1  = W16_1
                     240M        124    7         1  = U21_5
                     240M        306   11        -1 != V18_1
                     250M         62    4         1 != V6_2
                     250M        105   15        -1  = V10_7
                     250M        144    2         1 != W4_0
                     250M        348   19   F    -1 != U2_1
                     260M        111    1   F     1  = V10_7
                     250M         32    5         0  = W7_0
 ! Time = 13562.68s, Memory usage = 124.7 MB
 !               Branches  Non-fixed    W       Branch decision
                     240M        157    3   F    -1 != U10_2
                     240M        108   14        -1  = W9_8
                     240M        108   10   F     1  = W16_8
                     240M        106   18         1  = W22_7
                     240M        107   16         1  = U10_6
                     250M         89    6   F    -1  = U12_8
                     250M         36   17   F    -1  = W10_7
                     240M        106    8         1  = W16_6
                     250M        151   13         0  = V15_3
                     240M        108   20         0 != V0_1
                     260M         40    9         0 != W5_2
                     240M        109   12         1 != V5_5
                     250M        256   11         0 != W6_4
                     260M         58    4   F    -1  = V15_8
                     250M        157    7   F     1 != U3_3
                     260M        122    2   F     0 != U21_1
                     260M        336   19   F    -1 != U16_2
                     260M        151   15        -1  = U12_2
                     270M        101    1         0 != V12_1
                     260M         34    5         0 != W1_4
 ! Time = 14078.94s, Memory usage = 124.7 MB
 !               Branches  Non-fixed    W       Branch decision
                     250M        132    3   F     1  = V1_6
                     260M         46   17         0  = W3_1
                     260M        119    6        -1 != W1_7
                     250M        103   14        -1  = W1_6
                     250M        106   10         0  = V19_1
                     250M        108   16   F    -1 != W18_0
                     250M        108   18   F     1  = U3_0
                     250M        105    8   F        -
                     260M        138   13         0  = V14_1
                     270M         41    9         0  = V17_7
                     250M        110   20   F    -1 != W9_1
                     250M        107   12   F     1 != W13_6
                     260M        328   11         1  = W19_4
                     270M         59    4         1 != W17_6
                     260M        210    7   F     0 != V20_1
                     270M        336   19   F     0  = V20_1
                     270M        113    2   F    -1 != U6_2
                     280M        107    1   F     0 != V16_4
                     270M        192   15   F    -1 != W1_7
                     270M         41   17        -1 != W6_1
 ! Time = 14617.83s, Memory usage = 124.7 MB
 !               Branches  Non-fixed    W       Branch decision
                     270M         38    5         0  = W4_8
                     270M         72    6         0 != V3_0
                     260M        155    3   F     1  = V18_7
                     260M        102   14   F     0  = U3_8
                     260M        105   10         0 != W20_7
                     260M        109   16         1 != U1_3
                     260M        110   18        -1  = W18_0
                     260M        104    8   F    -1 != V16_1
                     280M         40    9         0  = W15_8
                     270M        159   13         0 != V11_6
                     260M        106   20        -1 != U17_0
                     260M        108   12         0  = V9_1
                     270M         78    7   F    -1 != V3_5
                     280M         54    4         0 != W17_7
                     280M        348   19        -1  = W21_0
                     270M        345   11   F     0 != V20_1
                     290M         96    1   F     1  = V22_1
                     280M         71   15        -1 != V13_7
                     280M         39   17   F    -1 != U22_7
                     280M        119    2   F    -1 != V14_4
 ! Time = 15135.48s, Memory usage = 124.7 MB
 !               Branches  Non-fixed    W       Branch decision
                     280M         32    5   F     0 != W4_4
                     280M         64    6   F    -1  = W12_2
                     270M        108   14   F    -1 != W12_8
                     290M         40    9   F     0  = W12_1
                     270M        108   10   F     0 != W5_3
                     270M        109   16         0 != U20_3
                     270M        109   18        -1  = U14_1
                     280M        152   13   F     0  = W16_5
                     270M        105    8         0 != U13_3
                     270M        153    3         1  = U17_2
                     270M        106   20   F     0 != W8_5
                     270M        105   12         0  = V19_7
                     290M         47    4   F     1  = V20_8
                     290M        356   19   F     1 != W19_1
                     280M        348   11   F    -1  = U15_1
                     300M        101    1         1 != W16_7
                     280M        124    7   F    -1  = V8_5
                     290M         44   17   F     0 != W5_5
                     290M        142    2         1  = U9_2
                     290M         34    5         1 != U6_3
 ! Time = 15685.20s, Memory usage = 124.7 MB
 !               Branches  Non-fixed    W       Branch decision
                     290M         74    6   F     1 != W2_0
                     290M        124   15         1 != V20_3
                     300M         41    9         1  = U2_8
                     290M        145   13   F     0  = W17_8
                     280M        106   14         1  = U6_3
                     280M        109   16        -1  = U3_6
                     280M        106   10   F     1 != V19_4
                     280M        110   18   F    -1  = U15_1
                     280M        105    8   F        -
                     280M        174    3   F     0  = V12_6
                     280M        107   20        -1 != W12_3
                     300M        339   19         1 != U5_1
                     280M        106   12        -1 != W22_7
                     300M         58    4   F    -1  = W8_0
                     290M        275   11   F     1 != U9_3
                     310M         97    1   F    -1 != V10_8
                     300M        146    2         1  = W5_2
                     300M         33    5         0  = U22_5
                     300M         36   17         1  = W22_2
                     300M         69    6         0  = U14_1
 ! Time = 16269.34s, Memory usage = 124.7 MB
 !               Branches  Non-fixed    W       Branch decision
                     290M        125    7   F     0  = W1_5
                     310M         40    9         1  = V18_8
                     300M         98   13         0  = W13_0
                     290M        107   14         1  = U15_8
                     290M        105   16         0  = V21_6
                     290M        109   10   F    -1  = W21_2
                     290M        108   18   F     0  = W7_2
                     290M        105    8         0  = V4_7
                     300M        151   15   F     1 != W12_4
                     290M        170    3        -1 != U8_8
                     290M        109   20   F     0  = V11_1
                     310M        339   19   F    -1  = U18_3
                     290M        104   12   F     0  = U21_6
                     320M        101    1         0 != W6_3
                     310M         47    4         0 != V13_0
                     310M         31    5   F     1 != W22_3
                     310M        116    2   F     0  = W11_1
                     300M        298   11         0  = V9_0
                     310M         83    6   F     1  = V9_4
                     310M         37   17   F    -1 != W20_3
 ! Time = 16818.34s, Memory usage = 124.7 MB
 !               Branches  Non-fixed    W       Branch decision
                     320M         39    9         0  = W8_1
                     310M        161   13         1 != V16_6
                     300M        194    7   F     0  = W12_1
                     300M        110   14   F    -1 != W19_2
                     310M        186   15        -1  = V19_1
                     300M        105   10   F    -1  = U19_4
                     300M        108   16   F    -1 != W2_3
                     300M        110   18        -1  = V7_6
                     300M        106    8   F     0 != V2_1
                     300M        158    3         1 != W16_0
                     300M        109   20        -1  = U13_7
                     320M        348   19        -1 != W19_8
                     330M        114    1        -1 != U4_3
                     320M         52    4         0  = V15_0
                     320M         31    5         0  = U18_4
                     300M        106   12        -1  = V5_3
                     320M        121    2   F     0 != V2_8
                     310M        320   11   F     0 != V20_1
                     320M         40   17   F    -1 != W10_3
                     320M         61    6         1  = W13_1
 ! Time = 17378.20s, Memory usage = 124.7 MB
 !               Branches  Non-fixed    W       Branch decision
                     330M         45    9         0  = U16_1
                     320M        129   13   F     0  = V16_1
                     310M        124    7   F     0  = W12_1
                     320M         81   15   F    -1 != U16_1
                     310M        107   14   F    -1  = U8_8
                     310M        109   10         1  = V14_5
                     310M        107   16         0 != W21_3
                     310M        109   18   F     1 != V19_2
                     310M        104    8   F        -
                     310M        215    3   F    -1 != U6_3
                     330M        310   19   F     1  = V5_2
                     310M        109   20   F    -1  = U3_5
                     340M        101    1        -1  = V20_5
                     330M         80    4         0  = V10_0
                     330M         31    5   F     1 != U18_8
                     330M        151    2   F     0  = V19_7
                     310M        108   12         0  = V10_1
                     320M        346   11   F     0  = U20_0
                     320M        178    7         0 != W3_4
                     330M        113   13   F    -1  = U10_6
 ! Time = 17905.24s, Memory usage = 124.7 MB
 !               Branches  Non-fixed    W       Branch decision
                     330M         37   17         0  = W14_4
                     330M        118    6   F     0  = V16_2
                     330M        196   15        -1  = U16_1
                     340M         39    9        -1  = W1_7
                     320M        108   14   F     1  = W14_6
                     320M        202    3        -1  = V9_0
                     340M        354   19   F     1 != W7_1
                     320M        106   10         1  = V8_3
                     320M        108   16   F     1  = W21_3
                     320M        107   18        -1  = U11_1
                     320M        103    8   F     1  = U12_2
                     320M        106   20   F     1 != U21_5
                     350M        100    1        -1  = W14_6
                     340M         37    5         1  = U7_0
                     340M         62    4         0 != W3_4
                     330M        356   11   F     0 != V0_0
                     330M        116    7         0  = V17_5
                     340M        164    2   F    -1 != U2_3
                     320M        110   12   F     0  = V8_3
                     340M         61    6         0  = U16_7
 ! Time = 18414.56s, Memory usage = 124.7 MB
 !               Branches  Non-fixed    W       Branch decision
                     340M         38   17         1 != U7_0
                     340M        114   13         0  = W15_2
                     340M        114   15        -1 != W22_2
                     350M         68    9         0  = W1_7
                     330M        161    3   F     1  = V9_3
                     330M        108   14         0 != W3_6
                     330M        102   16        -1 != V2_6
                     330M        109   10   F     0  = V22_5
                     330M        106   18   F    -1 != U21_7
                     330M        105    8         0 != U8_0
                     350M        338   19   F    -1  = V6_8
                     330M        107   20   F     0 != V9_7
                     340M        334   11   F     0  = V16_6
                     360M        115    1   F    -1  = U5_1
                     350M        116    2   F     0  = W16_7
                     350M         34    5        -1 != V7_2
                     350M         55    4        -1 != V0_0
                     340M        113    7   F    -1  = V11_7
                     350M         62    6         0  = W0_2
                     330M        105   12        -1  = W16_4
 ! Time = 18962.25s, Memory usage = 124.7 MB
 !               Branches  Non-fixed    W       Branch decision
                     350M        148   13   F     0  = V8_1
                     350M         39   17   F     0  = U19_7
                     360M         43    9   F     0  = W10_2
                     340M        146    3   F     1 != U16_6
                     340M        105   14            -
                     350M        148   15   F     1 != V5_3
                     340M        105   10         1 != V8_1
                     340M        100   16   F    -1 != V1_0
                     350M        338   11         0 != V18_1
                     340M        107   18   F    -1  = W5_0
                     360M        348   19         1  = W20_3
                     340M        104    8   F     1  = U5_6
                     370M         99    1   F     1  = W15_3
                     360M         96    2         0  = W7_0
                     340M        107   20         0 != U17_6
                     360M         34    5   F    -1 != V1_2
                     360M        120    6        -1 != U2_8
                     360M        160   13         0 != U4_1
                     360M         58    4   F     0 != W13_1
                     350M        155    7   F    -1  = V20_3
 ! Time = 19557.52s, Memory usage = 124.7 MB
 !               Branches  Non-fixed    W       Branch decision
                     340M        108   12         1  = W15_3
                     370M         44    9         0 != W13_7
                     360M         40   17   F    -1 != U11_1
                     350M        135    3         0  = W0_2
                     370M        358   19   F     0  = W13_1
                     360M        154   15         0 != V12_1
                     350M        107   14        -1  = V5_8
                     360M        348   11   F    -1 != V8_8
                     380M        101    1   F    -1 != W14_4
                     350M        107   18   F     1  = V16_2
                     350M        108   10   F     1  = W12_6
                     350M        107   16        -1  = W1_0
                     350M        104    8        -1  = V4_7
                     350M        110   20        -1  = V15_3
                     370M        107   13   F    -1 != U18_1
                     370M         76    6   F    -1  = U17_7
                     370M        129    2   F     1 != V8_7
                     370M         32    5   F     1 != U11_7
                     370M         55    4         0 != V1_1
                     360M        188    7   F     0  = V7_7
 ! Time = 20077.43s, Memory usage = 124.7 MB
 !               Branches  Non-fixed    W       Branch decision
                     350M        110   12   F     1  = U11_5
                     360M        228    3         0 != U13_3
                     380M         54    9   F    -1  = U15_1
                     370M         39   17         0 != W15_7
                     370M        227   15         0  = W21_4
                     380M        353   19   F    -1 != V10_1
                     370M        298   11        -1  = U15_4
                     390M        102    1         1 != U2_3
                     360M        107   14   F     0  = V21_0
                     360M        107   18        -1 != W6_0
                     360M        107   16        -1  = V17_1
                     360M        104   10   F     1 != W18_4
                     360M        107    8   F    -1 != V12_8
                     360M        106   20         1 != V10_3
                     380M         86    6   F     1  = V8_0
                     380M        162   13         0 != V14_1
                     380M         35    5         0 != W19_0
                     380M         46    4        -1 != U21_2
                     370M        156    7         1 != W20_1
                     380M        115    2        -1  = V9_4
 ! Time = 20611.44s, Memory usage = 124.7 MB
 !               Branches  Non-fixed    W       Branch decision
                     370M        290    3   F     1 != W21_0
                     360M        108   12         0 != W17_1
                     390M         44    9         1  = V18_1
                     380M        171   15         1  = U18_1
                     380M         47   17         1 != U19_1
                     380M        266   11         0 != U3_7
                     400M        101    1   F     1  = U2_6
                     390M        352   19         1 != U18_8
                     370M        103   14   F     1  = V5_7
                     370M        109   18   F    -1 != W18_2
                     370M        108   10   F     0 != W13_0
                     370M         98   16        -1 != V1_1
                     370M        104    8         0 != V12_1
                     390M         62    6   F     0  = V19_1
                     380M        176    7        -1  = W6_1
                     370M        103   20   F    -1  = V6_3
                     390M         47    4         0  = W5_7
                     380M        291    3   F    -1  = V19_3
                     390M        111    2        -1 != U0_8
                     390M         30    5         0 != V9_0
 ! Time = 21129.14s, Memory usage = 124.7 MB
 !               Branches  Non-fixed    W       Branch decision
                     390M        155   13   F     1  = V3_2
                     400M         39    9   F     1 != V11_1
                     370M        105   12   F     1  = U21_5
                     390M        129   15         1 != W4_1
                     410M        109    1         1  = V11_2
                     390M        277   11   F    -1 != U4_0
                     390M         33   17         1  = U17_3
                     380M        101   14   F    -1 != W21_8
                     390M        101    7         0 != U19_7
                     380M        108   18         1 != W7_2
                     380M        107   16        -1  = W16_0
                     380M        110   10         0  = W15_4
                     380M        107    8        -1 != W5_5
                     390M        226    3   F    -1  = U7_2
                     400M        112    6        -1  = U16_8
                     400M        101    2   F    -1  = W3_5
                     380M        109   20         0 != U5_6
                     400M         53    4   F    -1 != V12_0
                     400M        151   13   F     0 != W16_1
                     410M         43    9         0  = W12_3
 ! Time = 21702.91s, Memory usage = 124.7 MB
 !               Branches  Non-fixed    W       Branch decision
                     400M         34    5         0 != U9_3
                     380M        106   12         0  = V19_2
                     400M        352   19        -1 != W21_5
                     400M         36   17   F     1 != W3_2
                     400M        141   15         0 != V19_3
                     400M        348   11        -1 != V17_1
                     420M        103    1   F    -1  = V4_5
                     390M        108   14   F     0 != U2_8
                     400M        196    3   F    -1  = U9_2
                     390M        106   18   F    -1 != W19_5
                     410M        140    2         0 != U16_3
                     390M        111   16        -1 != W12_0
                     390M        106    8         0 != U4_3
                     390M        104   10        -1  = V0_4
                     410M        140   13   F    -1 != U12_3
                     410M         65    6   F    -1  = U8_6
                     400M        104    7   F     1  = W1_3
                     410M         49    4        -1  = W0_0
                     390M        108   20   F     0 != V18_1
                     420M         42    9         1  = V9_8
 ! Time = 22201.04s, Memory usage = 124.7 MB
 !               Branches  Non-fixed    W       Branch decision
                     410M         19    5   F    -1  = U3_1
                     410M        221   15   F     1  = U9_3
                     410M         45   17         0  = W16_5
                     410M        348   19   F    -1  = U7_1
                     410M        348   11   F     1  = U15_0
                     390M        107   12        -1  = U15_8
                     430M        106    1         0  = U15_1
                     400M        109   14        -1 != W2_7
                     420M        122    2        -1 != U2_6
                     410M        156    3   F    -1 != U11_1
                     420M        164   13         1 != U10_0
                     400M        108   18            -
                     400M        110   16   F     0  = W1_3
                     400M        103    8   F    -1 != W4_3
                     400M        109   10   F     1  = V0_5
                     420M         49    4         0 != U2_6
                     420M        111    6   F     1  = U2_7
                     430M         40    9   F     0 != W10_7
                     400M        106   20         0 != W16_5
                     420M         20    5         1  = U0_2
 ! Time = 22829.84s, Memory usage = 124.7 MB
 !               Branches  Non-fixed    W       Branch decision
                     420M        221   15        -1 != W4_4
                     420M        374   11         1  = V12_0
                     420M         40   17         0 != U13_3
                     410M        154    7         1  = W15_5
                     420M        345   19        -1 != U18_1
                     400M        111   12   F    -1  = V12_1
                     440M        107    1   F    -1 != U3_4
                     430M        100    2        -1 != V18_3
                     410M        110   14         0  = W11_8
                     430M        135   13         1 != U17_7
                     430M         77    6   F     0  = V22_0
                     430M         52    4   F    -1 != W10_7
                     410M        112   16   F    -1 != V16_1
                     410M        107   18        -1 != U5_1
                     410M        104    8        -1  = W14_2
                     410M        109   10        -1  = U16_4
                     440M         61    9   F    -1 != U4_6
                     420M        151    3         1 != V8_7
                     430M        183   15         0 != U10_1
                     410M        109   20         0 != W3_0
 ! Time = 23331.78s, Memory usage = 124.7 MB
 !               Branches  Non-fixed    W       Branch decision
                     430M         19    5         0 != U19_3
                     430M         39   17   F     1 != W21_5
                     430M        329   11   F     1 != U12_4
                     420M        174    7        -1 != W14_1
                     410M        110   12   F     0 != W1_6
                     450M        101    1        -1  = U4_3
                     430M        372   19        -1  = U14_0
                     440M         93    6         0  = U7_8
                     440M        235   13   F     1 != V21_2
                     420M        108   14   F    -1 != W17_8
                     440M        152    2   F    -1 != U15_7
                     440M         46    4   F    -1 != W15_0
                     420M        111   16        -1  = U20_6
                     450M         40    9   F     1  = W3_8
                     420M        105    8   F     0  = W11_0
                     420M        108   18   F     1  = W0_3
                     440M        152   15   F     0 != U14_1
                     420M        110   10   F     0  = U6_5
                     430M        196    3   F    -1  = U17_2
                     440M         19    5   F     1 != W5_5
 ! Time = 23840.98s, Memory usage = 124.7 MB
 !               Branches  Non-fixed    W       Branch decision
                     420M        107   20   F     1  = W21_3
                     440M         49   17   F     1 != W11_5
                     430M         73    7   F     1  = W2_1
                     440M        307   11   F     1 != V4_7
                     460M        105    1         0  = U4_1
                     420M        108   12        -1  = W7_6
                     450M        102    6   F     0 != V7_3
                     450M        143   13   F     1 != W0_1
                     450M         47    4   F     1 != W11_0
                     440M        212   19   F     1  = V22_1
                     450M        145    2   F     0  = U21_1
                     450M        124   15   F    -1  = V19_5
                     430M        105   14   F     0 != W9_6
                     460M         41    9         0 != W2_6
                     440M        158    3   F    -1 != V20_1
                     430M        110   16         1 != V11_5
                     430M        105    8   F     1  = V8_8
                     430M        108   18         0  = V3_2
                     430M        106   10   F     1 != U19_4
                     450M         31    5         0 != U15_1
 ! Time = 24382.62s, Memory usage = 124.7 MB
 !               Branches  Non-fixed    W       Branch decision
                     450M         46   17         0  = V16_4
                     440M        164    7   F     0  = V0_4
                     430M        110   20        -1  = U16_2
                     450M        274   11   F    -1 != V2_7
                     470M        117    1         0 != U4_4
                     460M         75    6        -1 != V14_8
                     460M        156   13         0 != W0_7
                     460M         50    4        -1 != U8_8
                     430M        105   12   F    -1 != U10_2
                     460M        320    2   F    -1 != U5_7
                     450M        330   19   F     1  = V6_8
                     450M        275    3        -1  = V11_3
                     440M        109   14         0 != U18_2
                     440M        108   16        -1  = V12_7
                     440M        106    8   F    -1 != V12_1
                     440M        105   18        -1 != V9_1
                     470M        222    9   F    -1  = W6_1
                     440M        109   10        -1  = U13_8
                     460M         18    5   F    -1 != V16_3
                     450M        116    7   F    -1  = U3_7
 ! Time = 24913.13s, Memory usage = 124.7 MB
 !               Branches  Non-fixed    W       Branch decision
                     460M         39   17   F     0 != V16_2
                     460M        144   15         0  = W21_4
                     440M        104   20   F    -1 != V3_6
                     460M        297   11        -1  = W12_0
                     480M        130    1         1 != V13_2
                     470M        131   13   F    -1 != U9_2
                     470M        130    2         0  = U12_1
                     470M         54    4   F    -1  = W11_0
                     470M         47    6         0 != W22_8
                     460M        322   19         0 != W3_3
                     440M        108   12        -1  = W11_7
                     460M        141    3   F    -1  = W16_5
                     450M        108   14        -1 != W10_4
                     480M         38    9         1 != V7_8
                     450M        108   16         1  = V4_3
                     450M        106    8   F    -1 != U16_2
                     470M         19    5        -1  = V2_3
                     450M        106   18            -
                     470M         39   17         0  = V7_8
                     450M        106   10         1  = V10_0
 ! Time = 25490.37s, Memory usage = 124.7 MB
 !               Branches  Non-fixed    W       Branch decision
                     470M        348   11   F    -1  = V20_1
                     490M        105    1         1 != U3_6
                     450M        104   20         1  = U0_5
                     460M        148    7         1  = V15_8
                     480M        152   13   F     0  = V3_8
                     480M        123    2   F    -1  = U20_2
                     480M         68    6         1  = V17_2
                     480M         50    4         1 != V1_8
                     470M        339   19   F     0 != V20_1
                     450M        110   12         1  = W4_7
                     490M         42    9         0 != V14_8
                     480M         22    5   F     1  = W13_1
                     460M        109   14   F     0  = W8_7
                     480M         35   17   F     0  = W10_2
                     480M        311   11   F     0 != W21_0
                     460M        107   16        -1 != V9_1
                     470M        225   15         0  = V1_5
                     470M        146    3   F     1 != V13_3
                     460M        103    8         0 != W9_2
                     460M        109   18         0  = V12_1
 ! Time = 26063.23s, Memory usage = 124.7 MB
 !               Branches  Non-fixed    W       Branch decision
                     460M        105   10   F    -1  = U18_0
                     490M        142   13   F     0 != W6_1
                     460M        109   20   F     1 != V13_2
                     500M         86    1         1 != W5_5
                     490M        157    2   F     0  = V21_2
                     470M        176    7         0  = W16_5
                     490M         48    4   F     1  = V8_0
                     490M        126    6         0 != U16_6
                     480M        348   19         1 != V5_8
                     460M        109   12   F     0 != W5_3
                     500M         36    9   F     0 != V18_3
                     490M         18    5   F    -1  = V6_3
                     490M         44   17   F     0  = W20_2
                     470M        106   14   F     0  = W20_2
                     480M        209    3         0 != V14_3
                     490M        236   11   F     1  = V20_7
                     470M        109   16   F        -
                     470M        104    8        -1  = W9_2
                     470M        103   18   F     0  = W21_3
                     470M        108   10   F     1 != V9_6
 ! Time = 26614.09s, Memory usage = 124.7 MB
 !               Branches  Non-fixed    W       Branch decision
                     480M        180   15   F     0  = W0_4
                     500M         86   13         1  = V2_2
                     510M         91    1         0 != W2_7
                     470M        108   20   F    -1 != U14_5
                     500M        131    2   F    -1  = V2_1
                     480M        151    7         0 != V3_0
                     500M         75    6   F    -1 != U5_6
                     500M         47    4         1 != U8_8
                     490M        342   19         1  = V18_2
                     500M         18    5   F    -1 != W2_2
                     470M        107   12        -1  = U22_3
                     490M        164    3         0 != W16_0
                     500M         69   17   F     1  = W8_7
                     510M         39    9         0  = W13_6
                     480M        105   14         0  = W6_4
                     480M        109   16        -1  = U17_1
                     480M        103    8        -1 != U7_3
                     490M        170   15        -1  = V19_1
                     480M        112   18   F     0 != W20_2
                     520M        112    1         1  = V6_4
 ! Time = 27149.19s, Memory usage = 124.7 MB
 !               Branches  Non-fixed    W       Branch decision
                     480M        106   10         1  = U9_0
                     510M        124   13        -1 != W14_0
                     500M        294   11   F     1 != U17_0
                     510M        122    2   F    -1  = V2_7
                     480M        108   20        -1  = V19_4
                     490M        130    7   F     0  = U4_6
                     510M         51    6   F     0  = W14_3
                     510M         50    4        -1  = V21_8
                     500M        126    3        -1  = U10_2
                     510M         20    5         1 != V13_3
                     500M        369   19        -1 != W11_8
                     480M        110   12        -1  = W15_6
                     510M         38   17         1 != U5_7
                     520M         36    9   F     0  = W18_5
                     500M         80   15         0 != U20_2
                     490M        110   14         0 != W0_8
                     530M        106    1         1  = U18_6
                     490M        109   16         1  = W1_3
                     490M        103    8   F     0  = V2_8
                     490M        109   18        -1 != U19_7
 ! Time = 27693.71s, Memory usage = 124.7 MB
 !               Branches  Non-fixed    W       Branch decision
                     490M        106   10        -1  = U16_2
                     520M        145   13         0 != V9_6
                     500M        149    7   F    -1 != U5_1
                     510M        312   11         1 != W17_0
                     490M        106   20         0  = W17_7
                     520M        124    2         0 != W7_8
                     520M        104    6         0 != U17_6
                     510M        186    3        -1  = U0_2
                     520M         23    5   F     1  = W2_6
                     520M         47    4   F     1 != V5_8
                     510M        367   19   F     0  = U1_8
                     520M         38   17        -1  = W11_8
                     490M        107   12   F    -1  = W18_7
                     540M        111    1         0  = V16_8
                     530M         41    9   F    -1 != U10_2
                     500M        108   14         0 != V14_1
                     510M        144   15   F     1 != U10_0
                     500M        109   16   F    -1 != W21_3
                     500M        103    8            -
                     500M        100   18        -1  = V4_0
 ! Time = 28308.24s, Memory usage = 124.7 MB
 !               Branches  Non-fixed    W       Branch decision
                     500M        110   10            -
                     530M        154   13         0  = W22_3
                     520M        301   11         0  = V11_0
                     530M        123    2   F    -1 != W19_4
                     530M         65    6         1  = U18_5
                     500M        100   20   F     1  = U22_6
                     520M        358   19   F     1 != W19_8
                     520M        132    3   F    -1 != U9_5
                     530M         51    4   F     1  = U3_5
                     530M         19    5         0 != V9_1
                     510M        152    7   F    -1 != U9_0
                     530M         33   17   F     1  = U22_5
                     550M        108    1         0  = U11_3
                     540M         37    9         1  = W20_7
                     500M         99   12        -1  = W6_4
                     510M        109   14   F     0 != W14_3
                     510M        104   16   F    -1  = U5_6
                     540M        148   13         1  = V9_6
                     510M        102    8   F    -1  = U6_2
                     510M        110   18        -1 != V11_2
 ! Time = 28907.11s, Memory usage = 124.7 MB
 !               Branches  Non-fixed    W       Branch decision
                     510M        111   10        -1  = U3_5
                     540M        147    2   F     1 != W11_8
                     520M        136   15        -1 != U1_2
                     540M         88    6   F    -1  = U3_1
                     530M        374   19   F    -1 != U21_8
                     510M        106   20         1 != W21_7
                     530M        120    3   F    -1  = U5_6
                     540M         50    4   F     1  = W20_7
                     530M        332   11   F     0  = V20_1
                     540M         22    5         0  = W19_5
                     520M        217    7         1 != V1_8
                     560M        128    1   F     1  = V7_4
                     540M         39   17   F     0  = U8_5
                     550M         52    9        -1  = W8_2
                     510M        102   12         1 != V9_8
                     550M        147   13        -1 != U1_3
                     520M        109   14   F     1  = W14_2
                     550M        134    2         0 != W8_7
                     520M        110   16         0 != W22_2
                     520M        104    8        -1  = U14_1
 ! Time = 29449.66s, Memory usage = 124.7 MB
 !               Branches  Non-fixed    W       Branch decision
                     530M        192   15   F    -1 != V2_5
                     520M        111   18   F    -1  = W20_2
                     520M        105   10   F     1  = U17_0
                     540M        348   19        -1  = V17_1
                     550M         74    6   F     0  = W21_6
                     540M        301   11   F     0 != W21_0
                     520M        104   20        -1 != U10_5
                     540M        123    3         1 != U3_8
                     530M        227    7   F    -1  = W13_2
                     550M         55    4         0  = V11_1
                     570M        117    1        -1 != U2_1
                     550M         17    5   F     0 != U5_0
                     550M         36   17   F     0 != V1_2
                     560M         37    9   F    -1  = U18_0
                     520M        108   12         0  = U21_6
                     540M        175   15   F     0  = W7_4
                     560M        148   13         0  = V15_4
                     530M        108   14        -1  = V14_8
                     560M        129    2         0 != V8_5
                     550M        348   19         1  = W12_0
 ! Time = 29998.28s, Memory usage = 124.7 MB
 !               Branches  Non-fixed    W       Branch decision
                     530M        108   16        -1  = U15_0
                     550M        331   11   F    -1 != U12_1
                     530M         97    8   F     1  = V11_2
                     560M         60    6   F     1 != U2_0
                     530M        108   18         1  = W8_3
                     530M        107   10   F     0  = U6_0
                     540M        272    7         0 != U15_6
                     580M        106    1         1  = V6_4
                     530M        105   20   F     1  = V12_5
                     560M         18    5         1 != U19_1
                     560M         47    4   F     0  = U12_0
                     560M         34   17        -1  = W9_1
                     550M        154    3         1  = W20_3
                     570M         38    9   F     1 != W16_1
                     550M        183   15        -1  = V17_1
                     570M        168   13        -1  = V14_3
                     560M        401   19        -1  = W4_5
                     530M        106   12   F     1 != V1_8
                     540M        104   14         0  = V14_1
                     570M        114    2         0 != W2_1
 ! Time = 30524.36s, Memory usage = 124.7 MB
 !               Branches  Non-fixed    W       Branch decision
                     540M        103    8        -1  = U20_5
                     540M         91   16   F     1 != W14_1
                     550M        274    7   F    -1 != U2_6
                     540M        107   18   F     0  = W5_2
                     540M        105   10   F     0  = U8_0
                     560M        317   11        -1 != W8_0
                     590M        104    1   F     1  = U17_1
                     570M         69    6   F     1  = V13_3
                     540M        105   20        -1 != V10_2
                     570M         17    5   F     1  = W12_0
                     560M        331   15   F    -1 != W14_3
                     580M         38    9         0 != W9_6
                     570M         49    4         1 != W14_2
                     560M        209    3   F     0 != V12_7
                     580M        158   13         1 != W9_8
                     570M        353   19   F     1 != W16_2
                     570M         40   17         0  = V1_1
                     580M        122    2         0 != V15_2
                     540M        104   12         1  = V15_5
                     560M        219    7         0 != U8_6
 ! Time = 31051.96s, Memory usage = 124.7 MB
 !               Branches  Non-fixed    W       Branch decision
                     550M        108   14   F    -1  = U7_3
                     580M         71    6        -1  = U18_3
                     550M         98    8   F    -1 != W14_7
                     550M        105   16        -1 != U5_2
                     600M        118    1   F     0  = W2_0
                     550M        106   18   F    -1 != W22_0
                     550M        111   10         0  = W4_1
                     570M        285   15   F    -1 != W11_3
                     570M        352   11   F     1  = W1_1
                     580M         21    5         0  = V9_8
                     550M        101   20   F     0  = V11_1
                     570M        131    3        -1 != V5_2
                     590M         89   13         0  = U22_2
                     580M         50    4         0  = V8_1
                     580M        364   19   F    -1  = W11_2
                     570M        145    7   F    -1 != U3_6
                     580M         64   17        -1  = V0_1
                     590M         36    9   F     0  = W17_8
                     550M        106   12            -
                     560M        110   14   F     1  = U21_1
 ! Time = 31606.42s, Memory usage = 124.7 MB
 !               Branches  Non-fixed    W       Branch decision
                     590M        179    2   F     1 != U1_1
                     590M         74    6         1  = U8_7
                     610M        104    1   F     1 != V1_8
                     560M        105    8         0 != V6_8
                     560M        110   16        -1 != W12_1
                     560M        108   18        -1  = W16_8
                     560M        107   10   F     1 != U3_8
                     580M        244   15   F    -1 != W17_8
                     560M        104   20         0 != V3_3
                     590M         17    5        -1  = W1_5
                     600M        160   13         0 != W4_8
                     580M        307   11        -1  = U13_4
                     580M        298    3   F     0 != V20_1
                     590M        371   19         1  = U21_3
                     580M        120    7        -1  = U8_6
                     590M         53    4        -1  = U6_3
                     590M         36   17   F    -1  = U2_1
                     600M         41    9         1  = V0_7
                     620M        101    1   F     1  = W22_4
                     600M         84    6   F    -1 != V15_2
 ! Time = 32108.68s, Memory usage = 124.7 MB
 !               Branches  Non-fixed    W       Branch decision
                     600M        128    2   F     1  = U6_8
                     570M        107   14        -1 != U15_0
                     560M        107   12        -1  = V7_1
                     590M        216   15        -1  = W6_4
                     570M         97    8   F     0  = W6_2
                     570M        109   16         1  = U19_1
                     570M        107   18        -1 != V14_2
                     570M        109   10         0 != V9_5
                     600M         28    5   F     1 != W3_0
                     590M        244    3         0 != W6_8
                     610M        156   13        -1  = U12_6
submitit ERROR (2023-05-05 07:52:44,140) - Submitted job triggered an exception
