submitit INFO (2023-05-04 22:52:07,682) - Starting with JobEnvironment(job_id=27817, hostname=cpunode3, local_rank=4(5), node=0(1), global_rank=4(5))
submitit INFO (2023-05-04 22:52:07,683) - Loading pickle: /h/30/pashootan/Matrix-Mult-CP/src/../logs/5/3x3x3_23_May04_22:52:05/27817_submitted.pkl
Running with: Namespace(N=3, M=3, P=3, R=23, valid_ineq=False, symmetry=False, min_add=False, cyclic_invar=False, inex_bounds=(0, 0), output_dir='../logs/5/3x3x3_23_May04_22:52:05', n_seeds=5, n_workers=20, timeout=2880, solver='cpo', cpo_LogPeriod=10000000, cpo_RandomSeed=4, inexact_ineq=False)
Running solver with: {'LogPeriod': 10000000, 'RandomSeed': 4, 'Workers': 20, 'TimeLimit': 172800}
 ! --------------------------------------------------- CP Optimizer 22.1.1.0 --
 ! Satisfiability problem - 621 variables, 729 constraints
 ! TimeLimit            = 172800
 ! Workers              = 20
 ! LogPeriod            = 10000000
 ! RandomSeed           = 8797
 ! Initial process time : 0.06s (0.06s extraction + 0.00s propagation)
 !  . Log search space  : 984.3 (before), 984.3 (after)
 !  . Memory usage      : 5.2 MB (before), 5.2 MB (after)
 ! Using parallel search with 20 workers.
 ! ----------------------------------------------------------------------------
 !               Branches  Non-fixed    W       Branch decision
                   10000k        170   11        -1 != V16_1
                   10000k        165   19   F     1 != W6_3
                   10000k        100    1   F     0 != V2_0
                   10000k        121    9         0  = W16_0
                   10000k         62   13        -1  = V21_8
                   10000k        106   17        -1  = U10_7
                   10000k        103    5   F     0  = V15_3
                   10000k         78    2         0  = V20_6
                   10000k        105    4   F     0  = U14_1
                   10000k        116    6   F     1 != V1_2
                   10000k         82    3   F    -1  = U19_2
                   10000k        111   12   F    -1 != W17_2
                   10000k        107   16        -1  = U21_3
                   10000k        108   10   F    -1 != V14_1
                   10000k        102    7         0 != W20_0
                   10000k        109   18         1 != U10_2
                   10000k        105    8   F    -1  = W2_3
                   10000k        109   20   F    -1  = W8_7
                   10000k         91   14   F    -1  = W17_1
                   10000k        132   15        -1 != U7_7
 ! Time = 694.55s, Memory usage = 124.7 MB
 !               Branches  Non-fixed    W       Branch decision
                   20000k        116   13   F    -1 != U9_7
                   20000k        100    4   F     0  = W5_5
                   20000k        183    6         0 != W8_1
                   20000k        148    5         0  = W6_3
                   20000k         85    1         0 != U8_5
                   20000k        269   19        -1 != U19_6
                   20000k        241   11         0  = W19_1
                   20000k        133    9         1  = W0_1
                   20000k        100   17   F     0  = U14_4
                   20000k        132    2   F    -1  = U10_4
                   20000k         87    3   F    -1 != V8_3
                   20000k        107    8        -1 != U18_0
                   20000k        109   20   F    -1 != W8_5
                   20000k        108   10        -1 != U16_6
                   20000k        108   16   F    -1 != U19_2
                   20000k        107   14         1 != U4_0
                   20000k        108   12   F    -1 != W7_2
                   20000k        107   18   F        -
                   20000k        107   15   F    -1  = U18_7
                   20000k         94    7   F     1  = W1_5
 ! Time = 1326.60s, Memory usage = 124.7 MB
 !               Branches  Non-fixed    W       Branch decision
                   30000k         98    1         0  = V5_8
                   30000k         74   13        -1 != W14_7
                   30000k        166    5         1 != U0_3
                   30000k        161    6         0 != W19_2
                   30000k        133    4   F     1 != U17_1
                   30000k        143   17         1  = V9_2
                   30000k        348   19   F    -1 != V19_1
                   30000k        137    9        -1  = U9_5
                   30000k        298   11   F     0 != U18_0
                   30000k         97    2   F     0  = V18_7
                   30000k         76   15   F    -1  = U20_3
                   30000k        110    3   F    -1  = U13_3
                   30000k        108    8   F    -1  = V5_8
                   30000k        105   14        -1  = V7_3
                   30000k        111   10   F     1 != W18_1
                   30000k        105   20   F    -1  = W2_3
                   30000k        106   12        -1  = U22_4
                   30000k        108   16   F     1 != W16_6
                   30000k         96   18   F     0  = W16_4
                   30000k        147    7   F     0 != V20_1
 ! Time = 1953.44s, Memory usage = 124.7 MB
 !               Branches  Non-fixed    W       Branch decision
                   40000k         77    1         1  = U5_8
                   40000k        203    5   F    -1 != V2_4
                   40000k         58   13         1  = W18_8
                   40000k        153   17   F     1 != W10_1
                   40000k        109    4   F     1  = U0_0
                   40000k        193    6   F     1 != W10_1
                   40000k        129    9         1  = V3_2
                   40000k        236   19         1  = V14_1
                   40000k        335   11   F     0  = W9_2
                   40000k         93    2   F     1  = V17_1
                   40000k         77    3        -1 != U22_6
                   40000k        140   15   F     0 != V18_1
                   40000k        106    8         1 != V3_0
                   40000k        103   14   F     1 != U10_3
                   40000k        110   20         0 != V2_1
                   40000k        133    7         0 != V10_2
                   40000k        100   18        -1  = W0_8
                   40000k        103   10         0 != V5_2
                   40000k         97   12        -1  = U17_7
                   40000k        102   16         1 != U17_2
 ! Time = 2599.06s, Memory usage = 124.7 MB
 !               Branches  Non-fixed    W       Branch decision
                   50000k        125   17   F     1 != U18_8
                   50000k        116    1         0 != U2_4
                   50000k        160    5        -1  = W5_4
                   50000k        132   13   F    -1  = V11_6
                   50000k        115    4         1 != U1_0
                   50000k        295   19   F    -1 != V20_1
                   50000k        174    6         1  = U17_6
                   50000k        123    9   F     0 != W22_6
                   50000k        333   11   F    -1 != V4_4
                   50000k         83    2         1  = W5_7
                   50000k        147    3   F     1  = W3_2
                   50000k        105    7   F    -1  = U22_8
                   50000k        144   15   F     1  = V15_2
                   50000k        108    8        -1  = V3_1
                   50000k        111   20         0 != V8_2
                   50000k        103   18        -1  = U22_4
                   50000k        107   14         1  = W6_6
                   50000k        110   10        -1 != U9_7
                   50000k        109   12         0 != V1_7
                   50000k        109   16         0  = W6_1
 ! Time = 3236.46s, Memory usage = 124.7 MB
 !               Branches  Non-fixed    W       Branch decision
                   60000k        134   17   F     1  = U4_6
                   60000k         74    1        -1 != U18_5
                   60000k        101    4   F     1  = W12_2
                   60000k        192    5   F     1  = W21_4
                   60000k        129    9   F    -1  = V22_0
                   60000k        152    6         1 != U5_6
                   60000k        258   19   F     0  = W19_8
                   60000k         83    2   F    -1 != U3_8
                   60000k         56   13   F    -1  = U14_5
                   60000k        339   11   F     0  = W21_1
                   60000k        107    3   F    -1  = U13_8
                   60000k        134   15        -1  = V12_0
                   60000k        150    7   F    -1 != V16_7
                   60000k        109    8         0  = V6_1
                   60000k        109   20        -1  = V14_0
                   60000k        105   18   F     0  = W17_6
                   60000k        107   14   F     0  = V8_5
                   60000k        108   10        -1  = U9_5
                   60000k        109   12   F    -1 != W0_7
                   60000k        107   16   F     0  = W9_1
 ! Time = 3876.34s, Memory usage = 124.7 MB
 !               Branches  Non-fixed    W       Branch decision
                   70000k        101   17         1 != W10_4
                   70000k         71    1         0 != V8_4
                   70000k        132    4         0  = U12_6
                   70000k        119    9         1  = V18_7
                   70000k        184    5         0 != U8_1
                   70000k        182    6   F    -1  = U9_3
                   70000k         81    2         0 != U8_5
                   70000k        314   11        -1  = V19_1
                   70000k        341   19         0 != V13_1
                   70000k         43   13         1  = U6_6
                   70000k        156    3   F    -1  = V2_5
                   70000k        142    7   F    -1  = V19_1
                   70000k        146   15   F     1  = U16_8
                   70000k        108    8         1  = U21_7
                   70000k        107   18        -1  = V7_3
                   70000k        108   20   F    -1  = V11_0
                   70000k        108   14         0  = V16_1
                   70000k        110   10        -1  = U8_3
                   70000k        108   12         0  = U3_6
                   70000k        110   16        -1  = V12_0
 ! Time = 4506.51s, Memory usage = 124.7 MB
 !               Branches  Non-fixed    W       Branch decision
                   80000k         71    1         0  = V6_6
                   80000k        128   17         1 != U15_4
                   80000k        142    4   F     1  = V11_6
                   80000k        190    6   F    -1  = V19_7
                   80000k        113    9   F     1 != W3_2
                   80000k        147    5   F    -1  = V5_6
                   80000k        104    2   F     1 != V18_7
                   80000k        334   11   F     0 != V19_1
                   80000k        348   19        -1 != W6_2
                   80000k         42   13        -1  = V13_3
                   80000k        154   15   F    -1 != V1_2
                   80000k        148    7         1  = V12_7
                   80000k        136    3   F    -1  = V0_4
                   80000k        105   18         0 != U10_1
                   80000k        100    8         0  = U10_1
                   80000k        107   20        -1  = W15_5
                   80000k        109   14   F    -1  = U16_7
                   80000k        103   10        -1 != V12_1
                   80000k        110   12        -1 != V2_2
                   80000k        108   16         0  = V8_0
 ! Time = 5131.36s, Memory usage = 124.7 MB
 !               Branches  Non-fixed    W       Branch decision
                   90000k        111    1   F    -1 != U2_6
                   90000k        142   17         1 != U15_8
                   90000k        131    4         0 != U2_8
                   90000k        179    6   F     1  = U9_1
                   90000k        171    5   F    -1  = V1_7
                   90000k        326   11   F    -1  = V6_0
                   90000k        115    9         1  = V0_2
                   90000k        348   19   F    -1  = W13_2
                   90000k         90    2         1  = U9_5
                   90000k         51   13   F     1  = U10_7
                   90000k        150   15   F     0 != U8_1
                   90000k        172    3        -1 != U12_0
                   90000k        155    7         1 != U2_8
                   90000k        110    8         1  = V19_7
                   90000k         97   18         0 != U10_4
                   90000k        107   20   F    -1  = U17_6
                   90000k        109   14         0 != W2_8
                   90000k        106   10   F    -1  = V22_1
                   90000k        108   12   F    -1 != U1_4
                   90000k        105   16        -1  = W7_0
 ! Time = 5773.46s, Memory usage = 124.7 MB
 !               Branches  Non-fixed    W       Branch decision
                     100M         73    1   F    -1  = W17_3
                     100M        116    4         1 != V17_2
                     100M        192    6        -1  = V7_4
                     100M        168   17   F     0 != U11_7
                     100M        151    5        -1  = W17_4
                     100M        135    9         1  = V4_4
                     100M        348   11   F    -1  = W19_0
                     100M        101   13         1 != V21_6
                     100M        100    2        -1  = W12_0
                     100M        362   19        -1 != U0_6
                     100M        143   15        -1 != V17_1
                     100M        156    7        -1 != W1_5
                     100M        132    3        -1  = V18_1
                     100M        104   18         1  = V7_3
                     100M        104    8   F     1  = U17_8
                     110M         72    1   F     0  = U11_8
                     100M        109   14        -1  = V6_1
                     100M        108   20         0 != W12_5
                     100M        108   10         0 != W17_1
                     100M        103   12         1 != V9_1
 ! Time = 6380.43s, Memory usage = 124.7 MB
 !               Branches  Non-fixed    W       Branch decision
                     100M        106   16        -1  = U4_7
                     110M        201    6   F     1  = W16_5
                     110M        118    4         1  = V17_1
                     110M        148   17   F     1 != U2_0
                     110M        168    5   F     1 != V17_1
                     110M        348   11        -1  = V10_4
                     110M        129    9        -1  = U16_7
                     110M         44   13        -1  = U11_3
                     110M        341   19        -1 != V12_1
                     110M        101    2   F     1  = U6_6
                     110M        145   15   F    -1 != W2_1
                     110M        150    7        -1  = V19_1
                     110M        108    8         1 != W2_3
                     110M        101   18   F     1  = U10_8
                     120M        136    1        -1 != V3_6
                     110M        105   14        -1  = V4_0
                     110M        110   20   F     0  = W20_3
                     110M        106   10         0 != V4_5
                     110M        105   12         0 != V21_7
                     110M        104   16   F    -1  = W10_3
 ! Time = 7001.70s, Memory usage = 124.7 MB
 !               Branches  Non-fixed    W       Branch decision
                     110M        150    3   F    -1 != V21_7
                     120M        116    4         1  = V21_3
                     120M        167    6         0  = U19_2
                     120M        156   17         0 != U11_6
                     120M        200    5        -1 != W18_4
                     120M        348   11         0 != V16_6
                     120M        123    9         1  = U7_2
                     120M         91   13         1 != W5_7
                     120M        340   19        -1 != W6_2
                     120M        104    2         0  = U12_5
                     120M        156    7   F     1  = V3_7
                     120M        119   15         1  = V1_7
                     130M        134    1         1 != V19_8
                     120M        108    8        -1  = W11_7
                     120M        105   18   F    -1 != U21_2
                     120M        113   20   F    -1 != V10_0
                     120M        107   14            -
                     120M        110   10        -1 != W15_0
                     120M        109   12         0 != V22_2
                     120M        152    3   F     0 != V6_8
 ! Time = 7645.56s, Memory usage = 124.7 MB
 !               Branches  Non-fixed    W       Branch decision
                     120M        108   16         1  = W1_4
                     130M        117    4   F     0  = U5_8
                     130M        193    6   F     1 != W2_8
                     130M        183   17   F    -1 != U14_7
                     130M        321   19   F    -1 != U16_6
                     130M        142    5         1 != V19_7
                     130M         23   13         0 != U9_2
                     130M        356   11        -1 != V21_3
                     130M        127    2         1 != W10_7
                     130M        118    9   F     0 != W13_2
                     130M        141    7        -1 != U14_4
                     130M        226   15         0  = V13_7
                     140M        100    1        -1  = W22_7
                     130M        107    8        -1 != U3_1
                     130M        106   18         0 != V11_7
                     130M        109   20         1 != W6_5
                     130M        107   14         0  = V19_1
                     130M        110   10        -1  = U1_7
                     140M        125    4         1  = V15_3
                     130M        107   12        -1  = W17_2
 ! Time = 8251.71s, Memory usage = 124.7 MB
 !               Branches  Non-fixed    W       Branch decision
                     140M        211    6   F     1 != U7_0
                     130M        107   16   F    -1 != U15_4
                     140M         93   17         1  = U21_1
                     130M        129    3   F    -1  = W16_6
                     140M        348   11         1 != V20_3
                     140M         23   13         0 != W2_4
                     140M        193    5         1 != U3_3
                     140M        348   19   F    -1 != W3_7
                     140M         96    2         1  = V12_7
                     140M        112    9         0  = W2_0
                     140M        153   15         0 != W22_6
                     140M        153    7   F     1  = W0_7
                     150M         94    1   F     1  = U4_8
                     140M        104    8   F     1 != V18_3
                     150M        141    4         0 != U14_1
                     140M        104   18         0 != U6_5
                     150M        187    6        -1  = U17_0
                     140M        109   20   F     1 != W5_7
                     140M        109   14   F     0 != V16_1
                     140M        110   10         1 != U10_0
 ! Time = 8878.64s, Memory usage = 124.7 MB
 !               Branches  Non-fixed    W       Branch decision
                     150M        143   17        -1 != V11_1
                     140M        109   12   F     0  = V6_8
                     140M        110   16        -1  = W0_7
                     150M        376   11         0  = W15_0
                     140M         77    3        -1 != U12_3
                     150M        115    5   F     1  = W21_3
                     150M        366   19         1  = W6_2
                     150M         94    2   F     1 != V1_0
                     150M         40   13        -1  = V6_6
                     150M         91    9         0  = V15_3
                     150M        161   15        -1  = W8_0
                     150M        123    7   F    -1 != V14_7
                     160M         84    1   F     1  = V5_7
                     150M        109    8         1 != V6_1
                     160M        117    4         1  = U14_6
                     160M        182    6   F    -1 != V0_7
                     150M        104   18         0  = U16_1
                     150M        108   20   F    -1  = U1_6
                     150M        109   14         1 != V0_6
                     160M        348   11   F    -1 != U21_2
 ! Time = 9537.92s, Memory usage = 124.7 MB
 !               Branches  Non-fixed    W       Branch decision
                     160M        163   17         0  = V2_8
                     150M        104   10   F        -
                     150M        106   12   F    -1  = W11_6
                     150M        108   16         1  = V15_1
                     160M        142    5         1  = U16_1
                     160M        245   19         1  = U0_3
                     160M        112    2   F     0 != V15_5
                     150M        161    3   F     0 != V1_4
                     160M        117    9         0  = U16_1
                     160M         32   13   F     0 != W8_8
                     160M        146    7   F    -1 != W22_0
                     160M        156   15   F     0 != U6_1
                     170M        143    1         1 != W1_8
                     170M        196    6        -1 != V9_5
                     170M        127    4   F     1  = W2_1
                     170M        310   11         0  = V16_6
                     160M        110    8   F    -1  = V10_3
                     160M        104   18   F    -1 != V18_7
                     170M        146   17         1 != V3_4
                     160M        109   20   F     0  = W15_5
 ! Time = 10131.00s, Memory usage = 124.7 MB
 !               Branches  Non-fixed    W       Branch decision
                     160M        109   14        -1 != W6_6
                     160M        108   10        -1  = W13_1
                     160M        112   12   F    -1 != U13_1
                     170M        142    5   F     1  = V17_4
                     160M        110   16   F     1  = U8_4
                     170M        340   19         1 != U6_6
                     170M        100    2   F    -1 != W22_1
                     170M         24   13   F     0 != U22_4
                     160M        147    3   F     1 != U19_4
                     170M         98    9        -1 != V18_1
                     170M        185    7   F    -1 != W12_7
                     170M        151   15         0  = V9_7
                     180M        128    1   F    -1  = U22_8
                     180M        122    4        -1  = W4_2
                     180M        188    6   F     0  = W21_1
                     180M        256   11        -1 != U13_2
                     170M        107    8   F    -1 != V12_5
                     170M        107   18   F        -
                     180M        161   17         1  = V7_4
                     170M        111   20         1  = U4_3
 ! Time = 10750.62s, Memory usage = 124.7 MB
 !               Branches  Non-fixed    W       Branch decision
                     170M        107   14   F    -1  = W13_5
                     180M        154    5   F     0  = U13_4
                     170M        107   10        -1 != W0_8
                     170M        104   12         1  = W3_4
                     180M        348   19        -1  = V0_8
                     170M        105   16         1  = W19_2
                     180M         83    2   F    -1 != V4_6
                     180M         93    9   F     1 != W3_0
                     180M         32   13         1 != V11_4
                     170M        155    3         0 != U20_3
                     180M        153   15        -1 != U16_1
                     190M         94    1         0 != W1_6
                     180M        155    7   F    -1  = W14_7
                     190M        112    4         0  = U8_0
                     190M        176    6         0  = U22_1
                     180M        106    8   F     1 != W10_0
                     190M        373   11   F    -1 != U11_2
                     190M        176   17         1  = V9_8
                     180M        104   18        -1  = U4_0
                     190M        135    5   F     0  = U21_4
 ! Time = 11352.24s, Memory usage = 124.7 MB
 !               Branches  Non-fixed    W       Branch decision
                     180M        107   20   F    -1 != V12_7
                     180M        110   14         0  = V16_1
                     180M        107   10        -1  = V6_1
                     180M        107   12   F     0  = W16_7
                     180M        106   16   F     0  = U7_1
                     190M        374   19   F    -1  = U17_6
                     190M         61   13         0 != U17_5
                     190M         77    2         1 != U20_8
                     190M        103    9         1  = V6_2
                     190M        182    7         1 != V1_7
                     200M         69    1   F    -1  = W11_8
                     180M        147    3         1  = V3_1
                     200M        123    4   F    -1 != W2_1
                     190M        147   15         1  = V7_8
                     200M        186    6         1 != W9_1
                     200M        332   11   F     0  = V20_1
                     200M        152    5         0  = V15_7
                     190M        105    8        -1  = V3_5
                     190M        105   18        -1  = W20_8
                     200M        116   17   F     1 != W17_2
 ! Time = 11990.15s, Memory usage = 124.7 MB
 !               Branches  Non-fixed    W       Branch decision
                     190M        107   20   F     0  = W16_4
                     200M        328   19         0  = U3_2
                     190M        105   14   F    -1 != V16_8
                     200M         34   13   F     1  = V8_7
                     190M        107   10         0  = U13_0
                     190M         98   12   F     0  = V4_1
                     200M         82    2   F    -1  = W14_6
                     190M        108   16        -1  = W22_3
                     200M         94    9   F    -1 != U17_1
                     210M        149    1         0  = V4_0
                     200M        147    7         1 != U10_7
                     190M        144    3         1 != V16_2
                     210M        126    4         0  = W7_6
                     210M        171    6        -1 != U12_7
                     200M        134   15        -1  = V17_1
                     210M        202    5   F     0 != V12_6
                     210M        348   11   F     0  = W22_0
                     200M        108    8         1 != U21_1
                     210M        348   19        -1 != V15_8
                     200M        104   18        -1  = U1_6
 ! Time = 12588.18s, Memory usage = 124.7 MB
 !               Branches  Non-fixed    W       Branch decision
                     210M        131   17   F     1 != U9_2
                     210M        128    2   F     1  = W1_1
                     200M        107   20   F    -1 != V22_7
                     210M         40   13   F     1  = W4_1
                     200M        106   14        -1  = W9_6
                     200M        110   10   F     1  = W15_2
                     200M        111   12         1  = U11_0
                     200M        107   16        -1  = W14_1
                     210M        100    9         0  = W7_2
                     220M         86    1   F     1 != U10_4
                     210M        166    7   F     1  = W12_7
                     220M         82    4         0 != V21_1
                     220M        172    6        -1  = U8_5
                     210M        139   15   F    -1  = W7_5
                     200M        175    3   F     0 != V20_1
                     220M        137    5         1 != U3_1
                     220M        167   17   F     0 != W4_1
                     210M        110    8   F     0  = W7_2
                     220M        362   11   F     0  = U13_2
                     210M        105   18         0  = U15_4
 ! Time = 13194.12s, Memory usage = 124.7 MB
 !               Branches  Non-fixed    W       Branch decision
                     220M        334   19   F     0  = W4_0
                     220M         25   13         0  = U10_4
                     220M        111    2         0 != U19_7
                     210M        109   20         0  = V19_4
                     210M        104   14   F    -1 != W16_6
                     210M        106   10   F    -1 != W19_5
                     210M        109   12   F    -1  = U18_6
                     220M         97    9         1  = W19_2
                     230M         72    1   F    -1  = W20_4
                     210M        107   16        -1  = W0_6
                     220M        115    7   F    -1  = V22_7
                     230M        197    6   F     0 != U21_0
                     230M        101    4         0 != V6_6
                     210M        156    3   F     1  = U10_3
                     220M        136   15   F     1  = V3_4
                     230M        151    5   F    -1  = W8_4
                     230M        315   19   F    -1 != W18_2
                     230M         99   17        -1 != V16_1
                     220M        108    8        -1 != W7_5
                     230M         87    2         0  = V16_4
 ! Time = 13839.00s, Memory usage = 124.7 MB
 !               Branches  Non-fixed    W       Branch decision
                     220M        102   18        -1 != U4_4
                     220M        103   20        -1  = W6_0
                     230M        348   11   F    -1  = V20_1
                     230M         30   13   F    -1 != W5_8
                     220M        106   14        -1  = V7_2
                     230M         98    9   F     0 != V8_1
                     220M        106   10        -1 != V5_4
                     220M        108   12   F     1 != V0_3
                     220M        108   16         0  = W6_7
                     230M        101    7   F    -1 != U2_3
                     240M         63    1         0  = U13_5
                     240M        207    6         0 != U15_5
                     240M        100    4         0 != U6_4
                     240M        166    5         0 != V22_1
                     220M        160    3   F     0  = U13_3
                     230M        144   15   F    -1  = V6_8
                     240M        337   19   F     0 != V18_1
                     240M        114   17   F     0 != W15_2
                     240M        348   11         1 != V3_7
                     230M        105    8         1  = W19_1
 ! Time = 14449.12s, Memory usage = 124.7 MB
 !               Branches  Non-fixed    W       Branch decision
                     230M        104   18        -1 != V9_5
                     240M        119    2   F    -1  = V9_6
                     240M         22   13   F     1 != V18_5
                     230M        107   20         0  = U14_1
                     240M        110    9        -1  = W20_0
                     230M        107   14   F    -1  = U16_3
                     230M        105   10   F    -1 != U20_3
                     230M        108   12   F    -1 != V12_1
                     250M         62    1         1  = U12_8
                     230M        106   16         0  = U15_1
                     250M        195    6         0 != V10_4
                     240M        145    7         0 != V15_3
                     250M        101    4        -1  = U4_2
                     240M        190   15        -1  = V7_7
                     230M        155    3   F    -1  = U19_2
                     250M        158    5   F     0  = U18_0
                     250M        342   19   F    -1 != V11_8
                     250M        393   11        -1 != U7_2
                     250M        108   17   F     1  = U7_2
                     250M         30   13   F    -1 != V4_6
 ! Time = 15048.42s, Memory usage = 124.7 MB
 !               Branches  Non-fixed    W       Branch decision
                     240M        108    8   F     0  = V8_1
                     240M        109   18        -1 != V14_0
                     250M        162    2         1  = W14_7
                     240M        108   20        -1 != V4_7
                     250M         97    9        -1 != V5_2
                     240M        105   14         1 != U8_6
                     240M        109   10        -1 != V8_1
                     240M        110   12   F    -1 != V18_1
                     260M         70    1   F    -1 != V19_6
                     240M        102   16            -
                     250M        224    7   F    -1  = V20_1
                     260M        211    6         1  = W16_5
                     250M        146   15   F    -1 != V19_8
                     260M        125    5   F     1  = W17_1
                     260M        100    4        -1 != W0_8
                     260M        380   11         0 != U18_8
                     240M        149    3         1  = W22_4
                     260M        369   19   F     1  = V3_8
                     260M         20   13        -1  = W11_7
                     260M        100   17         0 != V19_1
 ! Time = 15653.63s, Memory usage = 124.7 MB
 !               Branches  Non-fixed    W       Branch decision
                     260M         92    2         0 != W4_7
                     250M        106    8         1  = U8_4
                     250M        102   18        -1  = U6_7
                     260M         92    9         1  = V22_5
                     250M        104   20   F     1  = V5_3
                     260M        276    7         0  = W2_6
                     270M         71    1        -1  = V19_0
                     250M        105   14         0 != W20_5
                     250M        103   10   F     1  = V1_5
                     250M        107   12   F     1 != U7_6
                     250M        107   16         0  = W14_8
                     270M        202    6        -1  = U18_0
                     270M        191    5         0  = V10_6
                     260M        158   15   F     1  = W12_5
                     270M        113    4         0 != V14_7
                     270M        348   11         1  = W7_1
                     270M        356   19   F    -1  = W14_0
                     250M        186    3   F    -1 != V20_1
                     270M         44   13   F    -1 != V13_4
                     270M        108    2   F     0  = U13_2
 ! Time = 16212.22s, Memory usage = 124.7 MB
 !               Branches  Non-fixed    W       Branch decision
                     270M        125   17         0 != U9_8
                     270M        184    7        -1 != V14_8
                     260M        109    8        -1 != V14_5
                     260M        103   18   F     0 != V16_1
                     270M        104    9        -1 != W13_0
                     280M         79    1   F     0  = V3_7
                     260M        107   20   F    -1  = U14_7
                     260M        105   14        -1 != U19_7
                     260M        108   10   F    -1 != W20_0
                     260M        112   12         0 != U12_4
                     270M        141   15         1  = V15_3
                     260M        107   16   F    -1 != V9_1
                     280M        196    6   F     1  = W5_8
                     280M        168    5   F     0  = U18_0
                     280M        348   19   F     1 != W11_0
                     260M        239    3   F    -1 != U17_4
                     280M        107    4        -1  = U0_8
                     280M        334   11   F     0  = U8_0
                     280M         83   13         1  = V8_2
                     280M        129    2   F     1  = W2_0
 ! Time = 16761.35s, Memory usage = 124.7 MB
 !               Branches  Non-fixed    W       Branch decision
                     280M        150   17        -1 != W7_8
                     280M        151    7        -1  = V5_8
                     280M        111    9   F     1 != V17_7
                     270M        107    8         0 != V22_5
                     290M         75    1         1 != U12_4
                     270M        106   18         0 != U14_3
                     270M        109   20         0 != U7_4
                     280M        160   15        -1 != U7_5
                     270M        108   14   F    -1 != V2_5
                     270M        107   10         0 != W16_1
                     270M        106   12        -1  = U5_3
                     270M        109   16   F        -
                     290M        173    6   F    -1 != V2_7
                     290M        373   19        -1  = W16_7
                     290M        163    5         0 != U17_7
                     290M        146    4   F     0  = U11_1
                     270M        150    3        -1  = V16_3
                     290M        334   11   F     1 != W11_2
                     290M         74   13         1 != U10_8
                     290M        106    2   F     1 != W9_0
 ! Time = 17378.84s, Memory usage = 124.7 MB
 !               Branches  Non-fixed    W       Branch decision
                     290M         94   17        -1  = U1_4
                     300M         84    1         0  = U16_8
                     290M        108    9        -1 != V2_7
                     280M        110    8         0  = V14_5
                     280M        101   18         0  = W9_6
                     290M        151    7   F    -1  = V7_8
                     280M        109   20   F     1  = W3_7
                     280M        106   14        -1 != U17_3
                     300M        207    6   F     0 != V21_5
                     280M        104   10   F    -1 != U17_0
                     290M        159   15         1 != V17_1
                     280M        102   12        -1  = U11_7
                     300M        190    5        -1  = V4_1
                     280M         96   16        -1  = W19_4
                     300M        149    4         0  = U12_6
                     300M        402   11         0  = U20_8
                     300M         92   13        -1  = W0_7
                     300M        382   19   F    -1  = W0_2
                     300M        134    2         1 != V15_1
                     300M        101   17   F    -1 != V3_1
 ! Time = 17980.56s, Memory usage = 124.7 MB
 !               Branches  Non-fixed    W       Branch decision
                     300M         80    9   F    -1  = U12_0
                     280M        149    3         1  = W5_7
                     310M         62    1   F     1  = V9_3
                     290M        103    8   F     1  = U7_3
                     290M        105   18   F     1 != U4_1
                     300M        145    7   F    -1  = U14_8
                     300M        151   15        -1 != V20_1
                     310M        201    6   F     0  = U16_5
                     290M        109   20         0 != V7_1
                     290M        103   14        -1 != U5_3
                     310M        146    5   F     1 != V16_5
                     290M        107   10   F     0 != W16_3
                     290M        109   12   F    -1 != V7_0
                     290M        107   16        -1  = U14_1
                     310M        102    4   F     0 != W13_1
                     310M        132   13        -1  = W7_7
                     310M        328   11   F     0  = U0_7
                     310M        359   19        -1  = W9_8
                     310M        110   17   F     0  = U11_8
                     310M        102    9        -1  = U18_2
 ! Time = 18579.69s, Memory usage = 124.7 MB
 !               Branches  Non-fixed    W       Branch decision
                     290M        142    3   F    -1  = V20_1
                     310M        152    2        -1  = V0_3
                     320M         80    1         0  = V8_7
                     310M        167   15   F     0  = V12_7
                     300M        108    8   F     0 != W8_0
                     300M        102   18         1 != V22_3
                     320M        185    6        -1 != U1_0
                     300M        109   20   F     1 != V13_0
                     320M        196    5         1 != V18_4
                     310M        213    7   F     0  = U15_2
                     300M        107   14        -1  = W20_5
                     300M        108   10         1  = V19_5
                     300M        107   12         1  = V13_2
                     320M        113    4   F    -1 != U12_1
                     320M        348   19   F     0  = U7_2
                     300M        106   16   F     1 != V3_2
                     320M        170   17   F     1  = W5_2
                     300M        129    3         0  = U12_4
                     320M         55   13         1 != W8_4
                     320M         75    2        -1 != W7_0
 ! Time = 19150.78s, Memory usage = 124.7 MB
 !               Branches  Non-fixed    W       Branch decision
                     320M        345   11   F     0 != V20_1
                     320M        108    9   F     1  = W18_0
                     330M         97    1         1 != U5_6
                     320M        134   15   F    -1 != U16_7
                     310M        105    8        -1  = V18_6
                     330M        192    6        -1  = W4_5
                     310M        105   18        -1 != V20_7
                     330M        157    5   F     0  = W6_2
                     320M        115    7         0  = U6_2
                     310M        108   20         1  = V20_5
                     310M        105   14         1 != U4_3
                     310M        106   10         0  = W7_6
                     310M        109   12         0 != W0_8
                     330M        389   19         1  = U16_0
                     330M        136   17        -1  = V16_0
                     330M        102    4         0 != V14_3
                     310M        107   16   F     0  = U22_1
                     330M        348   11   F     1 != W9_1
                     330M         26   13   F     0  = V16_7
                     310M        115    3   F    -1 != V21_6
 ! Time = 19751.12s, Memory usage = 124.7 MB
 !               Branches  Non-fixed    W       Branch decision
                     330M         97    9   F     1 != W9_5
                     340M         81    1   F    -1  = V9_8
                     330M        119    2   F     0  = U12_2
                     340M        140    5        -1 != W1_2
                     330M        152   15   F     1  = W11_0
                     320M        109    8        -1  = U3_4
                     340M        182    6   F     1 != U22_0
                     320M        104   18         1  = W19_0
                     330M        114    7   F    -1  = V9_1
                     320M        105   20   F    -1 != W3_5
                     320M        106   14         1 != U15_0
                     340M        129   17         1 != V19_4
                     320M        109   10         0 != W7_1
                     320M        103   12         1  = U9_8
                     340M        144    4        -1 != V16_6
                     320M        108   16   F    -1 != V11_1
                     340M        386   11   F    -1 != U17_8
                     340M         91   13         0 != V5_2
                     340M         90    9        -1  = W9_1
                     340M        224   19         0  = V4_1
 ! Time = 20407.74s, Memory usage = 124.7 MB
 !               Branches  Non-fixed    W       Branch decision
                     350M         61    1         1  = V21_0
                     320M        129    3         1  = U15_1
                     340M        133    2   F     1 != W5_7
                     340M        231   15   F     0 != V5_3
                     350M        191    6         0 != W11_5
                     350M        171    5   F    -1  = W8_3
                     330M        108    8   F     1  = W5_3
                     330M        106   18   F     1 != W10_0
                     340M        142    7   F    -1 != U18_7
                     330M        107   20            -
                     350M        113   17   F    -1 != W6_8
                     330M        107   14         0 != W12_4
                     350M         89    4         1 != U21_1
                     330M        106   10   F    -1  = U7_7
                     330M        106   12        -1  = W10_2
                     330M        103   16         0 != W16_1
                     350M         40   13        -1 != V2_7
                     350M        349   11        -1 != V7_3
                     350M        127    9         0 != U10_5
                     360M         84    1         0 != V14_8
 ! Time = 21081.92s, Memory usage = 124.7 MB
 !               Branches  Non-fixed    W       Branch decision
                     330M        174    3   F    -1  = U12_5
                     350M        313   19   F    -1 != U10_6
                     350M         86    2         0 != U18_5
                     360M        151    5         0  = W1_0
                     350M        257   15   F    -1  = V20_1
                     360M        203    6        -1 != U18_0
                     350M        209    7   F    -1 != U4_8
                     340M        108    8   F     1 != W12_7
                     340M        101   18         0 != V7_7
                     340M        104   20         0 != V17_7
                     360M        101    4   F    -1  = V5_1
                     340M        102   14        -1 != W1_6
                     360M        137   17   F    -1 != U20_6
                     340M        107   10   F     0  = U13_7
                     340M        106   12         1  = V17_1
                     360M        119   13         0  = W11_6
                     360M        362   11   F    -1  = U4_2
                     340M        108   16        -1 != V19_1
                     340M         97    3        -1 != W3_1
                     360M        119    9   F     0  = U19_1
 ! Time = 21658.35s, Memory usage = 124.7 MB
 !               Branches  Non-fixed    W       Branch decision
                     360M        348   19        -1 != V20_1
                     370M         81    1   F     1  = U22_5
                     360M        286   15        -1  = V5_3
                     370M        136    5         1  = U22_1
                     370M        149    6         1  = U4_1
                     360M        149    2        -1  = W9_6
                     360M        186    7   F    -1  = V20_1
                     350M        108    8         0  = V5_2
                     350M        103   18        -1  = W7_6
                     350M        105   20         1  = U12_2
                     350M        106   14        -1  = V19_3
                     370M         90   17         0  = W18_2
                     370M        103    4         0 != V13_1
                     370M        348   11         1 != W20_1
                     350M        104   10   F     0 != V16_5
                     350M        110   12   F     0  = W2_7
                     370M        348   19         1 != V2_8
                     370M        233   15   F     0 != V21_3
                     350M        102   16        -1 != U5_7
                     350M        150    3        -1  = W21_5
 ! Time = 22203.95s, Memory usage = 124.7 MB
 !               Branches  Non-fixed    W       Branch decision
                     370M         79    9   F    -1 != U9_2
                     380M        136    5   F     1  = U3_3
                     370M         71   13   F     0  = W12_6
                     380M         60    1         0  = V20_3
                     380M        194    6   F    -1 != W1_1
                     370M        120    2   F     0  = W11_7
                     370M         91    7        -1 != V8_4
                     360M        110    8        -1  = V13_2
                     360M        101   18        -1  = U8_4
                     380M        410   11   F    -1 != W20_2
                     360M        108   20   F     0 != W3_1
                     360M        108   14   F    -1  = V13_1
                     380M        102    4   F     0 != U0_7
                     380M         77    9   F     1  = W7_6
                     360M        107   10   F    -1  = W9_2
                     360M        108   12            -
                     390M        143    5         1  = W9_1
                     380M        137   15   F    -1  = W9_0
                     360M        108   16        -1 != V0_3
                     380M         32   13         0  = V3_7
 ! Time = 22849.88s, Memory usage = 124.7 MB
 !               Branches  Non-fixed    W       Branch decision
                     380M        153   17   F    -1  = W4_1
                     380M        387   19         0 != W10_0
                     360M        148    3   F     1 != U12_1
                     390M        193    6        -1  = V9_0
                     390M         76    1   F    -1 != V15_6
                     380M        138    2   F     1  = U8_0
                     370M        108    8        -1  = V22_6
                     370M        104   18         0 != U5_0
                     390M        381   11   F     1 != W7_0
                     380M        144    7   F     0 != W7_7
                     390M         96    4         0  = U11_4
                     390M         79    9        -1 != V14_5
                     370M        107   20        -1  = V11_2
                     370M        106   14         0  = V22_6
                     370M        107   10         1 != W1_0
                     370M        110   12         1 != W21_1
                     400M        138    5   F     1  = U20_3
                     390M        119   17         0 != W15_0
                     370M        107   16         0  = W11_7
                     400M        132    1         0  = V8_0
 ! Time = 23517.87s, Memory usage = 124.7 MB
 !               Branches  Non-fixed    W       Branch decision
                     390M        374   19         0  = W4_2
                     390M        149   15         1  = W8_8
                     400M        186    6        -1  = U15_2
                     370M        193    3   F     1 != W2_1
                     390M        132   13   F     0 != U12_3
                     390M         77    2   F    -1 != W20_4
                     380M        108    8            -
                     390M        153    7   F    -1 != U18_1
                     400M        373   11   F    -1 != V13_3
                     380M        103   18         1 != U18_1
                     400M         77    9   F    -1  = W22_6
                     400M         99    4         0 != U8_1
                     380M        109   20         0  = V18_4
                     380M        106   14         1  = U20_5
                     400M         82   17   F     1  = W3_2
                     400M        342   19         0  = W1_2
                     400M        192   15         1 != U1_7
                     410M        135    5   F     0  = W13_4
                     380M        196    3         0  = V19_1
                     380M        107   10         0 != U20_7
 ! Time = 24072.72s, Memory usage = 124.7 MB
 !               Branches  Non-fixed    W       Branch decision
                     380M        109   12   F    -1 != V11_1
                     410M        189    6   F     0  = W16_1
                     380M        107   16         0 != W18_6
                     410M         84    1         0  = V1_6
                     400M        139   13         1  = W18_8
                     400M        130    2   F     1  = U10_2
                     410M        366   11   F    -1 != U19_7
                     400M        195    7         0 != V19_1
                     410M         59    9         1 != U3_8
                     390M        109    8         1 != W3_6
                     390M        103   18        -1 != V9_4
                     390M        256    3   F     0  = W3_1
                     410M        182   15        -1  = V19_1
                     420M        163    5         0  = V20_6
                     410M         83   17        -1 != U12_1
                     390M        108   20         0 != U16_3
                     390M        105   14   F    -1 != V8_1
                     410M        384   19   F    -1  = U11_2
                     420M        188    6   F     1  = W16_2
                     410M        103    4         0  = W8_0
 ! Time = 24632.54s, Memory usage = 124.7 MB
 !               Branches  Non-fixed    W       Branch decision
                     390M        108   10         0 != W13_8
                     390M        104   12         1  = U11_1
                     420M         62    1   F     0 != U7_5
                     390M        107   16         1  = W17_1
                     410M        106    2   F     1 != V21_6
                     410M         91   13   F    -1  = V8_6
                     420M        348   11   F    -1 != V19_1
                     410M        242    7         0 != U2_1
                     420M         57    9   F     1 != W15_0
                     420M        321   15         0  = U22_5
                     400M        187    3   F    -1  = W2_1
                     400M        102    8         1  = W1_1
                     400M        105   18        -1  = W10_1
                     420M        348   19   F     0  = U7_2
                     430M        132    5         0  = U14_1
                     420M        119   17   F     1  = W3_2
                     400M        108   20        -1  = W9_7
                     400M        103   14         1  = W0_1
                     430M        201    6   F    -1  = V7_4
                     420M        101    4         0  = V14_2
 ! Time = 25200.85s, Memory usage = 124.7 MB
 !               Branches  Non-fixed    W       Branch decision
                     430M        129    1   F     1 != W6_3
                     400M        106   10         1 != U18_7
                     400M        109   12   F    -1 != U6_4
                     400M        106   16   F    -1 != V12_4
                     420M         65   13         1  = W18_3
                     420M        128    2         1 != V8_3
                     420M        222    7         0 != U3_1
                     430M         56    9   F    -1  = V1_6
                     410M        164    3        -1 != W10_1
                     430M        301   15   F     0  = U3_2
                     430M        327   11   F    -1  = V16_4
                     430M        375   19   F     1  = V10_8
                     410M        106    8   F    -1 != V20_8
                     410M        102   18   F     1  = U21_1
                     440M        171    5         1 != W7_3
                     430M         98   17   F    -1  = V3_1
                     440M        128    1   F     0  = V7_8
                     410M        106   20        -1  = W14_5
                     410M        105   14   F     0 != W17_0
                     440M        204    6         0  = V13_5
 ! Time = 25788.21s, Memory usage = 124.7 MB
 !               Branches  Non-fixed    W       Branch decision
                     430M        117    4        -1 != V21_1
                     410M        109   10         0  = V18_4
                     410M        104   12        -1  = U14_5
                     410M        110   16   F     0 != V7_1
                     430M         98    2   F     1  = U6_8
                     430M         62   13         0  = W21_1
                     440M         53    9         0  = W18_7
                     440M        152   15   F    -1 != U13_3
                     440M        265   19         1  = W2_3
                     420M        157    3         1 != V19_6
                     430M        149    7         1  = V20_7
                     450M        122    5   F     0 != U11_7
                     420M        109    8        -1  = W10_5
                     420M        106   18         0 != V13_5
                     440M        376   11         0  = U21_2
                     450M        115    1   F    -1  = U20_5
                     440M        108    4         1 != W11_4
                     420M        106   20   F    -1  = U3_2
                     440M         93   17         1 != U20_6
                     420M        106   14        -1  = V14_1
 ! Time = 26447.96s, Memory usage = 124.7 MB
 !               Branches  Non-fixed    W       Branch decision
                     450M        205    6         0 != U6_2
                     420M        109   10         1  = U5_2
                     420M        109   12   F     1  = V6_4
                     420M        101   16   F     0  = U19_6
                     440M         30   13        -1 != V15_0
                     440M        109    2         0 != V2_1
                     450M         58    9        -1  = V12_5
                     450M        324   19   F     1 != U15_4
                     450M        151   15   F    -1 != V22_4
                     460M        156    5   F    -1 != U3_3
                     440M        159    7   F     0  = W2_7
                     430M        106   18   F     0 != V15_7
                     430M        108    8         1  = V16_3
                     460M         92    1   F     0  = V16_6
                     450M        143    4         0  = W1_0
                     430M        107   20   F        -
                     460M        209    6   F     0  = U19_6
                     450M        100   17   F    -1 != U13_2
                     430M        108   14   F    -1  = W1_8
                     430M        159    3        -1  = U1_2
 ! Time = 27087.26s, Memory usage = 124.7 MB
 !               Branches  Non-fixed    W       Branch decision
                     450M        292   11         0 != U14_2
                     430M        109   10   F    -1 != V18_6
                     430M        110   12   F    -1  = V11_0
                     430M        110   16         0  = V1_2
                     450M         91   13   F     1  = V20_6
                     450M        130    2   F     0  = U14_2
                     460M         54    9   F    -1 != W19_2
                     460M        194   15   F     0 != V2_8
                     470M        140    5         0 != W20_7
                     460M        312   19        -1 != U7_6
                     470M         61    1         0  = U14_6
                     450M        176    7        -1 != U22_8
                     440M        100   18   F    -1  = U7_1
                     440M        110    8         0  = V16_7
                     470M        191    6         0  = W21_2
                     460M        100    4         1  = U22_0
                     440M        106   20         0 != V18_7
                     440M        107   14   F    -1  = W0_6
                     460M         79   17   F    -1 != V2_7
                     460M        311   11   F     1 != U21_4
 ! Time = 27767.49s, Memory usage = 124.7 MB
 !               Branches  Non-fixed    W       Branch decision
                     440M        201    3         1 != W0_1
                     460M         33   13   F     0  = U22_4
                     440M        106   10   F     1  = W7_5
                     440M        105   12   F     0  = U20_6
                     440M        106   16   F     0  = U10_8
                     470M         50    9        -1  = U0_8
                     460M         73    2        -1  = U19_2
                     470M        231   15        -1 != V20_1
                     480M        159    5   F     1 != W20_4
                     480M         59    1        -1 != W8_8
                     460M        251    7   F    -1 != U9_1
                     450M        102   18         1 != V13_7
                     450M        110    8        -1  = U11_6
                     470M        359   19   F    -1  = W1_7
                     480M        157    6   F    -1  = W9_1
                     470M        173    4   F     0  = W18_8
                     470M         89   17   F    -1  = U12_6
                     450M        108   20            -
                     450M        108   14        -1  = W22_0
                     450M        206    3         0 != V18_1
 ! Time = 28298.09s, Memory usage = 124.7 MB
 !               Branches  Non-fixed    W       Branch decision
                     470M        101   13   F     0  = V19_8
                     470M        330   11   F    -1  = V5_6
                     470M        141    2         0 != U5_4
                     450M        106   10         0  = U1_5
                     450M        104   16        -1  = U22_2
                     450M        110   12         0 != W6_6
                     480M        313   15         0  = U6_5
                     480M         55    9         0  = V0_0
                     490M        204    5   F     0  = U9_2
                     490M         75    1         0  = U2_8
                     470M        154    7        -1 != U18_5
                     490M        187    6         0 != V1_7
                     460M        108   18   F    -1  = U18_3
                     480M        170    4   F    -1  = U11_1
                     460M        104    8   F     0 != V13_1
                     460M        204    3         0 != W19_1
                     480M         87   17         0  = W16_1
                     460M        108   20        -1  = U19_0
                     480M        348   19        -1 != V19_1
                     460M        104   14         0  = W10_1
 ! Time = 28917.27s, Memory usage = 124.7 MB
 !               Branches  Non-fixed    W       Branch decision
                     480M        141   13   F     0  = V20_2
                     480M        348   11   F    -1 != V20_1
                     490M        301   15   F     0  = U18_5
                     480M         85    2   F     0  = U5_5
                     490M         58    9         0  = V22_5
                     460M        111   10         0 != W5_0
                     460M        107   16        -1  = W3_4
                     460M        110   12   F     1 != W16_1
                     500M        181    5        -1 != U18_0
                     500M         69    1   F    -1  = W12_3
                     480M        152    7   F     1  = W2_5
                     470M        134    3   F    -1 != W7_1
                     490M         99    4   F     1 != U17_1
                     500M        190    6         1 != V10_8
                     470M        104   18        -1 != U15_4
                     470M        109    8         0 != V4_1
                     490M         82   17         0  = V12_5
                     490M        348   11         0  = W11_2
                     490M         25   13         0 != W17_0
                     490M        348   19   F     0  = W19_0
 ! Time = 29495.36s, Memory usage = 124.7 MB
 !               Branches  Non-fixed    W       Branch decision
                     490M        142    2         0 != V21_1
                     470M        109   20   F     1  = U3_2
                     470M        106   14   F     0  = V5_3
                     500M         55    9   F     0  = U3_6
                     500M        194   15        -1 != V13_0
                     510M         65    1   F    -1  = W9_6
                     510M        176    5         0  = W21_1
                     470M        108   10        -1 != W22_1
                     470M        108   16        -1  = U6_8
                     470M        107   12        -1  = V12_8
                     490M        158    7   F     0  = W1_7
                     500M        102    4         0  = V6_6
                     480M        130    3        -1 != W1_7
                     500M        389   11         1  = U6_8
                     480M        105   18   F    -1  = U6_2
                     510M        195    6        -1 != U1_0
                     500M        353   19        -1 != W4_7
                     500M         85   17         1  = W22_2
                     480M        109    8         0  = U0_2
                     500M        138    2         0 != U14_8
 ! Time = 30041.44s, Memory usage = 124.7 MB
 !               Branches  Non-fixed    W       Branch decision
                     510M         54    9         0  = V6_7
                     500M        128   13   F     1 != U13_5
                     480M        105   20        -1  = U19_2
                     480M        107   14   F     0  = V20_3
                     520M         57    1         1  = W0_8
                     510M        143   15        -1  = U22_1
                     520M        132    5         0 != U9_3
                     480M        106   10   F    -1  = W15_0
                     480M        103   16         1  = V20_2
                     480M        107   12   F    -1 != W22_4
                     500M        221    7         0 != W2_6
                     510M        157    4         0  = V20_6
                     520M        178    6   F     0  = U16_5
                     510M        383   19   F     0 != U19_2
                     510M        131    2   F     1 != W14_1
                     510M         81   17         0  = W11_2
                     510M        241   11        -1 != U12_0
                     490M        105   18   F     1  = V11_1
                     490M        109    8   F     0 != W13_0
                     490M        154    3   F     1  = W4_5
 ! Time = 30773.55s, Memory usage = 124.7 MB
 !               Branches  Non-fixed    W       Branch decision
                     520M         59    9   F     1  = U7_1
                     490M        107   20        -1 != W3_3
                     490M        107   14        -1  = V16_2
                     510M         21   13         0 != W7_5
                     530M         59    1         0 != W20_4
                     510M        280    7   F    -1  = V20_1
                     530M        142    5         0 != V18_5
                     490M        105   10         0  = U16_0
                     490M        105   16   F    -1 != W18_4
                     490M        111   12   F    -1 != W7_7
                     520M         98    4         1  = V6_2
                     520M         79   17        -1  = U8_6
                     530M        179    6   F    -1  = U21_2
                     520M        356   19   F     1 != U19_0
                     520M        103    2   F    -1  = W7_4
                     500M        107   18        -1  = U21_5
                     520M        292   11   F    -1 != V20_7
                     500M        107    8   F     1  = V13_1
                     520M        127   15   F     1 != U15_4
                     540M         59    1         1  = W19_6
 ! Time = 31409.26s, Memory usage = 124.7 MB
 !               Branches  Non-fixed    W       Branch decision
                     520M        169    7        -1 != V19_0
                     500M        104   20         0  = V15_8
                     500M        151    3   F     0  = V9_4
                     500M        104   14   F     0  = V6_3
                     530M         55    9         0  = W15_0
                     520M         34   13         1  = W8_7
                     540M        153    5        -1  = V7_0
                     500M        111   10        -1 != U19_2
                     500M        105   16   F    -1  = V11_2
                     500M        108   12   F     0 != U3_4
                     530M        102    4        -1 != W15_3
                     540M        192    6   F     1 != W5_5
                     530M         77   17   F    -1  = U8_8
                     530M        321   19   F     1  = U15_4
                     530M        133    2         0  = W18_6
                     530M        311   11   F    -1  = V11_6
                     510M        106   18         0 != V17_4
                     510M        108    8   F     1  = U1_1
                     530M        146    7        -1 != U21_1
                     510M        214    3   F     1 != V0_6
 ! Time = 31996.71s, Memory usage = 124.7 MB
 !               Branches  Non-fixed    W       Branch decision
                     550M         57    1         0 != W12_7
                     530M        198   15   F     1  = V11_8
                     530M         32   13   F     0  = W10_5
                     510M        109   20   F     1 != W2_6
                     510M        107   14         0  = W2_2
                     540M         51    9         1 != W20_0
                     550M        150    5         0 != W6_0
                     510M        108   10   F    -1 != W0_1
                     510M        103   16   F     1 != V3_5
                     540M        121    4   F     0  = V17_7
                     510M        109   12        -1  = V20_0
                     550M        195    6   F    -1 != V9_7
                     540M        343   19         0 != V22_8
                     540M         66   17        -1  = U1_0
                     540M        129    7        -1 != V13_0
                     540M        149    2   F     0 != U19_7
                     520M        103   18        -1  = V7_4
                     540M        348   11        -1  = V18_1
                     520M        109    8   F        -
                     520M        215    3         0  = V17_1
 ! Time = 32515.20s, Memory usage = 124.7 MB
 !               Branches  Non-fixed    W       Branch decision
                     540M         31   13   F    -1  = W10_8
                     560M         58    1   F    -1  = U1_2
                     540M        173   15   F    -1  = U20_4
                     560M        140    5   F     1  = V9_3
                     520M        102   20   F    -1 != V11_1
                     520M        102   14   F    -1  = V15_3
                     550M         55    9         0  = W0_0
                     550M        102    4   F     1  = U13_1
                     520M        105   10   F     1  = U0_0
                     520M        106   16         0 != U10_7
                     520M        109   12         0 != V7_1
                     560M        179    6         0  = W20_1
                     550M         97   17   F    -1 != U7_6
                     550M         83    2         0 != U21_6
                     550M        335   11        -1  = W15_1
                     530M        102    3        -1 != W4_1
                     550M        131    7        -1 != W21_1
                     550M        137   13   F     0  = W16_3
                     530M        106   18         0 != V17_0
                     530M        108    8         1 != W18_3
 ! Time = 33109.49s, Memory usage = 124.7 MB
 !               Branches  Non-fixed    W       Branch decision
                     550M        267   15   F     0  = V5_8
                     550M        348   19   F     0 != V18_1
                     570M        201    5        -1 != V5_6
                     570M         74    1        -1  = U2_5
                     530M        108   20         1  = V11_6
                     530M        102   14   F    -1 != V18_3
                     560M         74    9         1 != U12_8
                     570M        177    6        -1 != U13_1
                     530M        107   10        -1 != V0_5
                     530M        107   16        -1 != U4_5
                     530M        105   12         1  = V15_2
                     560M        121   17   F    -1 != U15_5
                     560M        121    4        -1  = W20_0
                     560M        378   11   F    -1  = W5_2
                     540M        183    3        -1  = U21_8
                     560M        141    2   F    -1  = W6_4
                     560M         34   13         0  = W4_3
                     560M        348   19        -1  = U19_0
                     560M        258   15   F    -1 != W4_8
                     540M        103   18        -1  = V2_7
 ! Time = 33683.42s, Memory usage = 124.7 MB
 !               Branches  Non-fixed    W       Branch decision
                     580M        164    5   F     1  = W10_2
                     540M        110    8         1 != V10_5
                     560M        148    7   F     1 != U1_4
                     580M         69    1   F     1 != V10_8
                     540M        109   20   F    -1  = V10_7
                     540M        108   14   F    -1  = W12_6
                     570M         67    9   F     0 != V18_0
                     580M        189    6        -1 != V10_8
                     540M        106   10        -1 != U11_7
                     570M        418   11   F     1  = W19_2
                     540M        104   16   F    -1  = V18_0
                     550M        144    3         0  = W10_1
                     540M        107   12   F     1  = V6_6
                     570M         70   17   F     1 != U18_7
                     570M        101    4   F     1  = U0_1
                     570M        187   15   F     0 != W11_8
                     570M         27   13         0  = U16_6
                     570M        107    2   F     0 != V10_7
                     590M        153    5   F    -1  = V4_4
                     570M        364   19        -1  = U4_2
 ! Time = 34282.33s, Memory usage = 124.7 MB
 !               Branches  Non-fixed    W       Branch decision
                     550M        103   18        -1 != V10_2
                     550M        107    8   F    -1 != U11_1
                     570M        156    7   F     0 != U8_7
                     590M         57    1        -1  = W6_6
                     580M         51    9         1 != U12_6
                     550M        108   20        -1  = V5_2
                     550M        107   14        -1  = W19_6
                     580M        340   11   F     0 != U21_2
                     590M        181    6   F     0  = V18_5
                     550M        106   10   F     1  = U6_7
                     550M        105   16        -1  = W11_6
                     580M        173   15   F     0 != W20_8
                     560M        140    3        -1  = W5_2
                     580M         68   17   F    -1  = U15_4
                     550M        108   12         1  = V4_7
                     580M        115    4         0  = U12_8
                     580M        395   19   F     1  = W1_7
                     580M        102   13   F     1  = V22_4
                     580M        205    7   F     1 != V19_8
                     580M        132    2        -1 != V12_6
 ! Time = 34889.99s, Memory usage = 124.7 MB
 !               Branches  Non-fixed    W       Branch decision
                     560M        105   18        -1  = V16_1
                     560M        109    8        -1 != U8_7
                     600M        180    5         0  = U1_1
                     590M         79    9   F    -1  = V4_3
                     600M        196    6         1  = U3_2
                     560M        110   20   F    -1 != U5_2
                     560M        103   14   F    -1  = U20_4
                     600M         63    1   F    -1  = W17_0
                     590M        346   11   F     1  = U3_0
                     590M         77   17         1  = V2_8
                     560M        107   10   F     1 != V2_5
                     560M        100   16         0 != U9_7
                     560M        105   12        -1  = W13_2
                     590M        159   15   F     1  = W16_8
                     590M        116    4   F    -1  = V21_5
                     590M        150    2        -1 != V20_6
                     590M        150    7   F     0  = V20_1
                     570M        107   18        -1  = U8_1
                     590M         31   13         1 != V12_1
                     570M        162    3         1  = V13_4
 ! Time = 35543.14s, Memory usage = 124.7 MB
 !               Branches  Non-fixed    W       Branch decision
                     590M        320   19         1  = W6_2
                     570M        108    8        -1 != W2_5
                     600M         49    9   F    -1  = W21_0
                     610M        113    5         0 != U5_2
                     610M        204    6         0  = U5_0
                     610M         69    1   F    -1 != W11_3
                     570M        104   20   F     1  = W18_5
                     570M        105   14   F     0  = V5_1
                     600M        132   17   F     1  = U6_5
                     570M        107   10        -1  = U1_5
                     570M        110   16        -1  = W8_3
                     600M        104    4        -1 != W19_2
                     570M        107   12         1 != U20_1
                     600M        153   15   F    -1  = V22_3
                     600M         94    7   F    -1 != V9_2
                     600M        355   11   F    -1 != U10_8
                     600M        136    2   F     0  = V8_1
                     600M         29   13   F    -1 != V5_0
                     580M        105   18         0  = V4_0
                     610M         51    9   F     0  = U2_6
 ! Time = 36159.74s, Memory usage = 124.7 MB
 !               Branches  Non-fixed    W       Branch decision
                     620M        130    5         0 != U15_3
                     580M        106    8        -1  = U17_5
                     600M        349   19   F     1  = U5_0
                     620M         61    1   F     0  = U16_8
                     620M        190    6         1 != W0_7
                     580M        152    3         1 != U17_8
                     580M        108   20   F    -1  = W10_5
                     580M        106   14         0  = W6_1
                     610M         88   17         0  = W8_1
                     610M         99    4        -1 != W18_3
                     580M        105   10   F     0 != V7_1
                     580M        106   16   F    -1  = V18_2
                     610M        201   15   F     0  = U4_5
                     610M        174    2   F    -1 != V18_6
                     610M        172    7   F    -1 != U13_3
                     580M        108   12   F     0  = V16_3
                     610M         59   13        -1  = W9_2
                     610M        333   11   F     0 != V19_1
                     630M         57    1   F     0  = W6_7
                     590M        105   18            -
 ! Time = 36748.26s, Memory usage = 124.7 MB
 !               Branches  Non-fixed    W       Branch decision
                     630M        165    5        -1  = V8_0
                     590M        106    8        -1  = U7_7
                     610M        365   19         0 != W11_3
                     620M         56    9         1 != U11_6
                     630M        203    6         0 != W7_1
                     590M        106   20        -1  = V6_0
                     620M        104    4         0 != W4_6
                     590M        215    3   F    -1  = U1_8
                     590M        109   14         1 != W14_1
                     620M        211   15         0 != U21_2
                     620M        130   17         0 != V19_2
                     590M        106   10        -1  = V3_1
                     620M         73    2         0  = W21_3
                     590M        106   16         1  = V9_0
                     620M        122    7   F    -1  = V8_3
                     590M        108   12        -1 != V20_6
                     620M        348   11   F    -1  = U4_0
                     640M        143    5   F     1  = W0_1
                     620M         76   13         1  = W4_5
                     600M        105   18         0 != V20_3
 ! Time = 37347.05s, Memory usage = 124.7 MB
 !               Branches  Non-fixed    W       Branch decision
                     620M        380   19   F     0  = W6_3
                     640M         56    1         0 != U14_6
                     600M        102    8   F    -1  = V0_5
                     630M         83    9         1 != V10_4
                     600M        206    3         0 != V15_6
                     640M        195    6   F     1  = U9_7
                     630M        287   15   F    -1 != V20_1
                     600M        109   20   F     1  = W17_7
                     630M         98    4        -1 != W18_1
                     600M        103   14   F    -1 != V17_5
                     630M         82   17        -1 != W5_7
                     630M        114    2         0  = U7_4
                     600M        102   10   F    -1  = W12_1
                     600M        106   16   F     1 != U11_8
                     600M        109   12         1  = U3_4
                     630M        372   11         1 != U7_0
                     650M        140    5   F     0  = U20_1
                     630M        150    7         1 != U1_6
                     630M        348   19        -1  = V17_1
                     630M        121   13   F    -1 != U21_3
 ! Time = 37865.36s, Memory usage = 124.7 MB
 !               Branches  Non-fixed    W       Branch decision
                     650M         91    1        -1  = V7_6
                     640M         57    9         0  = V9_7
                     610M        104   18   F    -1 != W18_2
                     610M        209    3   F    -1  = V15_4
                     640M        297   15   F     0 != U22_5
                     650M        198    6   F     1  = W15_4
                     610M        107    8        -1  = W7_1
                     640M        127    4         1 != W22_7
                     640M        102   17         0 != W6_2
                     610M        106   20         1 != W19_8
                     640M         94    2         0 != W8_1
                     610M        102   14   F    -1  = V13_1
                     640M        224   11   F     0 != V2_7
                     610M        107   10   F     1  = V7_0
                     610M        107   16   F    -1 != V1_2
                     610M        100   12         1  = W19_6
                     660M        152    5   F     0 != W1_2
                     640M         38   13         1  = W11_6
                     660M         60    1         1 != V0_6
                     640M        348   19         0 != U6_6
 ! Time = 38469.75s, Memory usage = 124.7 MB
 !               Branches  Non-fixed    W       Branch decision
                     650M         52    9   F     0 != W22_6
                     620M        145    3   F    -1  = W0_0
                     660M        189    6   F     0 != V1_4
                     650M        150   15   F    -1  = V1_6
                     620M        107   18   F     0  = U18_6
                     640M        146    7   F     1 != W0_3
                     620M        110    8   F    -1  = V12_3
                     650M        132    4        -1 != W10_4
                     650M        117   17   F     0 != W17_8
                     650M        135    2   F     0  = W2_4
                     620M        102   20   F    -1 != V16_1
                     620M        104   14   F     0 != W17_1
                     650M        334   11         1  = U21_2
                     670M        164    5         0 != U4_1
                     620M        102   10   F     1 != U3_4
                     620M        104   16         0 != U9_6
                     670M         56    1         1  = U20_8
                     620M        106   12         1  = W15_7
                     650M         68   13        -1 != W20_0
                     660M         92    9         0  = U17_7
 ! Time = 39034.89s, Memory usage = 124.7 MB
 !               Branches  Non-fixed    W       Branch decision
                     630M        221    3         0  = W17_0
                     650M        378   19         1  = W20_7
                     670M        205    6         1 != U17_0
                     650M        215    7         0  = U0_7
                     630M        103   18        -1  = W11_6
                     660M        102    4   F     0 != W19_3
                     630M        106    8   F    -1  = W22_3
                     660M        143   15         1  = V19_1
                     660M         77    2         0 != V5_7
                     660M         68   17         0 != W6_1
                     630M        107   20   F     1  = W9_3
                     630M        106   14        -1  = U9_0
                     680M        152    5        -1  = V3_1
                     680M        102    1   F     1  = U7_8
                     630M        106   16   F    -1  = W2_1
                     630M        108   10        -1 != U17_2
                     640M        131    3        -1 != W15_1
                     660M        102   13   F    -1 != W1_1
                     630M        111   12   F     1 != W19_5
                     660M        315   11   F    -1  = U5_2
 ! Time = 39620.54s, Memory usage = 124.7 MB
 !               Branches  Non-fixed    W       Branch decision
                     680M        178    6         1  = V22_6
                     660M        380   19   F     1 != W2_7
                     670M        132    9         0  = U2_0
                     660M        186    7   F     1  = W7_3
                     670M        102    4   F     0 != V19_3
                     640M        108   18         0  = U14_2
                     670M        107    2   F     0  = U15_2
                     640M        111    8        -1 != W19_3
                     670M        153   15   F     1  = V3_2
                     640M        109   20   F     0 != V16_0
                     640M        106   14   F    -1 != W0_6
                     670M        141   17   F    -1  = V11_2
                     690M         57    1         0 != U11_8
                     650M        114    3         0  = W0_1
                     690M        135    5   F    -1  = V14_0
                     690M        192    6   F    -1 != V17_1
                     640M        109   16   F     1  = U6_1
                     640M        109   10         1 != U15_7
                     670M        124   13   F    -1 != U2_1
                     670M        327   11         0  = V5_0
 ! Time = 40156.85s, Memory usage = 124.7 MB
 !               Branches  Non-fixed    W       Branch decision
                     640M        108   12   F    -1  = U1_4
                     670M        171    7   F     1  = W7_3
                     680M         67    9         0  = V12_3
                     650M        104   18        -1  = U7_4
                     650M        107    8   F     0  = W12_0
                     680M         89    2   F    -1 != V11_3
                     680M        128    4   F     1  = U12_1
                     670M        381   19   F    -1 != W1_7
                     680M        177   15   F     1 != U21_2
                     680M        116   17         1  = W1_2
                     650M        108   20   F     0  = V1_7
                     700M         56    1         1 != W8_3
                     650M        106   14   F     1 != U9_7
                     660M        136    3        -1 != V21_7
                     700M        192    6   F     1  = W6_8
                     680M        220    7   F    -1 != V20_1
                     680M        345   11   F     1 != W5_1
                     700M        156    5         0  = W1_4
                     680M        141   13        -1  = V15_6
                     650M        104   16         1  = W21_2
 ! Time = 40751.34s, Memory usage = 124.7 MB
 !               Branches  Non-fixed    W       Branch decision
                     650M        108   10         1 != U6_7
                     650M        106   12         1  = W3_1
                     690M        267    9        -1  = V11_3
                     660M        106   18        -1 != W16_1
                     690M        101    4         0 != U16_1
                     690M        226   15        -1 != W2_3
                     660M        106    8        -1 != U3_0
                     690M         89    2   F     0  = U11_6
                     710M         62    1   F     1  = U16_5
                     680M        370   19         0 != W3_3
                     690M        208    7         0 != W19_3
                     660M        106   20         1 != U6_5
                     710M        173    5        -1 != U17_3
                     660M        104   14        -1  = W1_7
                     690M         85   17   F     1  = U17_8
                     710M        193    6        -1 != U17_2
                     690M        341   11         0 != W2_1
                     660M        109   16   F     0  = W2_0
                     660M        105   10        -1 != W12_8
                     690M        121   13         1 != V7_8
 ! Time = 41374.49s, Memory usage = 124.7 MB
 !               Branches  Non-fixed    W       Branch decision
                     700M        158    9   F     0  = W18_0
                     660M        108   12   F    -1  = V20_7
                     670M        128    3         1 != V8_4
                     700M        198   15        -1  = V18_1
                     700M        108    4         0  = U18_1
                     670M        103   18        -1 != V12_3
                     700M         91    2   F    -1  = V21_3
                     670M        109    8   F    -1  = W4_0
                     720M         56    1         1 != V8_6
                     690M        366   19         1  = W7_0
                     700M        258    7   F    -1  = V12_8
                     720M        160    5   F     0 != U1_2
                     720M        182    6         0 != W7_4
                     670M        108   20         0 != W16_7
                     670M        107   14        -1  = V20_3
                     700M         83   17   F     0 != V5_3
                     700M        324   11        -1  = W15_0
                     710M         50    9        -1  = U4_1
                     670M        105   16         1  = W20_7
                     700M         98   13         0  = W1_0
 ! Time = 41963.54s, Memory usage = 124.7 MB
 !               Branches  Non-fixed    W       Branch decision
                     670M        109   10        -1  = V19_4
                     670M        104   12   F    -1  = V8_5
                     680M        205    3   F     1  = W15_0
                     710M        171   15         1  = W0_3
                     710M        112    4   F     1  = V12_7
                     710M        113    2   F     0  = W4_4
                     710M        141    7   F    -1  = V14_8
                     680M        106   18         0  = W17_0
                     730M         56    1   F    -1  = W2_4
                     700M        376   19   F     0  = V15_0
                     680M        106    8         1 != U19_4
                     730M        133    5         0  = W4_1
                     710M        102   17         0 != V10_4
                     710M        348   11        -1 != V18_1
                     730M        165    6         1  = U18_6
                     680M        108   20        -1  = U10_1
                     720M         53    9   F     0  = U12_0
                     680M        103   14         1  = W20_7
                     710M        132   13         0 != U9_3
                     680M        106   16         1  = W11_4
 ! Time = 42550.27s, Memory usage = 124.7 MB
 !               Branches  Non-fixed    W       Branch decision
                     680M        103   10   F    -1 != W2_0
                     690M        216    3        -1 != V10_6
                     720M        150   15   F    -1  = U4_5
                     680M        108   12         0 != V4_2
                     720M        101    4        -1  = V10_2
                     720M        156    2   F     1  = U13_4
                     720M        106    7        -1 != V18_8
                     740M        168    1         0 != V16_0
                     710M        348   19   F     0  = V20_1
                     690M        106   18        -1  = W3_4
                     690M        108    8        -1 != W11_7
                     720M        348   11        -1  = V3_6
                     720M        123   17   F    -1 != W17_1
submitit WARNING (2023-05-05 10:48:16,254) - Bypassing signal SIGCONT
submitit WARNING (2023-05-05 10:48:16,260) - Bypassing signal SIGTERM
                     730M        112    9   F     1  = U13_5
                     740M        200    6         1 != V7_4
                     740M        138    5        -1  = U3_1
                     690M        108   20   F     1  = U8_5
