submitit INFO (2023-05-04 22:52:07,682) - Starting with JobEnvironment(job_id=27817, hostname=cpunode3, local_rank=0(5), node=0(1), global_rank=0(5))
submitit INFO (2023-05-04 22:52:07,683) - Loading pickle: /h/30/pashootan/Matrix-Mult-CP/src/../logs/5/3x3x3_23_May04_22:52:05/27817_submitted.pkl
Running with: Namespace(N=3, M=3, P=3, R=23, valid_ineq=False, symmetry=False, min_add=False, cyclic_invar=False, inex_bounds=(0, 0), output_dir='../logs/5/3x3x3_23_May04_22:52:05', n_seeds=5, n_workers=20, timeout=2880, solver='cpo', cpo_LogPeriod=10000000, cpo_RandomSeed=4, inexact_ineq=False)
Running solver with: {'LogPeriod': 10000000, 'RandomSeed': 4, 'Workers': 20, 'TimeLimit': 172800}
 ! --------------------------------------------------- CP Optimizer 22.1.1.0 --
 ! Satisfiability problem - 621 variables, 729 constraints
 ! TimeLimit            = 172800
 ! Workers              = 20
 ! LogPeriod            = 10000000
 ! RandomSeed           = 1423
 ! Initial process time : 0.08s (0.08s extraction + 0.00s propagation)
 !  . Log search space  : 984.3 (before), 984.3 (after)
 !  . Memory usage      : 5.2 MB (before), 5.2 MB (after)
 ! Using parallel search with 20 workers.
 ! ----------------------------------------------------------------------------
 !               Branches  Non-fixed    W       Branch decision
                   10000k        101    4         1 != V22_5
                   10000k         82    9         1  = U7_4
                   10000k        103   13   F     1  = V10_1
                   10000k        104    5   F     1 != W12_4
                   10000k        101    6   F    -1  = V5_5
                   10000k        121   17         0  = W7_5
                   10000k        108    1        -1  = U6_1
                   10000k        173   11   F     1  = W8_3
                   10000k        117    2   F    -1 != U21_2
                   10000k        120   19        -1 != U11_0
                   10000k         96   15   F    -1 != W12_7
                   10000k        106   14        -1  = V22_7
                   10000k        109    3         0 != U13_4
                   10000k        108   10   F     0  = V3_6
                   10000k        105    8        -1  = V15_6
                   10000k         99   20         0 != V19_5
                   10000k        108   18            -
                   10000k         76    7        -1  = W10_2
                   10000k        106   12        -1  = W3_4
                   10000k        104   16   F     0 != W22_8
 ! Time = 648.97s, Memory usage = 124.7 MB
 !               Branches  Non-fixed    W       Branch decision
                   20000k         80    9        -1  = W8_7
                   20000k        115    4   F    -1  = W8_2
                   20000k        120    2         1  = W11_8
                   20000k         92    5   F    -1  = V2_8
                   20000k        117   17         1 != V12_5
                   20000k        105   13   F     0  = U16_0
                   20000k        318   11         1 != V18_0
                   20000k         89    6         0  = W4_6
                   20000k        112    1        -1 != U9_3
                   20000k        204   19         0  = V18_1
                   20000k        160    3   F    -1 != W4_8
                   20000k        110    8         1 != V21_1
                   20000k        110   10   F     1  = W8_2
                   20000k        108   20   F    -1  = U2_0
                   20000k        108   14   F     0 != V16_1
                   20000k        106    7         0 != W7_1
                   20000k        149   15        -1 != V1_5
                   20000k        109   16        -1 != W3_5
                   20000k        106   18   F     1  = U12_0
                   20000k        109   12   F    -1 != U19_0
 ! Time = 1273.27s, Memory usage = 124.7 MB
 !               Branches  Non-fixed    W       Branch decision
                   30000k        135   17         0 != U13_3
                   30000k        110    4        -1 != U14_2
                   30000k        111    1   F     0  = W15_3
                   30000k        107   13   F     0  = U18_3
                   30000k         87    9   F    -1 != U21_4
                   30000k         97    2   F    -1  = V1_7
                   30000k        333   11        -1 != V1_8
                   30000k        127    6   F     0 != W10_2
                   30000k         84    5   F     0 != V14_1
                   30000k        310   19        -1  = V15_1
                   30000k         77    7        -1  = U20_4
                   30000k        125    3   F    -1 != U3_3
                   30000k        108   10   F    -1  = W13_6
                   30000k        110    8   F     1  = W21_3
                   30000k        109   20         1 != V8_2
                   30000k        108   14        -1 != W22_7
                   30000k        106   18         1  = U1_4
                   30000k        107   15   F    -1 != V17_1
                   30000k        110   16   F        -
                   30000k        106   12        -1  = V20_4
 ! Time = 1889.88s, Memory usage = 124.7 MB
 !               Branches  Non-fixed    W       Branch decision
                   40000k        122   17   F    -1  = W5_3
                   40000k        107    1        -1  = W14_8
                   40000k         85    9   F     0 != V5_5
                   40000k         93    5        -1  = W10_3
                   40000k        103    6   F    -1 != V3_6
                   40000k        103    4        -1 != V15_8
                   40000k         90    2         1 != W11_8
                   40000k        105   13        -1  = U20_7
                   40000k        272   11        -1  = V3_0
                   40000k        337   19         1  = W17_5
                   40000k        151    3   F    -1 != W14_8
                   40000k        109   10   F     1  = W18_6
                   40000k        104    8   F     1 != V20_0
                   40000k        109   20   F     1  = V22_2
                   40000k        119    7   F     1 != W4_6
                   40000k        110   14         0 != U20_4
                   40000k        106   18   F    -1  = U15_8
                   40000k        107   16         1  = U11_3
                   40000k        105   15   F    -1 != V19_1
                   40000k        105   12         0  = V13_0
 ! Time = 2505.52s, Memory usage = 124.7 MB
 !               Branches  Non-fixed    W       Branch decision
                   50000k        117   17   F     1  = U20_0
                   50000k         71    9   F     1 != U6_4
                   50000k        100    1         0  = U10_3
                   50000k         96    5   F     1  = V12_8
                   50000k         98    6        -1  = W8_8
                   50000k        110    4         0 != V14_2
                   50000k        108   13         1 != W5_2
                   50000k         91    2         0  = W19_6
                   50000k        313   11   F    -1  = U20_6
                   50000k        326   19   F    -1  = V21_0
                   50000k        105    3   F     1  = U6_7
                   50000k         79    7        -1  = W18_3
                   50000k        122   15   F     0  = W9_4
                   50000k        111    8         1 != U1_6
                   50000k        107   14   F     1  = V14_4
                   50000k        107   20   F     1  = V3_1
                   50000k        102   10        -1  = V2_7
                   50000k        108   18   F     0  = U14_8
                   50000k        109   16         1 != V6_5
                   50000k        104   12         1 != V10_8
 ! Time = 3117.86s, Memory usage = 124.7 MB
 !               Branches  Non-fixed    W       Branch decision
                   60000k        138    1   F    -1  = W22_3
                   60000k         90    9   F     0 != W18_4
                   60000k        107   17   F     1  = U6_1
                   60000k        113    4   F     0 != W1_4
                   60000k         99   13         0 != V12_0
                   60000k         97    5         1  = V5_3
                   60000k        135    2        -1  = V12_3
                   60000k         28    6   F     0  = U13_0
                   60000k        304   11   F     1 != W12_0
                   60000k        118    7   F    -1 != V1_2
                   60000k        348   19   F     1  = V16_0
                   60000k         81    3   F    -1  = W7_4
                   60000k        150   15   F     0  = W12_5
                   60000k        108    8         0  = W14_2
                   60000k        105   10   F    -1 != U8_3
                   60000k        107   20        -1  = V22_1
                   60000k        107   14         1  = U20_5
                   60000k        107   18   F    -1  = U2_7
                   60000k        108   16        -1  = V20_2
                   60000k        107   12   F     0 != V12_1
 ! Time = 3729.36s, Memory usage = 124.7 MB
 !               Branches  Non-fixed    W       Branch decision
                   70000k        102    1         0 != W13_3
                   70000k         95   17   F    -1 != V4_1
                   70000k         74    9         0 != V18_7
                   70000k        117    4   F     1  = U2_6
                   70000k        101    2   F     1  = V12_1
                   70000k        120   13   F     1  = W9_7
                   70000k         25    6        -1 != V20_5
                   70000k         95    5   F     0  = V4_7
                   70000k        318   11   F    -1  = U6_2
                   70000k         69    7   F    -1  = V21_8
                   70000k        108    3        -1  = V3_0
                   70000k        149   15   F     1  = V13_5
                   70000k        289   19   F    -1  = U4_0
                   70000k        109    8         1  = V20_7
                   70000k        107   10         1  = U13_1
                   70000k        107   20   F    -1  = V18_1
                   70000k        107   14        -1  = W9_5
                   70000k        109   18   F    -1 != W11_3
                   70000k        108   16   F     1 != V16_2
                   70000k        107   12   F    -1  = W14_6
 ! Time = 4335.70s, Memory usage = 124.7 MB
 !               Branches  Non-fixed    W       Branch decision
                   80000k        136    1         0 != W8_3
                   80000k        148   17   F    -1  = V11_0
                   80000k        103    2         0  = V9_1
                   80000k         85    9   F     0 != W12_8
                   80000k        124    4   F    -1  = V16_8
                   80000k         22    6        -1  = U19_7
                   80000k        115   13   F     1  = V21_8
                   80000k         73    5         0  = U0_5
                   80000k        342   11   F    -1  = W7_5
                   80000k        115    7   F     0  = U17_8
                   80000k        154   15         1 != U2_4
                   80000k         99    3         1 != W4_4
                   80000k        106    8   F    -1  = W3_1
                   80000k        307   19   F    -1 != U0_0
                   80000k        109   10        -1  = W0_6
                   80000k        110   20   F     0  = W2_1
                   80000k        107   18        -1 != V16_2
                   80000k        107   14         0 != W15_7
                   80000k        111   16   F     1  = U22_4
                   80000k        109   12   F    -1  = V6_8
 ! Time = 4936.59s, Memory usage = 124.7 MB
 !               Branches  Non-fixed    W       Branch decision
                   90000k        122    1        -1 != V5_7
                   90000k         98   17   F     1  = W2_4
                   90000k         16    6         1  = W7_7
                   90000k         87    2   F     1  = U7_6
                   90000k        104   13         0 != U18_3
                   90000k         81    9         0 != V22_0
                   90000k        175   15   F     0 != V5_2
                   90000k         80    4         0 != V17_2
                   90000k         74    5   F     1 != V4_8
                   90000k        147    7   F    -1  = W14_0
                   90000k        293   11   F    -1  = V19_1
                   90000k        151    3   F    -1  = V20_2
                   90000k        342   19   F    -1  = V20_1
                   90000k        106    8         0  = W7_2
                   90000k        107   10   F     0  = U14_1
                   90000k        105   20         1  = V13_5
                   90000k        105   18   F    -1 != V21_2
                   90000k        109   16         1 != W14_0
                   90000k        100   14        -1  = U3_0
                   90000k        105   12        -1  = V6_3
 ! Time = 5544.33s, Memory usage = 124.7 MB
 !               Branches  Non-fixed    W       Branch decision
                     100M         96   17        -1 != U22_3
                     100M        100    1         1 != U13_0
                     100M         14    6   F     0  = W8_7
                     100M        113   13         0 != U8_0
                     100M         94    2         0 != U8_0
                     100M         73    9   F    -1 != U1_6
                     100M         77    4   F    -1  = V9_2
                     100M        146    7        -1 != V11_0
                     100M         71    5   F     1 != U15_5
                     100M        304   11   F     1 != V0_8
                     100M        143   15         1  = U7_0
                     100M        126    3        -1  = U11_6
                     100M        241   19   F     1  = W5_5
                     100M        101    8   F    -1 != V22_1
                     100M        109   10        -1  = V14_0
                     100M        108   18         0  = V14_4
                     100M        112   20         0 != V8_1
                     100M        110   16   F     0  = U15_3
                     100M        104   14         0 != W22_2
                     100M        107   12        -1  = V21_5
 ! Time = 6139.88s, Memory usage = 124.7 MB
 !               Branches  Non-fixed    W       Branch decision
                     110M         96   17         0  = V11_2
                     110M        137    1        -1 != V8_3
                     110M         16    6   F     1 != U4_1
                     110M         95    2   F     1 != U2_5
                     110M         68    4   F     0  = W10_4
                     110M        140   15   F    -1 != V10_2
                     110M         73    9         1  = V10_1
                     110M        120   13        -1  = U11_4
                     110M        143    7   F     1 != U2_8
                     110M         73    5         0 != V4_1
                     110M        348   11        -1  = V8_0
                     110M        107    3   F     0  = U14_1
                     110M        107    8   F     1  = W19_3
                     110M        328   19   F     1 != U11_6
                     110M        109   10        -1  = U16_5
                     110M        106   18        -1  = W5_0
                     110M        109   20   F    -1  = W15_4
                     110M        108   16        -1 != V2_2
                     110M        104   14   F    -1  = U17_4
                     110M        106   12   F     0  = U14_5
 ! Time = 6755.42s, Memory usage = 124.7 MB
 !               Branches  Non-fixed    W       Branch decision
                     120M        113   17         0  = W1_2
                     120M        125    1         1 != V22_3
                     120M         58    4         1  = W0_8
                     120M         16    6        -1  = U12_7
                     120M        160   13   F     0  = U18_0
                     120M        162    7        -1 != W7_5
                     120M        131   15   F    -1  = V20_1
                     120M         81    9        -1  = V8_0
                     120M         88    2   F     1 != U8_1
                     120M         75    5         0  = U3_7
                     120M        237   11        -1 != V16_1
                     120M        305   19   F     0 != V20_1
                     120M        160    3   F    -1 != U3_1
                     120M         97    8         1  = U0_6
                     120M        109   10   F     0  = V1_7
                     120M        103   18        -1 != V3_3
                     120M        109   20   F    -1  = W5_1
                     120M        109   16         0  = V8_5
                     120M        105   14   F    -1  = V5_1
                     120M        110   12   F     1 != W17_5
 ! Time = 7371.15s, Memory usage = 124.7 MB
 !               Branches  Non-fixed    W       Branch decision
                     130M         97   17        -1  = U21_8
                     130M        110    1   F     0 != W5_2
                     130M         99    4   F     0  = W2_4
                     130M         15    6   F     0  = W9_1
                     130M        112   13   F    -1 != V13_5
                     130M        149   15   F    -1 != U7_7
                     130M         89    2   F    -1 != W8_3
                     130M        143    7   F     0 != W5_4
                     130M         72    5        -1 != V17_5
                     130M        236   11        -1 != U11_2
                     130M         61    9   F     1  = V8_2
                     130M        164    3        -1 != W14_3
                     130M        107    8        -1  = V3_1
                     130M        348   19        -1 != V11_0
                     130M        108   10        -1  = V2_3
                     130M        106   18   F    -1  = U0_6
                     130M        107   20   F    -1 != V22_0
                     130M        101   14   F     1 != U22_4
                     140M        108   17   F     0  = U9_6
                     130M         98   16        -1 != V9_5
 ! Time = 7949.11s, Memory usage = 124.7 MB
 !               Branches  Non-fixed    W       Branch decision
                     130M        111   12         1 != U1_8
                     140M        110    1   F     1  = V6_5
                     140M         72    4   F    -1 != W7_8
                     140M        110   13         1 != V6_3
                     140M         14    6         0  = U1_0
                     140M        101    2        -1 != W9_8
                     140M        147   15   F    -1  = V18_7
                     140M        147    7   F     1  = V20_7
                     140M         78    5         1 != V10_8
                     140M         63    9   F     0  = V2_7
                     140M        241   11   F     0 != V20_1
                     140M        145    3   F     1  = U19_4
                     140M        348   19         0  = V18_0
                     140M        107    8   F     1  = W0_7
                     140M        108   10        -1  = V12_3
                     150M         99   17         0  = V9_8
                     140M        107   18         0 != V11_1
                     140M        110   20         1  = V15_2
                     140M        106   16   F    -1  = W20_1
                     140M        104   14   F     1  = W2_7
 ! Time = 8585.22s, Memory usage = 124.7 MB
 !               Branches  Non-fixed    W       Branch decision
                     140M        109   12         0  = U3_5
                     150M        131    1   F     0  = V3_4
                     150M         57    4         0  = U5_0
                     150M        107    2         0 != W8_7
                     150M        111   13   F    -1  = U2_3
                     150M         14    6   F    -1 != V20_1
                     150M        123    7   F     0  = W0_0
                     150M         73    5   F     1  = W0_5
                     150M        348   11         0 != W13_6
                     150M        154   15         1  = U20_8
                     150M         62    9         0 != U14_4
                     150M        110    3         0  = U11_4
                     150M        332   19   F    -1 != V15_4
                     150M        110    8        -1  = W5_8
                     160M        121   17         0 != W12_7
                     150M        110   10        -1 != W6_4
                     150M        107   18         0  = W0_3
                     150M        108   20        -1  = V19_0
                     150M        109   16   F     1  = V7_7
                     150M        106   12   F     1 != V0_8
 ! Time = 9171.67s, Memory usage = 124.7 MB
 !               Branches  Non-fixed    W       Branch decision
                     150M        106   14   F     0  = V0_1
                     160M        134    7        -1 != V12_0
                     160M        122    1         1 != U17_5
                     160M         86    4         0 != U4_2
                     160M        133    2   F    -1 != V22_7
                     160M         99   13   F    -1  = U2_0
                     160M         41    6        -1  = U16_1
                     160M        323   11         0  = V19_1
                     160M        156   15   F    -1  = V6_8
                     160M         74    5   F     1 != W20_0
                     160M         59    9   F    -1 != V18_7
                     160M        348   19         0  = V19_4
                     160M        154    3   F    -1 != U15_0
                     160M        109    8         1 != W17_0
                     170M        112   17         0 != U16_5
                     160M        109   10   F    -1  = U19_4
                     160M        104   18        -1  = V0_1
                     160M        109   20        -1  = W21_4
                     160M        110   12         1  = W16_5
                     160M        104   14   F    -1  = V13_5
 ! Time = 9792.97s, Memory usage = 124.7 MB
 !               Branches  Non-fixed    W       Branch decision
                     160M        108   16         0 != V13_0
                     170M        124    1   F    -1 != U9_4
                     170M         50    4         0  = V17_5
                     170M        121    2   F    -1  = W9_3
                     170M         82   13        -1  = V5_1
                     170M         15    6         1 != W2_6
                     170M        135    7        -1  = W21_6
                     170M        310   11   F    -1 != W0_5
                     170M         69    5         0  = V19_0
                     170M        151   15   F    -1 != W19_2
                     170M         67    9         1 != V22_5
                     170M        367   19   F     0 != U19_7
                     170M        158    3        -1  = W1_0
                     170M        108    8   F    -1  = U11_6
                     170M        109   10   F    -1 != W16_4
                     180M         95   17   F    -1  = W0_7
                     170M        109   18         0  = V13_2
                     180M         86    1        -1 != V15_5
                     180M        108    2   F     0  = V14_0
                     170M        107   20         0  = W7_7
 ! Time = 10351.02s, Memory usage = 124.7 MB
 !               Branches  Non-fixed    W       Branch decision
                     170M        105   12         0  = W13_1
                     170M        106   14        -1 != W11_6
                     170M        108   16         1  = W14_4
                     180M        155    7   F    -1  = W1_8
                     180M         45    4        -1  = U4_1
                     180M        124   13        -1 != W13_8
                     180M         14    6   F     0  = W22_1
                     180M        151   15        -1  = V10_2
                     180M         71    5   F     1 != W11_1
                     180M        295   11   F    -1  = V15_8
                     180M        118    9   F     0  = V3_3
                     180M        147    3   F     1  = U6_0
                     180M        108    8        -1  = V19_0
                     190M        112   17   F     0  = U10_3
                     190M         85    1         0 != W5_6
                     180M        323   19   F     0 != V6_2
                     190M        100    2        -1  = U12_7
                     180M        106   10        -1 != V18_7
                     180M        108   18   F    -1 != U0_5
                     180M        108   20         0 != W5_4
 ! Time = 10954.50s, Memory usage = 124.7 MB
 !               Branches  Non-fixed    W       Branch decision
                     190M         51    4        -1  = U14_7
                     180M        109   12   F     1  = V10_3
                     180M        104   14        -1 != V14_6
                     180M        107   16         0 != U0_6
                     190M         14    6         1  = W20_1
                     190M        107   13   F    -1  = W22_7
                     190M        145    7   F     1  = V1_3
                     190M        129   15   F    -1 != U1_2
                     190M         68    5        -1  = U20_6
                     190M        344   11   F     1  = W3_6
                     190M         74    9        -1 != W7_3
                     190M        117    3   F     0  = W15_2
                     200M        145   17        -1 != V9_1
                     200M        103    1        -1 != W18_4
                     190M        108    8   F    -1 != W6_1
                     200M        113    2   F     0  = W9_7
                     190M        339   19        -1  = U11_6
                     190M        102   10        -1  = W13_6
                     190M        109   18        -1  = W19_3
                     200M         15    6         1  = U5_8
 ! Time = 11560.49s, Memory usage = 124.7 MB
 !               Branches  Non-fixed    W       Branch decision
                     190M        105   20         0  = W12_1
                     200M        131   13   F     0  = U10_3
                     190M        108   12         1  = W4_8
                     190M        104   14        -1 != U20_8
                     190M        107   16        -1  = W20_1
                     200M         44    4         0  = V7_0
                     200M        140    7   F    -1  = W22_8
                     200M        320   11   F     1 != U3_0
                     200M         67    5         0  = U17_8
                     200M         58    9         0  = V17_7
                     200M        141    3        -1 != W0_4
                     200M        130   15   F    -1  = W2_0
                     210M         86    1         1  = W9_3
                     210M         95   17   F    -1  = U19_8
                     210M        114    2   F    -1 != W21_5
                     200M        107    8   F    -1  = V11_1
                     200M        288   19   F     0  = W16_0
                     200M        108   10        -1  = V6_1
                     210M        235    7   F    -1  = W17_8
                     200M        107   18   F    -1  = V19_2
 ! Time = 12099.58s, Memory usage = 124.7 MB
 !               Branches  Non-fixed    W       Branch decision
                     200M        108   20   F     1  = W14_1
                     210M         14    6         0  = W9_0
                     210M        105   13        -1  = U20_0
                     200M        106   12         0 != V2_7
                     210M         44    4         0 != U3_1
                     200M        104   14   F     1 != U13_8
                     200M        108   16        -1  = U6_6
                     210M         52    9   F    -1  = W20_7
                     210M         68    5         0 != U17_8
                     210M        322   11   F    -1 != W17_5
                     210M        138   15   F    -1 != V10_2
                     220M         85    1   F     0  = W0_7
                     220M        102    2        -1 != W21_2
                     210M        123    3   F     1 != V4_1
                     220M         97   17        -1  = V1_2
                     210M        108    8   F    -1  = V2_0
                     210M        327   19        -1 != V19_1
                     210M        104   10         0 != U16_0
                     210M        104   18   F     0 != V0_4
                     220M        152    7   F     1 != W17_5
 ! Time = 12727.74s, Memory usage = 124.7 MB
 !               Branches  Non-fixed    W       Branch decision
                     220M         15    6         1 != U3_6
                     210M        108   20        -1 != V14_1
                     220M         35    4         0  = V20_0
                     210M        108   12   F     0  = W8_3
                     210M        106   14         0  = W16_7
                     210M        108   16   F    -1  = W6_2
                     220M         83   13         0 != W14_3
                     220M         57    9   F     0 != V2_1
                     220M         69    5   F    -1 != U21_8
                     220M        309   11         0  = U13_7
                     220M        149   15         1  = U9_2
                     230M         95    1        -1  = W21_6
                     230M         98    2   F     0  = U20_6
                     220M        191    3   F     0 != V19_1
                     230M        110   17   F     0  = W10_8
                     220M        110    8   F    -1  = W20_5
                     220M        328   19   F    -1  = V18_2
                     230M         36    4         0  = V14_5
                     220M        104   10   F     0  = U18_5
                     220M        103   18   F    -1  = U14_7
 ! Time = 13293.93s, Memory usage = 124.7 MB
 !               Branches  Non-fixed    W       Branch decision
                     230M         16    6   F    -1  = U5_1
                     230M         63    9   F     0 != W13_8
                     230M         82   13         1 != V13_5
                     230M         70    5   F    -1 != W21_7
                     220M        109   20        -1  = V1_6
                     220M        104   14         0 != W11_2
                     220M        108   12         0 != V12_3
                     220M        107   16   F    -1  = U5_3
                     230M        305   11        -1  = V21_0
                     230M        201   15        -1 != V16_1
                     230M        166    7        -1 != V19_8
                     230M         87    3   F    -1 != W4_3
                     240M        113    2         0 != W3_2
                     240M         82    1         0 != W21_4
                     240M        127   17        -1  = V14_8
                     230M        110    8         0  = V17_3
                     230M        296   19   F    -1 != W15_0
                     230M        107   10            -
                     240M         68    5         0  = V11_8
                     230M        108   18        -1  = W0_8
 ! Time = 13872.68s, Memory usage = 124.7 MB
 !               Branches  Non-fixed    W       Branch decision
                     240M         72    9        -1  = U12_6
                     240M         31    4         1 != V16_7
                     240M         14    6   F     1  = U1_4
                     240M        332   11         0 != V2_8
                     230M        105   14   F     0 != V11_5
                     230M        108   12   F    -1  = U10_1
                     230M        105   20        -1 != W19_6
                     230M        107   16         0 != V16_1
                     240M         93   13         1  = U19_1
                     240M        212    7        -1 != W16_8
                     240M        199   15   F    -1  = V18_8
                     250M         84    1   F     0  = V1_8
                     250M        110    2   F     0 != W1_2
                     250M        105   17         1  = U15_8
                     240M        114    3        -1  = U2_2
                     240M        109    8   F     0  = U18_2
                     240M        304   19   F     0 != V20_1
                     250M         36    4         1  = V3_8
                     250M         85    9   F     0  = W2_8
                     250M         68    5        -1 != W14_5
 ! Time = 14436.06s, Memory usage = 124.7 MB
 !               Branches  Non-fixed    W       Branch decision
                     240M        109   10   F    -1  = V4_7
                     240M        106   18   F     1  = V18_5
                     250M        337   11   F    -1  = U7_2
                     250M         24    6   F     1 != V21_4
                     240M        109   12   F    -1 != W11_4
                     240M        103   14        -1  = W20_6
                     240M        108   20         0 != V5_4
                     240M        107   16   F    -1 != W9_8
                     250M        169   15        -1  = V9_8
                     250M         68   13   F     0  = V20_5
                     260M         98    1        -1  = U8_0
                     260M        109    2   F    -1 != W7_3
                     250M        159    7   F     1 != W22_0
                     260M        114   17         0 != W2_2
                     250M        348   19   F     1  = U7_7
                     250M        200    3         0  = V8_4
                     260M         43    4   F    -1  = U16_2
                     250M        106    8         0 != W15_6
                     260M        320   11   F     0  = W2_6
                     260M         69    5   F     1  = W14_5
 ! Time = 14997.77s, Memory usage = 124.7 MB
 !               Branches  Non-fixed    W       Branch decision
                     260M        124    9         0  = V11_1
                     260M         14    6   F    -1 != U22_3
                     250M        108   10        -1  = V19_7
                     250M        108   18   F    -1  = W22_2
                     250M        108   12        -1  = U16_5
                     250M        104   14        -1  = W14_7
                     250M        109   20         1  = W14_1
                     250M        109   16         0  = W15_2
                     270M         96    1         0 != V4_5
                     260M        120   15   F    -1  = W14_5
                     270M        104    2        -1 != W10_6
                     260M         71   13   F     0  = V5_0
                     260M        140    7         0 != V12_2
                     270M        106   17        -1  = V4_1
                     260M        150    3   F     0  = W17_0
                     270M         35    4   F     1 != U6_8
                     270M         69    5        -1  = W13_1
                     260M        108    8        -1  = W14_6
                     260M        342   19   F     0  = W22_0
                     270M         65    9         1  = W17_4
 ! Time = 15553.77s, Memory usage = 124.7 MB
 !               Branches  Non-fixed    W       Branch decision
                     270M        348   11   F     0  = V19_1
                     270M         16    6   F    -1 != V2_6
                     260M        109   10            -
                     260M        106   18         0 != V11_3
                     280M         86    1   F     1 != V12_8
                     260M         98   12   F    -1  = W17_3
                     260M        104   14   F    -1  = U21_7
                     260M        107   20         1  = W13_3
                     260M        108   16         0 != V8_2
                     280M        144    2        -1  = V13_7
                     270M        145   15   F    -1 != V16_0
                     270M        180    7   F    -1 != U9_7
                     270M         70   13   F    -1  = U14_1
                     280M        100   17         0  = U14_5
                     280M         78    9        -1 != W13_7
                     280M         39    4        -1  = U15_2
                     270M        348   19   F    -1  = V20_1
                     270M        108    8        -1  = W18_2
                     280M        338   11   F    -1 != W18_3
                     280M         69    5         0  = V22_6
 ! Time = 16168.22s, Memory usage = 124.7 MB
 !               Branches  Non-fixed    W       Branch decision
                     280M         19    6        -1  = V21_4
                     290M         89    1   F     1  = W13_7
                     270M        157    3   F     1 != V14_3
                     270M        108   10         1  = V0_7
                     270M        105   18        -1 != V20_5
                     290M        109    2   F    -1  = W0_3
                     280M        290    7   F     0  = U7_7
                     280M        211   15   F    -1  = V20_1
                     270M        105   12   F     1  = V14_1
                     270M        102   14         0 != V7_1
                     270M        110   20        -1  = W12_3
                     280M         73   13   F     0  = V5_0
                     270M        110   16         1  = U20_5
                     290M         95   17         0  = U15_6
                     290M         36    4   F     0  = W10_7
                     280M        348   19   F    -1  = U20_7
                     290M         59    9   F     1  = W15_8
                     290M         70    5         0 != U13_4
                     280M        108    8   F     1  = U3_5
                     290M        271   11         0  = W12_0
 ! Time = 16763.50s, Memory usage = 124.7 MB
 !               Branches  Non-fixed    W       Branch decision
                     290M         14    6   F     1 != U16_4
                     300M         94    1   F     0  = V10_4
                     300M        101    2   F    -1  = W6_0
                     280M        111   10        -1  = U8_8
                     280M        107   18         1 != V16_0
                     280M        156    3        -1 != W17_2
                     290M         56   13   F     0  = V6_0
                     290M        151   15   F    -1 != W17_1
                     280M        109   12        -1 != V4_4
                     280M        100   14         0  = V15_1
                     280M        109   20        -1 != W18_1
                     280M        109   16   F    -1  = V14_1
                     300M        100   17         0  = V5_5
                     290M        136    7        -1 != V17_3
                     300M         37    4        -1  = V19_1
                     290M        318   19         1  = W21_6
                     300M         69    5   F    -1 != V7_0
                     300M         59    9        -1  = W14_8
                     290M        106    8   F     1 != U14_5
                     310M         92    2         0 != U19_6
 ! Time = 17367.84s, Memory usage = 124.7 MB
 !               Branches  Non-fixed    W       Branch decision
                     300M        316   11        -1 != V19_0
                     310M         82    1   F     0  = V21_4
                     300M         26    6         0 != U5_7
                     290M        163    3   F     1  = W15_0
                     290M        107   10         1  = W20_4
                     290M        103   18         1  = W21_3
                     300M         66   13         0 != U7_3
                     290M        110   12         0 != U20_4
                     310M        107   17         0  = W1_8
                     290M        105   14   F    -1  = V1_1
                     290M        105   20        -1 != V0_2
                     290M        107   16         1  = V11_2
                     300M        176    7   F     0 != V10_8
                     300M        148   15         0 != W3_1
                     310M         58    4   F     0 != U15_1
                     310M         77    5   F    -1 != V11_8
                     300M        352   19         1  = U17_0
                     320M        110    2   F    -1 != U13_6
                     310M         58    9   F     0 != U18_0
                     310M        348   11        -1  = V18_1
 ! Time = 17911.00s, Memory usage = 124.7 MB
 !               Branches  Non-fixed    W       Branch decision
                     300M        110    8         1 != W0_0
                     320M        100    1   F     1 != V10_8
                     300M        147    3   F    -1  = U4_4
                     310M         14    6   F     1  = U7_6
                     300M        109   10         0 != V15_4
                     300M        110   18        -1  = W2_5
                     310M         66   13         1  = U8_4
                     310M        146    7   F     0  = U6_7
                     320M        157   17        -1 != U3_0
                     300M        109   12   F     1  = W1_3
                     300M        107   20   F    -1  = W18_1
                     300M        106   14            -
                     310M        141   15   F    -1  = V20_1
                     300M        109   16   F     1 != W1_7
                     320M         45    4        -1  = U18_3
                     310M        344   19   F     0  = U17_0
                     320M         65    9   F     1 != V14_7
                     320M         68    5   F     0  = V19_0
                     330M         95    2        -1  = W7_8
                     330M         99    1        -1  = U8_1
 ! Time = 18527.99s, Memory usage = 124.7 MB
 !               Branches  Non-fixed    W       Branch decision
                     320M        344   11   F     1 != W0_5
                     310M        106    8        -1 != V6_0
                     320M         15    6         0  = W18_6
                     330M         99   17         0 != V17_0
                     320M         72   13   F     1 != V1_1
                     310M        106   10            -
                     310M        110   18        -1 != U12_7
                     310M        139    3        -1 != V14_3
                     320M        149   15        -1 != W8_2
                     310M        108   12        -1  = U20_1
                     320M        150    7   F     1 != V19_5
                     310M        104   14   F    -1  = W13_2
                     310M        107   20         0  = V13_1
                     310M        110   16   F    -1 != W13_1
                     330M         39    4         0 != U14_0
                     320M        343   19         0 != W8_5
                     330M         66    5        -1  = W10_0
                     340M        102    2        -1 != V5_8
                     330M         56    9   F     1 != V9_7
                     330M        345   11         0  = V2_8
 ! Time = 19085.97s, Memory usage = 124.7 MB
 !               Branches  Non-fixed    W       Branch decision
                     330M         16    6   F     1 != V10_1
                     340M        111    1   F    -1 != W22_5
                     320M        108    8   F    -1  = W22_1
                     340M         80   17         0 != W11_7
                     330M         75   13         0 != V9_3
                     320M        174    3   F    -1  = W5_3
                     320M        111   18   F    -1  = V6_1
                     320M        108   10   F     1 != U7_5
                     320M        107   12        -1 != V14_8
                     320M        102   14         0 != V0_7
                     320M        108   20         0 != U13_5
                     330M        144    7         0  = W3_1
                     320M        109   16        -1  = U12_3
                     330M        154   15         0  = V17_7
                     340M         73    4        -1  = V7_7
                     340M         70    5         1  = W19_4
                     350M         98    2        -1 != W7_5
                     330M        348   19        -1  = V18_1
                     340M         73    9        -1  = U15_3
                     340M        367   11         0 != U13_1
 ! Time = 19721.52s, Memory usage = 124.7 MB
 !               Branches  Non-fixed    W       Branch decision
                     350M         81    1   F     0 != W2_6
                     340M         16    6   F     1  = U1_8
                     350M         92   17         1 != U9_3
                     330M        107    8        -1 != U14_4
                     330M         91    3   F     1  = W16_0
                     340M         64   13        -1 != V15_2
                     330M        107   18        -1  = V20_0
                     330M        105   10         1 != V1_7
                     340M        198    7   F    -1 != W3_2
                     330M        105   12         1 != W8_6
                     340M        187   15        -1  = V1_1
                     330M        101   20         1  = W19_1
                     330M        103   14         1 != W10_7
                     330M        108   16   F    -1 != U10_0
                     350M         75    5         1 != V5_8
                     350M         40    4   F     0 != U18_0
                     350M         56    9   F     1  = V22_7
                     360M        146    2   F    -1 != U5_1
                     340M        348   19         1  = V3_0
                     350M        364   11   F     0  = W8_5
 ! Time = 20256.47s, Memory usage = 124.7 MB
 !               Branches  Non-fixed    W       Branch decision
                     360M        105   17        -1  = W4_5
                     340M        107    8        -1  = V8_6
                     360M         80    1         0  = W7_5
                     350M         20    6   F     0  = W13_4
                     350M         50   13         0  = W19_3
                     340M        151    3         1  = W1_1
                     350M        159    7   F    -1  = U3_7
                     340M        109   10   F     1  = V11_2
                     340M         94   18         0  = V2_2
                     350M        182   15         0 != W22_2
                     340M        109   12   F     0  = V18_3
                     340M        105   20         1  = U2_6
                     340M        104   14        -1  = V12_1
                     340M        108   16   F    -1  = V17_7
                     360M         71    5         0  = U7_2
                     360M         69    9   F     1 != U21_4
                     360M         34    4        -1 != V4_7
                     360M        348   11   F    -1 != V19_1
                     370M        112    2   F     0  = U2_7
                     370M         87   17         1  = U21_5
 ! Time = 20798.45s, Memory usage = 124.7 MB
 !               Branches  Non-fixed    W       Branch decision
                     350M        391   19        -1 != U15_6
                     370M         95    1   F     0 != V5_8
                     360M         16    6         0 != U15_6
                     350M        109    8   F     0  = V10_7
                     360M         67   13   F     0  = V16_8
                     360M        152    7   F    -1  = V18_5
                     360M        149   15        -1  = U2_3
                     350M        107   10         0 != V1_7
                     350M        105   18   F     1 != W12_4
                     350M        151    3   F    -1  = U3_3
                     350M        103   12         1  = V3_3
                     370M         67    5   F    -1 != U1_5
                     350M        109   20   F    -1 != W22_7
                     350M        107   14         0 != V8_1
                     350M        108   16        -1  = U14_2
                     370M        338   11   F    -1  = W7_3
                     370M         53    4         1  = U13_6
                     370M         61    9   F     1  = W9_0
                     380M        119    2         0  = U22_7
                     380M         81    1         1 != U19_7
 ! Time = 21436.45s, Memory usage = 124.7 MB
 !               Branches  Non-fixed    W       Branch decision
                     380M         96   17        -1 != U4_0
                     360M        342   19   F     0 != U9_6
                     370M         14    6   F     1  = V3_1
                     360M        109    8   F    -1 != U2_6
                     370M         49   13         1  = V0_0
                     360M        103   18   F     0  = W3_5
                     360M        109   10   F     0  = U12_4
                     360M        200    3         0  = V10_4
                     370M        155    7         1  = U3_5
                     380M         75    5        -1  = U3_0
                     360M        106   12            -
                     360M        103   20        -1 != W11_4
                     370M        148   15   F     1  = W13_4
                     380M        347   11   F     1  = W2_6
                     360M        104   14   F    -1  = W11_2
                     360M        109   16         0 != W17_4
                     390M        134    2        -1 != W12_8
                     380M         61    9         0  = U1_4
                     370M        348   19        -1  = V16_1
                     380M         40    4         1 != U6_8
 ! Time = 21968.08s, Memory usage = 124.7 MB
 !               Branches  Non-fixed    W       Branch decision
                     390M         80    1   F    -1  = U15_4
                     380M         26    6   F    -1  = U14_1
                     390M         71   17        -1 != U13_5
                     370M        107    8        -1  = V9_3
                     380M         77   13         0 != U21_0
                     380M        221    7         0  = U2_7
                     390M         65    5        -1  = U20_2
                     370M        108   18   F    -1  = V16_1
                     370M        108   10         0  = W22_2
                     390M        353   11   F    -1  = U14_0
                     370M        210    3         0  = V4_4
                     380M        209   15   F     0  = W20_2
                     370M        108   12        -1 != U15_4
                     400M         97    2        -1  = U8_0
                     370M        104   20        -1  = W1_6
                     370M        106   14   F    -1 != U18_1
                     370M        109   16         0  = W3_8
                     390M         76    9   F    -1  = V9_4
                     400M        126    1        -1 != U19_7
                     390M         14    6         0 != U22_2
 ! Time = 22509.47s, Memory usage = 124.7 MB
 !               Branches  Non-fixed    W       Branch decision
                     380M        333   19   F    -1 != U16_7
                     400M         80   17         0  = U20_3
                     390M         60    4   F     0  = U2_7
                     390M         49   13   F    -1 != W17_2
                     380M        104    8         1 != V18_8
                     390M        182    7        -1  = U6_7
                     400M        324   11   F     0  = U1_1
                     390M        199   15   F     0 != V20_1
                     400M         81    5   F     0  = V7_3
                     380M        177    3         0 != W15_0
                     380M        100   18         0 != W10_7
                     380M        108   10         0 != W0_4
                     410M         97    2         1  = V0_0
                     380M        105   12         1  = U22_5
                     380M        106   20   F     1 != W14_7
                     380M        100   14   F     1 != W1_7
                     380M        107   16   F     1 != V2_7
                     400M         57    9         1 != U14_8
                     390M        323   19         0  = U2_8
                     400M         15    6   F     1  = V17_6
 ! Time = 23075.52s, Memory usage = 124.7 MB
 !               Branches  Non-fixed    W       Branch decision
                     410M         84   17         0 != U17_3
                     410M         93    1         1 != U13_1
                     400M         31    4        -1  = W17_2
                     400M        262   15        -1  = V15_4
                     400M        207    7   F     0 != U21_7
                     390M        109    8        -1 != U18_4
                     400M         54   13   F     1  = W11_5
                     390M        104   18         0  = V1_2
                     390M        109   10         0  = V18_6
                     420M        144    2         1  = W22_0
                     410M         73    5   F    -1  = W22_3
                     390M        143    3   F    -1  = W13_6
                     410M        349   11         0 != V2_8
                     390M        108   12        -1  = V13_1
                     410M         56    9   F     0  = V0_4
                     390M        107   20         1  = V20_2
                     390M        102   14        -1 != V9_7
                     390M        106   16   F    -1  = W0_7
                     410M         15    6         1  = U19_8
                     400M        314   19         1  = U5_0
 ! Time = 23633.79s, Memory usage = 124.7 MB
 !               Branches  Non-fixed    W       Branch decision
                     420M        106    1         1 != V3_8
                     420M         69   17   F     1  = U22_8
                     410M        192   15         0 != W19_2
                     410M         60    4         0  = W6_8
                     400M        108    8   F    -1 != V3_8
                     410M         46   13   F     0 != U18_6
                     430M        117    2         0  = V5_4
                     400M         99   18         0 != W14_5
                     400M        109   10        -1  = W22_2
                     410M        158    7   F     1 != W15_1
                     420M        348   11         0  = V17_1
                     420M         84    5   F    -1 != V10_7
                     400M        110   12            -
                     420M         95    9        -1  = U5_3
                     400M        106   20         0 != U22_1
                     400M        105   14         0  = U3_4
                     420M         14    6   F    -1  = U17_1
                     430M         96    1         0  = V19_8
                     400M        103   16   F     0  = V14_2
                     420M        146   15        -1 != W17_2
 ! Time = 24341.58s, Memory usage = 124.7 MB
 !               Branches  Non-fixed    W       Branch decision
                     410M        315   19   F     0  = V1_0
                     400M        145    3        -1 != U18_8
                     430M         69   17        -1 != W14_4
                     420M         26   13   F    -1  = V13_1
                     410M        107    8        -1  = U16_4
                     420M         53    4         1 != W9_7
                     440M        120    2        -1 != U10_1
                     430M        348   11         0  = U20_0
                     430M         86    5   F     0  = W9_7
                     410M        103   18   F    -1 != V13_6
                     410M        108   10         1 != W18_6
                     430M         14    6   F     1  = U20_6
                     440M        131    1   F     1  = V4_5
                     410M        108   12         0  = V6_1
                     410M        106   20        -1 != V12_7
                     410M        102   14         1 != U14_4
                     430M         72    9         0 != U0_5
                     410M        109   16   F    -1  = V2_1
                     420M        149    7        -1  = W17_6
                     430M        133   15        -1  = V15_4
 ! Time = 24873.36s, Memory usage = 124.7 MB
 !               Branches  Non-fixed    W       Branch decision
                     420M        348   19        -1  = V18_1
                     410M        193    3   F     1 != U19_2
                     440M         98   17   F     1  = W1_4
                     430M         24   13   F     0  = W18_0
                     450M        106    2         0  = W2_5
                     430M         37    4         1  = V19_7
                     420M        101    8        -1 != U10_5
                     440M         75    5         0 != V17_6
                     440M        350   11   F     1  = V18_0
                     420M         91   18         0  = V3_7
                     420M        106   10        -1  = W11_5
                     440M         14    6   F    -1 != U1_7
                     450M         80    1   F     0  = W12_7
                     420M        110   12        -1  = U9_4
                     430M        199    7        -1 != U12_7
                     420M        103   14   F    -1  = U7_4
                     420M        109   20         0 != W22_1
                     420M        110   16   F     0  = V5_1
                     420M        207    3         0 != V3_8
                     450M         85   17         0  = V8_6
 ! Time = 25509.84s, Memory usage = 124.7 MB
 !               Branches  Non-fixed    W       Branch decision
                     440M        125   15         1  = V3_3
                     440M         56    9         0 != U17_5
                     430M        336   19   F     1 != U11_0
                     440M         57    4        -1  = U11_8
                     450M         66    5         0  = V7_6
                     460M        114    2   F    -1 != W14_3
                     430M        108    8   F    -1 != W5_3
                     440M         92   13         0  = W15_1
                     460M         80    1         0  = U4_7
                     450M        282   11         0  = U18_0
                     430M        104   18        -1  = W17_5
                     430M        109   10         1 != V7_1
                     450M         17    6   F    -1  = V4_1
                     430M        108   12         0 != U21_7
                     440M        207    7   F     0  = U17_2
                     430M        106   14         1 != W3_5
                     430M        106   20   F     1 != V15_0
                     430M        110   16         1 != W17_4
                     430M        279    3        -1  = V17_1
                     450M         66    9         1  = V1_1
 ! Time = 26063.61s, Memory usage = 124.7 MB
 !               Branches  Non-fixed    W       Branch decision
                     440M        337   19   F    -1  = U14_7
                     460M         58   17   F    -1  = W16_8
                     460M         69    5   F     1 != V9_7
                     450M         42    4   F     1  = U8_1
                     450M        150   15        -1  = V3_7
                     470M         88    2        -1 != U18_2
                     470M        100    1        -1 != U16_8
                     440M        106    8        -1 != W3_6
                     450M        127   13         0  = V10_0
                     460M         15    6   F     0  = U19_7
                     440M        104   18            -
                     440M        105   10        -1  = U1_1
                     450M        224    7        -1 != V19_1
                     460M        309   11   F    -1  = W11_6
                     440M        110   12        -1  = V4_3
                     440M        258    3        -1  = W9_6
                     460M         66    9         1  = U17_1
                     440M        103   14   F    -1  = W9_2
                     440M        105   20            -
                     440M        108   16         0  = U4_0
 ! Time = 26597.81s, Memory usage = 124.7 MB
 !               Branches  Non-fixed    W       Branch decision
                     470M         81   17         0  = V5_1
                     470M         70    5        -1 != W15_5
                     450M        354   19   F     0  = U13_6
                     460M        183   15         0 != V13_6
                     460M        121    4         0  = V6_6
                     480M        137    1   F     0  = U12_1
                     480M        103    2        -1 != U16_0
                     450M        104    8   F     0 != W0_3
                     470M         19    6   F     0 != V15_4
                     460M         54   13         1  = V6_4
                     450M         91   18         1  = U8_2
                     460M        230    7   F     0 != U21_7
                     450M        107   10   F     0  = U17_6
                     450M        254    3   F     0 != W9_6
                     470M        301   11   F    -1  = V21_8
                     450M        107   12   F    -1 != W22_5
                     470M         65    9   F     1 != V13_4
                     450M        108   14         1 != U9_4
                     450M        109   20   F    -1  = V20_1
                     450M        110   16   F    -1 != V10_5
 ! Time = 27190.99s, Memory usage = 124.7 MB
 !               Branches  Non-fixed    W       Branch decision
                     480M         72    5   F     1 != U7_5
                     470M        202   15   F     0 != V19_1
                     480M        116   17   F    -1  = V5_0
                     470M         82    4         1 != W7_7
                     490M        108    1   F     1  = U4_7
                     460M        328   19   F    -1 != W18_0
                     460M        110    8        -1 != V1_1
                     490M        102    2         0 != U9_3
                     470M         50   13   F    -1 != W15_2
                     480M         22    6         0 != V2_4
                     460M         98   18        -1 != U0_5
                     460M        109   10        -1  = V18_1
                     480M        348   11         0  = V19_1
                     460M        149    3   F    -1  = W0_7
                     480M         72    9   F    -1 != V5_6
                     460M        107   12   F     1  = U18_0
                     470M        152    7   F    -1 != U21_2
                     480M        237   15   F     1 != W18_2
                     460M        104   14   F     1  = W21_7
                     460M        107   20   F    -1 != U12_3
 ! Time = 27784.70s, Memory usage = 124.7 MB
 !               Branches  Non-fixed    W       Branch decision
                     490M         79    5        -1  = W22_8
                     460M        105   16   F     1  = U11_6
                     490M         97   17         0 != W10_6
                     500M         82    1        -1  = V9_5
                     480M         31    4        -1  = U8_6
                     470M        318   19         0 != V0_0
                     480M        101   13   F     1  = W16_2
                     470M        106    8   F    -1 != U15_0
                     490M         16    6         1  = W21_6
                     490M        340   11        -1  = W0_5
                     500M         96    2   F    -1  = W9_0
                     470M        107   18   F     1  = V7_2
                     490M         66    9         0  = U21_2
                     470M        110   10         0 != W18_4
                     490M        177   15   F     0  = V18_6
                     470M        108   12   F    -1  = W16_5
                     500M         65    5        -1 != U3_1
                     500M         71   17         1  = V4_3
                     470M        103   14   F     0  = W4_7
                     470M        107   20   F    -1  = U20_8
 ! Time = 28411.38s, Memory usage = 124.7 MB
 !               Branches  Non-fixed    W       Branch decision
                     470M        110   16         0 != V0_3
                     490M         90    4         0 != W12_3
                     510M         87    1         1  = U10_5
                     470M        150    3         1  = U3_5
                     480M        158    7   F     1  = W8_6
                     480M        348   19        -1  = V19_1
                     490M         49   13         0 != V11_8
                     500M         15    6   F    -1  = V9_1
                     480M        105    8   F     0 != W10_6
                     500M        355   11   F    -1 != W2_7
                     500M         56    9         0  = V10_0
                     510M         81    2   F     0 != W3_8
                     480M        105   18         1  = W15_4
                     500M        113   15   F    -1  = V13_6
                     480M        110   10   F    -1 != V6_1
                     480M        108   12         0  = U10_2
                     510M         66    5   F    -1  = W15_5
                     500M         45    4         0  = U1_6
                     510M         61   17        -1  = W18_8
                     480M        104   14   F     1 != U7_1
 ! Time = 29003.27s, Memory usage = 124.7 MB
 !               Branches  Non-fixed    W       Branch decision
                     480M        108   20        -1 != U1_6
                     480M        106   16         0  = W14_8
                     480M        196    3        -1 != V4_0
                     520M        148    1         0 != W22_2
                     490M        338   19         0 != W2_0
                     490M        158    7         0 != U3_5
                     500M        119   13         1  = W2_6
                     510M        344   11         1 != W9_5
                     510M         15    6         0  = V19_1
                     490M        106    8   F    -1 != U22_4
                     520M         91    2   F    -1  = V7_8
                     490M         98   18   F    -1 != W17_5
                     510M         89    9   F     0  = U17_4
                     490M        109   10   F    -1 != W22_6
                     510M        111   15        -1  = U9_2
                     510M        109    4        -1  = V2_0
                     490M        110   12   F     0  = V4_3
                     520M         68   17   F     0 != U8_6
                     490M        233    3   F    -1  = U17_3
                     490M        104   14   F     0  = W17_0
 ! Time = 29576.70s, Memory usage = 124.7 MB
 !               Branches  Non-fixed    W       Branch decision
                     490M        111   20         1  = W21_0
                     490M        101   16         1  = W9_4
                     530M         80    1         0 != U17_6
                     520M         81    5         1 != U3_3
                     500M        340   19   F     1  = U9_7
                     500M        219    7   F    -1 != U3_7
                     520M        317   11   F     0 != U2_1
                     510M        145   13   F     0  = U19_4
                     520M         15    6         1  = V5_5
                     500M        106    8         0  = W9_4
                     530M         92    2   F     0  = V9_1
                     520M         66    9   F    -1  = W16_6
                     500M        107   18        -1 != V4_4
                     500M        109   10         1  = V14_2
                     530M         77   17   F     1  = W15_7
                     500M        264    3        -1 != V18_1
                     520M         32    4   F    -1 != U8_6
                     500M        108   12   F     0  = U4_5
                     540M         79    1        -1  = U19_7
                     500M        106   14   F    -1 != W20_6
 ! Time = 30177.43s, Memory usage = 124.7 MB
 !               Branches  Non-fixed    W       Branch decision
                     510M        391   19   F     0 != W4_7
                     500M        108   20         1  = U15_5
                     520M        147   15         1 != V9_2
                     500M        110   16   F     1 != V13_5
                     510M        168    7   F     0 != V18_1
                     530M        297   11   F    -1  = U4_2
                     530M         68    5   F    -1  = U0_5
                     530M         14    6        -1  = V12_7
                     540M         85    2        -1  = U5_7
                     510M        108    8         0  = V8_0
                     520M         30   13         1  = W17_2
                     530M         56    9         0 != W8_7
                     510M        105   18         0  = V17_4
                     510M        162    3         0  = W14_1
                     510M        105   10        -1  = W6_6
                     520M        294   19         0  = W11_7
                     540M         58   17        -1 != U7_8
                     550M         81    1   F     1 != U8_4
                     510M        111   12         1  = U22_1
                     530M         37    4   F     1 != U20_0
 ! Time = 30753.75s, Memory usage = 124.7 MB
 !               Branches  Non-fixed    W       Branch decision
                     520M        276    7   F    -1  = U17_7
                     510M        108   14        -1  = V13_2
                     510M        107   20        -1 != W15_1
                     510M        108   16         0  = W4_6
                     540M        300   11         0  = U11_1
                     540M         67    5   F     1 != W8_5
                     530M        147   15   F     1 != W6_7
                     550M         86    2        -1 != V19_1
                     530M         76   13        -1  = V7_7
                     540M         14    6   F     0  = U10_0
                     520M        106    8        -1  = V20_7
                     540M         59    9         0 != U22_7
                     520M        191    3   F    -1  = V19_0
                     530M        319   19        -1  = V9_0
                     520M        102   18   F     0  = U7_8
                     560M         80    1   F     1 != W5_6
                     520M        107   10        -1  = W14_4
                     550M         67   17         0  = W19_4
                     520M        104   12        -1  = U10_5
                     540M         36    4         0  = U8_1
 ! Time = 31343.58s, Memory usage = 124.7 MB
 !               Branches  Non-fixed    W       Branch decision
                     520M        108   14        -1  = U9_2
                     520M        103   16   F     1 != W22_4
                     520M        110   20   F     1  = W16_0
                     550M         71    5         1 != W11_5
                     530M        154    7        -1  = U21_1
                     550M        304   11        -1  = V21_8
                     560M         86    2        -1  = U13_1
                     540M         40   13   F    -1  = V10_3
                     550M         53    9         0 != U16_7
                     530M        103    8   F     1  = U20_6
                     530M        173    3        -1 != V14_8
                     550M        190    6         1 != V5_3
                     540M        313   19   F    -1 != U8_6
                     530M        101   18        -1  = V12_3
                     540M        197   15        -1 != U9_0
                     570M         78    1   F     0  = W13_8
                     530M        108   10        -1  = W1_3
                     560M         65   17   F     0 != V17_3
                     530M        109   12         1  = W11_7
                     560M         67    5   F     1 != W4_6
 ! Time = 31967.29s, Memory usage = 124.7 MB
 !               Branches  Non-fixed    W       Branch decision
                     530M        105   14         0  = W1_2
                     550M         33    4         0 != W18_3
                     530M        105   16        -1  = U6_0
                     530M        108   20   F    -1  = U17_3
                     560M        348   11   F    -1  = V20_1
                     570M         78    2         0  = W8_6
                     550M         49   13         1  = U21_1
                     560M         56    9   F     0  = U9_3
                     540M        154    7         1  = W14_5
                     560M         16    6        -1  = V6_7
                     540M        105    8         0 != W2_6
                     540M        139    3   F    -1 != V8_2
                     550M        202   15   F     0  = U9_0
                     580M         80    1         0 != V7_8
                     540M        101   18         1  = V17_7
                     550M        324   19   F     0  = U18_6
                     570M         86    5         0  = W15_5
                     540M        109   10   F     0 != U20_6
                     570M         58   17         0 != V11_0
                     540M        109   12   F    -1 != U5_1
 ! Time = 32556.31s, Memory usage = 124.7 MB
 !               Branches  Non-fixed    W       Branch decision
                     570M        292   11         0 != U13_2
                     540M        105   14   F     0  = U20_0
                     540M        101   16   F    -1  = V15_5
                     540M        103   20        -1  = U13_8
                     560M         29    4         1  = V11_8
                     560M        111   13   F    -1  = V15_2
                     570M         51    9         0  = V10_1
                     580M         86    2   F     1 != U11_1
                     570M         15    6   F    -1  = W4_1
                     550M        110    8   F    -1  = W14_5
                     560M        226   15   F    -1  = V19_1
                     550M        155    7        -1  = U13_8
                     550M        100   18         1  = U14_7
                     590M        123    1         1  = W2_7
                     560M        348   19   F     0  = V20_1
                     580M        109    5         1 != V8_0
                     550M        108   10         1 != V18_7
                     580M        277   11   F     1  = U2_1
                     580M         91   17         1  = U21_5
                     550M        106   12        -1  = W15_2
 ! Time = 33151.34s, Memory usage = 124.7 MB
 !               Branches  Non-fixed    W       Branch decision
                     550M        106   14   F     0 != W15_1
                     550M        111   16        -1  = U13_1
                     550M        109   20        -1  = V5_4
                     570M         37    4   F     0  = V14_1
                     580M         57    9   F     1  = V19_7
                     570M         84   13        -1 != W13_8
                     590M         89    2   F     1  = U1_3
                     550M        128    3   F     1  = U3_4
                     580M         13    6   F    -1  = U19_8
                     570M        148   15        -1  = U19_0
                     600M         81    1         0  = W5_3
                     560M        102    8        -1  = V21_2
                     570M        348   19   F    -1 != V6_2
                     590M         75    5        -1 != V18_0
                     560M         98   18   F     0  = V18_4
                     560M        188    7         0 != W17_1
                     590M        276   11   F     1  = U2_6
                     560M        110   10        -1  = V20_5
                     560M        109   12        -1  = V15_8
                     590M        116   17         0  = U11_7
 ! Time = 33777.56s, Memory usage = 124.7 MB
 !               Branches  Non-fixed    W       Branch decision
                     580M         41    4         0  = U13_1
                     560M        106   14   F     1  = V6_1
                     560M        108   16   F     1  = W15_5
                     560M        109   20        -1 != V13_1
                     580M         35   13   F     1 != U15_2
                     590M         65    9         0 != U4_3
                     580M        171   15   F    -1 != U2_5
                     590M         13    6        -1  = U6_8
                     600M         82    2   F    -1  = V15_1
                     610M         83    1         1  = W11_8
                     580M        352   19        -1 != V7_4
                     570M        107    8   F        -
                     600M         71    5         0 != V12_1
                     570M        172    7   F    -1 != W1_5
                     570M        106   18        -1  = U20_5
                     600M        388   11   F     1  = V3_5
                     570M        108   10   F    -1 != U18_1
                     600M         62   17         1  = W11_7
                     560M        144    3   F    -1  = U10_4
                     590M         50    4   F     1 != U9_6
 ! Time = 34301.54s, Memory usage = 124.7 MB
 !               Branches  Non-fixed    W       Branch decision
                     570M        109   12   F     1 != V0_3
                     570M        104   14        -1 != U10_8
                     570M        103   16   F     0  = U14_7
                     570M        108   20         1  = V14_1
                     600M         93    9         0 != V6_2
                     600M         13    6         0  = V17_6
                     590M        162   15   F    -1 != W16_3
                     580M        218    7   F     0  = U0_7
                     610M         72    5         1 != U10_5
                     620M        105    1         0  = V7_8
                     590M         84   13   F     1  = U17_7
                     610M         68    2   F    -1 != U8_1
                     580M        105    8   F    -1 != U8_3
                     590M        369   19   F     1 != W10_5
                     580M         89   18         0 != U2_5
                     610M        385   11        -1 != U19_6
                     600M         44    4   F    -1 != U3_0
                     580M        106   10        -1  = U12_3
                     610M        101   17        -1  = W3_1
                     580M        104   12   F    -1  = W2_3
 ! Time = 34933.74s, Memory usage = 124.7 MB
 !               Branches  Non-fixed    W       Branch decision
                     580M        106   14   F     0  = W9_2
                     610M         15    6   F    -1  = W9_7
                     580M        105   16         1  = V2_2
                     580M        108   20        -1  = W5_1
                     570M        191    3   F    -1  = U14_5
                     610M         81    9   F    -1  = V16_5
                     590M        259    7         0 != U6_7
                     620M         97    5        -1  = W22_3
                     630M         80    1         1 != U7_6
                     600M         72   13   F    -1 != U4_2
                     600M        150   15         1 != V7_5
                     590M        106    8         0 != V4_0
                     600M        368   19   F     1 != W9_5
                     620M         92    2   F     1 != W6_5
                     590M        101   18        -1 != U5_1
                     620M         65   17        -1 != W22_1
                     590M        109   10   F     0  = V8_7
                     620M        346   11   F     1  = W11_3
                     590M        108   12        -1  = U10_6
                     580M        152    3   F     0  = V11_6
 ! Time = 35582.63s, Memory usage = 124.7 MB
 !               Branches  Non-fixed    W       Branch decision
                     610M         33    4         0  = V15_1
                     620M         14    6   F    -1  = W21_6
                     590M        107   14   F    -1  = W21_2
                     590M        111   16            -
                     590M        103   20   F    -1  = V16_5
                     600M        175    7   F    -1 != U0_7
                     620M         63    9   F    -1 != U11_1
                     640M         88    1   F    -1  = W6_6
                     630M         86    5   F     0  = V7_8
                     610M        155   15   F     0 != U2_0
                     600M        104    8        -1 != U15_6
                     610M        134   13         0  = U1_1
                     630M         78   17         1  = W9_8
                     630M        114    2         0  = U6_7
                     600M         97   18         1 != U22_5
                     600M        108   10   F        -
                     590M        264    3   F    -1  = V20_1
                     630M        336   11         0 != U11_0
                     610M        329   19         0  = U9_0
                     600M        109   12   F    -1 != W17_5
 ! Time = 36142.29s, Memory usage = 124.7 MB
 !               Branches  Non-fixed    W       Branch decision
                     620M         52    4         0  = V2_1
                     630M         14    6         0  = U7_8
                     610M        158    7         0 != U21_7
                     600M        104   14         0  = V8_1
                     600M        107   16        -1  = W3_8
                     600M        108   20        -1  = W15_6
                     630M         70    9   F     1  = U11_6
                     650M        111    1   F    -1  = V3_3
                     640M         72   17   F     1 != W16_8
                     620M         22   13   F     0  = V8_6
                     620M        171   15        -1  = W4_5
                     640M        119    5   F     0  = U17_5
                     610M        106    8            -
                     600M        165    3        -1  = V3_8
                     640M        131    2         0 != W16_5
                     610M        102   18   F     1  = W22_0
                     640M        337   11         0 != W9_6
                     610M        110   10        -1 != W9_1
                     630M         62    4        -1  = U12_7
                     610M        107   12   F    -1 != U17_1
 ! Time = 36741.36s, Memory usage = 124.7 MB
 !               Branches  Non-fixed    W       Branch decision
                     620M        150    7   F    -1 != W12_7
                     610M        102   14   F    -1  = W17_4
                     640M         32    6         0  = U10_8
                     660M         85    1   F     0  = U0_6
                     610M        107   16   F     0  = W20_4
                     640M         61    9         0  = V15_4
                     610M        107   20   F    -1 != V2_1
                     620M        313   19         0 != U22_0
                     650M         81    5         1 != W22_7
                     630M        177   15   F     0 != U11_7
                     620M        102    8   F     0  = U10_6
                     650M        114    2   F     1 != V9_2
                     650M        100   17         0 != V3_0
                     650M        348   11   F     0 != V19_1
                     620M        105   18   F        -
                     630M        108   13   F     0  = V3_2
                     610M        155    3   F    -1 != V15_2
                     620M        106   10         1  = V1_1
                     640M         64    4        -1  = U2_2
                     620M        110   12         1 != V18_1
 ! Time = 37384.40s, Memory usage = 124.7 MB
 !               Branches  Non-fixed    W       Branch decision
                     670M        139    1        -1  = W1_7
                     650M         16    6         0 != U13_7
                     620M        104   14         1  = W14_6
                     630M        138    7         1  = U22_6
                     620M        105   20   F     1 != W3_1
                     620M        109   16   F    -1  = W19_8
                     650M         81    9         1  = U14_6
                     640M        252   15   F     0 != V20_1
                     660M         88    5         0  = V17_8
                     660M        308   11        -1 != W0_5
                     640M         27   13   F    -1  = U9_0
                     630M        104    8        -1 != U16_5
                     660M        105    2         0  = U19_2
                     630M        305   19        -1  = W5_0
                     660M         82   17   F     1  = U16_8
                     630M        100   18   F    -1  = V17_2
                     630M        109   10         0  = U5_5
                     680M         83    1         1 != U16_1
                     620M        155    3   F     1  = U5_1
                     650M         44    4         0 != W11_2
 ! Time = 38032.74s, Memory usage = 124.7 MB
 !               Branches  Non-fixed    W       Branch decision
                     630M        106   12   F    -1  = V14_4
                     660M         13    6   F     0  = W13_3
                     630M        103   14         0  = W2_5
                     630M        109   16         1  = U5_5
                     630M        109   20   F    -1  = U21_3
                     650M        172   15   F    -1  = U12_7
                     660M         51    9   F    -1 != W17_1
                     640M        146    7         1  = W21_0
                     670M        362   11        -1  = W20_0
                     670M         78    5   F     0 != U0_3
                     650M         27   13   F    -1 != V2_1
                     670M        118    2   F     1 != W8_6
                     640M        106    8   F    -1  = U8_5
                     640M        108   18        -1 != V7_6
                     640M        320   19         0  = V21_2
                     670M         75   17   F     0 != U5_7
                     690M        100    1         0  = W20_7
                     660M         25    4   F     0  = W17_8
                     640M        107   10        -1 != W21_8
                     670M         13    6         1 != V2_8
 ! Time = 38592.33s, Memory usage = 124.7 MB
 !               Branches  Non-fixed    W       Branch decision
                     640M        108   12        -1  = U0_0
                     640M        106   14   F    -1 != W4_2
                     630M        143    3   F     1  = W7_8
                     680M        335   11         1  = U18_1
                     650M        129    7   F    -1 != W8_7
                     640M        108   20         1 != W22_1
                     640M        108   16         0 != U16_6
                     680M         72    5         0  = W7_2
                     660M         24   13   F    -1  = V11_6
                     660M        139   15   F    -1 != W12_2
                     680M         90    2   F     1 != W21_2
                     670M         75    9   F     0  = W19_1
                     650M        110    8         1 != W7_2
                     700M         76    1         0 != V3_5
                     650M         97   18        -1  = V15_7
                     680M         72   17        -1  = V21_2
                     650M        348   19   F    -1 != V18_1
                     670M         37    4         1  = U19_6
                     680M         74    6         1  = U6_0
                     650M        106   10         1  = V5_1
 ! Time = 39229.81s, Memory usage = 124.7 MB
 !               Branches  Non-fixed    W       Branch decision
                     650M        105   12        -1  = W7_7
                     640M        210    3   F     1 != W15_5
                     690M        394   11         0  = V5_0
                     650M         94   14   F    -1  = V21_7
                     660M        178    7         1 != U8_0
                     650M        110   16   F     1 != W7_4
                     650M        107   20   F    -1  = V11_5
                     690M         71    5         0 != U16_0
                     670M        106   13        -1 != U17_1
                     680M         86    9   F    -1  = V14_2
                     660M        348   19         0  = V17_1
                     710M         80    1   F    -1 != U16_4
                     690M        102   17   F    -1  = U19_5
                     670M        144   15   F     1  = U20_8
                     660M        111    8            -
                     680M         96    4   F    -1  = W16_7
                     660M         90   18   F    -1 != W14_6
                     690M         14    6         1 != U0_7
                     690M        123    2         0  = V4_4
                     660M        108   10         1  = U21_0
 ! Time = 39861.31s, Memory usage = 124.7 MB
 !               Branches  Non-fixed    W       Branch decision
                     670M        188    7   F     1 != U2_7
                     660M        107   12        -1  = V15_1
                     700M         81    5         0 != V21_3
                     650M        172    3        -1  = U4_7
                     660M        104   14   F     1  = U13_8
                     700M        340   11        -1 != W11_3
                     680M         39   13   F     1  = W22_2
                     660M        109   16   F    -1  = W5_2
                     660M         92   20         1 != U10_3
                     700M        124   17   F    -1 != U15_6
                     700M         15    6   F    -1 != U10_6
                     670M        107    8         1 != U21_6
                     690M        110    9         0  = V10_5
                     690M        154    4   F     1 != V5_5
                     720M        112    1   F     1 != U15_6
                     680M        166   15   F    -1  = W7_1
                     670M        100   18         0 != V3_3
                     670M        335   19         0 != U22_0
                     680M        189    7        -1 != V19_4
                     670M        107   10        -1  = V3_1
 ! Time = 40451.00s, Memory usage = 124.7 MB
 !               Branches  Non-fixed    W       Branch decision
                     700M        117    2   F     0  = U20_0
                     670M        104   12         0 != U18_5
                     660M        261    3   F     0  = W4_5
                     670M        104   14   F    -1  = W17_3
                     710M         90    5         0  = V19_0
                     690M         28   13         0 != W1_6
                     710M        336   11   F    -1  = W19_0
                     670M        106   16         1  = V7_5
                     670M        104   20        -1  = U4_1
                     710M         72   17         0  = W20_1
                     710M         13    6   F     0  = U11_1
                     730M        100    1        -1  = W17_6
                     700M         29    4   F    -1  = W4_8
                     700M         49    9   F     0  = V3_7
                     680M        106    8        -1 != W12_6
                     680M        340   19   F     1 != U2_7
                     680M        104   18         1  = U16_5
                     690M        221   15         1  = W4_2
                     690M        266    7         0  = V19_1
                     680M        107   10        -1  = V10_3
 ! Time = 41024.92s, Memory usage = 124.7 MB
 !               Branches  Non-fixed    W       Branch decision
                     670M        282    3        -1  = V19_1
                     680M        107   12         1 != W1_5
                     700M         33   13   F    -1  = U2_6
                     720M         72    5   F    -1  = U13_7
                     680M        105   14   F     0  = W7_7
                     720M        331   11   F    -1  = U22_6
                     710M        141    2         1  = U13_8
                     680M        107   16   F    -1 != V14_0
                     680M        109   20            -
                     720M        113   17         1  = V8_4
                     710M        310    4   F    -1  = W9_5
                     720M         14    6   F     0  = V0_0
                     740M         80    1   F     0 != W13_1
                     690M        351   19   F    -1  = U14_7
                     700M        228   15   F     0 != U16_0
                     700M        187    7   F    -1  = U2_7
                     690M        109    8   F     0 != U11_6
                     690M         95   18         0 != U18_5
                     680M        151    3         0 != V9_2
                     690M        108   10         0  = V18_3
 ! Time = 41604.29s, Memory usage = 124.7 MB
 !               Branches  Non-fixed    W       Branch decision
                     710M         89   13         1 != U2_0
                     690M        109   12         0  = V12_8
                     730M        348   11   F     0 != V18_1
                     720M         85    2        -1  = U22_2
                     710M        135    9   F     0  = V19_2
                     690M        107   14        -1 != V16_1
                     690M        109   16         1  = V7_2
                     730M         69   17         1 != U0_3
                     720M         58    4         0 != W10_5
                     690M        107   20   F     1 != V14_5
                     730M         15    6         0 != V8_7
                     750M         99    1        -1  = W3_5
                     730M         78    5         1  = V6_6
                     710M        252    7   F    -1 != U2_6
                     710M        235   15        -1  = V19_1
                     700M        381   19   F    -1  = V14_2
                     690M        265    3         0 != V20_8
                     700M        107    8   F     0  = U7_4
                     700M         92   18   F     0  = W2_0
                     700M        105   10   F     1  = W2_4
 ! Time = 42202.11s, Memory usage = 124.7 MB
 !               Branches  Non-fixed    W       Branch decision
                     740M        348   11   F     0 != V19_1
                     720M         70   13         0  = W2_3
                     700M        108   12   F    -1  = W6_2
                     740M        106   17        -1 != V14_0
                     730M         28    4   F     1  = V9_0
                     700M        108   14   F    -1  = W7_4
                     740M         18    6         0 != V4_3
                     760M         80    1         0  = V2_8
                     730M         69    2         1 != V15_4
                     740M         83    5         1  = W21_3
                     700M        109   16        -1 != U8_0
                     720M         52    9   F    -1  = U13_7
                     720M        313   15         1 != U15_7
                     700M        105   20   F     0  = U10_3
                     720M        131    7   F    -1 != U13_0
                     710M        380   19   F     0  = V15_4
                     710M        107    8   F     0  = W17_3
                     710M        103   18         1 != W8_3
                     730M         27   13         0 != W7_0
                     710M        109   10   F    -1 != W3_1
 ! Time = 42855.63s, Memory usage = 124.7 MB
 !               Branches  Non-fixed    W       Branch decision
                     700M        142    3        -1  = V9_6
                     750M         61   17   F    -1 != V10_7
                     750M         14    6         0  = W18_4
                     710M        110   12   F     1 != V4_6
                     770M         80    1        -1 != V21_5
submitit WARNING (2023-05-05 10:48:16,252) - Bypassing signal SIGCONT
submitit WARNING (2023-05-05 10:48:16,260) - Bypassing signal SIGTERM
                     730M        296   15        -1  = U12_7
                     750M         72    5        -1  = V4_0
