submitit INFO (2023-05-04 22:52:07,682) - Starting with JobEnvironment(job_id=27817, hostname=cpunode3, local_rank=2(5), node=0(1), global_rank=2(5))
submitit INFO (2023-05-04 22:52:07,683) - Loading pickle: /h/30/pashootan/Matrix-Mult-CP/src/../logs/5/3x3x3_23_May04_22:52:05/27817_submitted.pkl
Running with: Namespace(N=3, M=3, P=3, R=23, valid_ineq=False, symmetry=False, min_add=False, cyclic_invar=False, inex_bounds=(0, 0), output_dir='../logs/5/3x3x3_23_May04_22:52:05', n_seeds=5, n_workers=20, timeout=2880, solver='cpo', cpo_LogPeriod=10000000, cpo_RandomSeed=4, inexact_ineq=False)
Running solver with: {'LogPeriod': 10000000, 'RandomSeed': 4, 'Workers': 20, 'TimeLimit': 172800}
 ! --------------------------------------------------- CP Optimizer 22.1.1.0 --
 ! Satisfiability problem - 621 variables, 729 constraints
 ! TimeLimit            = 172800
 ! Workers              = 20
 ! LogPeriod            = 10000000
 ! RandomSeed           = 9764
 ! Initial process time : 0.09s (0.09s extraction + 0.00s propagation)
 !  . Log search space  : 984.3 (before), 984.3 (after)
 !  . Memory usage      : 5.2 MB (before), 5.2 MB (after)
 ! Using parallel search with 20 workers.
 ! ----------------------------------------------------------------------------
 !               Branches  Non-fixed    W       Branch decision
                   10000k         96    9   F     0  = U19_0
                   10000k        113    6         1  = U17_0
                   10000k         94    5        -1  = W5_0
                   10000k        120    1   F     1 != U1_0
                   10000k        107    2         0  = W1_8
                   10000k        104    4   F     1  = W4_1
                   10000k        116   13         1  = V6_4
                   10000k        173   19        -1 != V21_5
                   10000k        102   17   F    -1 != W16_4
                   10000k        148   11        -1  = U18_6
                   10000k        116    3   F    -1 != U21_6
                   10000k        108   20         0 != V14_1
                   10000k        105    8            -
                   10000k        108   12         0 != U2_6
                   10000k        113    7   F     1  = U8_2
                   10000k        106   18         0 != U0_4
                   10000k         95   15   F    -1 != W10_0
                   10000k        108   16        -1  = V14_0
                   10000k        108   14         1  = U15_1
                   10000k        102   10   F     0  = V13_8
 ! Time = 644.06s, Memory usage = 124.7 MB
 !               Branches  Non-fixed    W       Branch decision
                   20000k        111    6   F     1  = U7_6
                   20000k        108    4   F     1 != W1_6
                   20000k        137    1         1  = U5_3
                   20000k         99    9         1 != U1_0
                   20000k        104    2         0  = W9_7
                   20000k        101   17         0 != U12_0
                   20000k        107   13         0  = U10_1
                   20000k         99    5   F     0  = V13_5
                   20000k        285   11   F     1 != U0_2
                   20000k        261   19         0 != W14_3
                   20000k        106    3   F    -1  = V15_3
                   20000k        110    8        -1  = W6_4
                   20000k        143    7         1 != U1_6
                   20000k        108   12         0  = U1_0
                   20000k        110   18        -1 != V3_1
                   20000k        106   20         1  = W7_5
                   20000k        108   16        -1  = V6_8
                   20000k         91   15   F    -1 != W8_5
                   20000k        103   10        -1 != U16_6
                   20000k        109   14         0 != U17_1
 ! Time = 1265.32s, Memory usage = 124.7 MB
 !               Branches  Non-fixed    W       Branch decision
                   30000k         64    4   F     1 != V8_6
                   30000k        115    1   F    -1  = V3_4
                   30000k        117    6        -1 != U7_8
                   30000k        135   13        -1  = U4_1
                   30000k        129    9   F     0 != V16_0
                   30000k        109   17   F    -1  = V6_6
                   30000k        104    2         0  = W21_8
                   30000k        264   19         1  = U10_3
                   30000k        319   11         1  = U10_3
                   30000k         90    5         0  = U5_2
                   30000k        151    3         1 != V16_0
                   30000k        143    7        -1 != W8_0
                   30000k        135   15   F     0 != V19_1
                   30000k        102    8         0 != W22_1
                   30000k        108   16   F    -1 != V22_8
                   30000k        110   18   F     1  = U12_4
                   30000k        108   20         0  = V12_1
                   30000k        108   10   F    -1 != V9_1
                   30000k        106   12        -1 != U14_8
                   30000k        105   14   F    -1 != U9_3
 ! Time = 1886.27s, Memory usage = 124.7 MB
 !               Branches  Non-fixed    W       Branch decision
                   40000k        111    6        -1 != U0_1
                   40000k         74    4        -1 != W9_3
                   40000k        162   13   F     1 != U22_1
                   40000k        100   17         0  = W5_7
                   40000k        110    1   F     1 != U3_4
                   40000k        107    2   F    -1 != V8_7
                   40000k        348   11   F    -1  = W14_4
                   40000k        109    9         0 != V2_3
                   40000k        348   19   F    -1  = V16_0
                   40000k         90    5         1  = U8_8
                   40000k        116   15   F    -1 != V20_1
                   40000k        154    3         1  = W20_2
                   40000k        109    8   F        -
                   40000k        111   16        -1 != V4_1
                   40000k        109   20        -1  = U21_3
                   40000k        108   18         1  = V17_5
                   40000k        145    7        -1  = V5_5
                   40000k        107   10        -1  = U11_3
                   40000k        108   12   F    -1  = U8_1
                   40000k        108   14         0 != W19_4
 ! Time = 2488.73s, Memory usage = 124.7 MB
 !               Branches  Non-fixed    W       Branch decision
                   50000k        128    6   F     0 != W6_8
                   50000k        113    1   F     0 != U7_3
                   50000k        116   17         0 != V14_7
                   50000k         71    4         0  = W7_3
                   50000k        113   13   F    -1 != W5_1
                   50000k        348   11   F     0 != V20_1
                   50000k        139    2        -1  = U10_7
                   50000k        348   19   F     0 != V11_0
                   50000k        102    9   F     1  = W11_1
                   50000k         89    5         1 != V8_7
                   50000k        117    7   F    -1  = U5_0
                   50000k         86   15   F     1 != U7_0
                   50000k        142    3         0 != U22_7
                   50000k        108    8        -1 != W2_6
                   50000k        109   20   F    -1 != W7_1
                   50000k        105   18        -1  = W8_8
                   50000k        107   10         0 != U22_0
                   50000k        106   16        -1 != V4_8
                   50000k        108   12        -1 != U15_8
                   50000k        109   14   F     0 != U8_0
 ! Time = 3094.93s, Memory usage = 124.7 MB
 !               Branches  Non-fixed    W       Branch decision
                   60000k        102    6         1  = V13_2
                   60000k        112    1   F     1 != U11_8
                   60000k        114   17         1 != U10_2
                   60000k         68    4         1  = U1_7
                   60000k        107    2         0  = W7_2
                   60000k        346   19   F    -1 != V16_0
                   60000k        148   13        -1  = U8_0
                   60000k        111    9         1 != V22_0
                   60000k        294   11        -1  = V20_0
                   60000k         80    5         1  = U16_5
                   60000k        143   15        -1 != W9_8
                   60000k        109    3   F    -1  = W16_3
                   60000k         79    7         1  = U8_7
                   60000k        111    8   F     1  = V1_3
                   60000k        109   18   F     1 != W22_6
                   60000k        108   20         0 != V15_0
                   60000k        103   10        -1  = W11_7
                   60000k        107   12        -1  = W9_4
                   60000k        105   16   F    -1  = U14_2
                   60000k        109   14        -1  = W20_3
 ! Time = 3702.24s, Memory usage = 124.7 MB
 !               Branches  Non-fixed    W       Branch decision
                   70000k        112    1   F    -1 != V3_7
                   70000k        101    6   F     1  = W18_0
                   70000k        128    4         1 != W20_8
                   70000k        106    2        -1 != U16_6
                   70000k        144   13         0 != V21_4
                   70000k        348   19   F     1  = V20_4
                   70000k         97    9   F     0 != U8_7
                   70000k        110   17         1  = U11_2
                   70000k         80    5         0 != V0_2
                   70000k        345   11         1 != V13_1
                   70000k        140   15   F    -1 != V20_1
                   70000k         85    7   F     1  = U7_0
                   70000k        111    8   F    -1  = W0_6
                   70000k        107    3         1  = V17_4
                   70000k        110   18         1  = V2_3
                   70000k        108   20         1  = W15_2
                   70000k        112   12   F    -1 != W6_7
                   70000k        106   10   F    -1  = U18_4
                   70000k        108   16         0  = V0_1
                   70000k        110   14   F        -
 ! Time = 4306.65s, Memory usage = 124.7 MB
 !               Branches  Non-fixed    W       Branch decision
                   80000k        106    1   F     0  = V11_2
                   80000k        145    6         0  = U17_2
                   80000k        156   13        -1  = U1_3
                   80000k         62    4   F     1  = V7_5
                   80000k        104    2         0 != W3_2
                   80000k        119    9         0  = W2_1
                   80000k        348   19   F    -1 != W6_8
                   80000k         88   17        -1 != U9_7
                   80000k        330   11        -1  = V2_5
                   80000k         83    5   F     1  = U9_2
                   80000k        154   15         0 != V15_1
                   80000k        150    7         0  = W19_0
                   80000k        122    3   F    -1  = U1_1
                   80000k        107    8        -1 != V18_0
                   80000k        105   18        -1  = V7_1
                   80000k        106   10        -1 != W20_6
                   80000k         99   12   F     1  = V4_1
                   80000k        102   20         0 != V22_6
                   80000k        104   16   F    -1 != V20_8
                   80000k        105   14        -1 != W8_4
 ! Time = 4920.71s, Memory usage = 124.7 MB
 !               Branches  Non-fixed    W       Branch decision
                   90000k         91    6         1 != W6_7
                   90000k        113    1         1 != V15_8
                   90000k        124   13         0  = V2_2
                   90000k        334   19        -1 != V15_0
                   90000k         90   17         0  = W13_4
                   90000k         99    9   F     0  = V22_4
                   90000k        104    2        -1  = V22_3
                   90000k         84    4   F     1  = U0_3
                   90000k        329   11   F     1  = U9_6
                   90000k        125   15        -1 != V19_1
                   90000k         92    5        -1 != U14_6
                   90000k        154    7   F    -1  = W2_6
                   90000k        108    8        -1  = W6_5
                   90000k        109   18         0 != U20_6
                   90000k        107   10   F     0  = W0_6
                   90000k        105   20         1  = V18_2
                   90000k        111   12   F     0  = V16_1
                   90000k        105   16   F        -
                   90000k        104   14   F    -1  = V11_1
                   90000k        140    3   F     0 != V20_1
 ! Time = 5552.08s, Memory usage = 124.7 MB
 !               Branches  Non-fixed    W       Branch decision
                     100M         84    6        -1  = W3_8
                     100M        383   19         0 != W12_4
                     100M        103    1        -1 != U1_7
                     100M        137   17        -1  = W0_8
                     100M        135   13         1 != W0_3
                     100M         98    9         1  = V21_4
                     100M        104    2         1 != W19_5
                     100M        230   11   F     0 != V20_1
                     100M         66    4         0  = W10_8
                     100M         79    5   F     0  = U19_4
                     100M         69   15   F     1 != V12_8
                     100M        147    7         1  = W11_4
                     100M        107    8   F    -1  = W21_5
                     100M        108   18        -1  = W11_7
                     100M        108   16        -1 != U11_0
                     100M        108   20   F     1  = V16_8
                     100M        104   10   F    -1 != V21_5
                     100M        107   12   F        -
                     100M        105   14   F     0 != U8_7
                     110M        124    1   F     0  = U19_2
 ! Time = 6267.55s, Memory usage = 124.7 MB
 !               Branches  Non-fixed    W       Branch decision
                     110M         81    6         1  = W18_7
                     100M        114    3   F     1 != V4_4
                     110M        108   17         1  = U22_2
                     110M        348   19         0  = U15_0
                     110M        114   13         1  = W5_2
                     110M        113    9         0 != W15_0
                     110M         96    2         0  = U2_0
                     110M        335   11   F     0  = V17_1
                     110M         63    4         0  = V5_0
                     110M        120   15   F    -1 != U16_4
                     110M         87    5         1  = V6_3
                     110M        154    7         0 != V9_3
                     110M        109    8        -1  = W22_6
                     110M        110   18   F     0  = W18_8
                     110M        106   20   F     0  = W15_3
                     110M        108   16   F    -1  = W15_8
                     110M        110   12        -1  = V5_7
                     110M        109   10        -1  = U14_1
                     110M        107   14         1  = V14_3
                     120M        102    1   F     0  = V18_5
 ! Time = 6802.18s, Memory usage = 124.7 MB
 !               Branches  Non-fixed    W       Branch decision
                     110M        113    3         0 != V5_6
                     120M        345   19   F    -1  = W11_3
                     120M        109   17         0 != W6_1
                     120M        176   13         0  = V21_4
                     120M         84    6   F     1  = U12_1
                     120M        107    9        -1  = W20_0
                     120M        105    2   F     0  = W17_8
                     120M        326   11   F    -1  = W21_7
                     120M         60    4   F    -1 != U8_7
                     120M        239    7   F    -1 != W14_4
                     120M        144   15   F    -1 != V14_2
                     120M         96    5         0  = U12_4
                     120M        105    8        -1  = W14_0
                     120M        106   18   F    -1  = U12_4
                     120M        106   20   F    -1  = V16_1
                     120M        105   16   F    -1  = U0_8
                     120M        106   12            -
                     120M        101   10         0 != V13_0
                     120M        107   14   F    -1  = W6_8
                     130M        331   19        -1 != W14_8
 ! Time = 7381.59s, Memory usage = 124.7 MB
 !               Branches  Non-fixed    W       Branch decision
                     130M        113    1         0  = U4_2
                     120M        105    3   F     0  = U20_3
                     130M        111    9         0 != W5_5
                     130M         76    6        -1  = V3_8
                     130M        174   13         0 != W17_1
                     130M        133   17        -1  = V1_5
                     130M         93    2         1 != V17_1
                     130M         67    4         1  = V6_0
                     130M        330   11   F     0  = U21_6
                     130M        150   15         0  = V20_5
                     130M        160    7   F     0  = U9_4
                     130M         83    5   F    -1  = W14_8
                     130M        111    8        -1  = V19_0
                     130M        108   18   F    -1 != V20_0
                     130M        107   20            -
                     130M        107   16   F    -1 != W2_2
                     130M        108   12   F        -
                     130M        108   10         0  = U21_4
                     130M         88    3   F     1  = U6_2
                     140M         98    1   F     0  = W8_5
 ! Time = 7944.28s, Memory usage = 124.7 MB
 !               Branches  Non-fixed    W       Branch decision
                     140M        340   19   F    -1  = U15_5
                     130M        108   14   F     0  = W11_4
                     140M        138   13   F     0  = W3_3
                     140M        107    9   F    -1  = V12_7
                     140M         71    6        -1 != W12_8
                     140M        118   17        -1  = V3_6
                     140M         55    4        -1 != W0_7
                     140M         93    2   F     0 != V13_3
                     140M        348   11        -1 != V22_4
                     140M        154    7         1 != U5_2
                     140M        115   15         1 != U12_6
                     140M         98    5         1 != W1_8
                     140M        109    8        -1  = V18_3
                     140M        106   18        -1  = V13_4
                     140M        106   12   F    -1 != U0_5
                     140M        108   20         0 != V22_0
                     140M        108   16         1 != V8_1
                     140M        154    3         0 != U4_5
                     150M        101    1   F     0 != V21_7
                     150M        364   19         0  = W0_8
 ! Time = 8536.59s, Memory usage = 124.7 MB
 !               Branches  Non-fixed    W       Branch decision
                     140M        106   10            -
                     150M        167   13        -1  = W0_2
                     140M        108   14   F    -1  = W16_8
                     150M        106    9   F    -1 != W10_8
                     150M         40    6         0 != W8_0
                     150M        107   17   F     0  = U21_0
                     150M         53    4   F     0 != U2_3
                     150M         93    2         0  = U9_8
                     150M        373   11   F     0  = U11_6
                     150M        154    7         0 != W9_1
                     150M        159   15   F    -1  = U5_6
                     150M         80    5         0 != V19_5
                     150M        106    8        -1  = W9_3
                     150M        150    3        -1 != U16_1
                     150M        106   18        -1 != V4_4
                     150M        109   12         1 != U7_7
                     160M        111    1         1 != V18_7
                     150M        110   16            -
                     160M        348   19         1 != U11_4
                     150M        107   20         1  = U9_1
 ! Time = 9112.73s, Memory usage = 124.7 MB
 !               Branches  Non-fixed    W       Branch decision
                     160M        147   13         0  = V5_3
                     150M        107   10   F    -1 != W5_6
                     150M        106   14        -1  = U14_1
                     160M         39    6        -1  = U5_2
                     160M        101    9        -1  = V6_5
                     160M         54    4   F     1  = W12_8
                     160M         89   17   F     0  = V21_2
                     160M         92    2         1  = V14_3
                     160M        348   11         1 != W7_2
                     160M        108   15   F    -1 != W22_6
                     160M        146    7   F     1  = V2_1
                     160M         98    5   F    -1 != W11_1
                     170M        386   19         0  = U17_4
                     170M        121    1   F     0 != V2_1
                     160M        109    8   F        -
                     160M        144    3         1 != V20_4
                     160M        109   18   F     0  = W12_4
                     160M        111   12   F    -1  = W2_1
                     160M        110   16   F    -1  = V13_1
                     160M        105   20         0  = V22_7
 ! Time = 9753.19s, Memory usage = 124.7 MB
 !               Branches  Non-fixed    W       Branch decision
                     160M        108   10         1 != W1_2
                     170M        148   13   F     1  = U9_4
                     160M        106   14        -1  = U2_0
                     170M         58    4   F     0  = V15_0
                     170M         91   17        -1  = V15_1
                     170M        119    9         0 != V14_5
                     170M         40    6         0  = W4_0
                     170M        363   11   F    -1  = W20_7
                     170M         91    2   F    -1 != U20_7
                     170M        147   15         0  = U10_4
                     170M        162    7   F    -1 != V20_1
                     170M        113    5        -1  = V16_1
                     180M        348   19         0  = U7_0
                     170M        138    3        -1 != W19_6
                     180M        112    1   F     1 != W8_8
                     170M        109    8         1 != V19_6
                     170M        108   12        -1 != V16_7
                     170M        105   18   F    -1  = V10_0
                     170M        106   20         0 != V20_4
                     170M        107   16         0 != U14_1
 ! Time = 10316.41s, Memory usage = 124.7 MB
 !               Branches  Non-fixed    W       Branch decision
                     180M        149   13   F    -1  = W3_1
                     170M        109   10   F     1 != W21_6
                     180M        108   17         1  = U12_6
                     180M         41    6   F     1  = U19_2
                     180M         50    4   F     0 != W14_8
                     170M        106   14         1 != U15_7
                     180M        348   11   F    -1  = W20_4
                     180M        107    9   F    -1  = W13_7
                     180M         88    2   F    -1  = W3_4
                     180M        143   15   F     0  = U17_6
                     180M        175    7   F    -1 != W6_1
                     180M         81    5        -1 != W16_8
                     190M        310   19         1  = V6_0
                     180M        125    3   F     1 != V11_6
                     190M        121    1   F    -1 != W5_8
                     180M        107    8         0 != V21_3
                     190M         37    6         0 != V12_5
                     190M        146   13   F     1 != V18_2
                     180M        110   12   F    -1 != W0_1
                     180M        111   18         0  = V8_8
 ! Time = 10911.77s, Memory usage = 124.7 MB
 !               Branches  Non-fixed    W       Branch decision
                     180M        107   20   F     1  = W7_3
                     180M        107   16   F     1  = V20_1
                     190M        253   11   F     0  = V11_5
                     190M         95    9   F     1  = W17_3
                     180M        108   10   F    -1  = W10_6
                     190M         98   17         1  = U5_7
                     190M         51    4   F     1 != W18_3
                     180M        104   14   F     1 != W5_8
                     190M         65    2         0 != W18_8
                     190M         89   15   F    -1 != U16_8
                     190M         83    5        -1  = V18_2
                     200M        358   19        -1 != W11_0
                     190M        141    7         1  = U14_4
                     190M        166    3   F     0  = U15_8
                     200M        118    1         0  = U0_6
                     200M         20    6   F    -1 != V10_0
                     200M        152   13        -1  = U19_1
                     200M        340   11         0  = V18_1
                     190M        109    8         1  = U4_6
                     200M        120    9   F    -1  = V3_0
 ! Time = 11498.42s, Memory usage = 124.7 MB
 !               Branches  Non-fixed    W       Branch decision
                     190M        109   12        -1  = U9_8
                     200M         48    4   F    -1  = U15_7
                     190M        112   18         0  = V18_2
                     190M        102   20        -1  = V15_3
                     190M        109   16         1  = W21_1
                     190M        108   10   F     0  = W15_5
                     190M        108   14         1 != W4_4
                     200M        137   17   F     1 != V11_1
                     200M         69    2   F     0  = V20_7
                     210M        348   19        -1 != U2_0
                     200M        190   15         0  = V18_1
                     200M         94    3   F    -1  = U19_0
                     200M         79    5         0  = W14_5
                     200M        185    7         0 != V17_1
                     210M         55    6         1  = V20_1
                     210M        121    1   F    -1 != V7_1
                     210M        171   13        -1  = U14_5
                     210M        348   11   F     0 != V10_4
                     200M        110    8         1  = V9_0
                     210M        143    9        -1  = V7_3
 ! Time = 12091.44s, Memory usage = 124.7 MB
 !               Branches  Non-fixed    W       Branch decision
                     200M        106   12   F    -1 != W11_7
                     210M         53    4         0  = V1_8
                     200M        107   18         0  = W12_2
                     200M        110   20   F    -1 != U17_5
                     200M        110   16   F     1  = U14_7
                     200M        106   10         0 != W2_5
                     210M        100   17         0 != V21_6
                     200M        103   14   F     1 != V3_6
                     210M         68    2         0 != W22_1
                     220M        358   19         1 != V17_4
                     210M        146   15         1 != U19_1
                     210M         76    5         0 != W11_2
                     220M         27    6        -1  = W9_5
                     220M        103   13   F    -1  = W15_2
                     220M        113    1         0 != U2_7
                     210M        152    3   F     1  = W19_7
                     210M        121    7        -1 != W2_8
                     220M        363   11        -1  = U14_7
                     210M        107    8         0 != V7_0
                     220M        109    9         0 != V13_5
 ! Time = 12668.38s, Memory usage = 124.7 MB
 !               Branches  Non-fixed    W       Branch decision
                     220M         65    4         0 != U9_4
                     210M        110   12        -1  = U1_4
                     210M        108   18         0 != W8_6
                     210M        107   20         1  = W6_2
                     210M        108   16         0 != W13_1
                     210M        110   10        -1  = V0_7
                     210M        108   14        -1  = U18_8
                     220M        141   17         0  = V5_4
                     220M         66    2         1 != U10_2
                     230M        382   19        -1  = V9_0
                     220M        160   15   F    -1 != V7_7
                     220M        149    5         1 != W8_1
                     220M         84    3         1  = W10_4
                     230M        179   13         1  = U3_4
                     230M        118    1   F    -1 != W10_5
                     230M        348   11   F    -1  = W16_2
                     230M         27    6         0  = U13_2
                     230M         60    4         0  = V12_5
                     220M        109    8         1  = U22_7
                     230M        109    9   F     0 != U9_0
 ! Time = 13244.09s, Memory usage = 124.7 MB
 !               Branches  Non-fixed    W       Branch decision
                     220M        107   12         1  = W5_0
                     220M        107   18         0 != V0_4
                     220M        108   20   F     0  = U9_5
                     220M        110   16         1 != U12_5
                     220M        107   10         0  = W14_2
                     220M        126    7   F    -1 != W10_2
                     230M         65    2         0 != U7_8
                     220M        107   14   F     1  = W20_5
                     230M        247   15   F    -1 != V12_8
                     240M        348   19   F     0  = V21_4
                     230M        120   17         0  = U7_6
                     230M        119    3        -1 != U7_1
                     240M        108    1         0  = U5_6
                     230M        182    5        -1  = V18_2
                     240M        186   13         1 != V13_2
                     240M        330   11         1 != V0_7
                     240M         67    6         0  = W16_2
                     240M         57    4         0 != W0_2
                     230M        108    8   F     1 != V2_0
                     240M         99    9         1 != W8_6
 ! Time = 13850.88s, Memory usage = 124.7 MB
 !               Branches  Non-fixed    W       Branch decision
                     230M        109   12         1  = V0_0
                     230M        106   18   F    -1 != V15_7
                     230M        106   20   F    -1 != V20_6
                     230M        106   16        -1  = U17_0
                     230M        183    7        -1 != U2_8
                     240M         66    2   F     0 != U21_6
                     230M        108   10         0  = V5_3
                     230M        108   14   F    -1  = V5_1
                     250M        379   19        -1 != W0_8
                     240M        123   17        -1 != U12_7
                     240M        149   15        -1  = W13_3
                     250M        135    1         1  = W14_7
                     250M        171   13        -1  = W5_3
                     240M        152    3   F     1 != U2_1
                     240M        111    5         0 != U9_0
                     250M        321   11   F     0 != V14_6
                     250M        136    6   F    -1 != V18_0
                     250M         77    4        -1 != V15_6
                     250M        152    9         1 != V8_8
                     240M        105    8        -1  = W12_4
 ! Time = 14421.62s, Memory usage = 124.7 MB
 !               Branches  Non-fixed    W       Branch decision
                     240M        111   12   F     1  = U18_4
                     240M        106   20        -1  = U3_5
                     240M        104   18        -1  = V7_7
                     240M        109   16   F     1  = U3_3
                     240M        105   10         1 != V19_5
                     250M        236   15         1  = U8_4
                     240M        105   14         1  = U6_3
                     250M         60    2        -1  = W10_7
                     260M        390   19         0 != U18_3
                     260M        111    1         0 != U13_3
                     240M        143    7        -1  = U9_0
                     250M         90   17        -1 != U13_0
                     260M        305   11   F     1 != U10_2
                     260M        110   13   F     1  = W16_4
                     250M        170    3        -1 != V19_1
                     250M         75    5         0  = V1_6
                     260M         66    4   F    -1 != V16_2
                     260M        128    9         0  = V1_1
                     260M         24    6         1  = V22_8
                     250M        111    8   F    -1  = V14_8
 ! Time = 15005.83s, Memory usage = 124.7 MB
 !               Branches  Non-fixed    W       Branch decision
                     250M        109   12         1 != W8_1
                     250M        106   18         0  = W17_5
                     250M        109   20   F    -1  = V13_4
                     250M        107   16   F    -1  = W5_8
                     260M        208   15        -1  = V16_8
                     270M        348   19   F    -1  = U19_0
                     250M        109   10        -1 != U13_1
                     270M        104    1   F     1 != U21_7
                     250M        108   14   F     1  = V4_6
                     260M        189    2   F     1  = U1_0
                     260M         84    3         0 != U20_7
                     260M         97   17        -1 != W22_1
                     270M        169   13        -1  = V14_0
                     260M         98    5   F    -1 != W21_1
                     270M        305   11         0  = W15_4
                     270M         81    4         0  = V20_8
                     270M        109    9         1 != U6_7
                     250M        137    7   F     0 != V11_4
                     270M         89    6         0 != V13_6
                     260M        108    8        -1  = U11_2
 ! Time = 15580.98s, Memory usage = 124.7 MB
 !               Branches  Non-fixed    W       Branch decision
                     270M        159   15   F    -1  = W9_7
                     260M        111   12   F    -1 != U2_0
                     260M        106   18        -1  = U18_5
                     260M        109   20   F    -1 != U15_3
                     260M        107   16        -1  = V22_1
                     280M        367   19   F     1  = V15_5
                     280M        106    1   F     1 != U2_0
                     260M        111   10   F     0 != V11_1
                     260M        109   14         0  = V18_0
                     280M        146   13        -1  = V14_1
                     270M         85   17         0  = W21_1
                     270M         61    2         0  = V13_4
                     270M        152    3   F     1 != U7_1
                     270M        124    5         0 != V19_2
                     280M        131    9   F    -1  = W22_2
                     280M        112    4         0  = V11_7
                     280M        371   11   F     1 != V10_5
                     280M         20    6        -1  = U4_5
                     260M        179    7   F    -1 != W15_1
                     270M        105    8        -1  = W13_6
 ! Time = 16215.23s, Memory usage = 124.7 MB
 !               Branches  Non-fixed    W       Branch decision
                     280M        150   15         0  = W14_0
                     270M        109   12         1  = U3_7
                     290M        120    1         0 != U19_6
                     270M        108   20         0 != W19_7
                     270M        106   18         1 != V20_0
                     270M        107   16   F    -1  = V11_2
                     290M        359   19         1 != V17_4
                     270M        107   10        -1  = V18_4
                     290M        193   13   F    -1  = V3_1
                     270M        107   14   F    -1 != V9_1
                     280M         62    2         0 != W1_2
                     280M         90   17   F     0  = W21_7
                     280M        155    5   F    -1  = W13_2
                     280M        156    3   F     1 != W5_7
                     290M         56    4   F    -1  = W6_6
                     290M        105    9        -1  = W21_7
                     290M        363   11        -1 != V15_4
                     290M         20    6        -1  = U0_1
                     290M        207   15   F    -1  = W16_7
                     300M        115    1         0 != W21_5
 ! Time = 16773.65s, Memory usage = 124.7 MB
 !               Branches  Non-fixed    W       Branch decision
                     280M        108    8        -1 != V14_0
                     270M        180    7         0  = V19_1
                     280M        108   12   F     1  = V5_7
                     280M        107   18         1 != W0_2
                     280M        106   20        -1  = W8_0
                     280M        110   16        -1  = U0_0
                     300M        378   19         0  = U5_5
                     280M        111   10         0  = U1_4
                     300M        157   13   F     0 != V22_4
                     290M         57    2   F     1 != W11_1
                     280M        111   14            -
                     290M         84   17   F     0  = W3_1
                     290M        187    3         0 != V16_0
                     290M        129    5        -1 != W16_0
                     300M         67    4        -1  = W15_6
                     300M        329   11   F    -1  = V20_0
                     300M         37    6   F     0  = V5_3
                     300M        102    9         0  = U19_8
                     300M        189   15   F    -1 != V10_8
                     280M         81    7   F    -1 != W20_3
 ! Time = 17279.16s, Memory usage = 124.7 MB
 !               Branches  Non-fixed    W       Branch decision
                     310M        118    1   F     1 != U9_1
                     290M        108    8         1  = U7_1
                     310M        348   19   F     1 != U9_3
                     290M        108   12         1  = W2_2
                     290M        110   18   F     1 != V12_0
                     290M        105   20        -1 != V2_7
                     290M        109   16            -
                     300M        126    3        -1 != W17_3
                     290M         93   10   F     0 != U13_4
                     300M         58    2   F     0  = U2_7
                     310M        187   13   F     0 != V1_1
                     290M        108   14         0 != V7_1
                     300M        164    5   F     1  = W19_8
                     300M         98   17         0 != V9_3
                     310M        279   11   F    -1  = U2_6
                     310M        160   15   F     0  = V4_8
                     310M         65    4   F     0  = V7_6
                     310M        108    9   F    -1 != U10_2
                     310M         29    6         0 != V9_8
                     320M        123    1         0  = V22_8
 ! Time = 17831.79s, Memory usage = 124.7 MB
 !               Branches  Non-fixed    W       Branch decision
                     320M        401   19        -1  = U7_3
                     300M        100    8   F     0  = U17_4
                     300M        105   12         0 != U13_4
                     290M        142    7        -1 != V17_4
                     300M        109   18        -1  = V8_5
                     300M        107   20   F        -
                     300M        107   16        -1 != V18_8
                     320M        141   13        -1 != V17_3
                     300M        108   10        -1  = V14_3
                     300M        106   14   F    -1  = U4_5
                     310M         63    2         1  = V2_2
                     310M        144    5         1 != U13_0
                     310M         98   17         0 != U4_0
                     320M        352   11   F     1 != W19_4
                     310M        160    3        -1  = U22_3
                     320M        152   15         1 != V4_5
                     320M         62    4   F     0 != W9_0
                     330M        112    1         0  = W10_1
                     320M        109    9         1 != U4_7
                     320M         41    6   F     0  = V13_5
 ! Time = 18454.34s, Memory usage = 124.7 MB
 !               Branches  Non-fixed    W       Branch decision
                     330M        407   19         0 != U6_4
                     310M        111    8   F    -1  = V22_3
                     300M        217    7         1  = U2_1
                     310M        106   12         0 != W19_4
                     310M        108   18         1 != V1_1
                     310M        106   20         1  = W6_2
                     310M        106   16        -1 != W7_1
                     330M        187   13         1  = W7_2
                     310M        108   10        -1  = V7_4
                     320M        186    5         0  = W19_8
                     320M        138   17         0 != W21_2
                     310M        107   14         0 != V1_4
                     330M        155   15   F    -1  = V7_6
                     320M         59    2         0 != U7_1
                     330M         79    4         1 != W17_7
                     330M        315   11        -1 != U5_8
                     340M        115    1   F     0  = V8_8
                     330M         33    6        -1 != W6_1
                     320M        151    3   F    -1 != U17_3
                     340M        305   19   F    -1 != V6_1
 ! Time = 19060.24s, Memory usage = 124.7 MB
 !               Branches  Non-fixed    W       Branch decision
                     330M        115    9         0  = U0_7
                     310M        116    7         0  = U22_8
                     320M        106    8   F    -1  = U13_7
                     320M        109   12         0  = V14_6
                     320M        109   18         0 != V2_1
                     320M        105   20         1  = V11_4
                     320M        109   16         0  = U2_1
                     340M        155   15        -1  = V22_6
                     330M        144    5   F     0  = W14_3
                     340M        158   13         0 != U13_4
                     340M         69    4   F     0  = U1_1
                     330M         64    2   F    -1  = V20_3
                     330M         96   17   F    -1 != U0_0
                     320M        106   10         0 != U2_4
                     340M        312   11   F     0  = V6_7
                     320M        108   14   F     0  = V4_3
                     350M        107    1         1  = W5_4
                     340M         49    6   F     0  = W12_5
                     350M        306   19   F     0  = U19_3
                     330M        225    3        -1 != V10_5
 ! Time = 19626.29s, Memory usage = 124.7 MB
 !               Branches  Non-fixed    W       Branch decision
                     340M        109    9   F     0 != U15_8
                     320M        160    7        -1 != V6_4
                     330M        107    8         1  = U13_8
                     350M        156   15         0 != V18_1
                     330M        109   12         1  = W16_1
                     340M         73    5        -1  = W9_3
                     330M        102   18         0  = U17_2
                     330M        107   20   F    -1 != W20_3
                     330M        111   16   F     0  = V10_1
                     350M        348   11         0 != W9_2
                     350M        189   13   F     1  = U3_1
                     350M         69    4   F     1 != W13_0
                     340M         84   17        -1 != U6_5
                     360M        103    1         0  = V18_3
                     340M         58    2   F     0  = V12_2
                     330M        102   10         0  = W9_1
                     330M        105   14   F    -1 != W10_4
                     340M        203    3   F    -1 != W10_5
                     360M        348   19   F     0 != V15_1
                     350M        132    9         0  = W9_2
 ! Time = 20193.32s, Memory usage = 124.7 MB
 !               Branches  Non-fixed    W       Branch decision
                     350M         19    6        -1  = V18_3
                     330M        149    7        -1 != U3_6
                     360M        125   15        -1  = V12_6
                     340M        108    8   F    -1  = W15_0
                     350M        129    5         0 != V15_1
                     340M        110   12   F    -1 != V17_7
                     360M        187   13         1  = W7_1
                     360M        371   11         1 != W8_2
                     350M        142   17   F     1  = V13_8
                     340M        111   18        -1  = U18_6
                     340M        108   16         0  = V4_1
                     370M        107    1         1  = V17_0
                     340M         99   20         0 != V18_6
                     360M         81    4         0  = V16_1
                     350M         57    2         0  = U20_6
                     340M        107   10   F    -1  = V4_3
                     340M        108   14         1  = W7_0
                     360M        125    9         0  = U3_1
                     350M        152    3   F     1 != U10_3
                     370M        338   19   F     1  = V6_5
 ! Time = 20798.81s, Memory usage = 124.7 MB
 !               Branches  Non-fixed    W       Branch decision
                     340M        220    7   F    -1  = W10_8
                     360M         16    6        -1  = V11_5
                     360M        124    5         0  = W16_0
                     350M        110    8        -1 != W1_6
                     370M        177   13   F     1  = V5_5
                     360M        144   17         1 != V18_3
                     350M        107   12   F     1  = V17_4
                     380M        102    1   F     0  = V7_8
                     370M        154   15         1  = V22_2
                     350M        108   18        -1  = W13_7
                     350M        107   16        -1  = W1_4
                     360M         72    2   F     0  = W17_7
                     350M        109   20   F    -1  = W0_3
                     370M         53    4   F     0  = V14_5
                     350M        108   10        -1  = V5_0
                     370M        313   11   F    -1 != V14_1
                     350M        109   14         1  = V5_0
                     370M         98    9         1  = W7_2
                     350M        185    7         0 != W14_8
                     360M        142    3         0  = W2_2
 ! Time = 21357.30s, Memory usage = 124.7 MB
 !               Branches  Non-fixed    W       Branch decision
                     380M        342   19         1 != W6_2
                     370M        119    5         0 != V8_5
                     380M         99   13         0 != W15_7
                     370M         52    6        -1 != W8_2
                     360M        104    8   F    -1 != V20_1
                     390M        116    1         0 != U7_3
                     360M        108   12   F     0 != W6_2
                     370M        139   17   F    -1 != U14_8
                     380M        166   15   F     0 != V21_6
                     360M        106   18         0 != V10_4
                     380M         45    4   F     1 != U9_6
                     360M        106   16   F     0  = W17_4
                     370M         63    2         0 != V14_8
                     360M        106   20        -1  = V14_8
                     380M         97    9   F     1  = U16_4
                     360M        163    7   F     1  = W6_8
                     360M        110   10        -1 != W0_6
                     360M        101   14        -1  = V1_8
                     370M        232    3   F     0  = W4_5
                     390M        317   19   F     0  = V9_4
 ! Time = 21955.96s, Memory usage = 124.7 MB
 !               Branches  Non-fixed    W       Branch decision
                     380M         92    5         1 != W20_8
                     390M        119   13        -1 != U1_1
                     380M        320   11   F    -1  = V2_4
                     380M         19    6         0 != V21_3
                     400M        108    1         1  = W14_5
                     370M        109    8   F     0  = W13_4
                     390M        178   15   F     0 != V19_1
                     370M        108   12        -1  = U17_6
                     380M         57    2   F    -1 != W19_6
                     370M        111   18   F     0  = W5_2
                     380M         86   17         0 != U9_0
                     390M         40    4   F    -1 != U6_3
                     370M        106   16         1  = V7_6
                     370M        110   20        -1 != W9_2
                     380M        180    3   F    -1 != V15_5
                     390M        111    9   F     0  = W6_0
                     370M        156    7         0 != V16_5
                     370M        109   10         1 != V20_5
                     370M        105   14         0 != V9_6
                     390M        146    5   F     1  = U6_4
 ! Time = 22498.32s, Memory usage = 124.7 MB
 !               Branches  Non-fixed    W       Branch decision
                     400M        362   19   F     0  = W13_3
                     400M        157   13   F    -1 != U1_2
                     390M         19    6         0 != U0_7
                     410M        119    1   F    -1 != W4_0
                     400M        122   15   F    -1 != V22_6
                     390M        348   11        -1 != V18_1
                     380M        106    8   F    -1  = V5_3
                     390M        102   17         1 != U11_5
                     380M        107   12         1 != U15_3
                     390M         65    2   F     1 != W7_1
                     400M         46    4         0  = U5_6
                     380M        107   18        -1  = V2_0
                     390M        169    3         1  = U18_1
                     380M        103   16         1 != W2_1
                     380M        117    7   F     0  = W14_8
                     380M        106   20   F     0  = W6_5
                     400M        132    9   F    -1  = V1_4
                     380M        108   10        -1  = V2_2
                     380M        108   14   F    -1  = V10_0
                     410M        348   19         0  = V16_4
 ! Time = 23021.24s, Memory usage = 124.7 MB
 !               Branches  Non-fixed    W       Branch decision
                     400M         18    6         0 != U15_3
                     420M        104    1   F    -1 != W6_1
                     400M        348   11   F    -1  = U14_2
                     400M         83    5        -1  = U3_6
                     410M        110   13        -1  = V16_1
                     390M        109    8   F     0 != V11_6
                     400M        287    3        -1 != U12_1
                     410M         63    4         1 != V19_6
                     400M         57    2   F     0  = V1_3
                     390M        108   12         1 != U8_5
                     410M        134   15   F    -1  = V19_3
                     390M        107   18        -1  = V9_4
                     410M        133    9        -1  = U15_8
                     390M        107   16        -1 != W3_6
                     400M        134   17        -1  = V5_2
                     390M        143    7   F    -1 != V1_2
                     390M        107   20   F    -1  = V20_1
                     420M        358   19         1  = U19_0
                     390M        108   10   F     0  = U19_0
                     390M        105   14         0 != W15_0
 ! Time = 23639.53s, Memory usage = 124.7 MB
 !               Branches  Non-fixed    W       Branch decision
                     430M        106    1        -1 != V6_1
                     410M         24    6   F     0 != W2_5
                     410M        124    5         0  = V7_0
                     410M        379   11        -1 != U7_3
                     420M        139   13         0 != W4_1
                     410M        217    3        -1  = U9_1
                     400M        101    8        -1  = V2_1
                     420M         63    4   F    -1  = V12_6
                     410M         58    2   F    -1  = U19_2
                     400M        110   12        -1 != W6_0
                     410M        133   17         1  = V10_6
                     420M        107    9   F     0  = U5_1
                     400M        109   18        -1  = V15_4
                     400M        107   16   F     0 != U13_4
                     400M        110   20   F    -1 != W8_1
                     420M        140   15   F     1 != V4_4
                     430M        338   19   F    -1 != U14_0
                     400M        107   10   F        -
                     440M        122    1        -1  = U15_6
                     400M        108   14   F    -1 != W21_2
 ! Time = 24274.08s, Memory usage = 124.7 MB
 !               Branches  Non-fixed    W       Branch decision
                     420M         98    5         1  = V19_5
                     420M         34    6   F     0  = W12_2
                     420M        207    3        -1  = U8_3
                     400M        124    7         1 != W0_7
                     430M        171   13         1  = W15_3
                     410M        108    8   F    -1 != U8_6
                     420M        380   11   F    -1 != V19_0
                     430M         50    4         0 != U13_7
                     420M        127   17   F     0  = W13_1
                     430M        147    9         0  = U5_0
                     410M        106   12        -1 != V20_7
                     410M        106   18   F     1 != U22_7
                     420M         74    2   F    -1 != V9_0
                     410M        106   16         0  = V15_8
                     410M        105   20        -1 != W9_2
                     430M        191   15        -1  = U14_8
                     450M        119    1   F    -1 != W16_2
                     440M        349   19   F     0  = U9_4
                     410M        101   10        -1 != U13_3
                     430M        131    5         0  = V12_6
 ! Time = 24852.86s, Memory usage = 124.7 MB
 !               Branches  Non-fixed    W       Branch decision
                     430M        194    3        -1 != U9_1
                     410M        109   14        -1 != W12_8
                     430M         20    6   F     0  = W12_7
                     410M        131    7         0 != U22_7
                     440M        163   13         0 != U11_1
                     420M        108    8         0 != W16_4
                     440M        118    9        -1 != W20_6
                     440M         44    4   F    -1  = U8_4
                     430M        313   11   F     1 != W11_4
                     430M         55    2         0  = W11_2
                     420M        110   12        -1  = W17_8
                     430M        130   17   F     1 != V21_3
                     420M        109   18         1  = W21_6
                     440M        208   15   F     0  = U10_4
                     460M        100    1   F     0 != U3_7
                     420M        109   16   F     0  = W10_3
                     420M        108   20   F    -1 != V7_6
                     450M        355   19         1  = U6_3
                     440M        155    5         0  = W8_5
                     420M        109   10   F     0  = W3_4
 ! Time = 25439.66s, Memory usage = 124.7 MB
 !               Branches  Non-fixed    W       Branch decision
                     420M        104   14         0 != U10_3
                     440M        150    3   F     1  = W21_1
                     420M        137    7         0  = V18_1
                     440M         15    6   F     1  = V11_0
                     450M        184   13        -1  = U17_1
                     430M        109    8   F        -
                     440M         54    2         0  = V9_5
                     450M         49    4         1  = U5_7
                     450M        219   15        -1  = V17_1
                     450M        107    9         0  = U4_2
                     440M        341   11   F    -1 != U1_7
                     430M        106   12         0  = U7_0
                     470M        104    1   F     1 != V12_1
                     460M        357   19        -1  = W14_3
                     430M        109   18         0  = V17_4
                     430M        106   16   F    -1 != W7_1
                     440M        127   17   F     0  = U16_1
                     430M        109   20   F        -
                     450M        144    5        -1  = W16_5
                     430M         83    7        -1 != W2_6
 ! Time = 26015.38s, Memory usage = 124.7 MB
 !               Branches  Non-fixed    W       Branch decision
                     430M        110   10         0  = U22_3
                     430M        105   14   F        -
                     450M        146    3        -1  = U20_4
                     460M        133   13         0 != U10_5
                     450M         17    6         0  = V21_1
                     460M        147   15         0  = V14_6
                     460M        106    9         0  = V12_6
                     440M        108    8   F    -1 != V18_1
                     450M        348   11   F     0 != V19_1
                     450M         71    2   F     0 != V19_5
                     470M        348   19   F    -1  = U3_3
                     480M        121    1         0 != W18_4
                     440M        109   12         0 != U19_4
                     460M         74    4   F    -1  = W22_8
                     440M        110   18   F     0  = V18_4
                     440M        108   16         1  = V16_8
                     440M        105   20         1  = V15_5
                     460M        123    5        -1  = V15_1
                     460M        198    3         0 != U6_1
                     450M        125   17        -1  = V20_5
 ! Time = 26614.62s, Memory usage = 124.7 MB
 !               Branches  Non-fixed    W       Branch decision
                     440M        108   10   F        -
                     440M        107   14   F    -1  = V12_1
                     470M         91   13   F     1 != V14_4
                     440M        143    7         1 != W0_0
                     470M        100    9   F    -1  = W14_6
                     460M        348   11   F    -1 != V4_5
                     460M         71    2   F     0 != U18_1
                     490M        103    1         1  = W1_1
                     450M        106    8         1  = V16_3
                     460M         25    6        -1  = V15_5
                     470M        148   15   F     1 != V10_8
                     480M        360   19   F     1  = U9_0
                     450M        102   12   F     0  = U17_0
                     470M         44    4        -1 != W4_2
                     450M        104   18         1 != U19_0
                     470M         78    5   F     0  = W8_0
                     450M        108   16   F    -1 != W17_1
                     450M        107   20   F    -1 != W11_6
                     470M        163    3        -1 != U22_6
                     460M        112   17         0 != V16_2
 ! Time = 27222.56s, Memory usage = 124.7 MB
 !               Branches  Non-fixed    W       Branch decision
                     450M        109   10        -1 != W13_0
                     450M        110   14   F    -1 != W8_7
                     480M        170   13        -1  = W9_2
                     500M        105    1        -1  = W16_5
                     470M        383   11        -1 != W7_2
                     480M        105    9         0  = V19_4
                     460M        108    8        -1  = U0_7
                     490M        356   19         0  = W18_4
                     470M         57    2   F     0  = V7_7
                     470M         16    6   F    -1 != W8_6
                     460M        108   12   F    -1 != V2_1
                     450M        140    7        -1 != W11_6
                     480M         44    4         0 != V22_0
                     460M        108   18   F     1  = V1_7
                     480M         98    5         0 != V18_6
                     480M        242    3   F     0  = U18_1
                     460M        111   16         1  = W21_2
                     470M        113   17   F     0  = U0_8
                     480M        142   15   F    -1  = W10_0
                     460M        107   20   F    -1  = U5_3
 ! Time = 27771.47s, Memory usage = 124.7 MB
 !               Branches  Non-fixed    W       Branch decision
                     490M        169   13         1  = U19_4
                     460M        102   10   F     0  = V2_1
                     460M        110   14   F     1 != U4_1
                     510M         99    1         1 != V1_2
                     480M        271   11         1 != W14_4
                     470M        107    8        -1 != W5_4
                     480M         59    2         0  = V18_2
                     500M        365   19   F    -1 != V11_0
                     480M         21    6   F     0 != U6_1
                     490M        245    3        -1  = U6_1
                     470M        108   12   F    -1  = U4_4
                     490M         71    5   F    -1 != V0_7
                     490M         95    4         0  = V18_2
                     460M        223    7   F    -1  = W3_6
                     470M        110   18         0  = V13_7
                     490M        152    9   F    -1 != V0_3
                     480M        116   17         0  = V13_6
                     470M        109   16   F     0  = V0_8
                     470M        107   20        -1  = W4_0
                     490M        193   15   F     1 != U16_2
 ! Time = 28414.70s, Memory usage = 124.7 MB
 !               Branches  Non-fixed    W       Branch decision
                     520M         99    1        -1  = V5_3
                     500M        169   13   F     0  = U10_2
                     490M        285   11        -1 != V5_7
                     470M        109   10   F        -
                     470M        105   14         0 != V7_4
                     490M         54    2        -1  = U13_0
                     480M        108    8   F    -1  = V15_0
                     500M        152    3        -1 != U3_1
                     500M         75    5   F     0  = W5_1
                     490M         20    6   F     1 != U18_1
                     510M        349   19         0 != V2_4
                     490M        128   17   F     0 != W0_1
                     480M        111   12   F     1 != U16_2
                     480M        105   18         1 != U1_0
                     500M         97    9         0  = U9_6
                     500M         46    4         1 != U10_3
                     480M        108   16   F     0 != W16_6
                     480M        101   20   F    -1  = W12_2
                     500M        338   11         0  = W21_7
                     500M        187   15   F    -1  = U0_2
 ! Time = 28936.59s, Memory usage = 124.7 MB
 !               Branches  Non-fixed    W       Branch decision
                     530M         99    1         1  = U13_6
                     510M        114   13   F    -1  = U17_3
                     480M        104   10            -
                     470M        255    7         0  = V15_1
                     480M        107   14        -1  = U20_5
                     500M         64    2   F     0 != V17_5
                     510M        136    3        -1 != W21_5
                     510M         93    5         0 != W21_1
                     490M        108    8            -
                     500M         22    6   F     1  = W14_4
                     500M         95   17         0 != V19_1
                     490M        107   12   F     1  = V3_7
                     510M         58    4   F     1  = W18_5
                     490M        106   18         1 != W10_1
                     510M        348   11        -1 != V20_1
                     510M        144   15         0 != V7_6
                     520M        337   19   F     1  = U17_0
                     490M        105   16   F    -1 != W5_8
                     520M        166   13         1  = W8_0
                     510M        175    9   F     1  = W8_7
 ! Time = 29478.15s, Memory usage = 124.7 MB
 !               Branches  Non-fixed    W       Branch decision
                     540M        105    1        -1 != U17_0
                     490M        105   20   F    -1 != V7_6
                     480M        201    7   F    -1 != W6_0
                     510M         66    2        -1 != U14_2
                     490M        109   10        -1  = U5_8
                     490M        108   14        -1  = U22_8
                     520M        129    3        -1 != U3_6
                     520M         99    5   F     0  = U13_1
                     510M         17    6   F     0  = V16_7
                     500M        108    8        -1  = U6_7
                     510M         99   17   F     0  = V19_4
                     520M         52    4   F     0  = V16_2
                     520M        217   15   F     0 != V14_6
                     520M        281   11         0 != U9_8
                     500M        108   12         0 != U1_2
                     500M        107   18        -1 != W6_2
                     520M        120    9         0 != W7_6
                     530M        132   13         0  = U20_4
                     550M        112    1   F     0 != V14_5
                     500M        108   16        -1 != V12_6
 ! Time = 30058.32s, Memory usage = 124.7 MB
 !               Branches  Non-fixed    W       Branch decision
                     500M        106   20         0 != U22_3
                     520M         84    2         1  = W22_4
                     530M        338   19        -1  = V18_4
                     490M        160    7   F    -1  = U4_7
                     500M        102   10        -1 != U14_7
                     500M        107   14        -1  = U8_0
                     530M        118    5         1  = V5_2
                     520M         20    6         0  = U16_1
                     530M        139    3   F     1  = U14_6
                     510M        106    8        -1  = V2_5
                     520M        100   17        -1  = V16_7
                     530M         57    4         1  = W15_6
                     530M        318   11        -1  = W0_7
                     530M        102    9         0 != V22_0
                     510M         96   12        -1  = W1_7
                     540M        170   13         1 != V7_6
                     510M        109   18        -1  = W11_4
                     530M        149   15   F     1  = U0_4
                     560M        136    1        -1  = V15_4
                     510M        103   16   F    -1 != V13_1
 ! Time = 30706.52s, Memory usage = 124.7 MB
 !               Branches  Non-fixed    W       Branch decision
                     530M         60    2   F     1 != U21_1
                     510M        108   20        -1  = U14_5
                     540M        341   19   F     0  = W10_3
                     500M        148    7        -1 != W20_2
                     510M        107   10   F     0  = V9_8
                     510M        105   14         1  = U0_2
                     540M        159    5   F     0  = V6_6
                     530M         17    6         0  = U16_1
                     540M        157    3        -1  = V18_0
                     530M         80   17   F     0  = V0_6
                     520M        105    8        -1 != W2_8
                     540M        391   11         1 != W15_2
                     540M         54    4         0 != W9_3
                     540M        101    9        -1  = U10_6
                     550M        130   13        -1 != V13_1
                     520M        111   12   F     1  = W22_1
                     520M        109   18        -1  = V11_1
                     570M        110    1         0 != U15_0
                     550M        348   19   F     0 != V16_1
                     520M        107   16   F     1 != W6_1
 ! Time = 31329.09s, Memory usage = 124.7 MB
 !               Branches  Non-fixed    W       Branch decision
                     540M         56    2         0  = W5_7
                     520M        110   20        -1 != W1_5
                     540M        139   15         1 != W20_6
                     540M         15    6         1  = U14_0
                     520M        108   10   F     0  = V7_4
                     550M         73    5        -1 != W6_3
                     520M        103   14         0 != W9_4
                     550M        200    3   F    -1  = V0_0
                     540M        125   17         1  = W10_8
                     530M        107    8        -1  = U7_4
                     550M        124    9         0  = V6_6
                     510M        149    7   F     1  = V0_6
                     550M        234   11         1 != W2_1
                     550M         53    4         0 != W22_3
                     560M        120   13   F    -1  = V5_1
                     580M        110    1   F     1 != U5_4
                     530M        109   12         0 != U11_5
                     530M        109   18         1 != U8_4
                     550M         57    2        -1 != U22_0
                     560M        348   19   F    -1 != U11_3
 ! Time = 31858.28s, Memory usage = 124.7 MB
 !               Branches  Non-fixed    W       Branch decision
                     530M        110   16   F    -1  = U3_0
                     530M        104   20        -1  = W10_6
                     550M        195   15         0  = V8_6
                     560M        107    5         1 != W10_2
                     560M        272    3   F    -1 != V19_1
                     550M         36    6         0  = V12_1
                     530M        106   10   F    -1  = W6_7
                     530M        106   14        -1  = W18_8
                     540M        111    8         1  = W3_3
                     560M        136    9   F     0  = W0_0
                     560M         54    4   F     0  = U18_4
                     550M         92   17   F     1  = U11_5
                     560M        326   11        -1  = W7_7
                     570M        152   13   F     0  = W2_0
                     590M        100    1   F    -1 != V16_1
                     560M         55    2        -1  = U17_7
                     540M        110   12         0  = V15_1
                     540M        104   18        -1 != V13_1
                     570M        394   19        -1  = V0_5
                     520M        152    7   F     0  = W13_1
 ! Time = 32464.43s, Memory usage = 124.7 MB
 !               Branches  Non-fixed    W       Branch decision
                     540M        108   16        -1 != U9_0
                     540M        108   20   F     1 != W0_5
                     570M        122    5        -1  = V22_2
                     560M        202   15   F     0  = U6_8
                     570M         90    3         0  = W2_4
                     560M         53    6   F    -1  = U4_3
                     540M        110   10   F     0  = U4_4
                     540M        105   14   F    -1  = V13_0
                     580M        177   13   F    -1 != W8_4
                     600M        115    1        -1 != U19_0
                     550M        103    8        -1  = W18_2
                     570M         43    4   F    -1  = W11_2
                     570M        338   11        -1  = W11_7
                     570M         85    2         1 != V19_4
                     570M        108    9         1 != V10_4
                     580M        355   19   F     1  = U12_5
                     560M        109   17   F     0  = U9_5
                     550M        108   12        -1  = W20_1
                     550M        104   18         0 != W3_6
                     580M         84    5   F    -1 != W20_3
 ! Time = 33064.00s, Memory usage = 124.7 MB
 !               Branches  Non-fixed    W       Branch decision
                     550M        110   16        -1  = W12_8
                     530M        237    7         1  = V16_6
                     570M        153   15         0  = V1_6
                     550M        107   20         0 != U14_0
                     580M        121    3   F    -1 != V8_7
                     570M         19    6         1  = W6_5
                     550M        108   10   F    -1 != U19_0
                     550M        106   14         0  = V17_2
                     610M         99    1   F    -1 != W13_1
                     580M         39    4   F    -1  = W6_6
                     580M        340   11   F     0  = U11_2
                     590M        132   13   F    -1  = U17_2
                     560M        108    8         0  = U10_7
                     590M        329   19         0 != U20_5
                     580M         61    2         1  = V4_4
                     580M        109    9        -1  = W1_2
                     560M        111   12        -1 != U15_6
                     560M        107   18   F     0  = V22_4
                     540M        183    7   F    -1 != V14_1
                     580M        217   15   F     0  = V7_6
 ! Time = 33553.75s, Memory usage = 124.7 MB
 !               Branches  Non-fixed    W       Branch decision
                     570M         85   17        -1 != U3_0
                     590M         96    5   F    -1 != V13_2
                     560M        107   16   F     0 != W18_3
                     560M        104   20        -1  = U20_3
                     590M        122    3        -1 != U13_2
                     580M         15    6   F     1  = W6_5
                     620M        113    1         0  = V11_5
                     590M         38    4        -1  = W10_3
                     560M        107   10         0 != W18_0
                     560M        106   14        -1  = U3_6
                     590M        325   11         0 != U5_3
                     600M         94   13         0  = U0_4
                     570M        110    8        -1  = U20_6
                     590M         58    2   F     0 != W19_1
                     600M        354   19         0  = V9_4
                     590M        111    9   F     0 != V21_4
                     550M         95    7        -1  = U9_6
                     600M        113    5         0 != U5_2
                     570M        103   12   F    -1  = W5_7
                     570M        109   18   F    -1  = W14_1
 ! Time = 34166.24s, Memory usage = 124.7 MB
 !               Branches  Non-fixed    W       Branch decision
                     580M         85   17   F     0  = U18_7
                     590M        149   15        -1 != U8_4
                     570M        108   16         0  = V10_1
                     600M         44    4        -1 != W11_3
                     570M        107   20        -1  = U9_6
                     630M         98    1         1 != V14_1
                     590M         21    6         0  = U11_0
                     610M        156   13        -1  = U16_1
                     600M        348   11   F    -1  = V20_1
                     570M        104   10        -1  = U1_5
                     570M        108   14   F     1 != W11_8
                     600M         60    2         0 != V19_8
                     600M        147    3   F     1 != V20_1
                     580M        107    8   F     0  = V6_0
                     600M        143    9         0 != U13_1
                     560M        194    7   F    -1  = U22_6
                     610M        367   19   F     0 != U1_3
                     590M         84   17   F     0  = U20_6
                     580M        109   12   F    -1  = W1_1
                     580M        105   18         1 != W12_6
 ! Time = 34814.82s, Memory usage = 124.7 MB
 !               Branches  Non-fixed    W       Branch decision
                     610M        154    5   F     0  = V6_5
                     610M        110    4         0 != W20_5
                     580M        108   16   F    -1 != W19_0
                     600M         18    6         0  = W16_3
                     580M        109   20   F    -1  = W21_3
                     600M        158   15   F     1  = W1_1
                     640M        102    1         0  = V16_2
                     620M        161   13        -1  = V18_1
                     610M        337   11         1 != U16_3
                     610M         57    2         0  = V5_3
                     580M        109   10   F     1 != V0_7
                     580M        108   14        -1  = V16_0
                     610M        105    9   F     0  = W22_2
                     590M        109    8   F    -1  = U11_7
                     570M        141    7   F     0 != U8_7
                     620M        348   19   F    -1  = V20_1
                     620M        147    5         0  = W21_1
                     590M        108   12         1  = W15_7
                     590M        109   18         1  = W6_1
                     600M         72   17         1 != V11_0
 ! Time = 35431.34s, Memory usage = 124.7 MB
 !               Branches  Non-fixed    W       Branch decision
                     620M        142    4   F    -1  = W19_7
                     610M        155    3         0 != W20_2
                     610M         21    6         1  = U0_2
                     590M        109   16        -1  = V3_7
                     590M        107   20         1  = W13_2
                     620M         64    2   F     1  = W10_0
                     650M        100    1   F    -1  = V18_0
                     630M        134   13   F    -1 != V17_6
                     590M        105   10        -1  = U19_8
                     610M        154   15         0 != U11_4
                     590M        107   14   F    -1  = V2_1
                     620M        112    9         0  = W6_3
                     600M        108    8         0  = W22_6
                     630M        348   19        -1 != U1_4
                     620M        369   11   F     1  = V12_4
                     630M        166    5         1  = W19_0
                     600M        108   12        -1  = U7_4
                     580M        139    7        -1 != V8_6
                     600M        108   18        -1  = V22_1
                     620M        247    3   F     0 != W5_8
 ! Time = 36013.78s, Memory usage = 124.7 MB
 !               Branches  Non-fixed    W       Branch decision
                     610M         63   17   F     1 != U19_7
                     620M         18    6        -1 != V9_3
                     630M         78    4         0 != W17_3
                     600M        109   16   F     1  = V21_1
                     660M         91    1   F     0  = W5_1
                     630M         61    2   F     0  = U6_2
                     600M        107   20         1  = U4_6
                     640M        156   13         1  = V11_5
                     630M        148    9   F     1 != U4_1
                     600M        110   10   F     0 != U16_0
                     640M        383   19        -1 != U12_5
                     600M        106   14         0  = U12_1
                     620M        165   15   F     0  = U18_4
                     610M        107    8   F    -1  = V12_1
                     630M        367   11        -1 != W5_7
                     630M        189    3         0 != W7_8
                     610M        108   12   F    -1  = U11_4
                     640M        104    5         1 != U3_5
                     610M        106   18        -1 != V10_4
                     620M         60   17   F     1 != W18_8
 ! Time = 36619.84s, Memory usage = 124.7 MB
 !               Branches  Non-fixed    W       Branch decision
                     630M         15    6   F     1 != W0_2
                     640M        147    4   F    -1 != V22_5
                     670M         99    1        -1  = W2_8
                     590M        148    7   F    -1  = U22_0
                     610M        107   16   F     1  = V7_8
                     640M         70    2        -1 != V16_8
                     610M        107   20   F     0  = U1_3
                     640M        106    9         0 != U19_1
                     650M        250   19        -1  = W13_8
                     630M        130   15        -1 != U14_4
                     650M        179   13         0  = U18_3
                     610M        108   10        -1  = W17_5
                     610M        107   14        -1 != W13_0
                     620M        111    8         0  = W18_4
                     640M        139    3   F    -1 != W16_5
                     640M        366   11   F     1  = U1_3
                     630M         54   17        -1 != W9_4
                     620M        108   12   F    -1  = U22_4
                     640M         15    6         1  = V19_2
                     650M        115    5         0  = W16_0
 ! Time = 37203.90s, Memory usage = 124.7 MB
 !               Branches  Non-fixed    W       Branch decision
                     620M        108   18            -
                     680M        123    1   F     1 != V1_8
                     650M         67    4        -1  = U0_5
                     620M        106   16   F    -1  = U19_3
                     650M        157    2   F    -1  = V2_2
                     640M        228   15        -1  = V17_1
                     660M        362   19   F     0  = V7_0
                     660M        145   13   F    -1 != W3_4
                     620M        106   20   F    -1 != W20_3
                     600M        157    7   F     1  = V17_6
                     650M        133    3   F    -1  = W8_1
                     650M        161    9   F     1  = V6_6
                     620M        106   10        -1 != V3_5
                     620M        105   14   F     1  = U0_3
                     630M        106    8         1  = V9_0
                     650M        367   11         1 != V5_0
                     640M         62   17        -1  = V3_8
                     650M         16    6   F     0 != U1_1
                     660M         81    5   F    -1  = U6_4
                     690M        116    1   F     1  = W11_5
 ! Time = 37737.72s, Memory usage = 124.7 MB
 !               Branches  Non-fixed    W       Branch decision
                     660M         68    4   F     0 != W12_5
                     630M        103   12         0 != V21_4
                     630M        109   18   F    -1  = V16_0
                     650M         77   15   F     0  = U10_3
                     630M        106   16         1  = V15_1
                     660M        145    2   F     1 != V8_3
                     670M        178   13        -1  = W5_4
                     660M         66    3   F    -1 != V12_7
                     670M        358   19   F    -1 != U17_0
                     630M        104   20        -1  = V5_2
                     610M        183    7   F     0  = W20_0
                     630M        107   10        -1  = W4_6
                     660M        147    9   F     1  = U19_8
                     630M        107   14         1  = U11_6
                     640M        107    8        -1  = W11_3
                     660M        356   11   F     1  = V2_5
                     660M         15    6   F    -1  = V10_7
                     670M         93    5         0  = U2_5
                     700M        102    1   F     0  = V10_1
                     650M         50   17   F     1  = W11_6
 ! Time = 38289.19s, Memory usage = 124.7 MB
 !               Branches  Non-fixed    W       Branch decision
                     670M        103    4   F     0  = U16_4
                     640M        110   12   F    -1 != V2_7
                     640M        109   18   F     0  = U22_4
                     660M        213   15        -1  = U14_8
                     680M        124   13        -1  = U3_1
                     670M         58    2         1  = W6_7
                     670M         81    3         0  = U4_1
                     640M        108   16   F    -1 != V18_1
                     620M        240    7         0 != W17_5
                     680M        356   19   F     1  = V0_5
                     640M        106   20   F     0  = U6_2
                     640M        105   10         1  = W15_6
                     670M        149    9   F     1 != V15_3
                     670M         15    6         0  = W12_5
                     640M        111   14         0  = W20_0
                     710M        109    1         0  = V14_1
                     650M        105    8        -1  = W15_5
                     680M        170    5   F     1  = V20_3
                     680M        104    4         1 != U5_3
                     670M        368   11         0 != W3_7
 ! Time = 38877.88s, Memory usage = 124.7 MB
 !               Branches  Non-fixed    W       Branch decision
                     660M         72   17         0 != W7_0
                     690M        160   13        -1 != V6_2
                     650M        107   12   F    -1  = U12_1
                     650M        105   18         1 != W19_6
                     680M         85    2         0  = V12_7
                     680M         78    3        -1 != W0_4
                     630M        222    7         0 != V15_1
                     650M        107   16         0 != U5_1
                     690M        350   19   F     0 != U1_5
                     650M        110   20   F    -1  = V14_7
                     670M        153   15         1 != W2_7
                     680M         15    6         0  = U3_4
                     720M         99    1         0  = W9_4
                     650M        108   10   F     0 != W12_8
                     650M        106   14   F     1  = U9_3
                     660M        103    8         0  = U12_4
                     690M         97    5         0  = U16_1
                     690M         87    4        -1 != V7_6
                     670M         41   17         1  = U0_8
                     680M        122    9         0  = U22_7
 ! Time = 39495.17s, Memory usage = 124.7 MB
 !               Branches  Non-fixed    W       Branch decision
                     680M        348   11        -1 != V18_1
                     690M         78    2        -1  = V17_1
                     660M        106   12         1  = W13_6
                     640M        191    7        -1 != W11_0
                     660M        110   18   F    -1  = W12_6
                     700M        107   13   F    -1  = U7_3
                     700M        366   19         0  = U16_4
                     660M        110   16         0  = W11_8
                     730M        123    1   F    -1 != U5_0
                     660M        106   20   F    -1 != W22_2
                     690M         26    6   F     1  = W19_7
                     690M        148    3   F     1 != V3_5
                     700M         93    5   F     1  = W10_2
                     660M        109   10   F    -1 != W11_4
                     670M        109    8         0 != W12_4
                     660M        107   14   F    -1  = V9_0
                     690M        113    9        -1  = W19_2
                     690M        348   11   F    -1 != U0_7
                     700M        173    4         1  = W15_5
                     650M        260    7         0 != W13_0
 ! Time = 40137.02s, Memory usage = 124.7 MB
 !               Branches  Non-fixed    W       Branch decision
                     680M         50   17        -1 != W0_1
                     700M         94    2         0  = U2_6
                     670M        106   12            -
                     680M        142   15         1 != V1_6
                     670M        109   18        -1  = V2_4
                     710M        348   19   F     0  = V20_1
                     710M        132   13   F     0 != V16_3
                     670M        106   16         0 != U21_4
                     740M        110    1   F     1 != U12_6
                     700M         27    6   F    -1 != V14_8
                     670M        108   20         0 != U15_3
                     710M         87    5   F     0  = W2_0
                     700M        154    3         1  = W0_6
                     700M        165    9   F     1 != W18_8
                     660M        252    7   F     0  = W1_0
                     680M        106    8        -1  = U2_0
                     670M        107   10         0  = W4_5
                     710M        155    4        -1 != V20_5
                     700M        401   11   F     1  = U2_3
                     670M        106   14   F    -1  = U10_3
 ! Time = 40630.75s, Memory usage = 124.7 MB
 !               Branches  Non-fixed    W       Branch decision
                     690M         49   17         1  = V5_8
                     710M         96    2   F     1  = V0_0
                     720M        348   19   F     0 != V19_1
                     720M        109   13         1  = U16_7
                     680M        110   18         0  = U2_4
                     680M        108   12         1  = W8_4
                     710M         15    6         0  = W7_0
                     750M        103    1         1  = W8_4
                     680M        109   16         0 != U4_4
                     690M        154   15   F    -1 != U7_7
                     720M        180    5   F     1  = W9_2
                     680M        110   20         0  = W19_2
                     710M        374   11        -1  = W5_4
                     710M        106    9   F     0  = V9_4
                     710M        183    3   F    -1 != W20_4
                     720M         97    4   F     1  = V9_1
                     690M        107    8        -1  = W15_6
                     680M        108   10   F     0 != V12_1
                     680M        105   14   F    -1  = U0_1
                     700M         46   17   F     0  = U18_5
 ! Time = 41209.15s, Memory usage = 124.7 MB
 !               Branches  Non-fixed    W       Branch decision
                     670M        148    7   F    -1  = V19_5
                     720M        118    2   F    -1  = U16_0
                     730M        348   19   F     0  = V20_4
                     730M        175   13   F    -1 != V18_4
                     690M        109   18   F     1 != W8_1
                     690M        109   12         1  = W14_1
                     720M         15    6   F    -1 != V11_0
                     760M        114    1   F    -1  = V4_8
                     690M        103   16        -1  = U20_3
                     700M        200   15   F    -1 != W13_4
                     730M        108    5         1 != W0_3
                     720M        399   11   F     0  = U5_3
                     720M        100    9         0 != U21_0
                     720M        178    3        -1 != W13_3
                     690M        107   20   F    -1 != U18_5
                     730M         97    4   F    -1 != W5_8
                     710M         42   17         0  = V22_0
                     700M        110    8   F     0  = W6_4
                     690M        107   10         0  = U21_6
                     690M        106   14            -
 ! Time = 41752.87s, Memory usage = 124.7 MB
 !               Branches  Non-fixed    W       Branch decision
                     730M         56    2   F    -1  = U13_6
                     740M        385   19        -1  = W21_8
                     740M        141   13   F     1 != U19_3
                     700M        106   18   F     0  = V4_0
                     700M        111   12   F    -1  = V1_7
                     730M         17    6   F     1 != U16_4
                     680M        154    7   F     1  = W0_8
                     770M         94    1   F     1 != U1_7
                     740M        123    5   F    -1 != V13_5
                     730M        347   11        -1  = U12_3
                     700M        109   16         1 != W17_4
                     710M        181   15   F    -1 != U13_0
                     730M        106    9   F    -1 != V12_4
                     740M         89    4         0 != V6_1
                     700M        104   20         0  = U10_5
                     730M        189    3        -1 != U22_6
                     710M        107    8        -1 != W14_6
                     740M         79    2   F    -1 != V11_8
                     720M         43   17         0 != W16_6
                     700M        107   10        -1  = V11_1
 ! Time = 42315.06s, Memory usage = 124.7 MB
 !               Branches  Non-fixed    W       Branch decision
                     700M        109   14   F     0 != W19_1
                     750M        392   19         1 != V10_0
                     750M        127   13        -1  = W2_4
                     740M         44    6   F     0  = U21_5
                     780M        104    1   F     0 != U21_3
                     710M        108   18         0  = U20_8
                     710M        110   12   F    -1  = W22_1
                     740M        380   11        -1 != U0_3
                     750M        152    5         1 != V22_5
                     710M        109   16   F    -1  = U10_1
                     690M        151    7   F    -1 != U6_6
                     720M        174   15   F     0  = U9_8
                     740M        207    3   F     0 != V18_1
                     750M        113    4   F     1  = W17_0
                     710M        106   20         0 != V9_7
                     740M        129    9         0 != U10_8
                     730M         40   17   F     0 != V22_3
                     750M         87    2   F     0  = U8_6
                     720M        110    8         0  = U8_8
                     760M        104   13   F    -1 != V1_1
 ! Time = 42885.30s, Memory usage = 124.7 MB
 !               Branches  Non-fixed    W       Branch decision
                     710M        108   10   F    -1 != W5_8
                     710M        102   14         0 != V22_0
                     750M         23    6         1  = V10_7
submitit WARNING (2023-05-05 10:48:16,252) - Bypassing signal SIGCONT
submitit WARNING (2023-05-05 10:48:16,260) - Bypassing signal SIGTERM
