submitit INFO (2023-05-04 09:04:25,897) - Starting with JobEnvironment(job_id=27807, hostname=cpunode2, local_rank=0(5), node=0(1), global_rank=0(5))
submitit INFO (2023-05-04 09:04:25,897) - Loading pickle: /h/30/pashootan/Matrix-Mult-CP/src/../logs/5/3x3x3_23_May04_09:04:23/27807_submitted.pkl
Running with: Namespace(N=3, M=3, P=3, R=23, valid_ineq=False, symmetry=False, min_add=False, cyclic_invar=False, inex_bounds=(0, 0), output_dir='../logs/5/3x3x3_23_May04_09:04:23', n_seeds=5, n_workers=20, timeout=2880, solver='cpo', cpo_LogPeriod=10000000, cpo_RandomSeed=4, inexact_ineq=False)
Running solver with: {'LogPeriod': 10000000, 'RandomSeed': 4, 'Workers': 20, 'TimeLimit': 172800}
 ! --------------------------------------------------- CP Optimizer 22.1.1.0 --
 ! Satisfiability problem - 621 variables, 729 constraints
 ! TimeLimit            = 172800
 ! Workers              = 20
 ! LogPeriod            = 10000000
 ! RandomSeed           = 9993
 ! Initial process time : 0.08s (0.08s extraction + 0.00s propagation)
 !  . Log search space  : 984.3 (before), 984.3 (after)
 !  . Memory usage      : 5.2 MB (before), 5.2 MB (after)
 ! Using parallel search with 20 workers.
 ! ----------------------------------------------------------------------------
 !               Branches  Non-fixed    W       Branch decision
                   10000k        145   11        -1  = W6_6
                   10000k         96    1        -1  = U7_6
                   10000k         86    5   F    -1 != W3_4
                   10000k         94    4         0 != V16_4
                   10000k        171   19   F    -1 != V16_1
                   10000k         71    2         1 != V15_3
                   10000k        119    6   F     0  = V16_0
                   10000k        118   13         0 != W5_8
                   10000k        117    9        -1 != W22_7
                   10000k         84   17   F    -1  = V18_7
                   10000k        108   15   F     1  = W12_6
                   10000k        118    3        -1  = V0_5
                   10000k        133    7   F    -1 != W11_7
                   10000k        108   14        -1  = W19_5
                   10000k         96    8         0  = W14_6
                   10000k        107   20         1 != V8_2
                   10000k        109   10   F    -1 != V16_4
                   10000k        109   18        -1  = U8_7
                   10000k        109   12        -1  = U2_5
                   10000k        106   16         0  = U14_2
 ! Time = 585.47s, Memory usage = 124.7 MB
 !               Branches  Non-fixed    W       Branch decision
                   20000k        125    6         0  = W18_4
                   20000k        148    5        -1 != U15_4
                   20000k        329   19        -1 != V15_8
                   20000k         90    1   F     0  = V17_2
                   20000k        143   13         0  = W22_6
                   20000k        193    9   F     1  = W2_8
                   20000k        325   11        -1  = W7_8
                   20000k        105    4   F     1  = V5_4
                   20000k         78    2         0 != U3_0
                   20000k         78   17        -1  = V5_7
                   20000k        101    3         0 != W8_4
                   20000k        127   15   F     0 != W8_6
                   20000k         94    7   F     1  = U11_8
                   20000k        106    8   F     1  = U5_6
                   20000k        110   20        -1 != U16_3
                   20000k        110   18         0  = U19_2
                   20000k        105   14   F     0  = U6_8
                   20000k        109   12         1  = U20_2
                   20000k        106   16   F     0 != W13_0
                   20000k        109   10   F    -1  = V9_2
 ! Time = 1151.70s, Memory usage = 124.7 MB
 !               Branches  Non-fixed    W       Branch decision
                   30000k         91    6        -1  = U9_6
                   30000k        127    5   F    -1  = W1_4
                   30000k        344   19        -1 != W1_4
                   30000k        127   13         0 != V18_7
                   30000k        186    9         0  = W21_5
                   30000k        104    1   F     0  = W15_8
                   30000k         85    2   F     0 != W20_0
                   30000k         94    4         1  = U6_5
                   30000k        315   11        -1  = V17_1
                   30000k         68   17         0 != U19_7
                   30000k        114    3   F    -1 != V20_1
                   30000k        106    7   F    -1 != W7_5
                   30000k        144   15   F     1  = V12_3
                   30000k        112    8         0 != U20_4
                   30000k        108   14         1  = W18_7
                   30000k        107   18         1  = W17_1
                   30000k        110   16         0  = W5_2
                   30000k        108   12        -1  = W21_1
                   30000k        105   10   F    -1 != U10_1
                   30000k         94   20         1 != W20_2
 ! Time = 1734.62s, Memory usage = 124.7 MB
 !               Branches  Non-fixed    W       Branch decision
                   40000k        347   19         0 != W15_0
                   40000k        179    9   F     0  = U20_0
                   40000k        102    6   F     1  = U22_1
                   40000k        165    5        -1  = U5_5
                   40000k        109    1        -1 != V15_0
                   40000k        125   13   F     0 != V10_1
                   40000k        323   11   F     0 != V13_1
                   40000k        112    4         0 != W1_7
                   40000k         79    2   F     0  = V13_8
                   40000k        113   17         0 != V10_1
                   40000k        118    3         1 != W7_1
                   40000k         89    7        -1  = W8_2
                   40000k        160   15         1 != W7_5
                   40000k        109    8        -1  = U21_0
                   40000k        107   14   F    -1 != U9_7
                   40000k        106   18         1 != V0_4
                   40000k        109   12         0  = W19_8
                   40000k        109   16        -1  = U15_8
                   40000k        105   10        -1  = V6_0
                   40000k        102   20         1  = U6_2
 ! Time = 2288.66s, Memory usage = 124.7 MB
 !               Branches  Non-fixed    W       Branch decision
                   50000k        179    9         1 != U3_0
                   50000k         88    6         1 != W6_5
                   50000k        176    5   F    -1 != U7_2
                   50000k        135   13        -1  = V18_8
                   50000k        121    1         0  = U8_1
                   50000k        348   19        -1 != V19_0
                   50000k         96    4   F    -1 != U5_1
                   50000k         73   17   F    -1  = V9_7
                   50000k        275   11   F    -1 != V20_1
                   50000k         76    3         1 != V6_4
                   50000k         93    2   F     1  = W2_7
                   50000k         79   15   F    -1  = W11_7
                   50000k         83    7        -1 != U10_4
                   50000k        107    8        -1 != W0_6
                   50000k        108   14        -1  = W16_8
                   50000k        110   18         1  = W7_1
                   50000k        109   12        -1  = V14_3
                   50000k        108   16         1  = U2_8
                   50000k        106   10         0 != W16_5
                   50000k         98   20        -1  = W12_1
 ! Time = 2848.14s, Memory usage = 124.7 MB
 !               Branches  Non-fixed    W       Branch decision
                   60000k        191    9         0 != U16_7
                   60000k        152    6        -1  = W12_2
                   60000k        175    5   F    -1  = U7_2
                   60000k        120   13        -1  = U19_3
                   60000k        107    1   F     0  = W10_8
                   60000k        341   11   F     0 != W11_8
                   60000k        272   19        -1  = W9_4
                   60000k        104   17   F     1  = V14_2
                   60000k         87    4         0  = V5_4
                   60000k         70    2   F     0  = V6_8
                   60000k        123    3   F    -1  = V13_5
                   60000k         73   15         1 != U16_2
                   60000k         99    7         1  = V17_7
                   60000k        110    8   F     0 != V14_1
                   60000k        108   18   F    -1 != U14_8
                   60000k        106   14         1 != V4_2
                   60000k        110   12   F    -1  = V4_6
                   60000k        111   16        -1  = W9_7
                   60000k        104   20        -1 != V15_1
                   60000k        105   10        -1  = V16_1
 ! Time = 3399.03s, Memory usage = 124.7 MB
 !               Branches  Non-fixed    W       Branch decision
                   70000k        129    9        -1 != U6_0
                   70000k        118    6         0  = U15_2
                   70000k        144    5         0 != W8_5
                   70000k        129   13         0  = U12_8
                   70000k        338   19        -1 != W22_2
                   70000k         97    1        -1 != W9_8
                   70000k         74   17   F     0  = V22_4
                   70000k        306   11        -1 != U10_6
                   70000k         94    2         0 != U9_5
                   70000k        100    4   F     0  = V19_7
                   70000k        136    3         0 != U7_5
                   70000k        104   15   F     1 != W11_6
                   70000k        108    8         0 != U17_2
                   70000k        108   18        -1  = W2_8
                   70000k        107   14   F    -1  = W9_1
                   70000k         96   12            -
                   70000k        108   16            -
                   70000k        102   20         0 != U13_7
                   70000k        108   10         1  = V5_8
                   70000k        138    7   F    -1  = V20_1
 ! Time = 3950.54s, Memory usage = 124.7 MB
 !               Branches  Non-fixed    W       Branch decision
                   80000k        185    9        -1  = U1_5
                   80000k        160    5        -1  = W19_2
                   80000k        162    6   F     0  = U17_6
                   80000k        119   13   F     1 != V4_7
                   80000k        348   19   F    -1  = U18_0
                   80000k        104    1   F     1 != U21_1
                   80000k         69   17         0  = U17_2
                   80000k         83    2   F     0  = W7_5
                   80000k        342   11         1 != V14_3
                   80000k         97    4         1  = V6_6
                   80000k        117    3   F     0  = U13_0
                   80000k         80   15         1 != U22_7
                   80000k        112    8   F    -1  = U19_3
                   80000k        108   18   F    -1 != U15_3
                   80000k        108   14        -1  = W17_2
                   80000k        103   12   F        -
                   80000k        110   16        -1  = V12_5
                   80000k         97   20         1 != V6_4
                   80000k        111   10         0 != V11_0
                   80000k        119    7         1 != U2_1
 ! Time = 4544.29s, Memory usage = 124.7 MB
 !               Branches  Non-fixed    W       Branch decision
                   90000k        177    9         1  = V10_2
                   90000k        143    5        -1  = V7_5
                   90000k        125   13         0 != U9_3
                   90000k        328   19         1  = W0_4
                   90000k        134    6        -1  = U14_4
                   90000k         68   17   F     1 != U17_5
                   90000k        108    1   F     0 != U11_5
                   90000k        118    2   F     0 != W15_6
                   90000k        348   11   F    -1  = U7_7
                   90000k         95    4   F    -1 != V1_6
                   90000k        112    3         0  = U21_2
                   90000k        149   15   F     1  = W14_5
                   90000k        107    8         0 != V8_2
                   90000k        107   18        -1 != U7_7
                   90000k        106   14         0 != W15_8
                   90000k        106   12         0 != V4_8
                   90000k        109   16   F     0 != W5_1
                   90000k        105   20   F     1  = U5_6
                   90000k        109   10   F     1  = U8_3
                   90000k         95    7   F     0  = W20_3
 ! Time = 5114.23s, Memory usage = 124.7 MB
 !               Branches  Non-fixed    W       Branch decision
                     100M        174    9         0  = V10_0
                     100M        330   19   F    -1  = V2_0
                     100M        143    5        -1  = W20_2
                     100M        132   13        -1  = W20_6
                     100M         88    6        -1 != W11_7
                     100M         98    1   F     0 != V11_2
                     100M        120   17         0  = U7_5
                     100M        120    2         1 != U19_2
                     100M         91    4   F     0 != W1_1
                     100M        148    3         0 != W1_1
                     100M        330   11         0 != W4_6
                     100M        156   15         1 != W14_8
                     100M        188    7        -1 != V7_0
                     100M        108   18        -1  = V22_4
                     100M        101    8   F    -1 != V12_1
                     100M        104   12         1  = V16_4
                     100M         99   20   F     1  = V19_8
                     100M        107   16   F     1 != W21_1
                     100M        104   14         1 != W14_5
                     100M        108   10            -
 ! Time = 5613.50s, Memory usage = 124.7 MB
 !               Branches  Non-fixed    W       Branch decision
                     110M        183    9   F     0  = V0_0
                     110M        342   19   F    -1  = V20_8
                     110M        176    5        -1 != V16_4
                     110M        109    1         1  = W20_1
                     110M        122   13         0 != U9_8
                     110M        110    6         1  = U10_0
                     110M         58   17   F     1 != U18_1
                     110M         99    2        -1 != U1_8
                     110M        107    4         0  = V5_2
                     110M        161    3   F    -1  = V21_1
                     110M        348   11   F    -1  = U20_7
                     110M        150   15   F     0  = V7_6
                     110M        130    7   F    -1 != W12_1
                     110M        107   18   F     0 != W13_3
                     110M        101   12        -1  = V11_1
                     110M        108    8        -1 != W9_7
                     110M         97   20   F    -1 != W5_2
                     110M        110   16   F    -1 != U12_7
                     110M        107   14        -1  = V17_4
                     110M        108   10   F     1 != W20_6
 ! Time = 6181.31s, Memory usage = 124.7 MB
 !               Branches  Non-fixed    W       Branch decision
                     120M        175    9   F    -1 != W10_5
                     120M        146    5   F     1 != W19_3
                     120M        348   19        -1 != W4_6
                     120M        123    1         0 != U4_1
                     120M        123   13         0  = V7_2
                     120M         97    6         1  = U17_0
                     120M         53   17         0  = W9_5
                     120M        109    2        -1  = W2_5
                     120M         92    4   F     1 != U12_1
                     120M        348   11         1 != W14_1
                     120M        156    3   F     0  = V21_7
                     120M         76    7         0  = U9_2
                     120M        149   15         1  = W15_3
                     120M        108   18   F    -1 != U10_3
                     120M         99   12         1 != W21_6
                     120M        106    8   F        -
                     120M        102   20        -1 != U9_5
                     120M        110   16   F    -1  = W16_2
                     120M        108   14         1  = V5_1
                     130M        195    5   F     1  = V14_4
 ! Time = 6733.20s, Memory usage = 124.7 MB
 !               Branches  Non-fixed    W       Branch decision
                     120M        105   10        -1 != U6_3
                     130M        106    1         1  = V15_4
                     130M        193    9         0 != U20_0
                     130M        124   13   F    -1 != V19_8
                     130M        311   19   F     0  = V20_1
                     130M         51   17         0  = W10_2
                     130M         89    6         0  = U12_6
                     130M         97    2   F     0  = V7_5
                     130M        105    4         1 != V13_7
                     130M        216    3         0  = U3_2
                     130M        217   11         0 != U6_0
                     130M        187   15         0 != W14_8
                     130M        149    7        -1 != W0_4
                     140M        194    5        -1 != V5_5
                     130M        111   18   F     1  = W22_3
                     130M        104   12   F    -1  = V2_3
                     130M        106    8         0 != V2_3
                     130M        100   20        -1 != W3_3
                     130M        107   16         0 != U18_4
                     130M        108   14   F     1  = V22_1
 ! Time = 7268.74s, Memory usage = 124.7 MB
 !               Branches  Non-fixed    W       Branch decision
                     140M        108    1         0  = V22_0
                     140M        169    9   F     1  = W1_7
                     130M        110   10         0 != U1_3
                     140M        339   19        -1 != U9_1
                     140M        130   13   F     0  = U20_5
                     140M         59   17   F     0  = V0_4
                     140M        114    6         0  = U20_6
                     140M        158    2   F     1  = V6_4
                     140M         91    4   F     1  = U13_3
                     140M        148    3   F    -1 != U10_7
                     140M        317   11        -1  = V16_0
                     140M        151    7        -1 != V17_7
                     150M        134    5   F    -1 != V12_7
                     150M        103    1        -1 != V4_3
                     140M        134   15        -1  = U14_7
                     150M        190    9   F     1 != W19_5
                     140M        108   18        -1 != U9_5
                     140M        104   12   F     0  = U12_8
                     140M        101   20   F     0  = U3_8
                     140M        110   16   F     1  = U8_4
 ! Time = 7832.92s, Memory usage = 124.7 MB
 !               Branches  Non-fixed    W       Branch decision
                     140M        108    8   F    -1  = V15_7
                     140M        110   14            -
                     150M        348   19         0  = V18_1
                     140M        109   10         1  = U0_6
                     150M         66   17   F     1  = U8_7
                     150M        121   13   F    -1  = V21_1
                     150M         95    6         0  = U4_6
                     150M        151    2         0  = V20_7
                     150M        100    4        -1 != V18_2
                     150M        182    3         1  = U0_2
                     150M        316   11        -1  = V3_2
                     160M        148    5   F     1 != W1_2
                     160M        103    1   F    -1  = U16_7
                     150M        134   15        -1  = V7_5
                     160M        162    9         0 != W15_0
                     150M        154    7   F     1  = V9_7
                     150M        105   12   F     0  = V16_3
                     150M        106   18        -1  = W22_4
                     150M        103   20        -1  = U11_8
                     150M        107    8   F    -1  = U14_2
 ! Time = 8387.94s, Memory usage = 124.7 MB
 !               Branches  Non-fixed    W       Branch decision
                     150M        108   16        -1  = W7_1
                     150M        109   14         1 != U14_7
                     160M        339   19         0  = W1_2
                     160M         79   17   F     1 != U1_4
                     150M        101   10   F    -1  = U19_0
                     160M        121   13         0  = W11_6
                     160M         89    6         1 != W17_7
                     160M        101    2   F     1  = U13_3
                     160M         86    4   F     0 != U1_1
                     160M        134    3        -1 != W4_5
                     170M        133    5         0 != W18_2
                     160M        348   11   F     1  = U19_7
                     170M        138    1   F     0 != W22_3
                     160M        146    7   F    -1 != V5_7
                     170M         56   17   F     0  = W16_2
                     170M        196    9   F    -1  = V2_2
                     160M        107   12        -1 != W0_6
                     160M        110   18        -1  = W14_1
                     160M        102   20        -1  = W5_5
                     160M        103    8   F    -1 != V17_0
 ! Time = 8945.76s, Memory usage = 124.7 MB
 !               Branches  Non-fixed    W       Branch decision
                     160M        108   16         0  = W3_1
                     160M        112   14   F     0  = V1_8
                     160M        150   15        -1 != W22_5
                     170M        348   19   F     0 != V20_1
                     160M        108   10         1 != W8_2
                     170M        105    6   F     1  = V6_5
                     170M        120   13        -1 != W17_6
                     170M         95    2         1 != V11_8
                     170M         98    4         1  = W1_0
                     170M        217    3   F     0  = V20_1
                     170M        353   11   F     0 != V7_0
                     180M        206    5        -1 != U18_8
                     180M         87    1   F     1  = U17_6
                     180M         60   17   F    -1  = W14_0
                     170M        125    7   F    -1 != U7_2
                     180M        348   19        -1  = W6_0
                     170M        161   15        -1 != V4_7
                     170M        105   12            -
                     170M        107   18         0 != U22_3
                     170M        101   20        -1  = V4_7
 ! Time = 9490.06s, Memory usage = 124.7 MB
 !               Branches  Non-fixed    W       Branch decision
                     180M        154    9   F    -1  = U3_0
                     170M        109    8   F    -1  = V15_7
                     170M        107   16   F     1  = U15_8
                     180M         87    6   F     1 != V3_4
                     170M        106   14         1 != V14_1
                     170M        107   10        -1 != W11_6
                     180M        128   13         0 != U4_7
                     180M        106    4        -1  = W8_7
                     180M         91    2         1  = V21_7
                     180M        154    3   F    -1 != U20_5
                     180M        348   11        -1 != V19_1
                     190M        133    5         1 != W4_8
                     190M         64   17   F     0  = U15_4
                     190M        377   19   F     1  = W8_6
                     180M         82    7        -1  = V21_7
                     190M        203    9         0 != W18_0
                     190M         98    1         1  = W2_4
                     190M         83    6   F     1  = V15_2
                     180M        103   20         0  = U2_0
                     180M        107   12         1  = V13_3
 ! Time = 10059.36s, Memory usage = 124.7 MB
 !               Branches  Non-fixed    W       Branch decision
                     180M        112   18   F    -1  = W10_8
                     180M        109   16        -1 != U12_1
                     180M        109    8        -1  = V22_0
                     180M        153   15   F    -1 != W22_2
                     180M        102   14         0 != V13_8
                     180M        107   10         0  = V0_1
                     190M         87    4        -1 != U11_8
                     190M        110   13   F    -1 != U2_8
                     190M        113    2         0 != W19_5
                     190M        343   11   F     1  = V6_3
                     190M        146    3   F    -1  = V13_0
                     200M        169    5   F     1  = V7_8
                     200M         58   17         0 != U9_1
                     200M        157    1        -1  = W18_4
                     200M        191    9   F    -1  = W14_3
                     190M        159   15   F     0  = V2_2
                     190M        103    7   F     1  = U15_5
                     200M         77    6         1  = V18_7
                     190M        101   20   F     1 != W3_1
                     200M        126   13         0  = V18_7
 ! Time = 10611.52s, Memory usage = 124.7 MB
 !               Branches  Non-fixed    W       Branch decision
                     190M         98   12         0  = V15_1
                     200M        108    4         1  = U19_5
                     190M         99   18   F    -1 != W3_1
                     190M        110   16        -1 != U10_2
                     190M        109    8   F    -1  = W11_1
                     200M        348   19   F     0  = U7_6
                     190M        104   14         1  = W13_5
                     190M        106   10         0 != V4_5
                     200M         80    2   F     0 != W5_6
                     200M        137    3         0  = W1_6
                     210M        169    5        -1  = U4_8
                     200M        305   11         0  = U8_0
                     210M        139    1   F     1 != U10_0
                     210M         55   17         0  = U19_0
                     200M        280   15         0 != W17_1
                     210M        192    9         0  = V11_8
                     210M         79    6   F    -1  = U5_5
                     210M        127   13        -1  = V8_0
                     200M        145    7   F    -1  = V20_1
                     200M         99   20            -
 ! Time = 11136.58s, Memory usage = 124.7 MB
 !               Branches  Non-fixed    W       Branch decision
                     200M        103   12         1 != W9_2
                     210M        101    4   F     0  = U22_3
                     200M        108    8   F     0  = W4_7
                     200M        108   18         0 != U13_3
                     200M        106   16   F     1 != U19_1
                     200M        105   14   F        -
                     210M        380   19         0 != W1_0
                     200M        106   10        -1 != V12_1
                     210M         96    3        -1 != U3_6
                     210M        108    2   F    -1 != V11_6
                     220M        150    5         1 != W16_3
                     210M        301   11   F    -1  = V12_3
                     220M        148    1   F     0 != V11_1
                     220M         58   17        -1  = V18_3
                     220M        207    9         0 != U1_3
                     210M        142   15         1  = V22_2
                     220M        157   13         1  = U22_0
                     220M         81    6   F     1 != U15_0
                     210M         72    7   F     0  = U1_8
                     220M         91    4        -1 != V12_3
 ! Time = 11688.57s, Memory usage = 124.7 MB
 !               Branches  Non-fixed    W       Branch decision
                     210M        106   20        -1  = V2_0
                     220M        329   19   F     0  = U11_6
                     210M        103   12            -
                     210M        108   18        -1  = V7_1
                     210M        105    8   F     0 != U7_3
                     210M        109   16        -1 != V10_0
                     210M        106   14         1  = V7_8
                     220M         93    2        -1  = U8_7
                     210M        109   10         0 != U20_8
                     220M        123    3         1  = V12_5
                     230M        157    1         0  = U9_6
                     220M        282   11   F     1  = W2_8
                     230M         62   17        -1  = W2_1
                     230M        216    5   F    -1 != W11_5
                     220M        166   15   F    -1 != V20_1
                     230M        184    9        -1 != W18_3
                     230M        115   13         1 != V5_2
                     230M         73    6         0  = V19_1
                     230M         95    4         1 != W8_0
                     220M        100   20         1  = W21_8
 ! Time = 12257.76s, Memory usage = 124.7 MB
 !               Branches  Non-fixed    W       Branch decision
                     220M        106   12   F    -1  = U6_1
                     230M        325   19   F     0 != V20_1
                     220M        108   16   F     0 != V10_1
                     220M        103    8        -1  = V15_1
                     220M        105   18        -1  = W6_1
                     230M        153    2   F     0  = W9_5
                     220M        108   14         1  = U3_3
                     220M        110   10   F    -1  = W15_4
                     220M         85    7         1  = V21_8
                     230M        268   11         0 != U9_7
                     240M        138    1   F     1  = W7_0
                     230M        190    3         1  = V7_3
                     240M        122    5         0 != W12_4
                     240M         61   17         1 != V12_0
                     230M        187   15   F    -1  = W17_1
                     240M        104   13   F    -1  = U13_3
                     240M        189    9   F    -1 != W13_5
                     240M         76    6   F    -1  = W13_7
                     240M         98    4   F    -1  = W16_4
                     230M        102   20   F    -1  = V12_1
 ! Time = 12809.06s, Memory usage = 124.7 MB
 !               Branches  Non-fixed    W       Branch decision
                     240M        348   19   F     1  = V12_0
                     230M        107   12         1  = W21_6
                     240M         74    2         0  = V20_0
                     230M        109   16         1 != W2_5
                     230M        111    8   F    -1  = V15_1
                     230M        105   18        -1 != U9_7
                     230M        200    7   F     0  = W15_5
                     230M        111   14         0  = W16_0
                     230M        104   10   F     0  = V14_5
                     250M        118    1   F    -1 != V13_7
                     240M         85    3   F    -1  = U16_2
                     240M        328   11         0 != W15_8
                     250M         64   17   F     0  = W12_0
                     250M        145    5   F     0  = V17_8
                     250M        116   13   F     0  = V5_0
                     250M         78    6   F     0  = U17_3
                     250M         98    4         1 != W16_0
                     240M        158   15         1 != V13_7
                     250M        192    9   F     0  = U1_4
                     250M        380   19        -1  = W18_6
 ! Time = 13313.73s, Memory usage = 124.7 MB
 !               Branches  Non-fixed    W       Branch decision
                     250M        143    2   F    -1 != W20_8
                     240M        118    7        -1 != U22_7
                     240M         97   20         0 != W16_3
                     240M        109   12         0 != V13_3
                     240M        108    8         0 != V12_1
                     240M        109   16         0  = W8_1
                     240M        108   18         1 != W5_3
                     260M        108    1   F     1  = W19_0
                     240M        107   14         1 != W9_5
                     240M        103   10   F     1  = V22_1
                     260M        137    5   F    -1  = W14_7
                     260M         55   17         0  = U15_0
                     250M        308   11         0  = U17_0
                     250M        147    3   F     1 != V1_1
                     260M         88    4        -1  = U10_5
                     260M        156   13         0 != W21_0
                     260M         74    6   F    -1  = U12_5
                     260M        211    9         1 != W22_3
                     250M        164   15         0 != W8_5
                     260M        348   19         0  = V19_1
 ! Time = 13853.43s, Memory usage = 124.7 MB
 !               Branches  Non-fixed    W       Branch decision
                     250M        113    7   F    -1  = W2_4
                     270M        117    1   F    -1 != W19_6
                     260M         91    2   F     1 != V17_8
                     250M         97   20   F        -
                     250M        102   12        -1  = V14_1
                     250M        105    8        -1  = U16_3
                     250M        108   16   F    -1 != U19_5
                     250M        109   18   F    -1  = V11_1
                     250M        107   14   F     1  = W0_5
                     250M        104   10         0 != U20_8
                     270M        168    5         0  = V19_8
                     260M        339   11   F    -1  = U17_6
                     260M        150    3         0  = V21_7
                     270M         55   17   F    -1  = V20_1
                     270M         91    4         0  = U21_0
                     270M         74    6   F     1  = U7_6
                     270M        123   13   F     1  = V18_7
                     260M        214   15   F    -1  = W6_1
                     270M        176    9   F     0  = W5_3
                     280M        120    1   F     1  = U21_3
 ! Time = 14391.79s, Memory usage = 124.7 MB
 !               Branches  Non-fixed    W       Branch decision
                     270M        348   19   F     1  = U9_6
                     260M        100   20   F    -1 != W15_8
                     270M        139    2         1  = U4_3
                     260M         97   12        -1  = V11_4
                     260M        149    7   F    -1  = W16_0
                     260M        110    8   F    -1 != U10_5
                     260M        105   16   F     0  = W22_7
                     260M        104   18        -1 != U5_8
                     260M        104   14   F     1 != W6_8
                     280M        108    5   F    -1 != U6_8
                     260M        107   10   F    -1  = W13_4
                     270M        104    3         0 != U22_2
                     270M        307   11   F     1 != W13_1
                     280M         53   17   F    -1 != V10_7
                     280M         63    6        -1  = W3_5
                     280M        196    9   F     1 != V3_2
                     280M         95    4   F     1 != V22_0
                     280M        120   13   F     0  = W4_0
                     270M        151   15         1 != V17_1
                     290M        135    1   F    -1 != U21_3
 ! Time = 14892.52s, Memory usage = 124.7 MB
 !               Branches  Non-fixed    W       Branch decision
                     280M        408   19   F     0 != U1_1
                     270M        227    7         0 != W14_1
                     280M        127    2   F     1 != W16_6
                     270M        100   20         0  = U15_8
                     270M        102   12        -1  = V12_3
                     270M        107   16   F    -1  = U2_2
                     270M        107   18   F    -1 != W15_2
                     270M        107    8        -1 != U1_3
                     290M        163    5   F     0 != U9_7
                     270M        101   14         0  = U20_3
                     280M        140    3   F    -1  = W6_2
                     270M        104   10        -1  = V22_5
                     290M         55   17   F     1  = W14_4
                     280M        304   11         0  = V19_1
                     290M        187    9   F     1  = V16_1
                     290M         68    6   F     0 != W6_5
                     290M        121   13   F     1  = U12_7
                     290M         92    4   F     1  = V0_7
                     300M        108    1        -1  = V8_4
                     280M        146    7   F     0 != V13_7
 ! Time = 15481.66s, Memory usage = 124.7 MB
 !               Branches  Non-fixed    W       Branch decision
                     290M        372   19   F     0  = W3_2
                     280M        150   15   F     1  = W19_0
                     290M        153    2         0  = V15_5
                     280M         99   20   F     1 != V3_4
                     280M         99   12        -1 != W3_2
                     280M        109   16   F    -1  = V13_5
                     280M        106    8        -1  = V9_5
                     280M        107   18   F     0 != U18_7
                     300M        125    5   F     0 != V3_5
                     300M         53   17        -1  = U20_4
                     280M         94   14   F    -1  = U17_8
                     280M        110   10        -1  = W16_2
                     300M        177    9         0  = U19_3
                     290M        348   11   F    -1  = U19_4
                     290M        143    3         1 != U5_3
                     300M        136   13         0  = U19_3
                     300M         93    4         0 != U0_3
                     300M         56    6   F     0  = W16_1
                     310M        104    1   F     1 != W9_5
                     300M        348   19         0 != U0_6
 ! Time = 15922.02s, Memory usage = 124.7 MB
 !               Branches  Non-fixed    W       Branch decision
                     290M        129    7         0 != U21_4
                     290M        169   15        -1  = V19_1
                     300M        112    2         1  = W18_6
                     290M        102   20   F     0  = W15_2
                     290M         96   12         1  = U14_4
                     290M        111   16   F     1 != U7_6
                     310M        161    5   F     0 != W13_6
                     290M        111    8   F     1  = V8_1
                     290M        109   18         0  = V3_3
                     290M        102   14         0  = W3_8
                     310M        169    9   F    -1  = W12_4
                     290M        105   10        -1  = V20_6
                     300M        191    3   F     0  = W11_1
                     310M        102    4   F    -1  = W4_0
                     310M         56    6   F     1  = V4_3
                     310M        133   13         0 != U1_7
                     320M        124    1   F     0  = V1_2
                     310M         55   17        -1  = W2_4
                     300M        335   11   F    -1 != V18_6
                     310M        356   19   F     1 != W22_4
 ! Time = 16415.42s, Memory usage = 124.7 MB
 !               Branches  Non-fixed    W       Branch decision
                     300M        153   15   F    -1 != V14_4
                     310M        158    2         0 != U1_3
                     300M        145    7         1  = W1_6
                     300M        105   20   F    -1 != W22_8
                     300M        102   12         1 != U22_7
                     300M        110   16        -1 != U7_7
                     320M        180    5         1 != U6_5
                     300M        108    8            -
                     300M        107   18   F    -1  = W21_4
                     320M        133    9   F    -1  = U3_7
                     310M         96    3   F    -1 != U21_8
                     300M        101   14   F     1  = V11_1
                     300M        104   10         1  = U8_8
                     320M         91    4         0 != W0_4
                     320M         57    6         0  = V10_1
                     320M         58   17         0 != U17_0
                     320M        194   19   F     1  = W21_7
                     330M        108    1   F     0 != W9_1
                     310M        333   11   F     1 != U4_0
                     320M        113   13        -1 != W7_6
 ! Time = 16968.25s, Memory usage = 124.7 MB
 !               Branches  Non-fixed    W       Branch decision
                     320M        146    2   F     0  = U21_4
                     310M        158   15        -1 != W2_5
                     310M        151    7   F     0 != V19_7
                     320M        198    3        -1 != W21_5
                     310M         98   20        -1  = W17_5
                     310M         99   12   F     1  = V20_3
                     330M        145    5   F     0 != V22_1
                     330M        208    9         0 != U21_5
                     310M        105   16   F     1  = U12_2
                     310M        107    8        -1 != W8_6
                     310M        109   18   F     1 != W9_6
                     330M         54    6   F     1 != W18_1
                     310M        102   14        -1  = W18_8
                     330M         76    4         0 != U19_7
                     330M         68   17   F    -1  = W10_6
                     310M        105   10   F     0  = U0_3
                     340M        106    1        -1  = U16_5
                     330M        313   19   F     0 != W18_2
                     330M        158   13         1  = V15_0
                     320M        348   11        -1 != V20_1
 ! Time = 17489.56s, Memory usage = 124.7 MB
 !               Branches  Non-fixed    W       Branch decision
                     330M        159    2   F     0  = W17_8
                     320M        203   15         0  = U18_0
                     320M        228    7   F     0 != V20_1
                     330M        112    3         0  = U4_7
                     340M        139    5         1  = U7_2
                     340M        201    9   F    -1  = U0_0
                     320M        104   20         0  = U22_8
                     320M        106   12         1  = U22_0
                     320M        106   16   F    -1 != V18_8
                     320M        108    8        -1  = U13_7
                     320M        107   18   F    -1 != V4_7
                     340M         54    6   F     1  = W3_5
                     340M         52   17   F    -1  = U18_6
                     320M        102   14   F     0  = U13_5
                     340M         72    4   F     0  = V11_1
                     320M        106   10        -1  = U20_5
                     350M        164    1         1  = U14_3
                     340M        129   13         1  = U0_6
                     330M        336   11         1  = W15_6
                     340M        345   19        -1 != V19_1
 ! Time = 18021.16s, Memory usage = 124.7 MB
 !               Branches  Non-fixed    W       Branch decision
                     340M         97    2         0  = U0_2
                     330M        145   15   F    -1  = W21_1
                     330M        157    7   F    -1  = W6_7
                     350M        171    5         1  = V7_6
                     350M        184    9         1  = U17_5
                     340M        113    3   F     1 != V22_0
                     330M         95   20   F     0  = U16_0
                     330M         98   12        -1  = V6_7
                     330M        108   16         1 != W18_0
                     350M         35    4   F    -1  = U1_6
                     350M         57    6   F     1 != W17_1
                     330M        109    8         1 != U14_4
                     330M        108   18   F    -1 != W15_3
                     360M        153    1   F     0  = U18_1
                     350M         53   17   F     0  = V12_2
                     330M        104   14   F    -1 != V22_6
                     330M        108   10   F    -1 != W17_1
                     350M        339   19   F     0  = V19_0
                     340M        194   15         0 != W17_1
                     340M        353   11   F     1  = U22_6
 ! Time = 18509.44s, Memory usage = 124.7 MB
 !               Branches  Non-fixed    W       Branch decision
                     350M        127   13   F    -1  = V5_4
                     350M        104    2        -1 != U15_3
                     340M        159    7        -1 != W2_3
                     360M        191    9         0 != U8_2
                     360M        136    5        -1 != W19_3
                     360M         42    4   F     1  = V3_1
                     350M        163    3   F     1 != U11_7
                     340M         99   20         0 != V13_0
                     360M         57    6         0  = U7_6
                     340M         97   12         0  = U12_1
                     360M         57   17         0  = V17_7
                     340M        110   16   F     1  = W9_5
                     370M        109    1        -1 != U2_1
                     340M        107    8         0  = U5_2
                     340M        110   18         0 != U17_7
                     340M        100   14        -1 != U10_8
                     360M        303   19   F     1  = V12_0
                     340M        109   10         0  = U5_1
                     350M        314   11         1  = V3_2
                     360M        123   13         0 != W13_4
 ! Time = 19129.18s, Memory usage = 124.7 MB
 !               Branches  Non-fixed    W       Branch decision
                     350M        147   15   F     1  = V12_1
                     360M        102    2        -1  = U1_8
                     350M        173    7         0  = U3_4
                     370M        109    5         0  = W11_4
                     370M        164    9         1 != U8_7
                     360M        189    3         0  = U10_8
                     370M         54    6         1 != W16_1
                     370M         65   17         1  = U5_5
                     370M         39    4        -1  = U1_6
                     350M        105   20   F     0  = U1_5
                     350M         97   12   F    -1  = U8_7
                     350M        110   16        -1  = V6_1
                     380M        110    1   F     1  = U16_0
                     350M        110    8   F     0 != U5_3
                     350M        107   18        -1  = V18_4
                     370M        382   19   F     1 != W6_6
                     350M        100   14   F    -1  = W20_5
                     350M        102   10        -1  = W10_6
                     370M        119   13         1 != V16_7
                     360M        321   11         0 != V22_3
 ! Time = 19700.67s, Memory usage = 124.7 MB
 !               Branches  Non-fixed    W       Branch decision
                     360M        157   15        -1  = V12_4
                     360M        194    7        -1  = U15_4
                     380M        124    5         1 != V14_4
                     370M        113    2   F     0  = U1_6
                     380M        194    9   F    -1  = U10_7
                     370M        258    3   F    -1  = W20_4
                     380M         62    4         0 != U12_4
                     380M         54   17   F     1  = V5_4
                     380M         58    6   F    -1  = V0_2
                     360M        101   20   F    -1  = V16_0
                     360M        105   12   F    -1  = V22_3
                     380M        327   19   F     1  = W5_2
                     390M        151    1         0  = V4_4
                     360M        109   16        -1  = W15_1
                     360M        109    8         0  = V10_1
                     360M        110   18        -1 != U8_7
                     360M         97   14        -1 != W19_8
                     360M        102   10        -1  = W22_2
                     370M        164   15   F    -1  = U1_2
                     380M        109   13         1  = V2_8
 ! Time = 20202.45s, Memory usage = 124.7 MB
 !               Branches  Non-fixed    W       Branch decision
                     370M        348   11   F     0 != V20_1
                     370M        152    7        -1  = V16_5
                     390M        168    9        -1 != U7_1
                     380M        129    2        -1 != V15_5
                     390M        109    5   F     0  = W14_3
                     380M        218    3   F     0  = W6_4
                     390M         53   17   F    -1  = V4_4
                     390M         54    6         0  = U20_6
                     390M         37    4         0 != V8_0
                     400M        109    1         1 != V8_4
                     390M        349   19         0  = W8_6
                     370M        102   20   F     1 != W2_8
                     370M        105   12         0  = U0_0
                     370M        104   16         1  = U20_0
                     370M        108    8        -1  = U22_3
                     370M        108   18   F     0 != W17_1
                     380M        124   15         0  = W1_1
                     370M         92   14        -1 != V16_3
                     370M        104   10         0 != V19_2
                     380M        348   11         1 != U5_6
 ! Time = 20757.07s, Memory usage = 124.7 MB
 !               Branches  Non-fixed    W       Branch decision
                     390M        131   13        -1  = V13_2
                     390M        144    2   F    -1 != V20_0
                     390M        158    3        -1  = V4_1
                     400M        196    5   F     1 != U18_8
                     400M        167    9   F    -1  = V18_2
                     380M        149    7   F     0  = W17_8
                     400M         61   17   F     0  = U16_0
                     400M         50    6         0  = V8_2
                     400M        291   19        -1 != V19_1
                     410M        116    1         1 != W8_2
                     400M         59    4   F     1 != V9_6
                     380M         99   20   F     0  = U22_6
                     380M        105   12   F    -1  = V9_1
                     390M        156   15        -1 != V3_3
                     380M        109   16         0  = W17_8
                     380M        107    8        -1  = W20_8
                     380M        110   18   F    -1  = W11_0
                     380M         99   14         0 != V22_8
                     380M        104   10        -1  = W18_2
                     400M        104    2   F     0  = V9_8
 ! Time = 21362.43s, Memory usage = 124.7 MB
 !               Branches  Non-fixed    W       Branch decision
                     400M        118   13         1  = U17_7
                     410M        120    5   F     0  = W12_8
                     390M        207    7        -1  = U11_4
                     410M        196    9   F    -1 != W7_4
                     400M        146    3         1 != V20_6
                     410M         54    6   F    -1 != V7_1
                     410M         49    4   F     1 != V20_4
                     420M        104    1         0  = U5_3
                     410M         50   17        -1  = V7_0
                     410M        348   19   F    -1 != V19_0
                     390M        359   11   F     1 != W22_4
                     390M        101   20        -1  = V22_6
                     390M        103   12        -1  = W8_5
                     390M        108   16        -1 != V11_6
                     390M        110    8        -1  = W8_4
                     390M        108   18   F    -1  = V14_1
                     390M        105   14        -1 != U7_3
                     400M        195    7   F    -1 != W6_4
                     390M        108   10         1  = V16_6
                     410M         67    2         0  = V2_0
 ! Time = 21879.12s, Memory usage = 124.7 MB
 !               Branches  Non-fixed    W       Branch decision
                     420M        176    9         0  = U9_3
                     420M        134    5         1  = W22_3
                     410M        136   13         0  = W0_2
                     400M        153   15   F    -1 != V1_7
                     410M        175    3   F     0  = W0_4
                     420M         52    6   F     0  = V7_2
                     420M         48    4         1 != U12_5
                     430M        139    1         1  = U17_6
                     400M        324   11         0 != V22_3
                     420M         42   17   F     1 != W7_5
                     400M         98   20   F    -1 != U20_8
                     400M        106   12        -1 != U21_1
                     400M        106   16         1 != U5_7
                     410M        202    7         0  = V18_1
                     400M        105    8        -1  = U19_4
                     400M        108   18   F     0  = W12_1
                     420M         73    2         0  = U6_8
                     400M        101   14         0  = V5_5
                     420M        384   19         1 != U9_2
                     420M        112   13   F     1  = U18_7
 ! Time = 22408.10s, Memory usage = 124.7 MB
 !               Branches  Non-fixed    W       Branch decision
                     400M        108   10        -1  = V14_0
                     430M        134    5   F     0  = V15_5
                     430M        191    9        -1  = V6_5
                     410M        215   15   F     1  = W7_1
                     430M         47    6        -1 != U13_8
                     430M         37    4   F     0 != V13_4
                     420M        213    3   F    -1  = V20_1
                     440M        130    1   F    -1 != U17_0
                     420M        194    7   F    -1 != U10_4
                     430M         49   17   F     0 != W14_2
                     410M        331   11         0  = U10_6
                     410M        103   20   F    -1  = U14_4
                     410M        102   12        -1  = U16_7
                     410M        108   16         0 != V20_4
                     430M         78    2   F     1  = V7_7
                     410M        107    8        -1  = U18_2
                     440M        127    5         1  = V22_7
                     410M        107   18         0 != V4_2
                     410M         98   14        -1 != W4_8
                     440M        188    9   F    -1  = W1_8
 ! Time = 22910.17s, Memory usage = 124.7 MB
 !               Branches  Non-fixed    W       Branch decision
                     410M        107   10         0  = U0_3
                     430M        149   13         0 != W3_4
                     420M        158   15         0 != V2_6
                     440M         48    6         0 != V13_2
                     430M        189    3        -1 != W8_4
                     440M         50    4        -1  = V16_7
                     430M        384   19   F     1 != W14_6
                     450M        135    1   F    -1 != W13_0
                     430M        160    7         0 != V10_7
                     440M         59   17   F     0 != W22_2
                     420M        348   11         0 != V16_1
                     450M        131    5        -1 != U16_8
                     420M         99   20   F    -1 != V11_8
                     420M        103   12        -1  = U17_0
                     440M         70    2   F     0  = U4_8
                     420M        101   16   F    -1  = V0_5
                     450M        142    9   F    -1 != W8_2
                     420M        108    8         1  = U15_0
                     420M        108   18        -1 != V14_1
                     440M        147   13         1  = U4_0
 ! Time = 23424.60s, Memory usage = 124.7 MB
 !               Branches  Non-fixed    W       Branch decision
                     420M         98   14   F     0 != W13_5
                     420M        110   10   F    -1  = W18_2
                     430M        149   15   F     1 != V4_6
                     450M         46    6   F     0  = V12_2
                     450M         27    4         0  = W22_6
                     460M        124    1         0  = W18_8
                     440M        116    3         0  = U6_2
                     440M        384   19         0 != W8_2
                     440M        138    7   F    -1  = V6_5
                     450M         50   17         1 != U9_3
                     430M        348   11   F    -1  = U18_0
                     460M        142    5         0  = U22_8
                     450M         81    2   F    -1  = W17_6
                     430M        104   20   F     0  = W5_6
                     430M        100   12   F     0 != W14_2
                     460M        160    9   F     1  = U13_0
                     430M        111   16   F    -1 != V19_5
                     450M        128   13   F     1 != W3_8
                     430M        109    8        -1  = W7_6
                     430M        108   18         0  = V9_6
 ! Time = 23972.92s, Memory usage = 124.7 MB
 !               Branches  Non-fixed    W       Branch decision
                     430M        100   14   F     1 != V19_0
                     440M        162   15        -1 != V18_1
                     470M        147    1   F    -1 != U0_1
                     460M         31    4        -1  = V16_1
                     430M        108   10   F    -1  = V19_1
                     460M         46    6        -1 != V9_5
                     450M        352   19         0 != W7_4
                     450M        106    3        -1  = V19_5
                     460M         58   17         0  = W21_2
                     470M        143    5        -1  = W6_5
                     440M        304   11        -1  = W6_6
                     450M        146    7         1  = W6_4
                     470M        149    9         1  = V18_8
                     460M         71    2         1  = U8_6
                     440M        105   12   F    -1 != V19_1
                     440M         97   20         0 != W18_3
                     450M        259   15         0  = W6_1
                     440M        106   16   F    -1 != U18_2
                     460M        123   13   F     0  = W7_4
                     440M        111    8         0  = V8_4
 ! Time = 24518.10s, Memory usage = 124.7 MB
 !               Branches  Non-fixed    W       Branch decision
                     440M        108   18   F    -1  = U10_7
                     440M         97   14         1 != U17_5
                     480M         89    1         0  = U16_0
                     470M         46    6         1 != W4_5
                     440M        110   10         0  = W14_2
                     470M         23    4   F     0 != V16_3
                     460M        367   19   F    -1 != U9_0
                     470M         44   17         1 != V10_7
                     480M        132    5         0  = U19_2
                     460M        152    3         1 != V20_1
                     450M        353   11   F    -1  = U16_0
                     480M        181    9   F     1 != U13_8
                     460M        124   15        -1  = W14_1
                     450M        105   12   F     0  = U6_0
                     470M        102    2        -1  = V21_4
                     450M         97   20         0 != W10_3
                     450M        108   16   F     0  = V19_5
                     470M        123   13         0  = U4_3
                     450M        105    8        -1 != W21_7
                     470M        348   19        -1 != V19_1
 ! Time = 25100.17s, Memory usage = 124.7 MB
 !               Branches  Non-fixed    W       Branch decision
                     450M        103   18        -1  = W9_5
                     450M         94   14   F    -1  = W10_5
                     490M         87    1         0  = V17_1
                     480M         47    6         0 != V5_1
                     450M        107   10        -1  = U16_2
                     480M         47   17         1 != U0_1
                     460M        150    7   F     0  = V12_7
                     480M         37    4         1 != U10_3
                     470M        153    3   F     1  = U4_3
                     460M        344   11        -1 != W1_8
                     490M        135    5   F     1 != V5_4
                     490M        183    9        -1  = V9_0
                     460M        105   12         0 != V9_2
                     480M         73    2   F     1 != U7_0
                     480M        348   19         1  = U16_6
                     460M        101   20   F    -1 != U0_3
                     460M        108   16        -1 != U4_2
                     460M        109    8         0  = V7_0
                     480M        153   13         0  = U19_8
                     500M         89    1   F     0  = W13_7
 ! Time = 25651.16s, Memory usage = 124.7 MB
 !               Branches  Non-fixed    W       Branch decision
                     490M         62   17         1 != W5_0
                     460M        110   18            -
                     460M         98   14         0  = U17_8
                     470M        133   15   F     1  = W5_3
                     460M        107   10   F     0  = V22_8
                     490M         38    6         0 != U21_0
                     470M        192    7   F     0  = W7_4
                     490M         51    4         0  = U0_5
                     470M        348   11   F     0 != V20_1
                     480M        224    3         0 != U15_5
                     500M        190    9   F     1  = U19_7
                     500M        130    5   F    -1  = U6_8
                     490M        392   19   F     1  = W19_2
                     470M        104   12        -1 != V11_5
                     490M        104   13        -1  = W14_6
                     510M        127    1   F     1  = W14_8
                     470M        104   20         1  = W11_0
                     490M         76    2   F     1  = V22_0
                     470M        110   16         1  = U22_8
                     500M         41   17   F     0 != U12_1
 ! Time = 26177.73s, Memory usage = 124.7 MB
 !               Branches  Non-fixed    W       Branch decision
                     470M        107    8   F     0  = U4_3
                     470M        110   18         1  = V13_7
                     470M         97   14   F     0  = V4_8
                     470M        109   10        -1  = W11_4
                     500M         41    6   F     1 != W8_5
                     500M         48    4   F     1 != W20_1
                     480M        200    7   F    -1 != V17_1
                     480M        348   11         1  = U4_7
                     490M        147    3   F     0 != W2_4
                     510M        135    9   F     1  = V2_8
                     500M        317   19   F     1  = V17_8
                     480M        153   15   F     1  = V22_4
                     510M        209    5         0 != U12_7
                     520M        141    1   F    -1 != V21_0
                     510M         64   17   F     0  = U18_0
                     480M        101   12   F     1  = W12_6
                     500M        117    2        -1  = V6_5
                     500M        112   13         0 != V11_2
                     480M        106   20        -1  = V1_0
                     480M        110   16         1 != U8_8
 ! Time = 26678.02s, Memory usage = 124.7 MB
 !               Branches  Non-fixed    W       Branch decision
                     480M        110    8   F     1  = W18_1
                     490M        148    7   F    -1 != V4_0
                     480M        109   18         0  = U21_7
                     480M        101   14         0 != W20_8
                     510M         37    4   F    -1  = W11_8
                     480M        108   10         0 != U2_8
                     510M         33    6         0 != W1_2
                     500M        192    3        -1 != W18_4
                     520M        189    9         0 != V21_6
                     490M        233   15         1 != W20_1
                     490M        347   11         1 != V7_2
                     510M        380   19         1  = W9_6
                     530M         88    1   F     1  = W19_8
                     520M         80   17         0  = W13_0
                     520M        127    5   F     0  = V8_0
                     510M         72    2   F    -1 != W3_6
                     510M        123   13         0  = W11_6
                     490M        102   12   F    -1  = W15_6
                     490M         99   20   F    -1 != W21_8
                     500M        114    7   F    -1 != V16_0
 ! Time = 27201.55s, Memory usage = 124.7 MB
 !               Branches  Non-fixed    W       Branch decision
                     490M        107   16        -1  = W17_1
                     520M         33    4   F    -1  = U9_2
                     490M        108    8   F     0 != W8_6
                     510M        118    3         0  = U13_2
                     490M        100   14        -1  = V15_1
                     490M        109   18         0  = U1_8
                     520M         34    6         0  = U7_5
                     490M        108   10         1  = U2_8
                     530M         74   17         1  = U12_0
                     540M        113    1   F    -1  = V7_8
                     520M        301   19        -1 != W2_7
                     530M        182    9         1 != W22_4
                     500M        239   15         0  = V17_1
                     500M        331   11   F    -1 != V1_2
                     510M         99    7        -1 != U5_7
                     530M        118    5         0 != W9_3
                     520M        298    2   F     0 != V1_5
                     500M        100   12        -1 != V14_1
                     520M        129   13   F     1 != U16_6
                     500M        102   20        -1 != U15_4
 ! Time = 27747.42s, Memory usage = 124.7 MB
 !               Branches  Non-fixed    W       Branch decision
                     500M        106   16        -1  = W0_1
                     530M         50    4         0  = U5_8
                     500M        108    8   F     0  = V14_7
                     530M         36    6   F    -1  = U18_0
                     500M         95   14         1 != V8_8
                     500M        108   18         0 != W22_5
                     500M        108   10   F     1 != U20_5
                     520M        137    3         1 != U16_7
                     510M        251   15   F     0  = W14_1
                     540M         65   17   F     1 != W17_1
                     540M        186    9   F     0  = U22_3
                     530M        300   19        -1  = W9_4
                     510M        350   11         0 != W0_4
                     550M         93    1   F    -1 != W12_8
                     540M        171    5   F     1  = U7_6
                     530M         82    2         0  = V22_8
                     540M         38    4         0  = U18_5
                     510M        103   12        -1  = V9_1
                     530M        133   13   F     0 != U11_7
                     510M        101   20   F     0  = U22_7
 ! Time = 28324.98s, Memory usage = 124.7 MB
 !               Branches  Non-fixed    W       Branch decision
                     520M        150    7         1  = V12_5
                     510M        109   16        -1  = V17_8
                     540M         37    6         0  = U2_2
                     510M        109    8        -1  = W2_3
                     510M         93   14   F    -1  = W7_5
                     510M        110   18        -1  = V3_0
                     510M        107   10         0 != U14_3
                     520M        221   15   F    -1  = W4_1
                     550M         65   17   F     0 != U8_2
                     550M        181    9   F     0 != W14_3
                     540M        366   19   F    -1  = V10_0
                     520M        335   11   F     1  = V19_3
                     550M        153    5         0  = W9_6
                     540M         93    2   F    -1 != U10_4
                     560M        140    1        -1 != V18_2
                     540M        119   13         0 != U13_2
                     550M         34    4         1  = U7_6
                     520M        105   12            -
                     550M         32    6        -1  = V11_1
                     520M         99   20   F    -1  = U17_4
 ! Time = 28898.79s, Memory usage = 124.7 MB
 !               Branches  Non-fixed    W       Branch decision
                     530M        128    3        -1  = W0_4
                     520M        110   16   F     1  = U11_7
                     520M        112    8         0  = U8_7
                     530M        154    7   F    -1 != W0_6
                     530M        209   15        -1  = W15_1
                     520M         96   14         1 != V1_8
                     520M        105   18        -1 != U18_7
                     560M         64   17   F     1  = U6_3
                     560M        198    9   F     0 != V9_0
                     520M        105   10        -1 != U19_3
                     550M        348   19   F    -1 != V20_1
                     530M        328   11   F    -1  = V14_3
                     550M         80    2        -1  = U4_4
                     560M        177    5   F     1 != W2_7
                     570M        115    1         0  = W22_1
                     560M         33    6         0  = U10_5
                     550M        121   13         1  = V22_0
                     530M        106   12        -1  = V8_3
                     560M         40    4         1 != U2_6
                     540M        196   15         0 != W6_1
 ! Time = 29419.92s, Memory usage = 124.7 MB
 !               Branches  Non-fixed    W       Branch decision
                     530M        101   20   F     1  = U3_4
                     530M        108   16   F     0  = V4_8
                     540M        185    7        -1 != W20_4
                     530M        108    8         1  = V19_5
                     530M         99   14   F     1  = U0_3
                     570M         56   17   F     0  = W13_4
                     530M        107   18   F     0 != U7_1
                     570M        193    9        -1 != U6_3
                     560M        348   19   F     1 != V19_0
                     530M        105   10   F     0  = V11_1
                     540M        224    3         0 != U5_0
                     540M        327   11   F     1 != V1_3
                     560M        127    2   F     0  = V3_3
                     580M         99    1         0 != V8_8
                     570M        140    5         0 != W3_5
                     550M        152    7        -1 != V20_1
                     570M         44    4   F    -1 != U22_5
                     570M         34    6   F     1  = U3_3
                     560M        132   13         0 != U22_3
                     540M        104   12   F    -1  = W17_2
 ! Time = 29950.32s, Memory usage = 124.7 MB
 !               Branches  Non-fixed    W       Branch decision
                     540M         98   20   F    -1 != W7_8
                     540M        105   16         0  = V15_1
                     570M        371   19   F     0  = W8_0
                     540M        109    8        -1 != V11_7
                     580M         43   17        -1  = V6_6
                     540M         99   14        -1  = W6_5
                     580M        188    9         0  = V4_0
                     540M        111   18        -1  = W8_3
                     550M        181    3         1 != U1_0
                     550M        148   15   F    -1  = U21_8
                     540M        107   10        -1  = W4_6
                     550M        327   11        -1  = W22_4
                     570M         89    2   F     1  = V13_3
                     580M        160    5         0 != W13_4
                     590M         86    1        -1  = V2_4
                     560M        109    7   F     1  = V3_0
                     570M        109   13        -1  = V3_1
                     580M         33    4         0 != U18_4
                     580M         33    6         1 != U16_5
                     550M        103   12        -1  = V2_1
 ! Time = 30506.90s, Memory usage = 124.7 MB
 !               Branches  Non-fixed    W       Branch decision
                     580M        366   19         1  = U4_6
                     550M        101   20        -1 != W1_8
                     550M        106   16         1 != W2_1
                     550M        109    8        -1  = U3_5
                     590M         53   17         1  = U12_0
                     590M        207    9   F     1  = U5_5
                     550M         99   14         1  = U13_0
                     560M        348   11        -1 != V18_1
                     550M        106   18   F     0  = V14_4
                     600M         88    1   F     1 != W4_4
                     560M        200    3         0  = V2_2
                     580M         63    2        -1  = V8_2
                     550M        106   10   F     0  = W13_2
                     590M        183    5         1  = U14_8
                     570M        144    7        -1 != U0_0
                     580M        131   13         1  = U10_6
                     590M         40    6         1  = W18_7
                     560M        145   15         1 != U10_8
                     590M         41    4   F     0 != V3_7
                     560M        106   12   F    -1 != V17_1
 ! Time = 31077.85s, Memory usage = 124.7 MB
 !               Branches  Non-fixed    W       Branch decision
                     590M        301   19         0  = V18_7
                     600M        177    9   F    -1 != W18_5
                     560M         99   20   F     1 != W10_8
                     560M        110   16        -1 != W20_1
                     570M        348   11   F     0 != U22_6
                     600M         53   17         0  = V4_3
                     560M        108    8   F    -1 != W3_1
                     560M         95   14        -1  = U1_8
                     610M        146    1         0  = U7_0
                     560M        109   18   F    -1  = W3_3
                     570M        250    3   F     0  = V20_1
                     590M        127    2         0 != V12_2
                     560M        111   10         0  = W20_8
                     600M        117    5   F    -1  = V6_4
                     580M        157    7         1 != V16_4
                     600M         44    6        -1  = U19_5
                     590M        149   13        -1 != U13_5
                     600M         49    4   F     1 != U20_7
                     610M        188    9         1 != U12_6
                     570M        149   15   F    -1 != U4_1
 ! Time = 31594.55s, Memory usage = 124.7 MB
 !               Branches  Non-fixed    W       Branch decision
                     570M        102   12   F    -1 != W20_7
                     580M        396   11   F     1  = U21_0
                     600M        377   19   F     0 != W13_2
                     570M        100   20   F     0  = W15_1
                     570M        108   16        -1  = V9_4
                     620M        105    1   F    -1  = U11_0
                     610M         52   17   F     1  = V20_4
                     580M        133    3   F    -1  = W13_7
                     570M        108    8         1  = U15_6
                     570M         97   14         1  = V21_1
                     610M        103    5   F     1  = W6_2
                     570M        109   18   F     0  = V16_1
                     570M        105   10         1  = W13_5
                     600M        108    2        -1  = U3_6
                     610M         36    6   F     0 != U8_2
                     600M        116   13         1 != U7_3
                     610M         32    4         0  = U6_6
                     590M        155    7   F    -1 != V14_2
                     620M        166    9        -1 != V17_2
                     590M        428   11         1 != U21_0
 ! Time = 32101.48s, Memory usage = 124.7 MB
 !               Branches  Non-fixed    W       Branch decision
                     580M        179   15         0  = W10_1
                     610M        409   19         1 != W16_2
                     630M        103    1   F     0  = U19_0
                     580M        101   12         0  = W3_7
                     590M        194    3   F     0 != U2_6
                     620M         65   17         0 != U0_4
                     580M        102   20   F    -1  = V7_7
                     580M        109   16   F    -1 != V0_5
                     620M        120    5         1  = V7_8
                     580M        110    8        -1  = W0_3
                     580M        100   14   F    -1  = W8_7
                     580M        110   18   F    -1  = V3_4
                     620M         37    6         1 != V15_1
                     610M        105    2         1 != U22_7
                     580M        110   10        -1  = V2_7
                     610M        128   13        -1  = W21_4
                     620M         45    4         0  = U20_4
                     600M        206    7   F     0  = V18_2
                     600M        225   11   F    -1  = U19_7
                     630M        190    9        -1 != V22_2
 ! Time = 32586.92s, Memory usage = 124.7 MB
 !               Branches  Non-fixed    W       Branch decision
                     600M        175    3         0 != W15_4
                     640M        108    1        -1  = W17_0
                     630M         60   17        -1  = U8_4
                     590M        102   12   F     1  = W7_6
                     590M        229   15   F     0  = V20_1
                     590M        104   16        -1 != U5_3
                     590M        100   20        -1 != U21_8
                     630M        107    5   F     0 != V21_8
                     590M        108    8   F     1  = U11_4
                     620M        384   19   F     0 != U20_0
                     590M         95   14            -
                     620M        164    2   F    -1 != U9_1
                     590M        109   18   F     1 != U3_5
                     630M         36    6        -1  = V7_3
                     590M        109   10   F     1 != W22_0
                     630M         58    4   F     0 != V1_4
                     620M        117   13   F    -1 != V1_3
                     610M        255    7   F     1  = U18_3
                     610M        304   11         1 != U12_7
                     640M        181    9         0 != V11_6
 ! Time = 33056.01s, Memory usage = 124.7 MB
 !               Branches  Non-fixed    W       Branch decision
                     610M        130    3        -1 != W0_4
                     640M         66   17         1  = W13_5
                     650M         87    1         1 != U9_6
                     600M        245   15         1 != W4_1
                     600M        102   12        -1 != V5_4
                     600M        108   16        -1  = U6_0
                     600M        103   20        -1  = U17_8
                     630M        348   19        -1 != V19_1
                     600M        110    8        -1 != V12_2
                     600M        100   14        -1 != V9_4
                     630M        156    2         1  = U22_1
                     640M         32    6   F     1 != W20_4
                     640M        142    5         0  = W20_5
                     600M        110   18   F    -1 != U13_8
                     640M         23    4         1  = W22_3
                     620M        356   11   F    -1  = U17_6
                     630M        145   13   F    -1  = V18_5
                     600M        107   10        -1  = W18_1
                     620M        285    7   F    -1  = V19_1
                     650M        204    9   F     1 != U4_6
 ! Time = 33561.75s, Memory usage = 124.7 MB
 !               Branches  Non-fixed    W       Branch decision
                     650M         50   17   F    -1  = U14_0
                     610M        149   15   F    -1 != W15_1
                     620M        130    3        -1  = U1_5
                     660M        100    1   F     0  = V5_2
                     640M        348   19        -1 != U6_6
                     610M        102   12        -1  = U10_7
                     610M        104   16         0 != U22_4
                     650M         32    6         0 != U16_5
                     610M        103   20        -1 != W21_5
                     640M        123    2   F    -1  = V10_2
                     610M         97   14        -1  = V21_3
                     610M        111    8        -1  = W3_1
                     650M         51    4         0 != V0_6
                     630M        100    7        -1  = V6_6
                     650M        144    5        -1 != U18_1
                     610M        104   18   F     1 != W12_8
                     640M        110   13        -1  = W18_8
                     630M        374   11        -1 != U6_6
                     610M        107   10   F     0  = W0_6
                     660M        168    9         1  = W22_8
 ! Time = 34070.04s, Memory usage = 124.7 MB
 !               Branches  Non-fixed    W       Branch decision
                     620M        142   15         0  = W21_1
                     660M        197   17         1 != W8_7
                     670M        147    1   F     1 != V22_4
                     650M        386   19         1  = V20_0
                     630M        133    3         1 != V13_3
                     620M        101   12        -1  = V11_1
                     660M         32    6         0  = V4_7
                     620M        104   16   F     0  = U20_8
                     660M         30    4        -1 != U0_3
                     640M        134    7        -1  = V7_0
                     620M        102   20         0 != U3_8
                     650M        137    2        -1 != W6_8
                     620M        102   14        -1 != U14_0
                     620M        109    8        -1  = V18_1
                     640M        348   11   F     0 != V20_1
                     660M        143    5   F     1 != U14_2
                     620M        107   18         1  = W2_6
                     650M        112   13        -1 != U20_6
                     620M        108   10        -1  = U22_3
                     630M        129   15   F    -1 != W1_1
 ! Time = 34624.86s, Memory usage = 124.7 MB
 !               Branches  Non-fixed    W       Branch decision
                     670M         62   17   F    -1 != W5_7
                     670M        187    9        -1  = W14_4
                     660M        392   19        -1  = W1_0
                     680M        125    1         0  = U1_6
                     650M        113    7   F     0 != W7_5
                     640M        159    3   F     1 != W21_7
                     670M         42    4   F     0  = W19_4
                     670M         34    6   F     1 != V3_3
                     660M        138    2         0  = W5_2
                     630M        104   12   F    -1  = W13_7
                     650M        348   11   F    -1 != V7_6
                     630M        110   16   F    -1  = U12_3
                     630M         98   20   F     1  = W0_3
                     630M        101   14         1  = U0_5
                     630M        106    8         1  = U13_4
                     680M         43   17   F     1  = V18_0
                     660M        135   13   F     1  = U6_3
                     670M        149    5         0 != W13_7
                     630M        111   18   F    -1 != U13_3
                     630M        109   10         0  = V1_1
 ! Time = 35191.38s, Memory usage = 124.7 MB
 !               Branches  Non-fixed    W       Branch decision
                     680M        203    9         0  = W8_0
                     690M         83    1         1  = W10_7
                     640M        148   15   F     1 != U7_6
                     670M        388   19   F     0 != W20_0
                     680M         42    4        -1 != W1_7
                     670M         65    2         0  = V19_8
                     650M        197    3        -1  = W4_7
                     680M         45    6         1 != U20_8
                     640M        105   12   F     1  = U11_7
                     640M        108   16   F     1  = U15_6
                     640M        104   20        -1  = W15_3
                     660M        355   11         0  = V5_3
                     640M        101   14        -1  = U16_6
                     660M        149    7   F     1  = W11_4
                     640M        109    8   F    -1 != W1_1
                     680M        150    5   F     1  = W11_8
                     670M        107   13   F     0  = V11_4
                     690M         34   17         0  = W3_3
                     640M        106   18   F     0  = W17_1
                     640M        106   10            -
 ! Time = 35760.13s, Memory usage = 124.7 MB
 !               Branches  Non-fixed    W       Branch decision
                     700M        127    1         1  = W11_4
                     690M        239    9         0  = U8_0
                     690M        182    4   F     1  = V6_1
                     680M         93    2        -1  = W13_5
                     660M        189    3   F    -1 != U6_0
                     680M        331   19         0  = U16_2
                     650M        108   12            -
                     690M         37    6         0 != U20_5
                     650M        107   16         0  = U9_6
submitit WARNING (2023-05-04 19:06:47,414) - Bypassing signal SIGCONT
submitit WARNING (2023-05-04 19:06:47,422) - Bypassing signal SIGTERM
                     650M        102   20        -1 != W6_6
                     650M         98   14   F    -1  = V14_8
