submitit INFO (2023-05-04 09:04:25,897) - Starting with JobEnvironment(job_id=27807, hostname=cpunode2, local_rank=1(5), node=0(1), global_rank=1(5))
submitit INFO (2023-05-04 09:04:25,897) - Loading pickle: /h/30/pashootan/Matrix-Mult-CP/src/../logs/5/3x3x3_23_May04_09:04:23/27807_submitted.pkl
Running with: Namespace(N=3, M=3, P=3, R=23, valid_ineq=False, symmetry=False, min_add=False, cyclic_invar=False, inex_bounds=(0, 0), output_dir='../logs/5/3x3x3_23_May04_09:04:23', n_seeds=5, n_workers=20, timeout=2880, solver='cpo', cpo_LogPeriod=10000000, cpo_RandomSeed=4, inexact_ineq=False)
Running solver with: {'LogPeriod': 10000000, 'RandomSeed': 4, 'Workers': 20, 'TimeLimit': 172800}
 ! --------------------------------------------------- CP Optimizer 22.1.1.0 --
 ! Satisfiability problem - 621 variables, 729 constraints
 ! TimeLimit            = 172800
 ! Workers              = 20
 ! LogPeriod            = 10000000
 ! RandomSeed           = 3161
 ! Initial process time : 0.08s (0.08s extraction + 0.00s propagation)
 !  . Log search space  : 984.3 (before), 984.3 (after)
 !  . Memory usage      : 5.2 MB (before), 5.2 MB (after)
 ! Using parallel search with 20 workers.
 ! ----------------------------------------------------------------------------
 !               Branches  Non-fixed    W       Branch decision
                   10000k        108   17        -1 != W14_0
                   10000k        157   11   F    -1  = W16_1
                   10000k        103    6         1  = U16_0
                   10000k        159   19        -1 != W14_7
                   10000k        106    2         0  = U8_3
                   10000k         41    5         0 != V18_3
                   10000k        130    9         1 != V20_5
                   10000k        100    4         1  = U1_1
                   10000k        121   13         0 != U11_0
                   10000k        115    1        -1  = W0_7
                   10000k        129    7   F     0  = V9_5
                   10000k        122    3         0 != U19_7
                   10000k         97   15         0  = U22_7
                   10000k        106    8        -1 != U1_3
                   10000k        107   14        -1  = U18_4
                   10000k        106   20   F    -1  = U10_8
                   10000k        104   12         0  = U19_3
                   10000k        108   18         0  = U14_4
                   10000k        109   16         0 != V9_1
                   10000k        109   10        -1  = V9_1
 ! Time = 571.33s, Memory usage = 124.7 MB
 !               Branches  Non-fixed    W       Branch decision
                   20000k        101    9         0 != U14_6
                   20000k        104   13         0  = U0_0
                   20000k         95    1        -1 != V3_2
                   20000k        101   17         0  = V4_1
                   20000k        109    2        -1 != V8_6
                   20000k        103    6         0  = W2_6
                   20000k        348   11   F     1 != V7_2
                   20000k        275   19        -1 != U17_8
                   20000k         92    4   F    -1  = V5_4
                   20000k         41    5         1  = V4_1
                   20000k        139    7   F    -1 != U3_8
                   20000k        101    3   F    -1 != V20_1
                   20000k        108   14            -
                   20000k        109   12        -1  = U16_0
                   20000k        108   18         0 != V15_8
                   20000k         90   15   F    -1 != V4_4
                   20000k        111   10   F    -1  = W2_1
                   20000k        110    8   F    -1  = W7_7
                   20000k         93   20   F     1  = W13_1
                   20000k        106   16        -1 != V2_0
 ! Time = 1132.45s, Memory usage = 124.7 MB
 !               Branches  Non-fixed    W       Branch decision
                   30000k        116    9         1  = U21_1
                   30000k         89   17   F    -1  = U11_3
                   30000k        312   11         0 != W4_0
                   30000k         82    2         1  = U0_6
                   30000k         91   13         0  = V22_3
                   30000k         92    1   F    -1  = U22_0
                   30000k        277   19         0  = V18_1
                   30000k         33    5         1  = V11_7
                   30000k        100    4   F    -1 != U1_0
                   30000k        119    6         1 != U9_3
                   30000k         90    3   F    -1 != U14_4
                   30000k        103   14        -1  = W15_2
                   30000k        110   12   F     1  = W13_6
                   30000k         69   15         0  = V22_3
                   30000k        108   18   F    -1  = V9_2
                   30000k        110   20   F    -1  = V10_7
                   30000k        126    7   F     1 != W13_6
                   30000k        109   10        -1  = U17_2
                   30000k        104    8         0 != W8_4
                   30000k        104   16         1  = V20_3
 ! Time = 1695.54s, Memory usage = 124.7 MB
 !               Branches  Non-fixed    W       Branch decision
                   40000k        167    9        -1  = V12_5
                   40000k         98   13   F     1  = W3_5
                   40000k         91    1   F     1  = V10_1
                   40000k        340   19        -1 != V15_1
                   40000k        310   11   F     1  = W18_0
                   40000k         90   17   F    -1  = V4_4
                   40000k         81    2         1  = W14_1
                   40000k         28    5   F     0  = V0_6
                   40000k         64    4         0  = W21_1
                   40000k        115    6   F    -1  = W17_7
                   40000k        151    3         0  = V3_5
                   40000k        107   12        -1  = U13_1
                   40000k        142   15         0 != V15_7
                   40000k        106   14   F    -1  = V14_1
                   40000k        103   18   F     0  = U2_7
                   40000k        109   20         1  = W18_7
                   40000k        107   10        -1  = W11_6
                   40000k        136    7   F    -1 != V14_3
                   40000k        109    8        -1  = W10_7
                   40000k        108   16         0 != V11_1
 ! Time = 2249.20s, Memory usage = 124.7 MB
 !               Branches  Non-fixed    W       Branch decision
                   50000k        106    9         0  = V22_3
                   50000k         93    1         0  = V4_7
                   50000k         86   17         1 != V21_2
                   50000k         99   13   F     0 != V6_3
                   50000k        340   19   F    -1  = V20_1
                   50000k        105    2   F     1 != W20_4
                   50000k        348   11         0 != V18_1
                   50000k         26    5         0 != V15_6
                   50000k         64    4   F     0  = U16_5
                   50000k        102    6        -1  = U13_4
                   50000k        116   15   F    -1 != U3_5
                   50000k        151    3        -1  = V6_5
                   50000k        101   12         0 != W13_0
                   50000k        104   14         1  = U6_4
                   50000k        108   18   F    -1  = V13_5
                   50000k        151    7         1  = V11_0
                   50000k        109   10   F    -1 != U2_5
                   50000k        107   20         1  = W3_3
                   50000k        105    8   F    -1 != W2_4
                   50000k        110   16        -1  = U10_2
 ! Time = 2800.95s, Memory usage = 124.7 MB
 !               Branches  Non-fixed    W       Branch decision
                   60000k        118   13         1  = V15_4
                   60000k        113    9   F    -1 != U5_0
                   60000k         90    1   F     1 != W15_7
                   60000k         94   17   F    -1 != V14_3
                   60000k        203   19         1 != W2_4
                   60000k         27    5         1 != V6_6
                   60000k        290   11        -1  = U12_0
                   60000k         70    2   F    -1  = W18_7
                   60000k         65    4        -1  = W17_3
                   60000k         78    6        -1  = V5_0
                   60000k        129   15         0 != V18_7
                   60000k        108   12        -1  = W1_5
                   60000k        103   14   F     1 != V22_1
                   60000k        119    7         1 != U0_3
                   60000k        107   18         1  = W5_3
                   60000k        109   20   F     0  = V3_1
                   60000k        106    8         0  = U7_2
                   60000k        106   10   F    -1  = V11_6
                   60000k        106   16        -1 != W1_8
                   60000k        126    3         0 != V2_4
 ! Time = 3367.36s, Memory usage = 124.7 MB
 !               Branches  Non-fixed    W       Branch decision
                   70000k         98   13   F    -1  = U1_3
                   70000k        125    9   F    -1  = W9_8
                   70000k         94    1        -1 != W7_7
                   70000k        252   11         1 != U18_0
                   70000k        337   19         1 != U0_8
                   70000k         87   17         0 != W19_6
                   70000k         24    5   F    -1  = W7_4
                   70000k         74    6   F     1 != U20_7
                   70000k         42    2   F     1 != U11_6
                   70000k         74    4        -1  = W1_8
                   70000k        113   15         1  = W0_2
                   70000k        108   12         0 != V19_0
                   70000k        105   14        -1 != V11_8
                   70000k        126    7         1 != U14_0
                   70000k        107   18   F    -1  = W10_0
                   70000k        112   20         1  = U7_6
                   70000k        108   10            -
                   70000k        110    8         1  = W9_5
                   70000k        110   16   F     0 != W4_8
                   70000k        142    3   F    -1 != W2_8
 ! Time = 3908.04s, Memory usage = 124.7 MB
 !               Branches  Non-fixed    W       Branch decision
                   80000k         93   13         0 != W3_3
                   80000k        115    1        -1 != U13_6
                   80000k        109    9         0 != W6_1
                   80000k        348   19        -1 != V5_2
                   80000k         87   17   F     1  = U0_7
                   80000k        315   11         1  = W2_0
                   80000k         72    4         1  = W17_1
                   80000k         73    6         0 != V1_0
                   80000k         36    5        -1  = V1_3
                   80000k         41    2   F     1 != U2_3
                   80000k        150   15   F    -1 != W11_7
                   80000k        145    7   F     1  = U9_2
                   80000k        106   12   F    -1  = U4_1
                   80000k        108   14   F     0 != U3_6
                   80000k        108   18   F     0  = V19_6
                   80000k        157    3   F    -1 != U16_7
                   80000k        108   10         1  = V20_7
                   80000k        108    8            -
                   80000k        107   20   F     1  = V14_3
                   80000k        108   16         0  = V10_1
 ! Time = 4454.86s, Memory usage = 124.7 MB
 !               Branches  Non-fixed    W       Branch decision
                   90000k         94    1        -1  = U13_6
                   90000k        137   13         1  = V10_2
                   90000k        101    9         0 != V1_3
                   90000k        348   19        -1  = W6_4
                   90000k         90   17   F     0 != V12_0
                   90000k         84    6   F     1 != V6_1
                   90000k         74    4         0  = U15_7
                   90000k         37    2        -1  = V0_0
                   90000k        297   11   F    -1  = V9_0
                   90000k         25    5   F     0 != U1_5
                   90000k        154   15        -1  = U19_8
                   90000k        152    7         1 != U9_4
                   90000k        104   12   F     0  = W11_1
                   90000k        108   18         0 != V19_8
                   90000k        107   14   F     0  = W18_6
                   90000k        110   10        -1  = V6_6
                   90000k        110   20         0  = W14_3
                   90000k        109    8        -1  = W1_7
                   90000k        156    3   F     0 != V11_6
                   90000k        109   16        -1  = U0_1
 ! Time = 4999.63s, Memory usage = 124.7 MB
 !               Branches  Non-fixed    W       Branch decision
                     100M        101    1        -1 != V18_3
                     100M        118    9        -1 != U6_1
                     100M        236   19   F    -1 != V20_1
                     100M         95   13   F     1  = V19_2
                     100M         96    6         1  = W21_6
                     100M         87   17   F     1 != U19_3
                     100M         77    4        -1 != V10_5
                     100M         36    5   F    -1 != V7_6
                     100M         44    2   F     1 != W19_0
                     100M        337   11         0  = V16_1
                     100M        116   15   F    -1  = V20_1
                     100M        101    7         0 != U3_2
                     100M        117    3        -1 != W22_0
                     100M        104   12         1 != V11_8
                     100M        108   18        -1  = U4_0
                     100M        105   14         1 != V2_3
                     100M        109   10   F     0  = U2_5
                     100M        109   20   F    -1  = V0_7
                     100M        107    8        -1  = W1_2
                     100M        108   16         1  = W7_8
 ! Time = 5547.95s, Memory usage = 124.7 MB
 !               Branches  Non-fixed    W       Branch decision
                     110M        100    1         0  = V18_0
                     110M        128    9        -1 != W18_1
                     110M         99    6        -1  = W21_6
                     110M        322   19         0  = U19_3
                     110M         89   13         1  = U20_0
                     110M         86   17   F     1  = U18_6
                     110M         76    4   F     0  = W20_8
                     110M         22    5   F     0  = U13_6
                     110M         36    2         0  = V15_3
                     110M        311   11   F    -1 != U12_7
                     110M        134   15   F     1 != V3_8
                     110M        147    3         0  = V15_1
                     110M        105   12   F     0 != U4_1
                     110M        108   18   F     0 != U11_4
                     110M        108   14         0 != V9_1
                     110M        154    7   F    -1  = U3_3
                     110M        107   10        -1  = W17_7
                     110M        105    8         1  = V19_1
                     110M        107   20   F    -1 != U3_5
                     110M        105   16        -1 != W15_4
 ! Time = 6107.15s, Memory usage = 124.7 MB
 !               Branches  Non-fixed    W       Branch decision
                     120M         94    1        -1 != U6_0
                     120M        110    9        -1 != U20_1
                     120M        111    6        -1 != V19_0
                     120M        289   19         1 != U5_8
                     120M         85    4         1 != W18_8
                     120M         83   17        -1  = U17_3
                     120M        110   13   F    -1  = W20_5
                     120M         25    5         0 != W5_7
                     120M         34    2         1  = W22_3
                     120M         92   15        -1 != U9_8
                     120M        328   11   F    -1  = W2_1
                     120M        162    3   F     1  = W19_3
                     120M        108   12         0  = W8_1
                     120M        148    7         1 != W6_1
                     120M        108   18   F     1 != W7_2
                     120M        109   14   F     1 != W20_0
                     120M        108   10        -1  = W16_0
                     120M        108    8        -1 != W19_2
                     120M        108   20        -1 != V13_1
                     120M        110   16         0 != U15_4
 ! Time = 6654.27s, Memory usage = 124.7 MB
 !               Branches  Non-fixed    W       Branch decision
                     130M         92    1   F     0 != V14_2
                     130M        131    9         0 != V3_3
                     130M         84   17         1  = V19_2
                     130M         76    4   F     0  = U21_0
                     130M         81    6        -1 != U5_6
                     130M         90   13         1  = V22_4
                     130M         26    5   F    -1  = V19_1
                     130M        337   19   F    -1  = V20_0
                     130M         35    2   F     0  = W8_4
                     130M        156   15        -1 != W19_7
                     130M        155    3   F     0  = W20_5
                     130M        142    7   F     0  = U17_7
                     130M        357   11   F    -1  = U21_0
                     130M        110   18   F    -1 != U7_2
                     130M        103   12   F        -
                     130M        107   14   F     1 != V12_3
                     130M        109   10        -1  = U20_1
                     140M        109    1         0 != U19_6
                     130M        106   20   F    -1  = V9_8
                     130M        106    8         1 != V0_7
 ! Time = 7179.15s, Memory usage = 124.7 MB
 !               Branches  Non-fixed    W       Branch decision
                     130M        108   16   F     0 != U16_1
                     140M        103    9   F    -1 != V17_3
                     140M        343   19        -1  = W20_7
                     140M         75    6   F     1  = W10_6
                     140M         81   17   F     0 != W7_6
                     140M         21    5         1  = V0_5
                     140M         79    4   F    -1 != U16_7
                     140M         88   13        -1  = V16_4
                     140M         38    2   F     1  = U3_4
                     140M        160   15         0 != V15_7
                     140M        152    7         0  = U1_6
                     140M        151    3   F     1 != W17_5
                     140M        346   11   F    -1 != W12_7
                     140M        109   18         0 != W19_4
                     140M        106   14        -1  = U13_1
                     140M        108   12         1  = W2_8
                     140M        106   10        -1  = V21_6
                     150M         90    1   F    -1 != U3_8
                     150M        106    9         0 != W2_0
                     140M        107   16        -1  = W17_0
 ! Time = 7743.06s, Memory usage = 124.7 MB
 !               Branches  Non-fixed    W       Branch decision
                     140M        112   20   F     0  = V8_6
                     140M        107    8         0  = W12_4
                     150M         82   17   F     1  = W15_3
                     150M        310   19         0  = U1_8
                     150M        102    6         0 != V5_1
                     150M         22    5   F     1  = W18_6
                     150M         91   13        -1 != V3_2
                     150M         79    4   F     1 != W18_2
                     150M         34    2   F     1  = V6_8
                     150M        174   15        -1 != U12_8
                     150M        113    7        -1  = V13_2
                     150M        155    3   F    -1  = V10_3
                     150M        323   11        -1  = V18_1
                     160M        109    1         0 != V10_1
                     150M        109   18        -1  = W15_2
                     150M        108   14        -1  = U0_0
                     150M        107   12         1  = V3_4
                     150M        108   10   F    -1  = W19_3
                     160M        103    9         0 != U5_7
                     150M        108   16   F    -1  = U16_3
 ! Time = 8291.36s, Memory usage = 124.7 MB
 !               Branches  Non-fixed    W       Branch decision
                     150M        107    8            -
                     150M        110   20         0  = W2_8
                     160M         82   17         0 != W1_3
                     160M         85    6   F    -1  = V6_8
                     160M        332   19         1 != W21_0
                     160M         86   13   F     0  = V2_6
                     160M         24    5   F     1 != W11_1
                     160M         73    4   F     1  = U17_7
                     160M         36    2   F    -1  = V15_2
                     160M        158    3         0 != V12_7
                     160M        114    7   F    -1 != W7_1
                     160M        153   15         0  = U10_5
                     160M        297   11         0 != U11_1
                     170M         91    1         0  = V0_7
                     160M        107   18   F     1  = V6_5
                     160M        107   14   F     0 != V5_1
                     160M        111   12   F     0  = V6_8
                     160M        109   10        -1 != W15_0
                     170M        114    9         0  = U13_7
                     160M        108   16        -1 != V4_1
 ! Time = 8842.50s, Memory usage = 124.7 MB
 !               Branches  Non-fixed    W       Branch decision
                     160M        108    8   F        -
                     160M        109   20        -1  = V20_4
                     170M        106    6         0  = W15_5
                     170M        325   19   F     1  = U9_3
                     170M         80   17   F    -1 != W7_1
                     170M         88   13   F     0 != V12_2
                     170M         50    5   F    -1 != V7_1
                     170M         84    4   F    -1 != W0_3
                     170M        187    3        -1  = U17_5
                     170M         35    2         1  = W15_4
                     170M        190    7   F    -1  = W11_5
                     170M        226   15         0 != W7_1
                     170M        360   11         0 != W14_8
                     180M        109    1        -1 != W6_7
                     170M        108   14         0  = V4_1
                     170M        109   18         0 != W10_7
                     170M        107   12        -1 != W14_0
                     180M        117    9   F    -1 != U18_1
                     170M        108   10   F     1 != U5_4
                     180M         99    6         0  = W14_8
 ! Time = 9346.15s, Memory usage = 124.7 MB
 !               Branches  Non-fixed    W       Branch decision
                     170M        109   16         0 != V4_5
                     170M        104    8        -1  = U11_0
                     170M        109   20         0  = U9_8
                     180M         79   17        -1 != U20_2
                     180M         96   13         1 != U12_1
                     180M         24    5         1  = U3_2
                     180M         80    4   F    -1 != U8_8
                     180M        336   19         0 != U8_8
                     180M         35    2        -1  = U14_8
                     180M        152    3   F     1 != V17_2
                     180M        153    7        -1 != W19_7
                     180M        142   15   F     0  = U19_1
                     190M        102    1         1  = U1_0
                     180M        356   11   F    -1 != W20_8
                     190M        113    9   F    -1  = U15_7
                     180M        107   14   F     1 != U15_0
                     180M        110   18   F    -1  = W16_5
                     190M         79    6   F     1 != V12_5
                     180M        106   12        -1  = U11_5
                     180M        108   10        -1 != U0_5
 ! Time = 9910.56s, Memory usage = 124.7 MB
 !               Branches  Non-fixed    W       Branch decision
                     180M        108   16         0 != W19_2
                     180M        105    8   F    -1  = W10_5
                     180M        101   20   F    -1  = V8_7
                     190M         80   17   F    -1 != U19_2
                     190M         86   13        -1 != W12_8
                     190M         40    5   F    -1 != U22_7
                     190M         78    4        -1 != U7_6
                     190M        354   19   F     0  = W17_4
                     190M        107    3         0  = W15_8
                     190M         33    2         0 != W4_8
                     190M        118   15         1  = U21_8
                     190M        194    7   F     0 != V17_1
                     190M        348   11   F    -1  = V16_0
                     200M        107    1         0  = W4_6
                     200M        109    9         0 != U6_1
                     200M         86    6         0  = U0_4
                     190M        105   18         1  = U2_4
                     190M        110   14        -1  = U11_8
                     190M        107   12         0 != W5_1
                     190M        109   10         0 != V16_6
 ! Time = 10442.25s, Memory usage = 124.7 MB
 !               Branches  Non-fixed    W       Branch decision
                     200M        104   13         1  = W22_2
                     200M         79   17        -1  = V12_1
                     190M        108   16   F     0  = W6_5
                     200M         22    5         0  = U1_8
                     190M        107    8         0 != U15_3
                     190M        109   20            -
                     200M         82    4   F     1  = U13_3
                     200M        348   19        -1  = V19_1
                     200M         35    2         1  = V18_2
                     200M        113    3   F     1  = V21_7
                     200M        144   15   F     1  = U3_2
                     200M        141    7   F     1 != W9_2
                     200M        375   11   F     0 != W10_8
                     210M         92    1        -1 != U16_2
                     210M        138    9   F     1 != W4_8
                     200M        107   18        -1 != U7_2
                     200M        109   14   F    -1 != U7_5
                     210M         91   13         0  = V11_0
                     200M        113   12   F        -
                     210M         71    6         1  = W21_7
 ! Time = 11037.79s, Memory usage = 124.7 MB
 !               Branches  Non-fixed    W       Branch decision
                     210M         79   17         1 != W8_6
                     200M        105   10   F    -1 != W6_1
                     200M        109   16         1  = U14_1
                     200M        108    8        -1  = U3_6
                     200M        108   20   F    -1  = W22_2
                     210M         26    5   F     1 != V12_6
                     210M         86    4   F     0  = W21_3
                     210M        348   19   F     0  = V11_2
                     210M         40    2   F    -1  = W19_8
                     210M        146    3         0 != U0_4
                     220M         91    1        -1  = V22_7
                     210M        348   11   F     0 != V20_1
                     210M        150   15         1 != U6_3
                     210M        163    7        -1 != U20_0
                     220M        119    9   F     0  = U22_1
                     220M         90    6         0  = W5_0
                     220M         78   17   F    -1  = W19_4
                     210M        109   18   F     1 != U16_0
                     210M        104   14        -1 != V12_8
                     210M        107   10   F     1 != U0_6
 ! Time = 11568.61s, Memory usage = 124.7 MB
 !               Branches  Non-fixed    W       Branch decision
                     210M        105   12   F    -1  = W18_8
                     220M         21    5         0  = W17_0
                     220M         88   13         1 != V3_1
                     210M        110   16            -
                     210M        106   20         1  = U19_5
                     210M        107    8         0 != U15_7
                     220M         85    4         0 != V18_5
                     220M        347   19        -1 != U22_3
                     220M        149    3   F     0  = U12_5
                     220M         35    2         0 != V11_3
                     220M        127   15   F    -1 != U3_8
                     230M        112    9         0  = W4_5
                     230M        104    1   F     0  = W19_7
                     220M        130    7        -1  = U9_0
                     220M        301   11        -1  = V17_0
                     230M         75    6        -1  = V13_5
                     230M         78   17         0 != U16_1
                     220M        108   18   F    -1 != V13_8
                     220M        111   14        -1 != W2_2
                     220M        107   10        -1  = U4_3
 ! Time = 12099.15s, Memory usage = 124.7 MB
 !               Branches  Non-fixed    W       Branch decision
                     230M        102   13   F     0  = V13_1
                     220M        103   12   F     1 != V19_4
                     230M         23    5         0  = V14_7
                     230M         74    4         0 != W1_2
                     220M        105   16         0 != V19_6
                     230M         37    2   F    -1 != V8_7
                     220M        108    8   F    -1  = W19_5
                     220M        107   20            -
                     230M        348   19   F     0 != V19_1
                     230M        148    3   F    -1 != W3_1
                     230M        121   15        -1 != V16_5
                     240M        140    9         0  = U21_1
                     240M        109    1   F     0  = W11_8
                     240M         75    6        -1  = W7_6
                     230M        160    7        -1  = U19_4
                     240M         78   17   F     0  = W14_6
                     240M         93   13        -1  = W2_0
                     230M        343   11   F    -1  = V11_2
                     230M        106   18   F    -1  = W10_3
                     230M        104   14            -
 ! Time = 12651.75s, Memory usage = 124.7 MB
 !               Branches  Non-fixed    W       Branch decision
                     230M        109   10         0 != W13_4
                     240M         79    4         0  = V0_1
                     230M        107   12         1  = V5_1
                     240M         20    5         0  = U13_8
                     240M        214    3   F    -1 != W9_5
                     230M        105   16            -
                     240M        348   19   F    -1  = V9_7
                     230M        108    8   F     1  = U13_7
                     240M         49    2   F     1 != V18_8
                     230M        105   20        -1  = V14_1
                     250M        100    1         0  = W16_8
                     250M        129    9   F    -1 != V5_2
                     240M        157   15         0 != U6_5
                     250M         80    6         0 != V5_2
                     240M        148    7         0 != U9_1
                     250M         98   13        -1  = U4_3
                     250M         78   17         1  = U2_0
                     240M        348   11   F     0 != V19_1
                     250M         72    4        -1  = U2_5
                     240M        105   18         0 != V20_5
 ! Time = 13176.95s, Memory usage = 124.7 MB
 !               Branches  Non-fixed    W       Branch decision
                     240M        109   14   F    -1 != V9_1
                     240M        109   10         1 != U14_5
                     240M        111   12         0  = W2_7
                     250M        168    3   F    -1  = U17_4
                     240M        107   16        -1 != W5_5
                     240M        106    8   F        -
                     240M        107   20         1 != V2_1
                     250M        328   19   F     0  = V2_7
                     250M         38    2   F     0  = V3_5
                     250M         21    5         0  = U15_6
                     250M        158   15   F    -1 != V2_7
                     260M         89    1   F     0 != W5_7
                     260M        125    9   F     1  = W22_5
                     250M        177    7        -1 != V1_3
                     260M         67    6         0  = U20_7
                     260M         79   17   F    -1 != U15_1
                     260M         75    4   F     0 != U11_3
                     250M        348   11   F    -1  = U7_0
                     260M         89   13   F    -1  = V9_1
                     250M        108   18         0  = U5_6
 ! Time = 13690.79s, Memory usage = 124.7 MB
 !               Branches  Non-fixed    W       Branch decision
                     250M        108   14        -1  = W6_2
                     260M        149    3   F    -1 != W5_7
                     250M        108   10        -1 != U20_4
                     250M        103   12        -1  = W19_2
                     260M         55    2         1  = W9_8
                     250M        108   16   F    -1 != U22_4
                     250M        109    8   F    -1 != V16_7
                     260M        219   15         0 != U3_5
                     250M        104   20   F     0  = W6_1
                     260M        306   19         0 != U3_3
                     260M         20    5         1 != W1_8
                     270M        102    9   F    -1  = V11_2
                     270M         93    1   F     1  = U10_7
                     260M        114    7   F     0 != W5_7
                     270M         77   17   F     1  = W7_4
                     270M         82    4         0 != U20_7
                     260M        326   11   F    -1 != U6_1
                     270M         92    6   F     1  = U0_1
                     270M         85   13         0  = V20_5
                     260M        107   18   F    -1 != U16_2
 ! Time = 14231.50s, Memory usage = 124.7 MB
 !               Branches  Non-fixed    W       Branch decision
                     260M        104   14   F    -1  = W10_5
                     260M        109   10   F     0 != W18_1
                     270M         36    2         1  = U19_2
                     260M        110   12         0 != W20_8
                     270M        145    3        -1 != V19_8
                     270M        345   19        -1 != V19_1
                     260M        109   16   F    -1  = W8_8
                     270M         25    5         1  = U8_1
                     260M        105    8   F    -1 != V3_0
                     260M        105   20         0  = U8_6
                     280M        105    9         1  = V19_3
                     280M        102    1         1 != W0_8
                     270M        141   15         1  = V1_6
                     270M        133    7        -1 != W18_7
                     280M         78   17         1  = U19_0
                     280M         86    4   F     0  = W7_4
                     280M         86   13   F    -1  = W0_0
                     280M         75    6        -1 != U10_4
                     270M        108   18   F    -1 != V18_1
                     270M        105   14   F    -1  = V11_1
 ! Time = 14812.47s, Memory usage = 124.7 MB
 !               Branches  Non-fixed    W       Branch decision
                     270M        306   11   F    -1  = W13_4
                     280M         35    2         0 != V9_2
                     270M        105   10        -1  = W5_0
                     280M        152    3         0 != W10_4
                     280M        347   19         0 != W9_7
                     270M        110   12        -1  = U4_1
                     290M        140    9         0  = V7_4
                     280M         24    5        -1  = V14_6
                     270M        105   16   F     0  = U1_4
                     270M        109    8   F     0 != V2_4
                     290M         94    1   F     0  = W20_6
                     270M        108   20         1  = V8_1
                     280M        141   15         0  = V6_0
                     280M        133    7   F    -1 != W19_3
                     290M         78   17   F     0 != U22_1
                     290M         93   13   F     1 != W20_2
                     290M        182    3         0  = V19_1
                     290M         87    6        -1 != V3_4
                     280M        348   11   F     1  = U5_0
                     290M         75    4   F    -1 != W19_2
 ! Time = 15319.09s, Memory usage = 124.7 MB
 !               Branches  Non-fixed    W       Branch decision
                     290M         40    2   F     1  = U6_8
                     280M        107   18        -1 != V9_8
                     280M        105   14        -1  = V17_8
                     280M        108   10         0  = U11_8
                     290M        337   19   F     1  = U15_1
                     300M        100    1         0 != V15_1
                     280M        103   12   F     1 != W22_1
                     300M        122    9   F    -1  = U8_0
                     290M        168   15         0 != U16_8
                     280M        105   16   F     0  = U17_4
                     280M        106    8        -1 != W9_2
                     290M         51    5         1 != V5_7
                     280M        104   20         0  = V0_2
                     290M        177    7   F     0  = U3_4
                     300M         77   17         1 != U14_7
                     300M         89   13         1  = V12_5
                     300M        143    3   F    -1  = U2_7
                     300M         78    6   F     1 != U12_0
                     300M         83    4        -1 != V0_4
                     290M        368   11        -1  = W1_0
 ! Time = 15854.34s, Memory usage = 124.7 MB
 !               Branches  Non-fixed    W       Branch decision
                     300M         42    2         0  = W3_8
                     310M         91    1   F     0  = V17_1
                     290M        104   18        -1 != W4_6
                     300M        223   15        -1  = U5_5
                     290M        107   14         1  = V18_8
                     290M        110   10         1  = W11_3
                     300M        332   19   F    -1  = W6_0
                     310M        104    9        -1 != V0_0
                     290M        110   12        -1  = W3_1
                     300M         22    5   F     1  = W17_0
                     290M        111   16        -1  = W19_0
                     290M        108    8   F    -1  = V14_1
                     290M        109   20   F    -1  = U6_3
                     300M        254    7         0  = V22_3
                     310M         82   17   F     1  = U14_4
                     310M         80   13         1  = W19_2
                     310M         78    4         0  = W16_2
                     310M         61    6         1  = W14_7
                     310M        119   15        -1  = U21_8
                     310M         35    2         0  = W6_6
 ! Time = 16383.49s, Memory usage = 124.7 MB
 !               Branches  Non-fixed    W       Branch decision
                     320M        116    1   F     0 != U10_6
                     300M        318   11   F     0 != W11_1
                     310M        348   19   F    -1  = V20_1
                     310M        153    3         1 != W15_4
                     300M        107   14        -1  = V12_6
                     300M         95   18        -1  = U4_2
                     320M        104    9         1 != U21_3
                     300M        103   10        -1 != V6_1
                     310M         26    5   F     1 != U22_8
                     300M        101   12        -1  = W0_4
                     300M        107   16   F     1  = V13_1
                     300M        108    8   F    -1 != U3_6
                     300M        107   20         0  = W19_8
                     310M        135    7   F     1 != V4_8
                     320M         78   17   F    -1 != V4_0
                     320M         91   13         0  = W20_0
                     320M         74    4   F     1 != W0_5
                     320M         84    6         0 != W21_0
                     330M         99    1   F     0 != U17_7
                     320M        104   15         1 != W8_7
 ! Time = 16927.11s, Memory usage = 124.7 MB
 !               Branches  Non-fixed    W       Branch decision
                     320M         40    2   F     1  = V6_0
                     330M        124    9   F    -1  = U1_1
                     310M        108   14   F     0  = V20_0
                     310M        106   18        -1  = V2_1
                     320M        171    3         1 != W6_5
                     310M        105   10   F    -1  = V6_0
                     310M        317   11   F     0  = V6_3
                     320M         23    5         0 != V12_1
                     310M        109   12        -1 != V5_6
                     310M        108   16         0  = W9_5
                     320M        176    7   F    -1  = U6_2
                     310M        108    8   F    -1  = U16_7
                     320M        348   19   F     1  = V20_0
                     310M        108   20        -1  = V8_7
                     330M        118   13   F     0  = U19_0
                     330M         79   17   F    -1  = V5_3
                     330M        110    6   F     1 != U12_4
                     340M        110    1         0  = U13_8
                     330M         60    4         1  = V20_3
                     330M        157   15   F     1  = W22_4
 ! Time = 17468.77s, Memory usage = 124.7 MB
 !               Branches  Non-fixed    W       Branch decision
                     340M        108    9         1  = W15_3
                     330M        177    3   F     0  = V21_8
                     330M         34    2        -1  = U8_5
                     320M        109   18   F    -1 != W9_5
                     320M        109   14   F    -1 != V9_1
                     320M        336   11        -1 != V4_4
                     330M        206    7        -1  = U3_4
                     320M        108   10        -1  = U11_5
                     330M         21    5   F    -1  = V9_6
                     320M        106   12        -1  = V4_0
                     320M        110   16        -1 != V15_5
                     320M        106    8         0  = V8_0
                     320M        105   20         0  = V1_8
                     340M        102   13        -1  = W22_4
                     330M        373   19   F    -1 != W12_7
                     340M         78   17         1 != U2_1
                     350M        116    1         0 != W8_8
                     340M         71    4   F     1 != U4_3
                     340M        176   15         0  = W4_7
                     340M        176    3        -1 != V21_2
 ! Time = 17924.59s, Memory usage = 124.7 MB
 !               Branches  Non-fixed    W       Branch decision
                     340M         69    6         0  = W9_7
                     340M         41    2         0 != U0_5
                     330M        107   14   F     0  = U7_8
                     330M        101   18         1  = U14_7
                     340M        154    7        -1 != W5_7
                     350M        149    9         1 != U9_6
                     330M        108   10        -1 != U17_4
                     330M        336   11   F    -1  = V8_0
                     340M         20    5         0  = W14_1
                     330M        111   12   F     1  = U14_2
                     330M        109   16         1  = V5_2
                     330M        108    8        -1 != V11_8
                     350M         93   13   F     0  = U5_3
                     330M        103   20   F     1 != U11_2
                     350M         79   17         0 != U3_1
                     350M         78   15   F    -1 != U13_1
                     340M        373   19         0 != W6_3
                     360M        112    1        -1  = W5_7
                     350M         66    4   F     1  = U8_1
                     350M         64    6         0 != V3_5
 ! Time = 18449.42s, Memory usage = 124.7 MB
 !               Branches  Non-fixed    W       Branch decision
                     350M         75    2   F    -1 != U4_5
                     350M        159    3        -1 != V2_7
                     360M        113    9   F     0  = U16_1
                     340M        106   18         0 != U19_6
                     340M        108   14        -1 != U5_1
                     350M         21    5         0 != W14_6
                     350M        149    7        -1  = U13_1
                     340M        110   10         1  = V1_6
                     340M        337   11   F     1  = W12_0
                     340M        107   12        -1  = U12_0
                     340M        107   16         0 != W20_8
                     360M        100   13   F    -1  = V9_1
                     340M        108    8        -1 != W7_5
                     360M         78   17         0 != U18_1
                     360M        113   15   F    -1  = U20_5
                     340M        110   20   F     1 != U10_6
                     360M         63    6   F     1 != V18_8
                     360M         67    4         0 != V14_6
                     370M        100    1         0  = U21_8
                     350M        380   19   F     0 != V5_2
 ! Time = 19028.59s, Memory usage = 124.7 MB
 !               Branches  Non-fixed    W       Branch decision
                     360M         37    2         0 != V18_3
                     370M        130    9   F     0 != U18_0
                     360M        156    3   F    -1 != U16_5
                     360M         28    5         0  = V16_7
                     360M        198    7   F     0  = U12_4
                     350M        109   14   F    -1 != U20_5
                     350M        107   18        -1 != U15_7
                     350M        351   11         1  = U10_8
                     350M        107   10            -
                     350M        109   12         0  = W9_4
                     350M        108   16         0  = W13_5
                     350M        108    8        -1  = U6_2
                     370M         99   13         0 != U16_2
                     370M         79   17         1  = U5_4
                     350M        108   20        -1  = V8_1
                     380M         95    1         1  = V7_1
                     360M        330   19         0  = V0_0
                     370M         81    4         1  = V7_2
                     370M         62    6   F     0  = U10_8
                     370M         46    2         1  = V5_0
 ! Time = 19552.36s, Memory usage = 124.7 MB
 !               Branches  Non-fixed    W       Branch decision
                     370M        127   15   F     1  = V15_5
                     370M        154    3         1 != V7_8
                     380M        112    9         0 != W12_6
                     370M         22    5         0  = U7_6
                     370M        234    7   F     1 != V22_3
                     360M        348   11        -1  = V19_1
                     360M        103   18        -1 != V20_3
                     360M        108   14   F    -1 != V18_1
                     360M        107   10   F    -1 != V11_1
                     360M        108   12        -1 != W13_2
                     360M        103   16        -1 != U8_1
                     380M         90   17        -1  = W8_3
                     360M        107    8         0  = W8_4
                     380M         83   13         0 != U0_1
                     390M         90    1        -1 != U15_0
                     360M        104   20   F        -
                     380M         66    6        -1  = U11_6
                     380M         38    2         0  = W2_4
                     380M         78    4         0 != U8_1
                     380M        165    3         0 != V17_1
 ! Time = 20102.68s, Memory usage = 124.7 MB
 !               Branches  Non-fixed    W       Branch decision
                     370M        360   19   F     0 != U15_1
                     380M        153   15   F    -1  = W0_1
                     380M         23    5   F     1  = W21_5
                     380M        109    7        -1  = W4_1
                     390M        114    9   F     1  = V5_0
                     370M        348   11   F     1 != V10_0
                     370M        109   18   F     1  = U14_2
                     370M        108   14   F    -1  = W6_6
                     390M         78   17         0  = V3_1
                     370M        100   10         1  = W0_1
                     370M        105   12        -1 != W20_8
                     370M        104   16        -1 != V16_1
                     390M        103   13         1  = U18_4
                     370M        109    8   F     1  = U11_0
                     390M         64    6         0  = U8_6
                     400M        112    1   F     1  = W7_5
                     390M         36    2   F     0 != U14_4
                     390M         83    4         0 != U19_1
                     370M        108   20   F    -1 != W4_7
                     390M        179   15        -1  = W15_7
 ! Time = 20582.31s, Memory usage = 124.7 MB
 !               Branches  Non-fixed    W       Branch decision
                     390M         46    5         0 != V12_7
                     390M        181    3         0 != U14_4
                     400M        105    9   F     0  = V16_4
                     380M        361   19   F     0  = W20_0
                     390M        141    7        -1 != V14_6
                     380M        382   11        -1 != W18_8
                     380M        106   18        -1  = V7_5
                     380M        106   14         0  = U8_6
                     380M        106   10   F    -1  = U5_8
                     380M        106   12        -1 != U18_0
                     400M        125   13         1 != V7_5
                     380M        104   16        -1 != U0_0
                     400M         78   17   F    -1 != V12_7
                     380M        105    8        -1 != U21_6
                     410M        113    1         1  = W11_3
                     400M         61    6   F     1  = W14_8
                     400M         39    2         0  = U21_6
                     400M        159   15   F    -1 != V21_4
                     380M        109   20   F     0  = W11_2
                     400M         20    5         0 != W17_7
 ! Time = 21118.58s, Memory usage = 124.7 MB
 !               Branches  Non-fixed    W       Branch decision
                     400M         73    4   F     0  = V18_0
                     400M        156    3        -1 != U9_8
                     390M        331   11   F    -1  = W8_0
                     410M        243    9         1 != V16_4
                     390M        369   19   F    -1  = U21_8
                     390M        110   18   F     0  = U14_4
                     390M        107   14   F     0  = V21_8
                     390M        110   10        -1  = W19_3
                     420M         95    1   F    -1  = W3_1
                     400M        135    7         1 != V18_8
                     410M         89   13         1  = V7_5
                     390M        106   12        -1  = U18_0
                     410M        231   15   F    -1  = V9_4
                     390M        106   16        -1 != V2_3
                     390M        109    8        -1  = W22_5
                     410M         79   17         0 != V1_0
                     410M         84    6   F    -1  = V15_5
                     410M         21    5   F    -1  = U8_1
                     390M        110   20         1 != W8_3
                     410M         75    2   F     0 != U2_3
 ! Time = 21707.42s, Memory usage = 124.7 MB
 !               Branches  Non-fixed    W       Branch decision
                     410M         67    4   F    -1  = V12_5
                     420M        112    9        -1  = W18_8
                     400M        360   11         0  = U19_8
                     400M        370   19         0 != U8_3
                     410M        145    3        -1  = V15_7
                     400M        102   18        -1  = U12_4
                     400M        106   14         0  = V19_4
                     420M         90   13         0 != V16_1
                     400M        110   10   F     0  = W9_1
                     420M         81    6         0  = W17_8
                     400M        110   12         1  = W22_3
                     400M        101   16        -1  = W5_3
                     410M        153    7         1 != U8_7
                     400M        109    8        -1 != V6_6
                     420M         41    5        -1  = V3_5
                     420M        148   15         1 != W4_4
                     420M         79   17         1  = W12_1
                     430M         91    1   F    -1  = W1_1
                     430M        109    9   F    -1  = V2_4
                     400M        110   20         0 != U7_3
 ! Time = 22276.20s, Memory usage = 124.7 MB
 !               Branches  Non-fixed    W       Branch decision
                     420M         67    4         0  = V3_1
                     420M         46    2   F    -1  = V6_0
                     410M        348   19   F    -1 != U2_3
                     420M        193    3         1  = V21_8
                     410M        352   11         0  = W15_0
                     410M        103   18            -
                     410M        107   14         0 != W13_1
                     430M         99   13   F     1 != W4_4
                     430M         70    6   F    -1  = V10_3
                     410M        109   10        -1  = W13_1
                     420M        234    7   F    -1 != U8_4
                     410M        106   12   F    -1  = W18_3
                     430M         27    5        -1  = U16_5
                     410M        107   16   F     1 != U6_5
                     430M         83   17        -1 != U8_6
                     440M        104    9   F     0  = V22_2
                     410M        111    8            -
                     440M         90    1        -1  = W22_0
                     430M         72    4         0  = U8_5
                     410M        105   20        -1  = W9_1
 ! Time = 22817.38s, Memory usage = 124.7 MB
 !               Branches  Non-fixed    W       Branch decision
                     430M        156   15         1 != W0_4
                     430M         45    2        -1 != W17_3
                     430M        186    3        -1  = U11_2
                     420M        355   11        -1 != U12_1
                     420M        377   19   F    -1  = W2_7
                     440M         96   13         1  = U5_0
                     420M        110   18         0 != V21_8
                     420M        109   14         0  = V7_1
                     430M        221    7   F     1  = U18_3
                     420M        106   10   F     1  = V11_8
                     440M         20    5   F    -1  = U15_1
                     440M         79   17         0 != W14_6
                     450M        129    9         0 != V9_3
                     420M        108   12   F     0  = V14_2
                     440M         49    6   F     0  = W7_0
                     420M        108   16        -1  = V18_3
                     450M        113    1         0  = V21_1
                     420M        104    8        -1  = W21_4
                     440M        201   15   F     1  = V7_2
                     440M         76    4         1  = V11_3
 ! Time = 23316.06s, Memory usage = 124.7 MB
 !               Branches  Non-fixed    W       Branch decision
                     420M        107   20        -1 != V20_7
                     440M        137    3   F     0  = U10_4
                     430M        348   11   F    -1  = V19_1
                     440M         57    2   F     0  = V21_8
                     430M        322   19        -1  = W13_3
                     440M        186    7         0 != V18_1
                     450M         93   13   F    -1  = V11_2
                     430M        109   18         0  = V7_1
                     430M        106   14            -
                     450M         20    5   F     1 != W16_6
                     460M        130    9   F     1 != U1_6
                     430M        106   10   F     1  = V2_6
                     430M        111   12   F    -1  = U3_0
                     430M        110   16         0 != V1_7
                     450M         45    6   F     1  = W1_3
                     450M        176   15   F     0  = U20_6
                     460M        108    1         0  = V6_2
                     450M         78   17         0 != U16_0
                     430M        108    8         1  = V22_3
                     440M        347   11        -1 != U10_0
 ! Time = 23812.50s, Memory usage = 124.7 MB
 !               Branches  Non-fixed    W       Branch decision
                     450M        136    3   F    -1  = V22_2
                     430M        106   20   F    -1 != W10_7
                     450M         84    4         0 != V18_0
                     450M        145    7        -1 != W21_3
                     450M         38    2         1 != V15_8
                     460M         95   13         0  = V16_2
                     440M        173   19   F    -1  = V6_1
                     440M        110   18         0  = U11_6
                     440M        109   14        -1  = W12_5
                     460M         23    5         1  = U8_1
                     440M        109   10         0 != U10_8
                     460M         56    6   F     1  = W18_8
                     470M        119    9         1 != W0_7
                     460M        135   15         0  = U2_3
                     470M        179    1   F     1 != W1_8
                     460M        119    3   F     0 != V13_2
                     450M        318   11         0 != U20_2
                     440M        109   16   F     1  = V5_5
                     440M        108   12         0  = V22_4
                     440M        108    8        -1  = V15_7
 ! Time = 24301.24s, Memory usage = 124.7 MB
 !               Branches  Non-fixed    W       Branch decision
                     460M         80   17   F     0  = U13_1
                     460M         71    4   F    -1  = W17_3
                     440M        107   20   F     0 != U16_0
                     460M         39    2         0 != V11_1
                     460M        142    7   F    -1 != V20_6
                     470M        156   13   F    -1  = U2_3
                     470M         25    5   F    -1 != W0_6
                     450M        325   19        -1  = W20_7
                     450M        109   18        -1  = V15_8
                     450M        105   14         0 != U19_5
                     470M        139   15   F    -1  = U5_2
                     480M         98    1   F     1 != V17_2
                     480M        123    9         1  = W21_2
                     450M        107   10        -1  = V17_1
                     460M        351   11   F     0 != W16_1
                     470M         48    6   F    -1 != V2_8
                     470M        132    3   F    -1 != W6_3
                     450M        104   16         1  = V7_4
                     450M        109   12         0  = W14_3
                     470M         78   17   F     1  = W10_5
 ! Time = 24875.09s, Memory usage = 124.7 MB
 !               Branches  Non-fixed    W       Branch decision
                     450M        106    8   F    -1  = U13_3
                     470M         75    4         0  = U17_5
                     470M         48    2   F     1 != W9_4
                     450M        106   20        -1  = V17_7
                     480M        102   13         0  = U10_4
                     460M        311   19        -1  = U12_6
                     470M        134    7         1  = U20_5
                     480M         66    5         0  = W14_2
                     480M        134   15   F    -1  = W1_7
                     460M        106   18        -1  = W2_5
                     460M        104   14        -1  = U19_6
                     490M        153    9         0 != V19_0
                     490M         91    1         0  = W8_3
                     460M        106   10         1  = W15_6
                     480M         46    6   F    -1  = V9_5
                     480M         79   17        -1 != W0_6
                     460M        104   16   F     0  = W21_8
                     470M        335   11         0 != V1_2
                     460M        110   12        -1  = V14_5
                     460M        109    8         1  = U13_3
 ! Time = 25468.92s, Memory usage = 124.7 MB
 !               Branches  Non-fixed    W       Branch decision
                     480M         77    4         0 != U20_4
                     480M         46    2   F     1  = W13_3
                     480M        135    3        -1 != W15_4
                     460M        103   20        -1  = U14_6
                     490M         93   13         0 != V18_1
                     470M        348   19   F     0  = V20_1
                     480M        224    7        -1  = V12_3
                     490M         20    5   F     0  = V22_8
                     470M        105   18   F    -1 != V3_5
                     500M        143    9         0 != W8_6
                     470M        104   14         1 != W12_0
                     490M         46    6   F    -1  = W6_5
                     500M         90    1   F     1  = W21_8
                     490M         77   17   F     0  = W15_5
                     470M        106   10         0  = U3_4
                     490M        147   15   F     1  = V10_0
                     480M        346   11   F     0 != U9_0
                     470M        108   16         0 != V0_8
                     490M         87    4   F     0 != V9_2
                     470M        107   12        -1  = W8_3
 ! Time = 25999.92s, Memory usage = 124.7 MB
 !               Branches  Non-fixed    W       Branch decision
                     470M        107    8   F    -1 != V15_1
                     490M         34    2   F     1  = V3_2
                     490M        146    3         1 != W21_3
                     470M        109   20        -1 != W0_3
                     500M        101   13         0  = U10_8
                     490M        171    7   F     1  = U10_3
                     480M        348   19   F    -1 != U16_1
                     500M        101    5        -1 != U17_5
                     510M        111    9        -1  = W9_0
                     480M        111   18   F    -1  = W13_0
                     490M        348   11   F     1 != U9_1
                     510M         96    1        -1 != U22_0
                     480M        108   14   F     1 != V2_1
                     500M         78   17         0  = U0_3
                     500M         52    6         1  = U2_8
                     480M        111   10        -1 != W10_2
                     500M         68    4        -1 != V14_1
                     480M        107   16         0 != V14_7
                     480M        104   12   F    -1 != U12_0
                     480M        107    8   F     0  = W18_8
 ! Time = 26583.65s, Memory usage = 124.7 MB
 !               Branches  Non-fixed    W       Branch decision
                     500M         39    2   F    -1 != V6_5
                     500M        143   15   F    -1 != V0_8
                     500M        187    3        -1  = W17_5
                     500M        159    7   F    -1 != U12_3
                     510M        112   13        -1 != U17_3
                     490M        333   19         1 != V12_7
                     510M         26    5         0 != W14_1
                     480M        108   20   F     1  = W8_8
                     520M        109    9         0 != U1_1
                     490M        108   18   F     1  = V12_1
                     510M         85    6   F     0  = W3_3
                     500M        376   11   F    -1 != U6_8
                     490M        106   14        -1  = W16_6
                     520M        143    1         1  = U12_8
                     510M         92   17   F    -1  = V13_2
                     490M        111   10   F     1 != W18_1
                     510M         78    4        -1  = V9_5
                     490M        108   16   F    -1  = W21_2
                     490M        107   12        -1  = W3_0
                     510M        161    3   F    -1 != W21_5
 ! Time = 27072.61s, Memory usage = 124.7 MB
 !               Branches  Non-fixed    W       Branch decision
                     510M        151    7         0  = V4_8
                     490M        105    8         0  = W17_0
                     520M         29    5         0 != W13_1
                     520M         94   13   F     0  = U18_2
                     510M        217   15         0 != U11_6
                     490M        103   20        -1  = V4_6
                     500M        310   19   F     1  = V18_7
                     510M         39    2   F    -1  = U15_6
                     530M        166    9   F     1 != V11_3
                     520M         54    6         0  = W22_6
                     530M        106    1   F     1  = U5_6
                     520M         77   17         1 != V1_1
                     500M        107   18         1  = V22_1
                     500M        110   14   F    -1 != V20_4
                     510M        383   11        -1  = V14_0
                     520M        216    3   F    -1 != W12_5
                     500M        107   10         0 != V12_0
                     520M        260    7         0 != W16_3
                     520M         63    4   F    -1 != W22_4
                     500M        108   16         0  = U19_5
 ! Time = 27576.04s, Memory usage = 124.7 MB
 !               Branches  Non-fixed    W       Branch decision
                     500M        110   12   F    -1 != V8_1
                     530M         99   13         0 != V5_2
                     530M         21    5         0  = U22_2
                     500M        109    8   F        -
                     520M        165   15        -1  = W16_7
                     500M        106   20         0 != W15_4
                     540M        180    9   F    -1 != V1_2
                     520M         37    2   F     0  = W17_6
                     530M         69    6   F     0  = U18_7
                     510M        354   19   F     1 != U15_7
                     540M         89    1   F    -1 != U1_3
                     530M         78   17   F     1  = V20_4
                     510M        110   18         0  = W4_6
                     530M        254    3   F    -1 != V11_0
                     530M        255    7         0 != W19_3
                     510M        104   14         1  = W7_7
                     510M        109   10         0  = W19_4
                     520M        390   11         0 != W5_1
                     540M         22    5         1  = U12_2
                     530M         88    4   F     0  = U1_3
 ! Time = 28092.68s, Memory usage = 124.7 MB
 !               Branches  Non-fixed    W       Branch decision
                     510M        111   16   F    -1 != V21_1
                     530M        131   15   F     0  = W9_3
                     540M        123   13         0  = V6_3
                     510M        108   12   F     1  = W17_0
                     510M        107    8   F     1 != U6_7
                     550M        105    9         0  = U9_4
                     510M        110   20        -1 != W6_4
                     530M         46    2         0  = W6_3
                     550M        109    1   F     0 != U9_0
                     540M         57    6   F     1 != U12_7
                     520M        354   19        -1  = W4_7
                     540M         79   17         0  = W19_7
                     520M        104   18   F     1 != U22_5
                     540M        141    7   F    -1 != U3_7
                     520M        107   14   F    -1  = V10_8
                     540M        213   15        -1 != W14_3
                     540M        150    3   F     1 != V17_1
                     550M         20    5         1  = U12_2
                     540M         79    4        -1  = V14_1
                     520M        106   10         1 != V16_6
 ! Time = 28629.75s, Memory usage = 124.7 MB
 !               Branches  Non-fixed    W       Branch decision
                     550M         93   13   F    -1 != U1_0
                     530M        365   11   F     1 != W4_0
                     520M        110   16   F     1 != U12_6
                     520M        109   12   F     1 != V17_1
                     560M        150    9        -1  = W17_6
                     520M        108    8        -1 != V22_7
                     560M         97    1         0 != U22_6
                     540M         35    2        -1  = W11_3
                     520M         98   20         1 != W4_3
                     550M         53    6   F     1 != W11_3
                     550M         76   17   F     1  = W1_6
                     530M        342   19   F    -1  = V6_0
                     550M        187   15        -1 != W4_3
                     530M        106   18   F    -1  = V14_5
                     560M        134   13   F    -1 != W3_8
                     550M        154    3   F    -1  = U10_8
                     550M         82    4   F     0  = U8_7
                     540M        372   11   F    -1  = W3_0
                     530M        109   14        -1 != W7_0
                     560M         39    5        -1 != V3_1
 ! Time = 29181.42s, Memory usage = 124.7 MB
 !               Branches  Non-fixed    W       Branch decision
                     550M        143    7   F     1  = V17_5
                     530M        106   10        -1  = W9_2
                     530M        109   16   F    -1 != U16_2
                     570M        114    9        -1  = W12_7
                     530M        110   12        -1  = U3_5
                     570M        120    1   F    -1 != V19_3
                     530M         94    8   F    -1  = V1_7
                     550M         32    2        -1  = V4_8
                     560M         48    6         0  = W13_8
                     560M         84   17         1  = W21_3
                     530M        105   20   F    -1 != W3_1
                     560M        151   15         0 != W4_6
                     550M        348   11        -1 != V19_1
                     570M        143   13         1 != U12_1
                     540M        105   18        -1 != W4_1
                     560M        203    3         1  = W4_4
                     560M         62    4        -1 != W7_3
                     540M        348   19         0  = V13_1
                     570M         30    5   F     1 != W4_8
                     540M        105   14   F    -1 != V17_5
 ! Time = 29712.68s, Memory usage = 124.7 MB
 !               Branches  Non-fixed    W       Branch decision
                     560M        136    7   F    -1 != U0_4
                     540M        109   10         0  = U15_8
                     580M        126    1   F    -1 != U4_6
                     540M        107   16   F     0  = U17_5
                     540M        112   12         1 != W8_4
                     560M         38    2   F     1  = W11_3
                     570M         44    6   F     0  = U15_3
                     580M        159    9         1  = V16_5
                     540M        109    8        -1 != V15_2
                     570M        127   15        -1  = W15_3
                     570M        135   17         1  = V20_1
                     540M        107   20   F     0  = W17_6
                     560M        348   11         1  = U11_1
                     580M         90   13   F     1 != U2_1
                     570M        208    3         0 != W1_8
                     570M         69    4   F    -1  = V4_4
                     550M        106   18            -
                     580M         21    5   F    -1  = W8_2
                     550M        348   19        -1  = U6_3
                     570M        170    7         0  = U21_8
 ! Time = 30220.45s, Memory usage = 124.7 MB
 !               Branches  Non-fixed    W       Branch decision
                     550M        108   14        -1  = U14_2
                     590M         90    1   F     0  = U5_0
                     550M        108   10   F    -1  = W20_3
                     570M         41    2         0 != U20_6
                     550M        105   16         0 != V16_1
                     590M        109    9   F     1 != U16_7
                     550M        110   12         0  = U0_0
                     580M         47    6         0  = V3_1
                     550M        108    8         1  = U13_8
                     580M        121   17         0  = V21_4
                     580M        194    3   F    -1  = V20_1
                     550M        108   20   F     0 != V3_7
                     590M        104   13   F     0  = U18_3
                     580M        130   15   F    -1 != W11_7
                     570M        384   11        -1 != V3_4
                     590M         26    5   F    -1  = W10_2
                     580M         72    4   F     1 != U20_1
                     580M        179    7   F    -1 != U18_4
                     560M        106   18        -1  = W14_6
                     600M        107    1         1  = U13_0
 ! Time = 30803.22s, Memory usage = 124.7 MB
 !               Branches  Non-fixed    W       Branch decision
                     560M        107   14        -1 != V7_8
                     580M         43    2   F    -1  = W8_0
                     560M        325   19        -1 != W7_0
                     560M        111   10   F    -1 != V20_1
                     560M        105   16        -1 != W20_8
                     600M        102    9         0 != V20_3
                     590M        101    6         0 != U21_6
                     560M        110   12         1  = U2_1
                     560M        105    8        -1  = U5_8
                     590M         80   17         0  = V17_2
                     590M        202    3         1 != U7_8
                     600M        125   13         1 != W5_3
                     560M        106   20   F    -1  = U22_8
                     590M         86    7         1  = U15_2
                     600M         20    5   F     0  = W18_8
                     580M        397   11         0 != U9_2
                     590M         80    4         1  = U14_0
                     590M        153   15   F     1 != U7_2
                     610M         91    1   F    -1  = W22_0
                     570M        109   18         0  = V17_5
 ! Time = 31293.42s, Memory usage = 124.7 MB
 !               Branches  Non-fixed    W       Branch decision
                     570M        364   19        -1 != U11_6
                     570M        101   14   F    -1  = V18_3
                     600M         76    6         1  = W19_8
                     570M        103   10   F     0 != V14_1
                     590M         34    2         0  = V3_5
                     570M        105   16        -1 != V12_1
                     600M        243    3   F    -1 != V4_0
                     570M        109   12         0  = U4_8
                     600M        125   17   F     1  = V2_3
                     610M        135    9   F     1 != U19_1
submitit ERROR (2023-05-04 17:49:35,498) - Submitted job triggered an exception
