submitit INFO (2023-05-04 09:04:25,897) - Starting with JobEnvironment(job_id=27807, hostname=cpunode2, local_rank=3(5), node=0(1), global_rank=3(5))
submitit INFO (2023-05-04 09:04:25,897) - Loading pickle: /h/30/pashootan/Matrix-Mult-CP/src/../logs/5/3x3x3_23_May04_09:04:23/27807_submitted.pkl
Running with: Namespace(N=3, M=3, P=3, R=23, valid_ineq=False, symmetry=False, min_add=False, cyclic_invar=False, inex_bounds=(0, 0), output_dir='../logs/5/3x3x3_23_May04_09:04:23', n_seeds=5, n_workers=20, timeout=2880, solver='cpo', cpo_LogPeriod=10000000, cpo_RandomSeed=4, inexact_ineq=False)
Running solver with: {'LogPeriod': 10000000, 'RandomSeed': 4, 'Workers': 20, 'TimeLimit': 172800}
 ! --------------------------------------------------- CP Optimizer 22.1.1.0 --
 ! Satisfiability problem - 621 variables, 729 constraints
 ! TimeLimit            = 172800
 ! Workers              = 20
 ! LogPeriod            = 10000000
 ! RandomSeed           = 2880
 ! Initial process time : 0.08s (0.08s extraction + 0.00s propagation)
 !  . Log search space  : 984.3 (before), 984.3 (after)
 !  . Memory usage      : 5.2 MB (before), 5.2 MB (after)
 ! Using parallel search with 20 workers.
 ! ----------------------------------------------------------------------------
 !               Branches  Non-fixed    W       Branch decision
                   10000k         81    2         1  = W2_3
                   10000k        106    4         0 != V2_8
                   10000k        115    9         0  = V2_0
                   10000k         96   17        -1 != U3_4
                   10000k        168   11   F    -1 != V18_1
                   10000k        161   19        -1  = W21_7
                   10000k         91    5   F     1 != W9_3
                   10000k        125    6   F     1 != U4_2
                   10000k        122   13   F    -1 != W20_3
                   10000k         80    1         0 != V17_7
                   10000k        103   10         0  = V4_6
                   10000k        102   18   F    -1  = V12_1
                   10000k        107   14         1 != U5_2
                   10000k        134   15         0 != U5_5
                   10000k        122    7         1 != U6_8
                   10000k        100   20         0  = V12_8
                   10000k        108    8   F     0 != U4_4
                   10000k        109   16         1  = W5_4
                   10000k        109   12   F    -1  = V7_1
                   10000k        114    3        -1  = W0_7
 ! Time = 584.30s, Memory usage = 124.7 MB
 !               Branches  Non-fixed    W       Branch decision
                   20000k         93    2   F    -1  = V16_1
                   20000k        285   11   F    -1 != V17_1
                   20000k        133    6   F    -1  = V18_8
                   20000k         98    4         0  = W2_7
                   20000k        341   19        -1 != U16_8
                   20000k        101    5         1  = V8_4
                   20000k         58   17   F     1  = U12_1
                   20000k        121    9         1  = U0_6
                   20000k        134   13        -1 != U15_8
                   20000k         69    1   F     0  = V7_7
                   20000k        110   18   F    -1 != V4_2
                   20000k        107   10        -1  = U18_7
                   20000k        108   14   F    -1 != W9_6
                   20000k        140   15         0  = V22_6
                   20000k        129    7        -1 != U20_7
                   20000k        109    8        -1  = W10_6
                   20000k        107   20        -1  = V21_0
                   20000k         99   16         0  = V3_1
                   20000k        107   12        -1 != V14_0
                   20000k        137    3         1 != V17_0
 ! Time = 1148.14s, Memory usage = 124.7 MB
 !               Branches  Non-fixed    W       Branch decision
                   30000k        348   11         0 != W5_2
                   30000k        133    2   F    -1  = V16_6
                   30000k        149    4   F     1 != V9_2
                   30000k        287   19   F    -1 != U19_8
                   30000k        140    6         0  = V8_8
                   30000k        117   13         0 != W16_6
                   30000k         53    1   F     1 != U11_2
                   30000k         89    5   F     1  = V21_0
                   30000k         42   17   F     1  = V21_6
                   30000k        126    9         0  = W3_6
                   30000k        153   15   F     0  = V20_1
                   30000k        108   18         1  = W18_2
                   30000k        110   10        -1  = U0_1
                   30000k        105   14         1  = V9_0
                   30000k        136    7   F    -1  = V10_1
                   30000k        109    8        -1  = V0_1
                   30000k        109   20        -1  = V17_1
                   30000k        105   16   F    -1  = W2_4
                   30000k        111   12        -1 != U18_2
                   30000k        148    3   F    -1  = V22_8
 ! Time = 1705.40s, Memory usage = 124.7 MB
 !               Branches  Non-fixed    W       Branch decision
                   40000k        237   11         0  = V19_1
                   40000k        158    2        -1  = W8_1
                   40000k        130    4         1 != U6_3
                   40000k        121   13         0 != V0_8
                   40000k         63    1         0  = U2_2
                   40000k        134    6         1 != W6_5
                   40000k         92    5   F     0  = V2_0
                   40000k        180   19   F     1  = V15_2
                   40000k         32   17   F     0 != U20_3
                   40000k        113    9        -1  = U6_0
                   40000k        108   18        -1  = V16_2
                   40000k        106   10         0  = U20_6
                   40000k         82   15        -1 != W12_6
                   40000k        110   14        -1  = V1_5
                   40000k        126    7   F    -1 != V11_3
                   40000k        109    8        -1 != U11_7
                   40000k        110   20        -1  = U14_2
                   40000k        107   16        -1  = W3_4
                   40000k        109   12            -
                   40000k        140    3        -1  = V17_1
 ! Time = 2272.48s, Memory usage = 124.7 MB
 !               Branches  Non-fixed    W       Branch decision
                   50000k         81    2   F    -1 != U14_3
                   50000k        114   13   F     1  = W20_4
                   50000k        348   11        -1  = W5_7
                   50000k         92    4        -1 != V15_0
                   50000k         82    1   F     0  = U19_7
                   50000k        128    6         0 != W19_2
                   50000k        110    5   F     1 != V2_1
                   50000k        296   19        -1 != V19_1
                   50000k        125    9   F     1 != V16_4
                   50000k         35   17   F     0  = V21_1
                   50000k        120   15         0  = V8_7
                   50000k        122    7         0  = V2_7
                   50000k        106   18   F        -
                   50000k        109   10         1 != W15_6
                   50000k        108   14   F     1 != V2_5
                   50000k        106    8   F     0  = V4_2
                   50000k        105   20         1 != W11_1
                   50000k        104   16   F     0 != V3_4
                   50000k        107   12         0 != V10_1
                   50000k        123    3   F     1 != W14_3
 ! Time = 2850.86s, Memory usage = 124.7 MB
 !               Branches  Non-fixed    W       Branch decision
                   60000k        113   13   F     0  = U2_8
                   60000k         52    1        -1  = V15_1
                   60000k        348   11        -1  = V19_1
                   60000k        141    6        -1  = U15_4
                   60000k         84    2   F     0  = V2_4
                   60000k        129    5         0  = W0_1
                   60000k        104    4         1  = U17_6
                   60000k         65    9         0  = U18_7
                   60000k        318   19        -1  = V21_2
                   60000k         33   17   F     0  = V14_7
                   60000k        108   18         1  = W8_7
                   60000k        122   15        -1 != U0_4
                   60000k        110   10   F     1 != V6_7
                   60000k        111   14   F     0  = V16_8
                   60000k        109    8         1 != W1_2
                   60000k        109   20   F     1  = W20_4
                   60000k        109   16   F     0  = U14_7
                   60000k        106   12        -1  = U8_3
                   60000k        152    7         0 != V7_7
                   60000k        132    3   F    -1  = U19_7
 ! Time = 3446.55s, Memory usage = 124.7 MB
 !               Branches  Non-fixed    W       Branch decision
                   70000k        112   13         1 != U3_7
                   70000k         64    1         0  = V8_7
                   70000k        348   11         0 != U0_2
                   70000k        141    6         0  = U12_4
                   70000k         82    2   F     0 != U16_5
                   70000k         96    5         1  = V11_5
                   70000k         65    9         1 != U10_6
                   70000k        314   19   F    -1 != V15_6
                   70000k         93    4         1  = U3_4
                   70000k         32   17         0  = V16_0
                   70000k        105   18        -1  = V9_0
                   70000k        158   15   F    -1  = V16_5
                   70000k        108   14   F     1  = V12_8
                   70000k        111   10   F     1  = V10_5
                   70000k        109    8   F     1  = U8_4
                   70000k        109   20   F     0 != V7_8
                   70000k        105   16        -1 != W2_2
                   70000k        105   12        -1  = U0_5
                   70000k         99    7   F    -1  = V10_0
                   70000k        105    3   F     0  = U22_7
 ! Time = 3990.01s, Memory usage = 124.7 MB
 !               Branches  Non-fixed    W       Branch decision
                   80000k         64    1   F     0  = W15_5
                   80000k        121   13   F    -1 != V18_7
                   80000k        243   11   F     0  = V15_1
                   80000k        125    6         1  = V14_0
                   80000k         82    2         0  = V9_8
                   80000k         59    9   F     1  = W0_4
                   80000k         90    5        -1  = U4_2
                   80000k        100    4        -1  = V3_4
                   80000k        300   19        -1 != W5_1
                   80000k         34   17         1  = W5_3
                   80000k        108   18        -1 != U9_3
                   80000k        108   14        -1 != W12_6
                   80000k        148   15   F     1  = V4_5
                   80000k        107   10   F     0 != V6_7
                   80000k        107    8        -1  = U4_5
                   80000k        109   20   F     1  = W9_2
                   80000k        104   16         0  = U12_2
                   80000k        108   12   F    -1 != V14_1
                   80000k         85    7   F     0  = W5_6
                   80000k        143    3   F     1 != V1_0
 ! Time = 4596.26s, Memory usage = 124.7 MB
 !               Branches  Non-fixed    W       Branch decision
                   90000k        113   13         0 != W15_5
                   90000k         64    1        -1  = U5_7
                   90000k        146    6   F     1  = V7_0
                   90000k        295   11        -1 != V19_1
                   90000k         73    9        -1  = U2_0
                   90000k        106    5   F    -1 != W15_0
                   90000k         80    2        -1 != U16_4
                   90000k         99    4         0  = W20_4
                   90000k        315   19        -1  = V15_1
                   90000k         32   17   F    -1 != W14_2
                   90000k        108   18        -1  = W22_6
                   90000k        108   14   F    -1 != U2_2
                   90000k        155   15        -1 != W8_4
                   90000k        110   10   F    -1  = V13_7
                   90000k        110    8   F     1 != U1_8
                   90000k        108   20        -1  = U7_8
                   90000k        100   16        -1  = V12_0
                   90000k        107   12   F    -1  = U19_2
                   90000k        112    7        -1  = V7_7
                     100M        114   13   F    -1 != W10_7
 ! Time = 5132.14s, Memory usage = 124.7 MB
 !               Branches  Non-fixed    W       Branch decision
                     100M         67    1         1  = U19_4
                   90000k        141    3   F     1  = V16_0
                     100M        342   11        -1  = V17_1
                     100M        134    6   F    -1  = W21_3
                     100M         60    9   F     1  = W12_1
                     100M         93    5        -1 != W12_1
                     100M        121    2   F     0  = V9_4
                     100M         97    4         0  = W1_4
                     100M        345   19   F     0  = V13_6
                     100M         32   17        -1 != V14_8
                     100M        108   18   F     0 != W6_7
                     100M        106   14            -
                     100M        156   15   F    -1  = V20_1
                     100M        107   10   F     0  = W14_4
                     100M        111    8            -
                     100M        109   20   F    -1  = W18_2
                     100M        106   16   F    -1  = U10_1
                     100M        106   12        -1 != V9_5
                     100M        151    7        -1  = W17_6
                     110M        107   13         1 != W4_4
 ! Time = 5621.28s, Memory usage = 124.7 MB
 !               Branches  Non-fixed    W       Branch decision
                     110M         58    1         1  = V10_8
                     100M        130    3         0 != V10_8
                     110M        341   11         1 != W15_2
                     110M         87    4   F     1  = V14_1
                     110M        141    6   F     0  = U6_7
                     110M         47    9   F     0  = U12_4
                     110M        298   19         0 != W16_6
                     110M         75    2   F     0  = V12_1
                     110M         98    5   F     0  = W3_6
                     110M         33   17   F     1 != V0_1
                     110M        174    7        -1 != W21_6
                     110M        107   18   F     1  = U4_6
                     110M        107   14   F    -1 != U14_2
                     110M        104   10        -1 != U4_2
                     110M        109    8            -
                     110M        158   15         1 != V6_7
                     110M        109   20        -1 != V6_1
                     110M        107   16         1 != V0_1
                     110M        108   12         1 != U2_6
                     120M        115   13        -1  = W1_4
 ! Time = 6156.62s, Memory usage = 124.7 MB
 !               Branches  Non-fixed    W       Branch decision
                     120M         53    1   F    -1  = W4_1
                     120M        340   11   F    -1 != V14_1
                     120M        141    6   F     1 != V3_2
                     110M        142    3   F     0  = U20_0
                     120M         54    9         1 != U10_0
                     120M        266   19         0 != U4_5
                     120M        124    4   F     0 != U2_3
                     120M        102    5   F     1  = W11_3
                     120M         78    2         0  = U12_4
                     120M         31   17   F     1  = U9_7
                     120M        141   15        -1  = V9_7
                     120M        108   18   F    -1 != W15_2
                     120M        106   14   F    -1 != U2_6
                     120M        106   10         1  = V5_6
                     120M        167    7   F    -1  = V17_0
                     120M        106    8   F    -1 != V5_7
                     120M        109   20   F    -1  = W2_1
                     130M        107   13   F     1 != W1_1
                     120M        103   16   F     0  = V2_1
                     130M         52    1         0  = U20_2
 ! Time = 6664.91s, Memory usage = 124.7 MB
 !               Branches  Non-fixed    W       Branch decision
                     120M        109   12         0 != U10_2
                     130M        139    6        -1 != W12_5
                     120M         79    3   F     1  = V19_5
                     130M        369   11        -1 != U15_3
                     130M         99    4   F     1 != W4_1
                     130M         48    9         1 != W7_4
                     130M        310   19   F     0 != V5_6
                     130M         37   17        -1  = V9_1
                     130M         80    2         0  = W16_1
                     130M         87    5         0 != U21_3
                     130M        152    7   F     1 != U8_5
                     130M        109   18   F        -
                     130M        142   15   F    -1  = U12_8
                     130M        109   14         0 != W3_5
                     130M        108   10   F    -1  = U8_1
                     140M         62    1   F     1 != W0_5
                     130M        105    8   F     1  = W13_3
                     130M        111   20   F     1  = W9_2
                     140M        109   13         1  = W22_0
                     130M        107   16   F    -1  = W19_6
 ! Time = 7218.98s, Memory usage = 124.7 MB
 !               Branches  Non-fixed    W       Branch decision
                     130M         79    3   F     0  = W6_1
                     130M        110   12   F    -1  = V1_1
                     140M        348   11   F     1 != U7_0
                     140M        141    6        -1 != U9_4
                     140M         56    9         0  = U17_0
                     140M        117    4        -1  = V10_1
                     140M        348   19        -1 != W22_6
                     140M         29   17         0 != U11_0
                     140M         99    5        -1 != W21_7
                     140M         62    2         0 != U16_3
                     140M        139   15   F    -1  = U6_6
                     140M        109   18   F    -1 != V7_8
                     150M         52    1   F     0  = W7_5
                     140M        104   14         1  = V0_7
                     150M        127   13   F    -1  = U3_6
                     140M        109   10        -1 != U13_5
                     140M        149    7         0 != U17_0
                     140M        106    8   F     0 != V13_1
                     140M        109   20   F    -1  = V18_8
                     140M        105   16         1 != U4_6
 ! Time = 7767.87s, Memory usage = 124.7 MB
 !               Branches  Non-fixed    W       Branch decision
                     150M        382   11   F    -1 != V19_0
                     140M        104   12   F    -1  = V11_1
                     150M        137    6   F    -1 != U22_1
                     150M         53    9   F     1 != V16_1
                     140M        146    3   F     0  = W20_0
                     150M        112    4         0 != V2_4
                     150M        276   19   F    -1  = W16_6
                     150M         31   17   F     0  = W10_3
                     150M         64    2   F    -1  = V5_0
                     150M         93    5         1  = W13_3
                     150M        128   15         1 != W9_1
                     160M         52    1         1  = W10_7
                     160M        115   13         0  = V5_5
                     150M        106   18   F    -1 != V12_0
                     150M        136    7   F    -1  = V11_4
                     150M        110   14   F    -1  = U19_1
                     150M        110   10   F     0  = W6_1
                     160M        142    6   F     0  = V21_6
                     150M        109    8        -1  = U3_5
                     160M        348   11   F    -1  = U18_3
 ! Time = 8294.84s, Memory usage = 124.7 MB
 !               Branches  Non-fixed    W       Branch decision
                     150M        101   20   F    -1  = U11_2
                     150M        106   16        -1  = V19_4
                     160M        107    4         0  = W1_1
                     150M        211    3        -1 != V0_4
                     150M        107   12        -1  = U11_1
                     160M         53    9         1  = V17_1
                     160M        308   19         0  = V21_2
                     160M         32   17   F     0  = U7_6
                     160M         61    2         0  = U11_2
                     160M        107    5         1 != W17_0
                     160M        137   15   F    -1  = V20_1
                     170M         49    1         0 != V7_1
                     170M        108   13   F     0  = U9_1
                     170M        138    6         0  = U12_6
                     160M        107   18   F     0  = V10_2
                     160M        148    3        -1 != U1_0
                     170M        349   11         0  = V18_1
                     170M        106    4   F     1 != V18_4
                     160M        109   14         1  = U3_2
                     160M        147    7   F    -1  = V15_2
 ! Time = 8808.52s, Memory usage = 124.7 MB
 !               Branches  Non-fixed    W       Branch decision
                     160M        105   10   F    -1 != U16_5
                     160M        110    8        -1 != W12_2
                     160M        110   20   F    -1 != W19_0
                     160M        107   16   F    -1  = V14_4
                     160M        107   12   F     1  = W14_5
                     170M         53    9        -1  = W4_6
                     170M        293   19        -1 != U20_7
                     170M         32   17         1 != V12_0
                     170M         86    5         1  = V8_2
                     170M         75    2         1  = W1_2
                     170M        137   15   F     0 != U21_6
                     180M         52    1   F     0  = U5_5
                     180M        137    6   F     1  = U7_4
                     170M         95    7   F     0 != W7_6
                     180M        142   13   F     1  = W20_5
                     180M        348   11         0 != V12_1
                     170M        106   18   F    -1  = W19_8
                     170M        131    3         1  = U3_8
                     170M        111   14   F    -1 != W21_5
                     170M        107   10   F    -1 != U22_1
 ! Time = 9357.90s, Memory usage = 124.7 MB
 !               Branches  Non-fixed    W       Branch decision
                     170M        108    8        -1 != W15_2
                     170M        110   20   F    -1  = W15_2
                     180M        113    4         1 != W19_7
                     170M        108   16   F     1 != W8_2
                     170M        108   12   F    -1 != W5_7
                     180M         48    9         0  = U1_3
                     180M        330   19        -1 != U4_7
                     180M         36   17        -1 != W22_7
                     180M        113    5   F     1  = U16_2
                     180M         62    2         0  = V9_6
                     190M         45    1         0  = U15_7
                     190M        135    6         1  = W13_8
                     190M        112   13        -1  = W10_4
                     180M        142   15        -1  = V9_3
                     190M        261   11        -1 != W4_7
                     180M        184    3   F    -1  = V0_6
                     180M        129    7   F     1  = V10_2
                     180M        111   18        -1 != W10_2
                     180M        110   14         0  = W22_5
                     190M         50    9   F     1 != V0_5
 ! Time = 9900.64s, Memory usage = 124.7 MB
 !               Branches  Non-fixed    W       Branch decision
                     180M        107   10   F     0  = W8_3
                     180M        106    8   F    -1 != U6_5
                     180M        109   20   F    -1 != U0_0
                     190M        353   19        -1 != W4_5
                     180M        107   16   F    -1 != U2_8
                     180M        108   12        -1 != U10_7
                     190M        125    4   F     1  = V1_8
                     190M         63    2   F    -1  = U15_2
                     190M        118    5         0  = U0_0
                     190M         30   17        -1  = U19_0
                     190M        132   15        -1 != U18_6
                     200M         53    1         0  = V18_7
                     200M        129    6        -1  = W1_8
                     200M        149   13   F    -1 != V1_3
                     200M        240   11        -1 != V19_1
                     190M        145    3   F    -1 != V3_6
                     190M        177    7   F     0  = V7_1
                     200M         56    9         1  = W0_7
                     190M        106   18         0  = W18_1
                     190M        107   14         0 != W4_2
 ! Time = 10448.30s, Memory usage = 124.7 MB
 !               Branches  Non-fixed    W       Branch decision
                     190M        103   10   F    -1 != V8_2
                     190M        106    8   F    -1 != U10_0
                     190M        108   20        -1  = U22_4
                     200M        348   19   F    -1  = V20_1
                     190M        109   12        -1  = U0_2
                     190M        105   16        -1  = V2_4
                     200M        112    4        -1 != U11_0
                     200M         87    2         1 != V21_7
                     200M         98    5   F     1  = U11_6
                     200M         29   17         0 != W16_7
                     210M         63    1         0  = W17_5
                     210M        132    6        -1  = W13_8
                     210M        329   11        -1 != V8_0
                     210M        115   13         1 != V5_7
                     200M        155   15         1  = U5_6
                     200M         72    7        -1 != U19_5
                     200M        159    3   F    -1 != V18_1
                     210M         48    9   F     0  = W11_8
                     200M        107   14        -1 != W22_1
                     200M        105   18   F        -
 ! Time = 11000.96s, Memory usage = 124.7 MB
 !               Branches  Non-fixed    W       Branch decision
                     200M        108    8   F    -1 != W22_3
                     200M        108   10        -1 != W19_0
                     200M        108   20         0 != V14_5
                     210M        333   19   F     1  = U12_5
                     210M        101    4   F     0 != W19_3
                     200M        110   12         1 != V13_5
                     200M        105   16   F    -1  = V15_4
                     210M        112    5   F     1  = U9_0
                     210M         60    2         1 != W14_6
                     210M         29   17        -1 != V10_3
                     220M        124    6   F    -1 != W9_2
                     220M         46    1   F    -1 != V4_3
                     210M        181   15         0 != U18_4
                     220M        124   13         1  = U15_7
                     210M        121    3   F    -1  = V17_6
                     220M        314   11   F     0  = V19_1
                     210M        107    7   F    -1 != U20_7
                     220M        118    9         0 != U19_7
                     210M        105   14         1  = W6_5
                     210M        105   18        -1  = U17_7
 ! Time = 11536.51s, Memory usage = 124.7 MB
 !               Branches  Non-fixed    W       Branch decision
                     210M        108    8         0  = V18_6
                     210M        109   10   F     0  = W19_7
                     210M        108   20   F    -1 != U2_2
                     220M        362   19        -1 != U3_0
                     210M        109   12        -1  = W13_0
                     210M        106   16         0  = W7_7
                     220M         81    4   F    -1 != V13_0
                     220M         95    5         0 != U1_2
                     220M         33   17         1 != U22_1
                     220M         76    2         0  = V8_7
                     220M        149   15   F    -1  = U12_4
                     230M        121    6   F     1 != V8_8
                     230M        117   13   F     0  = V15_4
                     230M         52    1   F     0  = W3_7
                     220M        139    3         1  = W6_1
                     230M        343   11   F    -1  = V19_1
                     230M         38    9   F     1  = V21_3
                     220M        156    7        -1 != U10_0
                     220M        108   14        -1  = U11_4
                     220M        107   18         0 != W11_2
 ! Time = 12101.70s, Memory usage = 124.7 MB
 !               Branches  Non-fixed    W       Branch decision
                     220M        107    8   F     0  = W19_6
                     230M        348   19        -1  = V17_1
                     220M        109   10        -1  = W15_0
                     220M        108   20        -1  = V13_8
                     230M         28   17         0  = W11_0
                     230M        120    4         0  = W4_4
                     220M        106   12   F     0  = U13_6
                     220M        101   16   F     0  = V2_2
                     230M         86    5        -1 != W6_0
                     240M         65    1         1  = W22_5
                     240M        151    6         1 != U19_6
                     230M         63    2         0 != V14_7
                     230M        144   15   F     1  = U2_4
                     240M        116   13         0  = U2_1
                     240M        322   11         1  = U11_0
                     230M        150    3         0 != U2_0
                     230M        202    7   F    -1  = U13_3
                     240M         39    9         0 != W10_7
                     240M        348   19         1  = W20_7
                     230M        107   14         0 != U12_2
 ! Time = 12626.00s, Memory usage = 124.7 MB
 !               Branches  Non-fixed    W       Branch decision
                     230M        104   18   F    -1 != U12_2
                     230M        109    8            -
                     240M         34   17         0  = W14_7
                     230M        109   10   F     1 != V20_6
                     230M        107   20   F     0  = U4_2
                     240M        113    4   F    -1  = W6_1
                     230M        107   12   F     1 != W21_5
                     230M        105   16   F     0 != U10_4
                     250M        161    6         1  = W9_6
                     250M         57    1        -1 != V21_4
                     240M         97    5   F     1 != U15_6
                     240M        205   15         0  = V18_1
                     250M        140   13   F    -1 != U1_2
                     240M         58    2        -1 != W9_0
                     240M        146    3   F     0  = V18_4
                     250M         52    9        -1  = V0_4
                     250M        343   11        -1 != U8_6
                     240M         99    7         1 != W3_3
                     250M        302   19         0 != U18_8
                     250M         31   17         0 != V8_1
 ! Time = 13141.59s, Memory usage = 124.7 MB
 !               Branches  Non-fixed    W       Branch decision
                     240M        109   14   F    -1  = U18_4
                     240M        110    8   F    -1 != U20_5
                     240M        107   18         0 != W16_5
                     240M        108   10        -1  = W7_6
                     240M        106   20   F     1  = U9_2
                     250M         82    4   F    -1 != V13_1
                     260M        103    1         0  = W21_7
                     260M        161    6         0 != W4_6
                     240M        108   12        -1  = W21_4
                     240M        105   16   F     0 != V1_5
                     250M         90    5        -1 != V8_0
                     250M        156   15   F    -1  = U13_7
                     260M         98   13   F     1  = U8_1
                     250M         57    2        -1 != U14_4
                     260M         45    9        -1 != V14_1
                     260M        334   11         0 != V13_1
                     250M        145    3   F    -1 != U19_3
                     260M        343   19   F     0  = W17_1
                     260M         31   17         0  = U4_7
                     250M        141    7   F     1 != U7_0
 ! Time = 13761.77s, Memory usage = 124.7 MB
 !               Branches  Non-fixed    W       Branch decision
                     270M        183    6   F     1 != V16_5
                     250M        108   14        -1 != W16_6
                     270M         53    1        -1 != V22_1
                     260M         84    4   F    -1  = W19_4
                     250M        109    8   F     1 != U7_5
                     250M        101   18         1 != W20_2
                     250M        108   10         0  = U7_1
                     250M        108   20   F     1  = W22_1
                     260M         88    5         1 != V6_2
                     250M        102   16        -1  = V7_1
                     250M        101   12   F     0  = W22_8
                     260M         62    2   F     1 != V8_7
                     270M         89   13         0 != V4_5
                     270M        338   11        -1  = V19_1
                     260M        149   15   F    -1  = U3_7
                     270M         39    9   F    -1 != V2_4
                     260M        170    3        -1 != V20_1
                     270M         34   17         1 != U11_2
                     260M        157    7         1  = W22_6
                     280M         52    1            -
 ! Time = 14234.43s, Memory usage = 124.7 MB
 !               Branches  Non-fixed    W       Branch decision
                     270M        345   19        -1 != U13_0
                     280M        158    6        -1  = W14_2
                     270M        106    4         1  = W10_4
                     260M        108   14   F     1 != V9_8
                     260M        107    8        -1 != U21_0
                     270M         98    5         1 != V20_2
                     260M        108   18   F    -1 != W4_5
                     260M        108   10         1  = W15_6
                     260M        107   20   F     0 != U16_7
                     270M         61    2         0  = V8_4
                     260M        109   12         0 != W17_5
                     260M        105   16         1 != W7_1
                     270M        140   15   F    -1  = U8_3
                     270M         98    3   F     0  = V11_4
                     280M         63    9         0  = U0_1
                     280M         82   13         0  = U16_8
                     280M        301   11   F     0 != V4_0
                     270M        208    7        -1  = U18_0
                     280M        348   19   F     1  = U2_0
                     290M        179    6   F    -1 != U6_1
 ! Time = 14687.01s, Memory usage = 124.7 MB
 !               Branches  Non-fixed    W       Branch decision
                     290M        107    1         0  = U7_4
                     280M        123    4   F     0  = U15_3
                     280M         29   17        -1 != U21_2
                     270M        106   14   F     0 != W6_5
                     270M        109    8   F     1  = U15_2
                     270M        109   18         1  = W4_1
                     270M         99   10        -1  = W16_2
                     270M        110   20   F     0  = V5_1
                     280M        114    5        -1  = W13_2
                     270M        109   12         1 != W11_5
                     270M        111   16   F    -1 != V4_4
                     280M         73    2   F     0  = U4_2
                     280M        204   15        -1  = V19_1
                     290M         42    9         0  = V17_3
                     290M         56   13   F     1  = U18_6
                     280M        148    3   F    -1 != V19_5
                     290M        362   11   F     0 != W21_3
                     300M        197    6   F    -1  = U4_5
                     300M         69    1   F     0 != U3_3
                     290M        320   19   F     1 != V4_6
 ! Time = 15216.24s, Memory usage = 124.7 MB
 !               Branches  Non-fixed    W       Branch decision
                     290M         37   17         0 != W22_0
                     280M        101    7   F     1  = V13_7
                     290M        125    4        -1 != U4_2
                     280M        110   14        -1 != U8_6
                     280M        107    8        -1  = U19_0
                     280M        107   18   F    -1 != U18_5
                     280M        108   20         0  = U13_0
                     280M        106   10         1 != V10_7
                     290M        165   15   F    -1 != W21_7
                     290M         70    5   F    -1  = W21_3
                     280M        105   12         1  = W2_6
                     280M        110   16         0  = W9_5
                     300M         58   13         0  = V0_6
                     300M        168    9         1 != V14_3
                     290M         75    2   F     0 != W15_7
                     300M        348   11        -1 != V20_1
                     310M         52    1   F     0  = U4_2
                     300M        363   19   F     1  = V0_6
                     310M        137    6         0  = U15_7
                     300M         40   17   F     1  = V10_0
 ! Time = 15803.11s, Memory usage = 124.7 MB
 !               Branches  Non-fixed    W       Branch decision
                     290M        164    3   F    -1 != V17_2
                     300M        113    4        -1  = U15_6
                     290M        110   14   F     1  = V1_0
                     290M        110    8   F     0  = W11_3
                     290M        151    7         0  = V14_5
                     290M        109   18        -1 != U8_1
                     290M        107   20        -1  = U12_2
                     300M         71    5   F     0  = W18_3
                     290M        104   10         0 != V10_7
                     290M        109   12   F    -1  = V13_1
                     310M         53    9   F    -1  = U7_0
                     290M        108   16         1  = V3_0
                     300M         81    2         1 != V10_7
                     310M         63   13         0  = V1_5
                     300M        154   15         1  = U4_3
                     310M        316   11        -1  = V19_4
                     320M         52    1   F     0  = U10_8
                     320M        174    6         0  = W0_1
                     300M        118    3   F     1 != U21_3
                     310M         56   17   F    -1 != W5_6
 ! Time = 16339.96s, Memory usage = 124.7 MB
 !               Branches  Non-fixed    W       Branch decision
                     310M        362   19   F    -1  = U7_8
                     310M        125    4        -1 != V10_7
                     300M        105   14         1 != W15_7
                     300M        109    8         1 != U12_4
                     310M         69    5         0 != W17_0
                     310M         92    2         0 != W16_3
                     300M        105   18   F    -1  = W15_5
                     300M        109   20         0 != W18_1
                     300M        100   10        -1 != W8_3
                     300M        153    7        -1  = W14_5
                     300M        107   12   F        -
                     320M         44    9   F     1 != U5_0
                     320M         60   13   F     1 != U1_4
                     300M        109   16        -1  = U21_4
                     310M        196   15   F     0  = W14_1
                     320M        327   11   F     1  = V18_0
                     330M        141    6   F     1 != U20_8
                     310M        101    3        -1 != U21_8
                     330M         52    1        -1  = W1_5
                     320M         69   17   F     1  = W1_3
 ! Time = 16829.91s, Memory usage = 124.7 MB
 !               Branches  Non-fixed    W       Branch decision
                     320M        348   19        -1  = V9_0
                     320M        109    4   F    -1 != W2_4
                     310M        111   14         0  = W5_6
                     320M         72    5   F     0  = W15_3
                     310M        108    8         1  = U17_8
                     310M        183    7        -1  = U2_3
                     320M         63    2         0 != V19_5
                     310M        105   18        -1  = U15_2
                     320M        222   15        -1 != U13_4
                     330M         57    9   F     1 != V19_4
                     310M        107   20   F     1  = W8_1
                     310M        108   10         0  = W16_2
                     310M        106   12        -1  = W5_1
                     310M        108   16            -
                     330M        349   11   F     1 != U11_6
                     330M        114   13         0  = V3_1
                     340M        209    6         0  = V1_6
                     340M         48    1   F     0  = W13_8
                     330M        136   17         0 != V12_3
                     330M        391   19   F     1  = W4_6
 ! Time = 17403.80s, Memory usage = 124.7 MB
 !               Branches  Non-fixed    W       Branch decision
                     330M         69    5   F     1  = U0_0
                     330M        127    4         1  = V7_0
                     320M        141    3         1 != U5_3
                     330M        189   15         0 != V14_5
                     320M        122    7   F    -1 != V12_6
                     320M        106   14         1  = V15_0
                     320M        107    8        -1  = V14_1
                     340M         37    9        -1 != V13_5
                     330M         57    2   F    -1 != U8_1
                     320M        108   18   F    -1 != U11_5
                     320M        107   20   F     1  = W14_2
                     320M        109   10   F     0 != W13_6
                     320M        110   12   F    -1 != W17_8
                     320M        110   16        -1  = V2_4
                     340M        358   11        -1  = V5_2
                     350M        180    6         0 != W8_6
                     340M         68   13   F    -1  = V16_3
                     340M         28   17   F     0  = U15_6
                     340M        220   19   F    -1 != V10_0
                     350M        110    1         0 != U0_3
 ! Time = 17951.42s, Memory usage = 124.7 MB
 !               Branches  Non-fixed    W       Branch decision
                     340M         71    5         1  = W21_0
                     340M        112    4   F     1  = W19_8
                     340M         65    2         0 != W9_0
                     330M        107   14        -1 != V5_1
                     350M         37    9         0  = W22_4
                     330M        106    8   F     1 != W13_3
                     330M        157    3   F     0  = V22_7
                     340M        145   15        -1 != W22_6
                     330M        107   18   F    -1 != W15_3
                     350M        348   11   F     1 != V12_2
                     330M        108   20        -1  = W6_3
                     330M        109   10        -1  = U1_5
                     330M        158    7   F     0 != V13_6
                     330M        107   12         0 != V3_2
                     330M        110   16         0  = W9_4
                     360M        149    6   F     0  = V21_8
                     350M         72   13   F     0  = U0_8
                     360M        106    1   F     1 != V14_8
                     350M         33   17   F    -1  = V7_5
                     350M        306   19         0  = U7_8
 ! Time = 18464.40s, Memory usage = 124.7 MB
 !               Branches  Non-fixed    W       Branch decision
                     350M         94    4   F     0  = V6_1
                     350M         57    2   F     1  = U18_1
                     350M         67    5   F     0 != U12_6
                     360M         34    9   F    -1 != U17_8
                     340M        108   14   F    -1  = W15_0
                     340M        172    3   F     0  = V20_1
                     340M        105    8         0 != U20_4
                     360M        323   11        -1  = W2_3
                     340M        164    7   F    -1  = V6_6
                     350M        153   15   F    -1  = V15_3
                     370M        158    6   F     0 != U19_6
                     340M        107   18   F     0 != U3_6
                     340M        106   20   F    -1  = V9_8
                     340M        106   10   F     1  = V11_7
                     340M        107   12        -1  = U19_2
                     340M        109   16         0  = V6_0
                     360M         65   13         0  = V22_7
                     360M        339   19   F     0  = V20_1
                     370M         41    1         0 != W14_2
                     360M         31   17        -1 != V0_7
 ! Time = 18981.42s, Memory usage = 124.7 MB
 !               Branches  Non-fixed    W       Branch decision
                     360M        127    4   F    -1 != W9_4
                     360M        187   15   F    -1 != W16_6
                     360M         58    2         1  = W16_4
                     370M        313   11   F     0 != V10_4
                     350M         89    3   F     0 != V14_2
                     370M         34    9         1  = U6_7
                     360M         68    5   F    -1  = V8_1
                     350M        113    7   F    -1  = U18_3
                     350M        108   14   F    -1  = W10_6
                     350M        107    8         1  = W4_1
                     350M        107   18        -1  = W3_1
                     350M        109   10         0  = W2_0
                     350M        108   20   F     0  = W16_2
                     380M        157    6   F     1  = U13_5
                     370M         60   13         1  = W10_1
                     350M        109   12   F    -1  = U20_2
                     350M        110   16        -1  = W7_3
                     370M        305   19        -1  = W2_5
                     380M         51    1   F     1 != U14_2
                     370M         34   17   F     1 != U19_1
 ! Time = 19466.89s, Memory usage = 124.7 MB
 !               Branches  Non-fixed    W       Branch decision
                     370M        264   15   F    -1 != W7_2
                     370M         80    4         0  = W21_1
                     380M         35    9   F     1 != W4_6
                     360M        123    3         0  = W8_1
                     370M         70    5   F    -1 != U5_1
                     360M        109   14         0 != V11_5
                     360M        106    8   F    -1 != W15_2
                     370M         70    2   F     1 != U12_5
                     380M         75   13   F    -1  = U21_8
                     360M        206    7        -1 != U3_3
                     390M        137    6   F     1 != W19_6
                     360M        105   20        -1  = U16_7
                     360M        111   10        -1 != U13_5
                     380M        331   11   F    -1  = U8_6
                     360M        111   18        -1  = U13_4
                     360M        101   12         1  = W17_3
                     380M        319   19         1 != U14_0
                     360M        108   16            -
                     390M         95    1        -1 != U14_7
                     380M         34   17         0  = U4_6
 ! Time = 20036.52s, Memory usage = 124.7 MB
 !               Branches  Non-fixed    W       Branch decision
                     380M        271   15        -1 != W22_2
                     390M         36    9         0 != V2_4
                     380M         89    4         0  = V0_2
                     370M        147    3   F     1  = W9_1
                     380M         62    5         0 != U19_1
                     370M        109   14   F     0  = V4_8
                     370M        105    8         1  = V5_7
                     380M         62    2         0 != V11_1
                     400M        150    6         0 != V2_6
                     370M        108   20        -1 != V11_8
                     370M        103   10         0 != V8_1
                     370M        109   18        -1  = U3_2
                     390M        318   19   F     1  = V22_6
                     370M        109   12        -1  = W10_7
                     390M        146   13   F     0  = V5_4
                     400M         48    1         1 != V18_4
                     370M        104   16         0 != V17_1
                     390M        214   15   F    -1 != W19_2
                     390M         31   17   F     1 != W10_1
                     370M        156    7        -1 != U7_4
 ! Time = 20567.34s, Memory usage = 124.7 MB
 !               Branches  Non-fixed    W       Branch decision
                     390M        314   11        -1 != U10_1
                     400M         29    9         0 != W22_5
                     390M        123    4   F     1 != W19_0
                     380M        153    3        -1 != U17_2
                     390M         58    2        -1 != V13_8
                     410M        178    6   F    -1 != W9_7
                     390M         64    5   F    -1 != W15_0
                     380M        106   14   F    -1 != W9_3
                     380M        107    8        -1 != V2_7
                     410M         64    1   F    -1 != U10_5
                     400M        348   19   F     0  = U21_0
                     400M         66   13   F     1 != V17_1
                     380M        108   10         1 != V5_1
                     380M        103   20   F    -1  = U2_7
                     380M        107   18         0  = V21_8
                     380M        108   12            -
                     380M        108   16        -1 != W10_6
                     400M         70   17   F     0  = W9_1
                     400M        138   15         1 != V15_3
                     380M        139    7         0  = V5_2
 ! Time = 21149.99s, Memory usage = 124.7 MB
 !               Branches  Non-fixed    W       Branch decision
                     410M         41    9   F     0  = U9_6
                     400M        348   11   F    -1 != V20_1
                     400M        101    4        -1  = V1_4
                     390M        205    3   F     0  = W20_5
                     420M        176    6   F    -1  = U3_3
                     400M         61    2        -1 != V5_6
                     410M        307   19   F     0  = W13_2
                     420M         86    1        -1  = U18_3
                     400M         65    5   F     1  = U10_7
                     390M        110   14        -1 != W17_6
                     390M        109    8   F     1  = W1_2
                     410M         65   13   F     1  = V2_7
                     390M        107   18   F    -1  = U6_1
                     390M        111   10   F    -1  = W14_6
                     390M        111   20   F    -1  = V1_8
                     410M         38   17         1 != V17_7
                     390M        105   12        -1 != W22_5
                     390M        219    7        -1  = U6_6
                     390M        107   16         1  = U11_8
                     420M        200    9   F     0  = U21_6
 ! Time = 21711.41s, Memory usage = 124.7 MB
 !               Branches  Non-fixed    W       Branch decision
                     400M        232    3   F    -1  = V18_2
                     410M        137   15        -1 != U9_2
                     410M        118    4        -1  = V8_7
                     410M        348   11         0 != V20_5
                     430M        176    6         0  = W2_7
                     420M        325   19   F    -1  = V20_1
                     430M         51    1        -1  = U18_4
                     410M         58    2   F     1  = U11_3
                     420M         66   13        -1 != W4_8
                     400M        106   14   F    -1 != W16_6
                     400M        105    8   F    -1 != U5_5
                     400M        139    7        -1 != U14_3
                     400M        110   20   F     0 != W10_0
                     410M         62    5         0  = U20_3
                     400M        108   18        -1  = U15_7
                     400M        110   10   F    -1 != W2_6
                     420M         29   17         0  = W20_3
                     400M        107   12   F    -1  = V1_5
                     430M         41    9   F     1  = W19_5
                     400M        107   16   F    -1 != V10_4
 ! Time = 22169.05s, Memory usage = 124.7 MB
 !               Branches  Non-fixed    W       Branch decision
                     410M        141    3   F    -1 != U13_3
                     420M        335   11   F    -1  = U10_0
                     420M        196   15   F     0  = W3_2
                     430M        348   19   F    -1 != U21_7
                     420M        104    4   F     1 != U10_3
                     440M        110    1         1  = W10_7
                     420M         62    2   F    -1 != V5_1
                     440M        169    6         0  = W21_8
                     410M        194    7   F    -1 != U12_0
                     410M        106    8         0 != V22_7
                     410M        109   14         0  = U18_0
                     430M         63   13         0 != W9_7
                     430M         30   17   F    -1 != V2_8
                     420M         67    5   F     1  = W4_6
                     410M        110   20        -1 != U13_3
                     410M        107   18         0  = V22_5
                     410M        104   10         0 != V4_1
                     410M        111   12         1 != W11_0
                     440M         28    9         0 != V17_1
                     410M        110   16   F    -1  = V11_4
 ! Time = 22702.49s, Memory usage = 124.7 MB
 !               Branches  Non-fixed    W       Branch decision
                     430M        238   15   F     0 != V20_1
                     420M        125    3   F     0 != W8_1
                     430M        377   11         1  = U10_1
                     430M        113    4        -1  = U7_5
                     440M        368   19   F     0 != V18_2
                     450M         71    1         1 != U16_3
                     450M        162    6   F     0  = U2_7
                     430M        112    2   F     1 != U8_1
                     430M         59    5        -1 != U4_8
                     440M        100   13   F     0  = W12_4
                     420M        107    8   F    -1  = V6_7
                     420M        108   14   F     1  = U10_2
                     440M         35   17         0 != U22_6
                     420M        138    7        -1 != U12_6
                     420M        108   20   F     1  = U9_8
                     420M        106   18        -1  = V13_2
                     420M        107   10   F     1 != V12_1
                     450M         49    9         0 != W17_7
                     420M        105   12   F    -1 != V16_6
                     440M        271   15        -1  = W21_2
 ! Time = 23278.96s, Memory usage = 124.7 MB
 !               Branches  Non-fixed    W       Branch decision
                     420M        106   16        -1  = V7_1
                     440M         83    4         1  = V21_8
                     430M        140    3         1 != W11_7
                     440M        366   11   F    -1 != U15_1
                     460M         64    1   F    -1 != U21_7
                     450M        361   19         0 != V5_6
                     460M        178    6   F     1  = V6_6
                     440M         93    2   F     0  = W9_5
                     450M         66   13         1 != W14_7
                     450M         48   17        -1  = U21_7
                     430M        105   14   F    -1  = V1_8
                     430M        104    8   F    -1 != W11_6
                     440M         60    5   F     1  = W20_8
                     430M        105   20         1  = V6_8
                     430M        108   18         0 != V3_1
                     430M        105   10         0 != U15_3
                     460M         29    9   F     0 != U11_3
                     430M        109   12   F    -1  = U7_8
                     430M        108   16   F    -1  = U9_4
                     450M         86    4         0 != W2_1
 ! Time = 23888.21s, Memory usage = 124.7 MB
 !               Branches  Non-fixed    W       Branch decision
                     430M        143    7   F    -1  = W3_7
                     470M        104    1   F     1  = U7_7
                     450M        149   15         1 != U6_8
                     450M        365   11         0  = V21_0
                     470M        140    6         0 != V15_1
                     450M         72    2         0 != V15_0
                     440M        137    3   F    -1 != U20_2
                     460M        318   19   F    -1  = U1_5
                     460M         38   17   F     0  = U12_3
                     460M         68   13         0 != W6_8
                     450M         62    5   F    -1 != W4_2
                     440M        107   14   F    -1 != W7_6
                     440M        108    8         0  = U1_5
                     470M         31    9   F     1  = U20_7
                     440M        100   20         0 != W20_1
                     440M        111   18   F        -
                     440M        106   10         1  = U5_2
                     460M         77    4        -1  = U20_3
                     440M        109   12   F     0  = W15_5
                     480M         52    1   F     1  = W10_4
 ! Time = 24439.88s, Memory usage = 124.7 MB
 !               Branches  Non-fixed    W       Branch decision
                     440M        108   16        -1 != V3_1
                     440M        194    7   F     1  = U10_8
                     460M        348   11        -1 != V19_1
                     480M        155    6         0  = U3_7
                     460M        103    2   F     0 != U7_2
                     460M        163   15   F     0  = W18_8
                     450M        184    3   F     1  = V3_3
                     470M        327   19   F    -1 != U3_0
                     470M         31   17         1  = U20_6
                     470M        101   13   F    -1 != V22_5
                     480M         31    9         0  = V0_0
                     450M        108   14   F     0  = V1_8
                     450M        104    8   F     1  = U18_4
                     490M         52    1         1  = W22_7
                     450M        111   20         1  = V0_1
                     460M         66    5   F     0  = W2_2
                     450M        107   18        -1  = V6_2
                     450M        109   10         1 != V17_8
                     470M        116    4   F    -1 != W4_2
                     450M        111   12         1  = V4_6
 ! Time = 24947.63s, Memory usage = 124.7 MB
 !               Branches  Non-fixed    W       Branch decision
                     450M        148    7         0 != V19_1
                     450M         98   16         1 != U17_2
                     470M        348   11         0  = W13_2
                     470M         87    2   F     0  = W9_0
                     470M        222   15   F    -1  = W5_2
                     460M        180    3         0 != V7_4
                     490M        205    6         0 != U3_1
                     480M         37   17         0 != U20_8
                     480M        348   19        -1 != V20_1
                     480M         54   13         0  = U3_8
                     460M        108   14        -1  = U7_2
                     460M        105    8        -1 != V6_0
                     490M         29    9   F    -1  = W9_8
                     460M        108   20        -1 != V5_1
                     470M         65    5         0 != V22_4
                     460M         66    7   F    -1  = V0_5
                     460M        106   18         0 != V7_8
                     460M        108   10        -1 != U9_1
                     500M         52    1   F     1 != W9_4
                     480M        135    4   F     0 != W11_5
 ! Time = 25472.78s, Memory usage = 124.7 MB
 !               Branches  Non-fixed    W       Branch decision
                     460M        106   12        -1  = V19_0
                     470M         84    3         1  = W13_0
                     460M        105   16   F    -1  = U1_1
                     480M        397   11   F     1  = U2_0
                     480M        175   15        -1 != V18_1
                     500M        123    6   F     0 != W3_2
                     480M         61    2   F     1  = U21_3
                     490M         91   13         0  = V22_4
                     490M         29   17         1  = U19_8
                     490M        348   19        -1 != W4_6
                     470M        107   14            -
                     470M        106    8            -
                     480M         59    5   F     0  = V0_3
                     470M        110   20            -
                     510M         52    1   F    -1 != V6_1
                     470M        107   18   F     1  = U19_3
                     470M        146    7   F    -1 != V9_6
                     480M        157    3        -1 != U11_1
                     500M         42    9        -1 != W7_6
                     470M        105   10   F     0 != V11_1
 ! Time = 25990.07s, Memory usage = 124.7 MB
 !               Branches  Non-fixed    W       Branch decision
                     470M        109   12   F    -1  = U15_1
                     510M        178    6   F     0  = U17_8
                     490M        141   15   F    -1  = U9_4
                     490M        410   11        -1 != V19_5
                     470M        106   16         0 != V4_4
                     490M        128    4   F     0 != V3_1
                     490M         67    2         0 != U2_5
                     500M        147   13   F     1 != V20_5
                     500M        362   19         0 != W12_2
                     500M         41   17         1  = W2_3
                     480M        107   14        -1  = U0_2
                     480M        105    8         1 != V9_5
                     520M         54    1   F     0  = U19_7
                     490M         61    5         0 != V19_3
                     480M        108   20   F    -1  = W13_2
                     510M         32    9   F     0 != U10_6
                     480M        107   18         0  = U7_6
                     500M        313   11   F     1  = W15_1
                     520M        194    6   F    -1 != V4_7
                     480M        108   10   F        -
 ! Time = 26576.56s, Memory usage = 124.7 MB
 !               Branches  Non-fixed    W       Branch decision
                     500M        175   15   F    -1  = W21_2
                     480M        105   12        -1  = V8_1
                     500M         82    4   F     0  = V2_1
                     500M         80    2   F    -1 != V17_4
                     480M        105   16        -1 != W8_1
                     510M        113   13   F    -1 != W1_1
                     510M        343   19        -1 != W5_2
                     490M        148    3   F     1 != V17_5
                     510M         29   17        -1 != W7_4
                     480M        143    7   F    -1  = W20_5
                     490M        107   14   F     0  = U10_2
                     530M         52    1        -1 != V14_2
                     490M        107    8        -1 != U21_1
                     500M         59    5         0  = U7_1
                     520M        110    9   F    -1  = W8_3
                     530M        189    6        -1  = V0_3
                     490M        106   20         0  = V6_1
                     510M        160    4   F    -1 != V9_1
                     490M        108   18   F    -1  = W16_3
                     490M        110   10   F    -1  = W15_4
 ! Time = 27163.29s, Memory usage = 124.7 MB
 !               Branches  Non-fixed    W       Branch decision
                     510M         79    2         0  = W1_4
                     490M        105   12   F     1 != V11_5
                     520M        131   13   F    -1  = W18_8
                     520M        363   19   F     1  = W2_6
                     490M        106   16         1  = U12_4
                     510M        313   11   F     1  = V4_1
                     520M         95   17   F     1  = U3_3
                     500M        152    3         0 != U5_2
                     490M        150    7   F     1  = U21_6
                     510M        151   15   F     1 != U10_6
                     530M         40    9   F     1  = W8_3
                     540M        148    6   F    -1  = V0_8
                     510M         62    5        -1 != W13_2
                     500M        106   14        -1 != W17_7
                     500M        106    8   F     0  = W11_1
                     520M        136    4        -1  = V11_7
                     500M        107   20         1  = U11_3
                     500M        107   18   F     1  = U15_5
                     530M        111   13         0  = W4_2
                     500M        110   10   F     1 != V1_4
 ! Time = 27740.28s, Memory usage = 124.7 MB
 !               Branches  Non-fixed    W       Branch decision
                     520M         60    2   F     0  = V20_8
                     500M        108   12            -
                     540M        168    1         0 != V21_2
                     530M         70   17         0  = U7_2
                     500M        106   16         0  = U9_3
                     510M        179    3   F     1 != V12_5
                     530M        367   19         1  = U2_0
                     500M        151    7        -1  = W16_1
                     520M        311   11        -1  = U9_1
                     540M         34    9         0  = V19_1
                     520M         59    5   F     0  = V9_1
                     550M        129    6   F     1  = U16_1
                     510M        109   14   F    -1 != V16_0
                     510M        104    8   F    -1  = U13_5
                     540M         56   13         1  = U5_6
                     510M        107   20   F        -
                     530M        121    4   F     1  = V19_4
                     530M         57    2         1 != W20_4
                     510M        106   18   F    -1 != V6_3
                     510M        109   10            -
 ! Time = 28295.59s, Memory usage = 124.7 MB
 !               Branches  Non-fixed    W       Branch decision
                     550M         52    1        -1  = U19_4
                     520M        109    3        -1  = V17_1
                     540M         50   17   F     1  = W6_6
                     510M        110   12        -1  = V6_5
                     520M        141   15   F     1 != W1_4
                     510M        109   16   F     1  = W18_4
                     510M        200    7   F    -1  = V15_5
                     540M        340   19   F     0 != U13_5
                     550M         50    9         0  = W22_5
                     560M        189    6   F    -1 != W3_4
                     530M         59    5         0  = U19_4
                     530M        348   11         0  = V18_1
                     520M        108   14         0  = W2_5
                     520M        107    8   F     1 != V0_7
                     540M         80    2        -1 != U15_2
                     560M         51    1         1  = W21_1
                     550M        106   13         0  = U20_1
                     540M        110    4         0 != W18_1
                     520M        111   20   F     0 != W13_1
                     530M        190    3   F     0  = V21_8
 ! Time = 28809.46s, Memory usage = 124.7 MB
 !               Branches  Non-fixed    W       Branch decision
                     520M        108   18   F    -1 != V18_2
                     520M        107   10   F     1 != U2_1
                     520M        127    7        -1 != V17_1
                     520M        109   12        -1  = U3_6
                     530M        193   15   F    -1  = W13_2
                     550M         64   17        -1  = V14_1
                     550M        281   19   F     0  = U10_8
                     520M        107   16        -1 != V15_0
                     540M        348   11         1 != U6_6
                     570M        138    6         1  = U12_6
                     560M         32    9        -1  = W6_4
                     540M         61    5   F     0 != V12_1
                     550M         78    2   F    -1 != W20_0
                     570M         53    1         1  = V22_4
                     560M        170   13         1  = W13_0
                     540M        167    3        -1 != V9_8
                     530M        108   14         1 != W22_5
                     530M        105    8        -1 != V0_7
                     530M        181    7   F    -1  = W15_3
                     530M        106   20   F    -1  = V9_1
 ! Time = 29335.56s, Memory usage = 124.7 MB
 !               Branches  Non-fixed    W       Branch decision
                     560M        348   19   F     0 != V19_1
                     540M        216   15   F    -1 != V5_2
                     530M        107   18   F     0  = W16_0
                     530M        112   10         1 != V19_8
                     560M         28   17         0 != W16_2
                     550M        166    4         0 != V4_0
                     530M        103   12         1  = W11_1
                     530M        107   16         1 != V12_1
                     550M        404   11   F     1  = V3_5
                     570M         32    9         0 != V17_0
                     550M         59    5        -1  = U18_2
                     580M        170    6   F     0  = U9_4
                     580M         57    1         0  = V2_1
                     560M         59    2         1 != U0_2
                     550M        144    3   F    -1  = V1_2
                     570M        139   13   F     1  = W18_1
                     570M        348   19   F     1 != W14_2
                     540M        107   14   F    -1 != W3_6
                     540M        106    8         0  = U16_4
                     550M        129   15         1 != W22_2
 ! Time = 29833.45s, Memory usage = 124.7 MB
 !               Branches  Non-fixed    W       Branch decision
                     540M        148    7   F    -1 != W12_4
                     570M         93   17         0  = W11_1
                     560M        109    4   F     1  = V22_5
                     540M        109   20        -1 != W12_7
                     540M        108   18   F     1 != W16_2
                     540M        108   10   F        -
                     540M        108   12   F    -1  = V17_1
                     540M        106   16        -1  = W3_1
                     560M        381   11   F     1  = W22_7
                     580M        131    9         1  = U10_7
                     560M         64    5   F     0 != V2_5
                     590M         52    1         1 != W1_4
                     590M        170    6         0  = U0_4
                     570M         58    2         1  = V19_4
                     560M        250   15   F     0  = V14_0
                     580M        363   19        -1 != U16_7
                     580M        156   13         1  = U20_1
                     550M        110   14   F    -1 != W8_1
                     550M        108    8        -1  = U21_4
                     560M        155    3         1 != V8_0
 ! Time = 30418.64s, Memory usage = 124.7 MB
 !               Branches  Non-fixed    W       Branch decision
                     580M         30   17         1  = V21_0
                     550M        107   20         0  = V6_8
                     550M        108   18   F     1  = W20_2
                     570M        130    4   F     1 != V15_1
                     550M        105   10         0 != V21_1
                     550M        109   12         0 != V4_5
                     550M        142    7         1 != W8_0
                     570M        371   11         0 != V12_2
                     550M        108   16   F    -1 != U6_1
                     600M         52    1         1  = U2_5
                     590M        187    9         1 != V15_1
                     580M         77    2        -1 != W14_6
                     570M         61    5         0  = V16_7
                     600M        196    6         1  = V5_4
                     560M        104   14   F     1  = W9_6
                     590M        360   19   F    -1 != U2_0
                     560M        102    8         0 != U22_5
                     580M        152    4         0  = V4_1
                     570M        158   15   F     1  = U11_2
                     590M         68   17   F     0  = W3_7
 ! Time = 31054.28s, Memory usage = 124.7 MB
 !               Branches  Non-fixed    W       Branch decision
                     560M        110   20   F    -1  = U21_2
                     560M        109   18   F     0  = W8_5
                     570M        153    3   F     1 != W1_7
                     590M        155   13         0 != W5_6
                     560M        108   10   F     0  = V12_7
                     560M        161    7   F     1 != U13_6
                     560M        108   12   F    -1  = U13_2
                     580M        371   11         1  = V20_2
                     560M        105   16        -1  = W3_2
                     610M         56    1   F     1 != V15_4
                     610M        174    6   F     1 != V4_8
                     600M         98    9         0  = V15_8
                     590M         93    2   F     1  = U20_1
                     570M        108   14   F     0 != V15_4
                     580M         63    5   F     1 != U10_4
                     600M         37   17         0 != U5_5
                     570M        108    8   F    -1  = U0_4
                     580M        212    3        -1  = W6_2
                     570M        238    7        -1  = W13_3
                     580M        148   15   F    -1 != W9_3
 ! Time = 31585.94s, Memory usage = 124.7 MB
 !               Branches  Non-fixed    W       Branch decision
                     570M        108   20   F     0  = U10_8
                     570M        107   18        -1 != W19_2
                     600M        373   19         1  = U17_7
                     600M        152   13   F     1  = U1_6
                     570M        106   10   F    -1 != W17_4
                     590M        387   11        -1 != U22_1
                     570M        106   12   F     1 != U7_2
                     620M         73    1   F     1  = V22_1
                     570M        106   16         0  = U2_1
                     620M        191    6         1  = W5_6
                     610M         43    9   F     1 != V9_1
                     600M         73    2   F     1 != V12_1
                     590M        173    4   F     1  = V20_2
                     610M         45   17         0  = W12_6
                     590M        193    3   F     1  = U13_4
                     590M        232   15   F     0 != V6_2
                     580M        217    7   F     0 != V18_1
                     580M        107   14   F    -1  = V18_5
                     610M        392   19   F     1  = U7_7
                     580M        106    8         1  = V17_1
 ! Time = 32039.10s, Memory usage = 124.7 MB
 !               Branches  Non-fixed    W       Branch decision
                     590M         57    5         0  = W19_3
                     610M        109   13        -1 != W5_6
                     580M        108   20   F     0  = W7_8
                     580M        107   18        -1  = W15_0
                     630M         60    1   F     0  = V11_1
                     580M        108   10         0  = V17_2
                     600M        348   11   F     0  = V20_1
                     580M        108   12        -1  = U12_6
                     630M        172    6         1 != U11_1
                     580M        104   16         1  = U22_4
                     620M        130    9         1  = U17_3
                     610M         68    2        -1  = V16_8
                     600M        189    3        -1  = V17_4
                     620M         44   17         1 != W22_6
                     600M        243   15   F    -1  = V10_0
                     590M        269    7         0 != W0_3
                     620M        390   19   F     0 != U10_7
                     600M         88    4         1  = W8_1
                     600M         60    5         0  = U8_1
                     620M        112   13   F     0 != W2_3
 ! Time = 32494.82s, Memory usage = 124.7 MB
 !               Branches  Non-fixed    W       Branch decision
                     590M        108   14   F    -1  = V7_0
                     590M        104    8   F    -1  = W4_2
                     640M         52    1        -1  = V17_1
                     610M        348   11        -1  = V19_1
                     590M        103   20         0 != U12_2
                     590M        109   18         1 != V16_2
                     590M        106   10         0 != U5_1
                     590M        111   12   F    -1 != U14_2
                     630M         31    9        -1  = W8_7
                     640M        186    6        -1 != V0_7
                     590M        104   16         0  = W16_2
                     620M        136    2         1 != U1_2
                     610M        133    3         0 != V20_8
                     610M        203   15   F    -1 != V17_1
                     600M        297    7   F    -1  = W0_3
                     630M        348   19         0  = W12_6
                     630M         40   17         0 != U20_7
                     610M        166    4   F    -1 != W5_1
                     630M        156   13         1  = W10_1
                     600M        104   14   F     1 != W19_6
 ! Time = 32978.24s, Memory usage = 124.7 MB
 !               Branches  Non-fixed    W       Branch decision
                     610M         66    5         0  = U17_0
                     620M        348   11         1  = V12_0
                     600M        107    8         0 != W12_0
                     600M        105   20         1  = W19_3
                     640M         37    9         1  = W16_4
                     600M        107   18   F    -1 != W17_5
                     650M         52    1   F     0  = V12_3
                     600M        109   10         0 != W4_5
                     600M        111   12   F     0 != U3_0
                     650M        133    6   F     1 != V11_6
                     630M         91    2   F     1 != W9_1
                     600M        109   16         1  = V20_4
                     620M        198   15         1 != W12_2
                     620M        157    3         0 != V3_8
                     610M        265    7        -1 != W0_3
                     640M        348   19        -1 != V17_1
                     640M         36   17        -1  = U13_8
                     640M        171   13   F     1  = V19_4
                     620M        147    4         1 != V19_4
                     610M        109   14        -1 != V21_5
 ! Time = 33453.43s, Memory usage = 124.7 MB
 !               Branches  Non-fixed    W       Branch decision
                     630M        406   11         0 != W15_1
                     610M        108    8   F    -1  = V21_8
                     620M         64    5         1  = V16_3
                     610M        106   20   F     1  = W2_1
                     660M        176    6   F    -1 != W22_8
                     660M         49    1   F     0  = W17_1
                     650M         56    9   F     1  = V10_3
                     610M        105   18   F     1  = V14_1
                     640M         65    2   F    -1  = W4_3
                     630M        196   15        -1  = W7_2
                     610M        100   10        -1  = U22_5
                     620M        256    7        -1  = W16_3
                     650M        348   19   F    -1  = V19_1
                     610M        106   12        -1  = W20_5
                     630M        135    3        -1 != V13_0
                     610M        109   16        -1 != U2_1
                     650M        216   17   F    -1 != V12_6
                     630M        148    4   F     1  = W12_7
                     650M        137   13        -1  = V13_6
                     640M        403   11         1  = V13_5
 ! Time = 33865.00s, Memory usage = 124.7 MB
 !               Branches  Non-fixed    W       Branch decision
                     620M        107   14   F    -1  = W13_1
                     660M         31    9   F    -1 != V0_1
                     630M         68    5   F    -1 != W0_4
                     620M        108    8         0  = U3_4
                     670M        157    6        -1 != U2_8
                     670M         52    1        -1  = U2_5
                     620M        108   20   F    -1 != V14_6
                     650M         77    2        -1  = U13_1
                     640M        160   15   F    -1  = U20_0
                     660M        348   19   F    -1 != W8_5
                     620M        106   18            -
                     620M        110   10        -1  = V16_1
                     640M        128    3        -1 != U5_4
                     620M        104   12         1  = V19_7
                     630M        159    7   F    -1 != U12_2
                     660M         45   17        -1  = U2_2
                     620M        105   16        -1  = V3_5
                     640M        106    4         1  = U15_2
                     660M        146   13   F    -1  = V16_3
                     670M         32    9   F     0  = V4_2
 ! Time = 34416.49s, Memory usage = 124.7 MB
 !               Branches  Non-fixed    W       Branch decision
                     640M         89    5         0  = W13_1
                     680M         52    1         1  = V21_4
                     670M        394   19   F     1 != U6_0
                     680M        145    6         1  = V18_5
                     630M        110   14   F    -1 != V17_5
                     660M         73    2         0  = V0_7
                     650M        316   11   F     0 != U2_6
                     630M        107    8         0 != U4_5
                     630M        109   20        -1 != U15_7
                     630M        102   18        -1 != W15_7
                     670M         48   17         1 != W18_2
                     630M        108   10   F    -1 != U2_1
                     630M        106   12   F    -1  = V20_1
                     650M        128    3   F    -1  = V20_2
                     650M        163    4         1  = V16_0
                     630M        108   16         0 != V13_1
                     650M        144   15         1 != U22_2
                     640M        156    7         0  = U9_6
                     680M        134    9         0  = U0_8
                     670M         70   13         0 != V8_5
 ! Time = 34931.21s, Memory usage = 124.7 MB
 !               Branches  Non-fixed    W       Branch decision
                     690M         52    1         1 != W12_5
                     690M        136    6        -1 != W12_6
                     670M        143    2        -1  = W3_7
                     680M        267   19   F    -1  = W15_1
                     640M        108   14        -1 != V10_1
                     650M         60    5         1  = V17_5
                     640M        107    8        -1 != W6_3
                     640M        109   20         0  = V11_1
                     680M         31   17        -1  = U3_1
                     640M        107   18   F     0 != U5_7
                     640M        108   10         1 != U11_7
                     660M        377   11   F    -1  = V14_2
                     660M        108    4   F     0 != U14_2
                     640M        110   12        -1  = V21_7
                     660M        151    3         1  = W10_7
                     640M        107   16         1  = U5_0
                     690M        202    9   F    -1 != U12_8
                     660M        146   15        -1  = W7_3
                     700M        135    6        -1 != V7_7
                     680M        129   13   F     0  = U3_6
 ! Time = 35390.79s, Memory usage = 124.7 MB
 !               Branches  Non-fixed    W       Branch decision
                     650M        202    7        -1 != W20_4
                     700M         52    1         1  = U17_5
                     690M        285   19        -1  = U16_5
                     660M         74    5   F     0 != W19_5
                     680M        135    2         0  = V8_1
                     650M        108   14        -1 != U16_4
                     650M        106    8            -
                     650M        109   20        -1 != W16_2
                     650M        110   18   F    -1  = W17_8
                     670M        309   11         1 != W11_3
                     650M        106   10        -1  = U9_5
                     690M         99   17         0  = U6_2
                     650M        110   12        -1  = U14_6
                     670M        225    4   F     0 != U2_3
                     700M         30    9   F     0 != W17_8
                     650M        107   16   F     1 != V7_1
                     670M        144    3         1  = U19_6
                     670M        202   15   F    -1 != V16_7
                     710M        107    1        -1 != U21_4
                     700M        296   19         1 != W20_0
 ! Time = 35890.42s, Memory usage = 124.7 MB
 !               Branches  Non-fixed    W       Branch decision
                     690M        166   13   F     0  = V21_0
                     660M        240    7   F     0  = V19_5
                     690M         76    2         1 != V5_4
                     670M         69    5   F     0 != W9_0
                     710M        201    6   F     0 != V16_3
                     660M         97   14         0 != V1_0
                     660M        105    8         1  = U5_5
                     680M        345   11   F    -1  = W17_2
                     660M        107   20        -1  = V21_1
submitit WARNING (2023-05-04 19:06:47,414) - Bypassing signal SIGCONT
submitit WARNING (2023-05-04 19:06:47,422) - Bypassing signal SIGTERM
                     700M         30   17        -1 != V10_4
