submitit INFO (2023-05-04 09:04:25,897) - Starting with JobEnvironment(job_id=27807, hostname=cpunode2, local_rank=2(5), node=0(1), global_rank=2(5))
submitit INFO (2023-05-04 09:04:25,897) - Loading pickle: /h/30/pashootan/Matrix-Mult-CP/src/../logs/5/3x3x3_23_May04_09:04:23/27807_submitted.pkl
Running with: Namespace(N=3, M=3, P=3, R=23, valid_ineq=False, symmetry=False, min_add=False, cyclic_invar=False, inex_bounds=(0, 0), output_dir='../logs/5/3x3x3_23_May04_09:04:23', n_seeds=5, n_workers=20, timeout=2880, solver='cpo', cpo_LogPeriod=10000000, cpo_RandomSeed=4, inexact_ineq=False)
Running solver with: {'LogPeriod': 10000000, 'RandomSeed': 4, 'Workers': 20, 'TimeLimit': 172800}
 ! --------------------------------------------------- CP Optimizer 22.1.1.0 --
 ! Satisfiability problem - 621 variables, 729 constraints
 ! TimeLimit            = 172800
 ! Workers              = 20
 ! LogPeriod            = 10000000
 ! RandomSeed           = 7013
 ! Initial process time : 0.08s (0.08s extraction + 0.00s propagation)
 !  . Log search space  : 984.3 (before), 984.3 (after)
 !  . Memory usage      : 5.2 MB (before), 5.2 MB (after)
 ! Using parallel search with 20 workers.
 ! ----------------------------------------------------------------------------
 !               Branches  Non-fixed    W       Branch decision
                   10000k        146   11   F    -1 != V17_1
                   10000k        110    9   F     0  = V8_0
                   10000k        123    5   F     0  = U14_2
                   10000k        100    6   F    -1 != U14_2
                   10000k        143   19         1 != V21_0
                   10000k         98   17         0  = U1_1
                   10000k         94    2        -1  = V14_5
                   10000k        103    4   F     1  = U14_2
                   10000k         92    1         0 != W13_6
                   10000k        115   13         0  = U20_3
                   10000k        109   12         1 != U3_3
                   10000k         94    7   F     0 != V22_0
                   10000k        106   14   F    -1 != V20_4
                   10000k        105   18         0 != W19_6
                   10000k        105    8   F    -1  = V13_5
                   10000k        130   15   F    -1  = V20_1
                   10000k        102   16   F     1  = W15_4
                   10000k         97    3   F    -1 != W22_8
                   10000k        109   20        -1 != W17_6
                   10000k        109   10   F     0  = U19_6
 ! Time = 599.01s, Memory usage = 124.7 MB
 !               Branches  Non-fixed    W       Branch decision
                   20000k        307   11   F     1 != W0_0
                   20000k        117    9        -1  = W5_2
                   20000k        108    6   F     0  = W14_8
                   20000k        307   19   F    -1  = V14_1
                   20000k        194    4         1  = V2_3
                   20000k        104   17   F     1  = W6_5
                   20000k         71    1         0 != W7_3
                   20000k         76    5         1  = W15_1
                   20000k        122   13   F    -1 != U19_7
                   20000k         97    2         0 != V5_5
                   20000k         79    7        -1 != W22_3
                   20000k        150   15        -1 != V16_6
                   20000k        109   14        -1  = W14_0
                   20000k        102    3   F    -1 != V20_1
                   20000k        110   16         1  = U4_0
                   20000k        106   12         0 != U6_5
                   20000k        106   18   F     1 != W17_3
                   20000k        109    8         0 != V1_8
                   20000k        110   10        -1  = W8_0
                   20000k        111   20   F        -
 ! Time = 1168.61s, Memory usage = 124.7 MB
 !               Branches  Non-fixed    W       Branch decision
                   30000k         91   17   F     0 != U8_3
                   30000k        156    4        -1  = U21_2
                   30000k        113   13        -1 != U3_6
                   30000k        112    6        -1  = W13_7
                   30000k        125    9   F     0  = W11_2
                   30000k         62    1         1  = W9_6
                   30000k        278   11   F     0  = U11_0
                   30000k         83    5   F     0 != U1_6
                   30000k        111    2         1  = U16_8
                   30000k        302   19         1  = V8_0
                   30000k        107    7         0  = V2_7
                   30000k        128   15        -1  = V4_0
                   30000k        107   14         1 != U7_3
                   30000k         91    3   F    -1  = W19_3
                   30000k        110   10        -1 != W10_1
                   30000k        109   16   F     1 != W22_4
                   30000k        106   12        -1 != V15_3
                   30000k        109    8   F    -1  = U2_4
                   30000k        107   18        -1  = U21_8
                   30000k        107   20         1  = W1_3
 ! Time = 1758.78s, Memory usage = 124.7 MB
 !               Branches  Non-fixed    W       Branch decision
                   40000k        158    4         0 != W9_1
                   40000k        136    9         1 != V3_2
                   40000k        100   17   F    -1 != U2_7
                   40000k         88   13   F    -1 != U13_1
                   40000k         98    2   F     1 != W9_7
                   40000k         55    1         0  = V8_3
                   40000k         52    5         0 != U15_8
                   40000k         99    6   F    -1  = V2_8
                   40000k        348   19        -1 != V6_0
                   40000k        293   11   F    -1 != V20_1
                   40000k        138    3         0 != U5_5
                   40000k         75    7   F    -1  = W11_7
                   40000k        138   15         1  = U13_8
                   40000k        107   14   F     1 != V20_1
                   40000k        106   16        -1 != U20_0
                   40000k        109   12        -1  = U3_3
                   40000k        106   10   F    -1  = W14_1
                   40000k        106   18   F     1  = U19_6
                   40000k        103    8            -
                   40000k        109   20        -1  = V3_0
 ! Time = 2330.55s, Memory usage = 124.7 MB
 !               Branches  Non-fixed    W       Branch decision
                   50000k        103   17   F     1  = U5_3
                   50000k        112    9   F     1  = U18_4
                   50000k        173    4         0  = W14_0
                   50000k         75   13         0  = W12_7
                   50000k         56    1   F    -1  = V15_0
                   50000k        128    6   F     1 != U22_5
                   50000k        114    2   F     1  = W19_2
                   50000k         25    5   F     1 != W14_1
                   50000k        348   19   F    -1 != W15_1
                   50000k        135   15        -1  = W14_2
                   50000k        348   11   F     0  = V4_7
                   50000k        124    3        -1 != U19_6
                   50000k         79    7         1  = W16_0
                   50000k        108   14   F     0  = V13_3
                   50000k        109   16   F     0  = W19_0
                   50000k        105   10   F    -1  = V2_0
                   50000k        108   12        -1 != W0_8
                   50000k        105    8   F    -1 != V20_5
                   50000k        108   18   F    -1 != W4_3
                   50000k        108   20        -1  = U14_7
 ! Time = 2897.52s, Memory usage = 124.7 MB
 !               Branches  Non-fixed    W       Branch decision
                   60000k        104   17   F    -1 != U5_1
                   60000k        148    4   F    -1  = U13_0
                   60000k        116    9   F     1 != W20_8
                   60000k         49    1         0  = V11_7
                   60000k         81   13   F     0  = U8_7
                   60000k        101    2   F    -1  = W15_5
                   60000k         24    5         1  = W10_7
                   60000k        348   19         0  = V19_1
                   60000k        105    6   F    -1 != W1_7
                   60000k         86    3   F    -1  = V10_5
                   60000k        123   15   F     0 != V1_5
                   60000k        153    7   F     0 != V19_0
                   60000k        107   14        -1 != V6_1
                   60000k        335   11   F    -1 != U12_6
                   60000k        109   10        -1  = W6_1
                   60000k        108   16        -1 != U14_5
                   60000k        107   12         0 != U22_0
                   60000k        104    8   F    -1  = W0_3
                   60000k        111   18   F        -
                   60000k        106   20         1  = W1_4
 ! Time = 3477.80s, Memory usage = 124.7 MB
 !               Branches  Non-fixed    W       Branch decision
                   70000k         98    9         1 != W5_3
                   70000k         86   17         0  = W2_2
                   70000k         49    1         1  = V2_4
                   70000k        159    4        -1  = W21_6
                   70000k         83   13   F     1 != V12_4
                   70000k         33    5         0 != U22_0
                   70000k        175   19        -1 != V18_1
                   70000k        105    6   F     1 != W3_4
                   70000k        124    2        -1  = V11_7
                   70000k         91    3   F    -1  = V6_4
                   70000k        144    7   F    -1 != W15_5
                   70000k        348   11        -1  = U15_0
                   70000k        107   14        -1 != V1_4
                   70000k        134   15         1 != W9_5
                   70000k        107   10         0 != U3_5
                   70000k        110   16   F    -1 != W9_0
                   70000k        105   12         1 != W17_6
                   70000k        107   18        -1 != U15_6
                   70000k         97    8         1  = U17_2
                   70000k        108   20   F    -1 != U12_4
 ! Time = 4054.30s, Memory usage = 124.7 MB
 !               Branches  Non-fixed    W       Branch decision
                   80000k        110   17         1  = V1_5
                   80000k         48    1         0 != U15_1
                   80000k        109    6   F    -1  = V10_5
                   80000k        110    9   F     1  = W6_5
                   80000k        172    4   F    -1 != U22_0
                   80000k         72   13   F     0  = U16_6
                   80000k         24    5         1  = W3_1
                   80000k        116    2   F    -1  = U12_0
                   80000k        240   19        -1 != V17_1
                   80000k        159    7   F    -1  = U7_2
                   80000k        345   11         0 != U19_6
                   80000k         83    3   F     1  = W13_5
                   80000k        158   15   F    -1 != V8_5
                   80000k        108   14         1  = U1_0
                   80000k        107   10         0  = V1_0
                   80000k        110   16         0 != U17_7
                   80000k        111   12        -1  = U14_8
                   80000k        107   18        -1  = V12_1
                   80000k        102    8         1  = W20_3
                   80000k        106   20         0  = U6_3
 ! Time = 4624.08s, Memory usage = 124.7 MB
 !               Branches  Non-fixed    W       Branch decision
                   90000k         84    6         0  = W0_3
                   90000k        194    4   F     0  = V20_8
                   90000k         86   17        -1 != U21_7
                   90000k         48    1        -1  = V2_1
                   90000k         23    5        -1  = V7_7
                   90000k         51   13         1  = V17_3
                   90000k        143    9         0 != V9_3
                   90000k         63    2         0  = U12_2
                   90000k        344   19         0  = U16_0
                   90000k        348   11   F    -1  = V10_3
                   90000k         95    7   F     0  = V8_0
                   90000k        113    3         1  = V17_0
                   90000k        144   15   F     1  = U12_4
                   90000k        109   14   F     1  = W14_1
                   90000k        107   10        -1  = W18_3
                   90000k        107   16   F     0  = W21_4
                   90000k        109   12         0  = U2_3
                   90000k        108   18   F    -1 != W21_7
                   90000k        102    8        -1  = V19_2
                   90000k        108   20   F    -1 != W14_6
 ! Time = 5197.40s, Memory usage = 124.7 MB
 !               Branches  Non-fixed    W       Branch decision
                     100M         80    6         0 != W9_0
                     100M         48    1   F     1 != U5_0
                     100M        166    4         0  = U16_6
                     100M         85   17         0  = W13_5
                     100M         59   13         1 != U5_1
                     100M         30    5   F    -1  = W3_4
                     100M        149    2         0 != W21_7
                     100M        105    9         1 != V14_3
                     100M        209   15        -1  = U13_7
                     100M        147    7         1  = U10_3
                     100M        339   19   F     0  = V16_1
                     100M        238   11   F    -1 != V7_7
                     100M        123    3   F    -1 != V13_6
                     100M        107   14         0 != V6_2
                     100M        109   10         1  = W20_1
                     100M        106   16   F    -1  = W8_1
                     100M        109   12         0  = V16_1
                     100M        107   18   F     0  = U7_6
                     100M        106    8        -1  = W4_3
                     100M        110   20        -1  = W14_6
 ! Time = 5764.96s, Memory usage = 124.7 MB
 !               Branches  Non-fixed    W       Branch decision
                     110M         48    1        -1 != U5_4
                     110M         85    6        -1  = U6_5
                     110M        121   17         0 != W13_2
                     110M        178    4        -1  = W19_1
                     110M        119    2   F    -1  = U10_5
                     110M         21    5         1  = U7_1
                     110M        149    9         1  = V21_0
                     110M         57   13   F     1 != U16_2
                     110M        138    7   F     0 != V19_1
                     110M        296   19   F    -1  = W4_1
                     110M        136   15         0 != V2_0
                     110M        193    3         0 != U7_6
                     110M        277   11   F    -1 != U3_6
                     110M        102   14        -1 != U4_3
                     110M        110   10        -1  = W15_4
                     110M        108   16         0 != V21_2
                     110M        106   18   F     0 != U12_8
                     110M        104   12        -1  = U8_2
                     110M        106    8   F     0 != V10_1
                     110M        109   20        -1 != W22_6
 ! Time = 6309.16s, Memory usage = 124.7 MB
 !               Branches  Non-fixed    W       Branch decision
                     120M         48    1   F    -1  = W13_0
                     120M         96   17         1 != W15_0
                     120M         78    6         0 != U5_5
                     120M        170    4         1  = V2_1
                     120M         21    5         1  = U17_6
                     120M        147    9         0  = V12_5
                     120M        131    2         0  = W15_1
                     120M        115    7         1  = W10_7
                     120M        142    3         1  = W9_3
                     120M        348   19   F     1 != V6_0
                     120M         50   13         1 != V13_5
                     120M        348   11   F     0  = W19_4
                     120M        158   15        -1  = U10_0
                     120M        107   14   F     0  = W7_4
                     120M        109   10   F    -1  = V5_0
                     120M        109   16   F    -1  = V18_3
                     120M        108   18   F     1 != U0_8
                     120M        109   12         1 != V18_2
                     120M        102    8   F     1  = W14_5
                     120M        108   20   F    -1 != W3_4
 ! Time = 6890.98s, Memory usage = 124.7 MB
 !               Branches  Non-fixed    W       Branch decision
                     130M         43    1   F     1  = U10_0
                     130M        150   17         0 != W9_3
                     130M        171    4   F     1  = V14_1
                     130M         93    6   F     0  = V13_4
                     130M        114    9         0  = U11_7
                     130M         25    5         1  = V22_1
                     130M         83    2        -1  = V7_8
                     130M        145    3        -1  = U8_6
                     130M         53   13   F     1 != U2_5
                     130M        326   19   F    -1 != V2_0
                     130M        117    7   F     0  = V6_3
                     130M        118   15   F    -1 != W0_3
                     130M        324   11         0  = W21_0
                     130M        107   14         0  = U13_3
                     130M        106   10        -1  = V7_7
                     130M        107   16   F    -1  = W6_3
                     130M        110   18   F     1 != W17_2
                     140M         41    1   F    -1  = W0_3
                     130M        106    8        -1  = W17_0
                     130M         90   12   F     0  = U7_7
 ! Time = 7398.75s, Memory usage = 124.7 MB
 !               Branches  Non-fixed    W       Branch decision
                     140M        158    4         0  = W0_1
                     140M        132   17   F     1  = W6_3
                     130M        109   20         0  = W21_4
                     140M        102    6   F    -1 != W2_1
                     140M        121    9   F     1  = V2_2
                     140M         21    5   F     0  = U17_1
                     140M        348   19   F    -1 != U10_2
                     140M        124    2         1  = V10_1
                     140M         64   13   F    -1 != W2_8
                     140M        146    7   F     1 != W13_1
                     140M        133    3        -1 != V1_6
                     140M        328   11         0  = W12_8
                     140M        109   15         1  = W11_3
                     140M        108   10   F    -1 != U1_8
                     140M        108   14   F    -1 != U16_3
                     140M        108   16         1  = U9_2
                     150M         40    1         0  = V10_3
                     140M        107   18         0  = V2_3
                     140M        104    8   F     0  = W11_5
                     150M        185    4   F     1  = W7_2
 ! Time = 7954.80s, Memory usage = 124.7 MB
 !               Branches  Non-fixed    W       Branch decision
                     140M         98   12   F        -
                     150M        109   17         1 != W10_1
                     140M        107   20         0  = V16_5
                     150M        107    6   F     0  = V15_2
                     150M         94    9   F     0 != W14_2
                     150M        118    7        -1  = W21_6
                     150M        132    2   F     1  = V14_8
                     150M         23    5         0 != V22_7
                     150M        222   19   F     0  = V17_0
                     150M         83    3   F     0  = W9_7
                     150M        328   11         1 != U17_8
                     150M        140   15        -1  = U6_3
                     150M         51   13        -1 != V8_3
                     150M        108   10        -1  = V22_0
                     160M         41    1   F     0 != W2_0
                     150M        108   14   F    -1 != V2_4
                     150M        108   16   F    -1  = V12_1
                     150M        109   18         0 != U0_6
                     160M        172    4   F     0  = U10_6
                     150M        108    8   F     1  = W13_3
 ! Time = 8484.73s, Memory usage = 124.7 MB
 !               Branches  Non-fixed    W       Branch decision
                     160M        145   17   F     1 != V9_1
                     150M         96   12   F    -1  = U15_0
                     160M        125    6   F     0 != W6_4
                     150M        109   20   F    -1 != U7_4
                     160M        115    9         0 != W21_1
                     160M        127    2   F     1  = V1_5
                     160M        157    7   F     0  = W7_6
                     160M        348   11        -1 != V19_1
                     160M         22    5         1  = V12_8
                     160M        109    3   F     1  = V12_6
                     160M        345   19         1  = U7_1
                     160M        106   15         1 != U15_8
                     160M         51   13         1 != U21_5
                     170M         41    1         0  = W22_3
                     160M        104   10         1 != U21_5
                     160M        110   14        -1 != V17_0
                     170M        181    4   F    -1  = V17_5
                     160M        108   16        -1  = W7_3
                     170M        136   17         0  = V17_2
                     170M        107    6         1  = W12_1
 ! Time = 9046.53s, Memory usage = 124.7 MB
 !               Branches  Non-fixed    W       Branch decision
                     160M        107   18        -1 != U18_4
                     160M        104    8   F     1 != V16_2
                     160M         92   12         1  = W14_1
                     160M        107   20   F    -1 != W13_6
                     170M         90    7         1 != V10_2
                     170M        103    9        -1  = W11_0
                     170M        128    2         1 != V3_5
                     170M        291   19        -1  = U1_0
                     170M         25    5         0 != V7_1
                     170M        160    3        -1  = V19_1
                     170M        341   11   F     1  = V3_5
                     170M        147   15         0 != V4_6
                     170M         51   13         1  = W5_0
                     180M         43    1         0 != U4_1
                     170M        108   10   F    -1  = U19_5
                     170M        111   14         0 != V13_0
                     180M        173    4        -1 != V4_5
                     180M        107   17   F     0  = U3_1
                     180M         95    6        -1 != U21_8
                     170M        107   16        -1 != U19_0
 ! Time = 9574.39s, Memory usage = 124.7 MB
 !               Branches  Non-fixed    W       Branch decision
                     170M        105    8        -1 != W22_5
                     170M        107   18   F     0  = V11_1
                     170M         97   12   F     0  = V14_1
                     170M        106   20   F    -1  = W20_4
                     180M         90    2   F    -1  = V3_5
                     180M        348   19   F     0  = W3_3
                     180M         56    5         1  = U1_4
                     180M        150    7        -1  = W15_3
                     180M        123    9        -1  = W5_2
                     180M        129   15        -1  = W1_3
                     180M         57   13        -1 != U21_6
                     180M        351   11   F     0 != W21_4
                     180M        145    3        -1  = W4_4
                     190M         41    1        -1 != V15_1
                     190M        145    4        -1  = U20_5
                     190M        117   17   F     0 != V11_0
                     180M        107   10         0  = V6_0
                     180M        108   14   F     1  = U12_7
                     190M         92    6   F     1 != W1_0
                     180M        106   16        -1  = W1_4
 ! Time = 10161.52s, Memory usage = 124.7 MB
 !               Branches  Non-fixed    W       Branch decision
                     180M        103    8         0 != U7_1
                     180M        107   18         0  = U19_4
                     180M         99   12   F     0  = W12_2
                     190M        134    2         0 != V4_2
                     190M         22    5   F     1 != U12_4
                     180M        101   20   F    -1 != W20_4
                     190M        218    7   F     1  = V1_2
                     190M        117    9         0 != V0_3
                     190M        253   19         0  = W15_3
                     190M        348   11        -1 != U13_0
                     190M         61   13         0 != U8_2
                     190M        148   15         0 != U13_5
                     200M         45    1         1  = V11_7
                     200M        161    4         1 != V2_7
                     190M        164    3   F    -1 != V17_1
                     200M         95   17         0  = V16_2
                     190M        107   10   F     1 != V11_0
                     190M        103   14            -
                     200M         99    6        -1  = W18_8
                     190M        106   16   F     0  = W21_1
 ! Time = 10709.94s, Memory usage = 124.7 MB
 !               Branches  Non-fixed    W       Branch decision
                     190M        103    8   F    -1  = V13_2
                     200M         78    2        -1 != W2_8
                     190M         95   12        -1  = W1_6
                     190M        104   18        -1  = U1_2
                     200M        134    9        -1 != W3_0
                     190M        106   20        -1  = W18_4
                     200M         23    5         1 != W14_7
                     200M        161    7   F     1  = V20_4
                     200M        328   19   F    -1 != V20_1
                     200M        408   11         0  = U14_7
                     200M        171   15        -1 != W20_3
                     210M         41    1         0 != W21_6
                     200M         53   13         0  = V3_3
                     210M        192    4   F    -1  = V7_1
                     210M         91   17         0 != V14_1
                     200M        153    3   F    -1  = V5_2
                     200M        111   10   F     0  = V14_3
                     200M        108   14   F     1 != W21_3
                     210M         89    6         0 != V5_5
                     210M        119    2         1  = V1_4
 ! Time = 11250.90s, Memory usage = 124.7 MB
 !               Branches  Non-fixed    W       Branch decision
                     200M        109   16         0  = U17_7
                     200M        104    8   F    -1 != W3_5
                     200M        101   12   F     0  = W17_0
                     200M         98   18         0  = V12_5
                     210M         22    5         0 != U3_1
                     200M        111   20        -1 != W0_3
                     210M        129    9   F    -1 != U11_2
                     210M        159    7   F     0  = V19_8
                     210M        325   19   F     1  = U2_1
                     220M         43    1            -
                     210M        367   11   F     0  = V6_0
                     210M         52   13         1  = U13_8
                     220M        110   17         1  = U0_3
                     210M        156   15   F     1 != U1_2
                     220M        165    4   F     1  = W21_0
                     210M        105   10   F    -1  = U7_8
                     220M         98    2   F     0 != U21_0
                     220M         85    6        -1  = U9_7
                     210M        108   14   F    -1  = U8_7
                     210M        127    3        -1 != U0_4
 ! Time = 11751.96s, Memory usage = 124.7 MB
 !               Branches  Non-fixed    W       Branch decision
                     210M        108   16         0 != W8_2
                     210M        105    8        -1  = U0_1
                     220M        200    7   F    -1 != U21_0
                     210M         97   12         1  = U19_3
                     210M        108   18         1 != V0_5
                     220M         22    5         0 != W15_4
                     220M        358   19   F     0  = V11_0
                     220M        133    9   F    -1  = U19_4
                     210M        108   20        -1 != U8_7
                     220M        198   15   F    -1 != V20_1
                     220M         51   13         0 != W6_6
                     230M         35    1         0 != U22_4
                     230M        139    4        -1  = W1_7
                     230M        110   17         0  = V15_8
                     220M        327   11   F     0  = V7_5
                     230M        106    2         1  = U17_2
                     220M        104   10   F    -1 != V2_7
                     220M        100   14        -1 != V0_2
                     230M         79    6   F    -1  = V0_3
                     230M        154    7   F    -1  = W19_7
 ! Time = 12379.71s, Memory usage = 124.7 MB
 !               Branches  Non-fixed    W       Branch decision
                     220M        107   16        -1  = V22_8
                     230M        313   19        -1  = V19_1
                     230M         31    5         1 != U12_0
                     220M        151    3         0 != V21_7
                     220M        100   12         0  = V3_7
                     220M        105    8   F     0 != W7_4
                     220M        106   18   F    -1  = W20_7
                     230M        129    9        -1 != V17_2
                     230M        163   15        -1  = W0_5
                     220M        107   20         1  = U10_1
                     230M         49   13   F     0  = U8_6
                     240M         42    1         1 != W15_3
                     230M        334   11        -1 != V4_7
                     240M         93   17         1 != U8_3
                     240M        185    4   F     1 != V2_3
                     240M        106    2   F     0  = W12_7
                     240M        105    6   F     1 != W8_1
                     230M        109   10   F    -1  = U13_5
                     230M        107   14         0 != V1_0
                     240M        348   19   F     1 != W17_1
 ! Time = 12873.98s, Memory usage = 124.7 MB
 !               Branches  Non-fixed    W       Branch decision
                     240M         20    5         0  = W8_1
                     230M        129    3   F     1 != U5_4
                     230M        107   16        -1  = U7_0
                     230M        101   12   F    -1 != U19_5
                     230M        104    8   F     1  = W17_8
                     230M        109   18   F     1  = U4_6
                     240M        108    9   F     1 != W3_5
                     240M        150    7   F     0 != W20_4
                     230M        109   20         1  = W10_6
                     250M         42    1   F     1 != U16_4
                     240M         51   13   F    -1  = V19_4
                     240M        137   15         1 != U1_4
                     250M        130   17        -1  = W20_5
                     240M        335   11         0 != W18_8
                     250M        149    4   F     0  = V12_1
                     250M        115    2         0  = U17_0
                     250M        112    6   F    -1  = V1_3
                     250M        313   19   F    -1  = V7_0
                     240M        108   10   F     1  = U6_5
                     240M        108   14         0  = W15_0
 ! Time = 13434.60s, Memory usage = 124.7 MB
 !               Branches  Non-fixed    W       Branch decision
                     240M        110    3        -1 != V20_4
                     250M         43    5   F     0  = V17_2
                     240M        109   16   F     1  = V21_0
                     250M        155    7        -1  = V15_1
                     240M         99   12   F     0  = U21_3
                     240M        107    8        -1  = W18_3
                     240M        107   18   F     0  = V15_1
                     260M         42    1         0 != U17_3
                     250M         96    9         0 != U17_0
                     250M         55   13         0  = W5_8
                     240M        107   20         0 != U3_1
                     250M        197   15   F     1  = W0_5
                     260M         91   17   F     0  = V2_3
                     260M        172    4   F     1  = U3_0
                     250M        348   11   F    -1  = V20_1
                     260M        110    2        -1 != U3_0
                     260M         81    6   F     1  = W20_2
                     250M        108   10         0  = U3_3
                     260M         31    5        -1  = V7_4
                     250M        105   14         0 != V12_1
 ! Time = 14006.29s, Memory usage = 124.7 MB
 !               Branches  Non-fixed    W       Branch decision
                     260M        148    7        -1  = V11_4
                     250M        117    3        -1  = U9_3
                     270M         41    1   F     0  = W13_4
                     260M        341   19         1  = V11_0
                     250M        108   16         0  = W3_4
                     250M         97   12         0 != W4_0
                     260M         90    9   F    -1  = U7_5
                     250M        105    8        -1  = W13_0
                     250M        108   18   F    -1 != V13_7
                     260M         48   13        -1  = W7_0
                     260M        154   15   F    -1 != W20_1
                     250M        108   20        -1  = U3_1
                     270M        173    4   F     0  = V14_7
                     260M        348   11   F     1 != U17_7
                     270M         84   17         0  = W21_1
                     270M        136    2         0 != W8_2
                     270M        107    6         0  = U0_7
                     260M        108   10         0 != W10_2
                     270M         32    5         1 != V20_0
                     260M        185    3   F    -1 != U8_4
 ! Time = 14557.91s, Memory usage = 124.7 MB
 !               Branches  Non-fixed    W       Branch decision
                     260M        102   14        -1 != U7_0
                     270M        338   19   F    -1 != V20_1
                     270M        159    7        -1  = U0_6
                     280M         40    1   F     1 != W22_7
                     260M        105   16   F    -1 != W10_7
                     260M        102   12   F     1  = W22_6
                     270M         92    9         0 != W21_5
                     260M        105    8         0  = V15_3
                     270M         52   13         1 != U3_1
                     260M        106   18   F     1  = V19_2
                     270M        147   15        -1  = U5_4
                     270M        339   11        -1 != V4_7
                     260M        103   20         1  = W19_3
                     280M        177    4   F    -1  = V19_0
                     280M         88   17         0 != W11_2
                     280M        141    2   F     0 != W2_3
                     280M        105    6   F     1  = W11_3
                     270M         77    3        -1  = W4_3
                     280M        344   19   F     1  = W12_4
                     270M        108   10   F     1  = U6_8
 ! Time = 15077.67s, Memory usage = 124.7 MB
 !               Branches  Non-fixed    W       Branch decision
                     280M         23    5         0  = W18_2
                     270M        104   14            -
                     280M        161    7        -1 != V15_5
                     290M         40    1         1  = W3_3
                     270M        102   16   F     1 != W16_1
                     270M         94   12        -1  = W15_6
                     270M        105    8   F    -1  = W15_8
                     270M        106   18        -1  = W15_6
                     280M         96    9         0 != W17_5
                     280M         33   13         0  = V14_3
                     270M        110   20        -1 != W0_6
                     290M         81   17   F     0 != V3_8
                     280M        346   11        -1  = V18_1
                     290M        189    4         1  = U7_2
                     290M        116    2   F     0  = W1_2
                     280M        147   15   F    -1  = W6_3
                     290M        103    6   F     1 != U0_7
                     280M        154    3        -1  = W16_3
                     290M        356   19         0  = V11_0
                     290M        229    7        -1 != V13_2
 ! Time = 15593.40s, Memory usage = 124.7 MB
 !               Branches  Non-fixed    W       Branch decision
                     280M        108   10         1 != U10_3
                     290M         28    5         1  = V21_6
                     300M         40    1   F    -1  = U21_3
                     280M         91   14   F     1  = U10_5
                     280M        108   16   F     0 != V2_1
                     290M         18   13         0 != W3_2
                     280M         99   12   F    -1 != V14_1
                     290M        101    9   F     1 != W3_3
                     280M        104    8         1  = V7_1
                     280M        106   18            -
                     290M        348   11         1 != U17_7
                     300M        190    4   F    -1 != U7_7
                     280M        108   20   F     1  = U3_7
                     300M         79   17         1  = W3_6
                     290M        175   15   F    -1 != W11_2
                     300M        140    2   F     1  = V22_1
                     300M         94    6   F     0  = V8_3
                     290M         94    3        -1  = U17_2
                     300M         23    5         0 != V12_7
                     310M         43    1   F    -1 != V17_1
 ! Time = 16157.43s, Memory usage = 124.7 MB
 !               Branches  Non-fixed    W       Branch decision
                     300M        307   19   F     0  = V17_1
                     290M        106   10        -1  = V8_1
                     290M         99   14        -1  = W11_7
                     300M         18   13         0  = W19_5
                     300M        137    7         1 != V18_2
                     290M        108   16        -1  = U11_4
                     290M         97   12   F    -1  = V16_1
                     300M         93    9         0  = V9_7
                     300M        147   15         0  = W21_3
                     290M        107    8        -1  = V0_0
                     300M        322   11   F     0  = V22_0
                     290M        103   18         0  = V15_4
                     310M         82   17         0 != U7_6
                     310M        174    4         1 != U9_1
                     310M        141    2   F    -1  = V8_1
                     290M        103   20         0  = U8_7
                     310M         83    6        -1 != U20_1
                     300M        157    3         1  = V13_8
                     310M         23    5   F     1  = V21_4
                     320M         40    1         0 != V5_1
 ! Time = 16719.19s, Memory usage = 124.7 MB
 !               Branches  Non-fixed    W       Branch decision
                     300M        107   10        -1  = U19_1
                     310M         17   13         1  = V15_4
                     300M         98   14         0  = W19_1
                     310M        314   19   F    -1 != V20_1
                     310M        338   11        -1  = U15_8
                     320M        152    4        -1 != W18_6
                     310M         78    9        -1  = U6_3
                     300M        108   16         0 != U11_3
                     310M        158    7        -1  = V4_2
                     300M        103   12   F     1 != V14_2
                     300M        102    8   F     1 != W3_5
                     320M         67   17   F    -1  = V12_2
                     320M         92    2        -1 != W8_8
                     300M        105   18        -1  = W3_1
                     300M        107   20            -
                     310M        155   15   F    -1  = V17_3
                     320M        115    6         0  = W20_7
                     310M        197    3        -1 != U20_0
                     320M         20    5   F     0  = V3_5
                     330M         38    1   F     1  = W16_6
 ! Time = 17251.73s, Memory usage = 124.7 MB
 !               Branches  Non-fixed    W       Branch decision
                     320M        348   19        -1 != W5_3
                     310M        106   10        -1 != W0_0
                     310M         97   14         1 != V14_0
                     320M        194    7   F     0 != V19_1
                     320M         17   13   F    -1 != W8_2
                     320M         83    9   F     0  = V15_5
                     320M        326   11   F     0 != V20_0
                     330M        168    4        -1 != W0_8
                     330M        133    2   F     1 != U21_1
                     310M        108   16   F     1  = U11_0
                     330M         60   17         1  = U13_1
                     310M         97   12        -1  = W8_1
                     310M        103    8        -1  = U5_1
                     310M        108   18        -1  = V6_5
                     330M        130    6         0  = V11_3
                     310M        104   20   F     0 != W3_0
                     320M        147    3         1 != W20_3
                     330M         21    5   F    -1 != W4_2
                     320M        143   15         0  = U15_2
                     340M         38    1        -1 != V9_7
 ! Time = 17718.81s, Memory usage = 124.7 MB
 !               Branches  Non-fixed    W       Branch decision
                     330M        316   19         1 != V1_4
                     320M        105   10   F    -1  = U18_5
                     330M        273    7        -1  = V6_2
                     330M         20   13        -1  = W13_2
                     330M        348   11   F    -1 != V20_1
                     320M        103   14        -1  = W10_8
                     340M         98    2   F    -1  = U12_1
                     340M        137    4        -1 != U2_1
                     330M         95    9         0  = V14_3
                     320M        108   16   F     0  = V10_1
                     340M        115    6         1  = U1_4
                     320M         93   12        -1  = V10_2
                     340M         68   17        -1  = V11_0
                     320M        103    8   F     1 != U17_3
                     320M        108   18        -1 != V20_3
                     330M        110    3   F    -1 != W14_3
                     320M        106   20        -1  = V10_7
                     340M         20    5         1  = W12_1
                     350M         38    1   F     0  = V4_3
                     330M        166   15   F    -1  = U6_7
 ! Time = 18214.70s, Memory usage = 124.7 MB
 !               Branches  Non-fixed    W       Branch decision
                     340M        290   19        -1  = V21_1
                     340M         18   13         0  = U15_7
                     330M        109   10   F    -1 != V0_7
                     330M         98   14   F    -1 != W1_3
                     340M        172    7         0 != V6_2
                     340M        322   11         0  = U4_8
                     340M         98    9        -1  = W2_2
                     350M        157    4         1 != W18_0
                     350M        147    2   F     1 != V20_5
                     350M         91   17   F     0  = V12_6
                     330M        108   16         0  = U9_8
                     330M        100   12         1 != W8_0
                     330M        107    8         1  = V2_7
                     350M        123    6         0 != U6_0
                     330M        108   18        -1  = V16_5
                     340M        157   15   F     0  = V1_0
                     340M        113    3   F    -1  = W16_2
                     330M        108   20   F    -1  = V14_1
                     350M        118    5         0 != V9_1
                     360M         38    1         1  = U2_0
 ! Time = 18729.43s, Memory usage = 124.7 MB
 !               Branches  Non-fixed    W       Branch decision
                     350M        297   19   F    -1 != V9_4
                     340M        106   10        -1 != W13_1
                     350M         18   13   F     1  = W16_7
                     350M         84    9         0 != V12_6
                     360M        187    4         1 != W4_6
                     340M         93   14        -1  = W16_7
                     360M         84    2   F    -1 != V1_2
                     350M        151    7         1 != U21_7
                     360M        105   17         0 != U21_6
                     360M        117    6         0  = U6_5
                     340M        109   16         1 != U5_0
                     340M         92   12   F     0  = V15_2
                     350M        331   11         1  = V9_5
                     340M        108    8   F    -1 != U21_3
                     340M        107   18         0  = U19_6
                     350M        187    3         1 != U21_0
                     360M         31    5         0 != U0_1
                     370M         37    1   F     0 != U12_6
                     340M        108   20   F     0  = W11_1
                     350M        143   15         1  = U21_0
 ! Time = 19329.40s, Memory usage = 124.7 MB
 !               Branches  Non-fixed    W       Branch decision
                     360M        348   19   F     0  = V20_1
                     360M         17   13        -1 != W4_7
                     370M        160    4         0  = U11_6
                     350M        108   10         1  = V10_0
                     370M        130    2   F     1  = U5_5
                     350M        104   14        -1 != W19_6
                     360M         85    9   F    -1  = U18_3
                     370M         66   17         0 != V4_5
                     370M         98    6         0 != V1_5
                     350M         95   12   F     1  = W1_1
                     360M        375   11        -1 != U20_0
                     350M        104   16         1  = V12_8
                     360M        142    3        -1 != W10_3
                     370M         31    5         0 != W10_2
                     350M        106    8        -1 != U22_1
                     360M        145    7   F    -1 != W5_3
                     380M         37    1   F     1  = U0_3
                     350M        108   18   F    -1  = U5_8
                     350M        107   20   F    -1  = W6_4
                     370M        348   19         0 != W13_4
 ! Time = 19974.36s, Memory usage = 124.7 MB
 !               Branches  Non-fixed    W       Branch decision
                     360M        149   15         0 != U8_4
                     380M        155    4         1  = V22_0
                     380M        131    2         1  = V11_6
                     360M        108   10   F     0  = V1_7
                     370M         17   13         0 != W11_8
                     360M        104   14   F     0  = V10_0
                     380M        119   17        -1  = V2_6
                     370M        115    9         0  = W9_1
                     380M        125    6   F    -1  = V16_4
                     370M        137    3   F    -1 != W13_3
                     370M        347   11   F    -1  = W21_0
                     390M         37    1   F     0  = V6_7
                     360M         98   12        -1  = W8_7
                     360M        108   16   F     0  = V6_0
                     370M        192    7         0 != V16_3
                     360M        106    8         1  = U0_4
                     380M         49    5        -1 != V12_4
                     360M        108   18   F    -1  = U8_4
                     380M        398   19   F     1  = U21_0
                     360M        108   20            -
 ! Time = 20439.99s, Memory usage = 124.7 MB
 !               Branches  Non-fixed    W       Branch decision
                     370M        192   15         0 != W15_2
                     390M        156    4         0 != U6_6
                     380M         17   13   F     1 != U15_5
                     370M        106   10         1  = W19_2
                     390M         74   17         0 != U13_8
                     380M        348   11   F    -1 != V19_1
                     380M         82    9   F    -1  = W2_3
                     370M        106   14        -1 != V22_4
                     390M        109    6   F     0  = W2_5
                     380M         93    3        -1 != V8_0
                     390M        134    2         0 != W3_0
                     380M        162    7         1  = V6_2
                     400M         38    1   F    -1 != W9_0
                     370M         97   12   F     1  = W20_1
                     370M        111   16            -
                     370M        105    8        -1  = V5_7
                     370M        108   18   F     0  = W6_0
                     390M         19    5         0  = W8_7
                     380M        170   15         0 != U4_8
                     370M        110   20   F    -1 != U5_1
 ! Time = 21004.26s, Memory usage = 124.7 MB
 !               Branches  Non-fixed    W       Branch decision
                     390M        220   19   F    -1 != U5_5
                     400M        159    4   F    -1  = V9_0
                     390M        348   11         1 != W2_0
                     390M         17   13   F     0 != W17_2
                     400M        112   17        -1  = U1_8
                     380M        108   10        -1  = U13_5
                     400M        124    2   F     1 != U22_1
                     390M         73    9         0  = W8_0
                     380M        104   14   F     1  = V3_4
                     410M         38    1        -1  = W16_0
                     400M        130    6   F     0 != W7_1
                     390M        162    7         0 != V6_2
                     390M        148    3   F     1  = W1_4
                     380M         95   12   F     1 != W18_0
                     380M        105   16         0  = V1_7
                     400M         25    5   F     1 != W7_4
                     380M        104    8         1 != V6_1
                     390M        154   15   F     0  = V8_0
                     380M        109   18   F    -1  = W11_5
                     410M        156    4         1  = W12_0
 ! Time = 21535.04s, Memory usage = 124.7 MB
 !               Branches  Non-fixed    W       Branch decision
                     400M        261   19        -1  = W4_3
                     380M        108   20        -1  = V6_1
                     400M        412   11         1 != U15_0
                     410M         70   17         1 != W0_2
                     410M        155    2   F     0 != W12_7
                     420M         37    1         1  = V1_0
                     410M         92    6   F     1  = V16_4
                     400M         19   13   F     0  = U14_3
                     390M        109   10        -1  = U15_8
                     400M         73    9         0 != V12_8
                     390M        106   14   F     0  = V11_5
                     400M        185    3         0  = W22_0
                     400M        139    7        -1 != U3_0
                     410M         25    5         0 != W18_1
                     390M        101   12            -
                     390M        106   16         1  = V5_8
                     390M        106    8   F     0  = U18_3
                     400M        135   15         0 != W11_3
                     390M        109   18   F     0  = U2_6
                     410M        312   19   F    -1 != V20_1
 ! Time = 22032.14s, Memory usage = 124.7 MB
 !               Branches  Non-fixed    W       Branch decision
                     410M        347   11         0 != U18_0
                     420M         69   17   F    -1 != W14_3
                     420M        149    4         1  = U5_0
                     390M        106   20   F    -1  = W5_1
                     420M         96    2   F    -1 != W10_5
                     420M         97    6         0  = W15_3
                     410M         17   13         0  = V3_0
                     410M         74    9        -1  = V7_3
                     410M        173    3        -1  = V16_1
                     400M        109   10         1  = V13_8
                     400M        100   14         0  = W8_2
                     420M         20    5         0 != V19_8
                     430M         37    1   F    -1  = W16_4
                     420M        348   19   F     0  = W21_3
                     400M         96   12         0  = U22_1
                     400M        110   16   F     0  = V3_1
                     410M        141    7         1  = W11_4
                     400M        105    8   F    -1 != V3_6
                     430M        123   17   F    -1  = V20_6
                     400M        106   18        -1 != V3_7
 ! Time = 22614.49s, Memory usage = 124.7 MB
 !               Branches  Non-fixed    W       Branch decision
                     430M        157    4   F     0  = U21_8
                     420M        354   11        -1 != V0_7
                     410M        146   15   F     1  = W14_7
                     400M        104   20   F    -1  = V19_1
                     420M        258    3   F     0  = U8_0
                     430M        115    2         1  = V19_1
                     420M         78    9   F     1  = V2_3
                     430M        112    6   F     1 != W12_8
                     420M         18   13         0 != V18_8
                     410M        104   10        -1  = W2_1
                     410M         97   14         0  = V19_1
                     430M         35    5   F     0  = W2_7
                     440M         36    1   F     0  = W1_7
                     430M        376   19         1  = U21_1
                     440M         63   17         0  = U22_7
                     420M        160    7         1  = V13_2
                     410M        101   12         0  = U9_3
                     410M        105   16   F    -1  = V17_8
                     410M        104    8   F     1 != W2_5
                     440M        221    4   F     0 != W18_1
 ! Time = 23169.56s, Memory usage = 124.7 MB
 !               Branches  Non-fixed    W       Branch decision
                     420M        154   15   F    -1 != W8_2
                     410M        107   18   F    -1 != V4_1
                     410M        107   20        -1  = U15_1
                     430M        354   11         1 != U7_6
                     430M         76    9        -1 != W12_3
                     430M        159    3   F     1  = W7_6
                     430M         17   13   F     1 != V1_1
                     440M        147    2        -1 != V17_8
                     440M        113    6         0 != V18_2
                     450M         37    1   F    -1 != W7_7
                     440M         23    5         1  = V12_1
                     420M        109   10         0  = W1_3
                     420M        102   14        -1  = W12_2
                     450M         90   17         0 != V5_3
                     430M        136    7   F    -1  = W2_1
                     430M        235   15   F     0  = U2_8
                     450M        184    4        -1  = V11_1
                     440M        261   19        -1 != U15_0
                     420M         99   12   F     1  = U7_8
                     420M        108   16   F    -1 != W7_0
 ! Time = 23719.32s, Memory usage = 124.7 MB
 !               Branches  Non-fixed    W       Branch decision
                     420M        107    8         0 != W5_0
                     420M        109   18   F    -1  = W14_7
                     440M         47    9   F     1 != W22_0
                     420M        107   20        -1 != U7_1
                     440M         18   13         0  = V8_8
                     450M        102    6   F     0  = U15_1
                     440M        348   11   F    -1 != V18_1
                     460M         39    1        -1 != V7_4
                     440M        158    3         0  = U4_4
                     430M        106   10   F    -1 != V5_8
                     460M        103   17         1  = W2_4
                     430M        103   14        -1  = V12_4
                     440M        101    7   F     0  = V16_4
                     450M        116    2   F    -1 != W18_2
                     450M         19    5   F     1 != V3_1
                     460M        177    4   F    -1 != W18_1
                     440M        227   15   F    -1  = V20_1
                     450M        239   19        -1  = V2_8
                     430M         96   12        -1  = V1_7
                     430M        108   16   F    -1  = U20_7
 ! Time = 24259.37s, Memory usage = 124.7 MB
 !               Branches  Non-fixed    W       Branch decision
                     430M        104    8            -
                     430M        109   18            -
                     450M         48    9         1  = W5_0
                     450M         16   13   F    -1  = W19_5
                     430M        107   20         1  = V15_3
                     450M        348   11   F     1 != U12_0
                     460M         93    6         0 != U20_7
                     450M        220    3        -1  = V8_6
                     470M         38    1         0  = W12_0
                     460M        154    2   F    -1  = W16_5
                     440M        109   10        -1  = W7_8
                     460M         33    5        -1  = V3_4
                     450M        151    7        -1 != V19_7
                     440M         97   14        -1  = W0_7
                     470M        174    4         1 != U9_1
                     470M         85   17         0 != W11_4
                     450M        107   15         0  = U6_8
                     440M         96   12   F     1 != U13_1
                     440M        101   16        -1  = U16_0
                     440M        103    8         0  = V20_6
 ! Time = 24832.38s, Memory usage = 124.7 MB
 !               Branches  Non-fixed    W       Branch decision
                     460M         49    9   F     0 != W0_0
                     440M        107   18         0 != W10_6
                     460M        241   19         0 != V4_1
                     460M         17   13   F     0  = V9_8
                     460M        350   11         1 != V18_5
                     480M         34    1         0  = U10_7
                     460M        241    3        -1 != V18_1
                     470M        107    6         1  = U8_1
                     440M        110   20         0  = W22_6
                     470M         21    5   F     0  = W19_8
                     470M        130    2   F    -1  = V11_7
                     450M        107   10        -1 != V8_0
                     450M        100   14         1 != W11_1
                     480M         99   17   F    -1  = U9_6
                     460M        152    7   F     1  = V13_6
                     480M        177    4         1  = V2_6
                     450M         96   12   F     0  = W13_2
                     450M        108    8         0 != W9_3
                     450M        104   16   F    -1  = U14_0
                     460M        152   15   F    -1  = V6_3
 ! Time = 25421.30s, Memory usage = 124.7 MB
 !               Branches  Non-fixed    W       Branch decision
                     470M        249    3   F    -1  = U0_0
                     470M         63    9   F    -1  = W16_6
                     450M        108   18        -1 != U22_8
                     470M        258   19   F     0 != W14_1
                     480M         90    6   F     0  = V2_4
                     490M         38    1         0  = U17_0
                     470M         16   13   F     0 != V7_5
                     470M        394   11   F     1 != V13_3
                     450M        111   20   F    -1 != W14_2
                     480M         83    2         0 != W19_7
                     480M         24    5         1 != U17_3
                     460M        108   10         0  = W14_6
                     460M        100   14         0 != W17_3
                     490M         64   17         1  = W1_4
                     490M        157    4   F    -1  = V7_1
                     480M        237    3         0 != U9_0
                     460M         99   12   F    -1  = V21_2
                     480M        309   19        -1  = V19_1
                     470M        155    7   F    -1 != U16_6
                     480M         37    9        -1  = W11_4
 ! Time = 25944.02s, Memory usage = 124.7 MB
 !               Branches  Non-fixed    W       Branch decision
                     460M        104    8        -1  = U14_0
                     460M        101   16        -1  = V8_8
                     490M        172    6   F    -1 != W5_6
                     500M         27    1   F     0  = U18_6
                     460M        109   18        -1 != W13_8
                     480M         15   13         0  = U2_1
                     480M        351   11         1 != U21_6
                     460M        111   20        -1 != U21_6
                     470M        144   15   F     1  = U8_8
                     490M        124    2         1  = W17_2
                     490M         20    5   F     1  = U15_8
                     470M        106   10         1  = V0_3
                     470M         96   14   F     0  = V16_1
                     500M         63   17         0 != U4_0
                     500M        148    4         0 != W11_6
                     490M        348   19         0 != W17_3
                     490M         37    9         0 != V16_0
                     500M         94    6   F     0  = V2_4
                     510M         37    1   F     0  = U9_1
                     470M         98   12        -1  = W5_5
 ! Time = 26516.40s, Memory usage = 124.7 MB
 !               Branches  Non-fixed    W       Branch decision
                     480M        175    7         0 != V0_4
                     490M         16   13         1  = V15_6
                     470M        105    8         0  = U15_5
                     470M        109   16         1  = U11_3
                     470M        108   18   F    -1  = V18_5
                     490M        149    3         1 != V20_0
                     490M        322   11        -1 != W17_6
                     500M         90    2         0 != U8_0
                     470M        105   20   F     0  = V15_1
                     480M        150   15         1  = U20_4
                     500M         24    5   F    -1 != V4_4
                     480M        110   10         0  = W10_4
                     480M         99   14         0 != V20_4
                     510M         99   17   F     0  = V2_4
                     510M        206    4         0  = V5_0
                     500M        301   19   F     1 != V8_5
                     500M         53    9        -1 != U2_5
                     510M         93    6         0  = U13_2
                     490M        182    7   F     1  = V1_4
                     500M         18   13         0 != W6_4
 ! Time = 27064.93s, Memory usage = 124.7 MB
 !               Branches  Non-fixed    W       Branch decision
                     520M         22    1         0  = W0_0
                     480M         99   12        -1  = U18_7
                     480M        108   16   F    -1  = V20_8
                     480M        103    8         0  = W3_1
                     500M        349   11        -1 != U4_7
                     480M        107   18   F     1 != V8_5
                     510M        112    2         0 != W6_6
                     500M        145    3   F    -1  = W6_3
                     480M        109   20         0 != W0_4
                     510M         21    5         0  = W14_2
                     490M        207   15   F     1 != V15_4
                     520M         82   17        -1  = U19_1
                     520M        172    4         0  = V21_1
                     490M        107   10         1 != W9_8
                     510M        327   19   F    -1 != W2_1
                     490M        104   14   F    -1 != U19_3
                     500M        155    7   F     1  = V0_4
                     510M         23    9         0  = W4_8
                     530M         36    1   F     1 != U5_7
                     520M        141    6         0  = U4_1
 ! Time = 27576.72s, Memory usage = 124.7 MB
 !               Branches  Non-fixed    W       Branch decision
                     510M        348   11   F     0 != V20_1
                     510M         17   13   F     0 != U10_6
                     490M         97   12         0 != V4_3
                     490M        104   16   F    -1  = W20_4
                     490M        107    8   F    -1  = W11_5
                     520M         89    2        -1  = W7_8
                     490M        108   18        -1  = V0_2
                     510M        220    3   F    -1 != U14_3
                     500M        171   15   F     1 != V1_4
                     520M         23    5         1 != W21_8
                     490M        109   20        -1 != V15_6
                     520M        373   19         0 != W21_3
                     530M         98   17        -1  = W19_2
                     530M        191    4         0  = U21_1
                     510M        140    7         1  = V4_4
                     520M         40    9         0 != U22_3
                     500M        107   10        -1 != U3_8
                     500M        104   14   F    -1  = U14_3
                     540M         36    1   F     1  = U6_1
                     520M        348   11         0 != W15_4
 ! Time = 28022.96s, Memory usage = 124.7 MB
 !               Branches  Non-fixed    W       Branch decision
                     530M         90    6         0 != W0_0
                     520M         15   13   F     0  = W18_2
                     530M         86    2   F    -1  = U22_1
                     500M         95   12   F     0  = U8_0
                     500M        109   16        -1  = W5_0
                     520M        202    3        -1  = V20_6
                     500M        106    8   F    -1  = U5_1
                     500M        106   18         1  = W13_1
                     530M         22    5         0  = U7_2
                     510M        182   15   F    -1 != V7_2
                     530M        373   19         0  = V12_4
                     500M        107   20        -1 != V1_8
                     540M         77   17   F     0  = W10_2
                     520M        140    7   F     0 != V20_1
                     530M         44    9   F    -1  = W5_3
                     540M        195    4         1 != V13_1
                     510M        108   10         0 != W12_4
                     510M        104   14        -1 != W8_6
                     550M         36    1   F     1  = U21_3
                     530M        398   11         1  = V14_0
 ! Time = 28528.99s, Memory usage = 124.7 MB
 !               Branches  Non-fixed    W       Branch decision
                     540M         85    6         0 != V6_5
                     530M         15   13   F    -1  = W3_8
                     530M        183    3         0  = U0_0
                     510M        100   12        -1  = U18_0
                     510M        107   16   F     0  = U17_7
                     540M         27    5         0  = V9_2
                     510M        106    8         1  = W11_3
                     510M        105   18   F    -1  = V0_1
                     520M        219   15   F     0  = U6_8
                     550M         92   17         0 != V13_0
                     530M        116    7   F     1 != V4_4
                     540M        152    2         0 != V12_8
                     540M        348   19   F    -1 != V20_1
                     540M         85    9   F     0 != W21_3
                     550M        174    4   F     0 != V2_6
                     510M        108   20         0 != U14_2
                     520M        109   10        -1 != V8_8
                     520M        100   14   F    -1 != U9_0
                     550M         98    6   F    -1 != W22_5
                     560M         35    1         0  = U20_3
 ! Time = 29038.67s, Memory usage = 124.7 MB
 !               Branches  Non-fixed    W       Branch decision
                     540M         16   13   F     0  = U22_7
                     540M        404   11         0  = V4_3
                     540M        157    3        -1  = V15_1
                     550M         34    5         0 != W2_7
                     520M         92   12        -1 != U12_0
                     520M        106   16         0  = V7_2
                     520M        106    8        -1  = V4_6
                     540M        167    7        -1 != U4_5
                     560M         64   17   F    -1  = V7_2
                     530M        165   15   F    -1  = U3_1
                     520M        108   18         0  = U8_3
                     550M        330   19   F     0 != U10_1
                     550M         44    9         0 != V18_1
                     550M        111    2   F     0 != U3_7
                     520M        109   20         0 != W11_6
                     560M        168    4         1  = V6_6
                     570M         35    1   F    -1  = U5_6
                     530M        110   10        -1 != V5_7
                     530M        103   14   F     0 != U7_5
                     560M        114    6   F     0  = V13_2
 ! Time = 29622.80s, Memory usage = 124.7 MB
 !               Branches  Non-fixed    W       Branch decision
                     550M        363   11   F     0  = U0_6
                     550M         15   13         0 != V15_0
                     560M         27    5   F     0 != V9_1
                     550M        136    3         1 != W12_2
                     530M         95   12   F    -1 != W7_3
                     530M        104   16         0  = U13_0
                     560M        344   19        -1  = W21_3
                     530M        101    8         0 != W8_5
                     550M        161    7        -1 != W4_6
                     560M        108    2         0  = W16_4
                     530M        108   18   F     1 != W6_1
                     560M        159    9   F    -1 != V4_1
                     570M         86   17        -1  = W14_2
                     530M        107   20   F    -1 != V17_2
                     570M        189    4   F     1  = W5_1
                     580M         36    1         0  = V1_7
                     540M        145   15   F     1  = U4_3
                     560M        352   11   F     0  = U17_6
                     540M        103   10   F    -1  = W0_6
                     540M        101   14         0  = V2_5
 ! Time = 30174.88s, Memory usage = 124.7 MB
 !               Branches  Non-fixed    W       Branch decision
                     570M         85    6        -1  = V19_5
                     560M         16   13   F    -1 != U22_6
                     570M         23    5         0  = V4_7
                     560M        163    3        -1  = W8_5
                     570M        269   19   F     1 != W15_3
                     570M        106    2   F     0  = V9_6
                     540M         99   12        -1  = V18_2
                     580M         97   17         0  = U16_6
                     540M        105   16   F    -1 != V16_1
                     560M        158    7   F     1  = W9_2
                     540M        103    8         1  = U16_3
                     570M         22    9   F    -1  = W12_1
                     540M        110   18   F    -1 != W12_5
                     570M        342   11   F     0 != U10_6
                     590M         36    1   F    -1  = U12_0
                     580M        180    4        -1 != V13_1
                     540M        105   20         0  = W3_4
                     570M         15   13   F     1  = W7_5
                     550M        108   10   F    -1 != W7_5
                     550M        103   14        -1 != W13_6
 ! Time = 30739.89s, Memory usage = 124.7 MB
 !               Branches  Non-fixed    W       Branch decision
                     580M        381   19   F     0  = V22_0
                     570M        169    3         0  = W16_0
                     580M        121    6         0 != W2_6
                     580M         38    5         1  = W6_8
                     580M        299    2   F     0  = U3_0
                     570M        196    7   F     0  = V12_4
                     580M         23    9   F    -1 != V2_3
                     550M         99   12        -1  = U11_3
                     590M         83   17        -1 != V9_6
                     550M        156   15         0  = V1_6
                     550M        104   16         0  = U18_7
                     550M        109    8        -1  = W19_3
                     580M        337   11   F    -1 != W16_6
                     550M        108   18   F    -1 != W10_6
                     600M         36    1         1  = W21_4
                     580M         25   13   F     0  = W18_6
                     550M        109   20   F     0  = V21_1
                     590M        168    4        -1 != U5_8
                     560M        108   10   F    -1 != U17_4
                     560M        101   14   F     0  = W11_3
 ! Time = 31278.89s, Memory usage = 124.7 MB
 !               Branches  Non-fixed    W       Branch decision
                     590M        377   19   F    -1  = U15_1
                     580M        189    3        -1 != W0_0
                     590M         48    5   F     0 != W19_2
                     590M        100    2         1  = U19_0
                     590M         89    6         0 != U22_4
                     580M        192    7        -1 != U8_1
                     560M        228   15        -1 != W5_2
                     590M        135    9   F    -1 != V20_4
                     600M         66   17   F     0 != U11_3
                     590M        338   11         0 != W9_4
                     560M         95   12        -1 != V0_3
                     560M        103   16   F     0  = W10_4
                     610M         36    1         0 != V14_4
                     560M        109    8   F     0 != V16_1
                     560M        103   18        -1  = W19_0
                     590M         15   13         0 != V11_0
                     600M        178    4         1  = U21_1
                     560M        108   20   F     1  = W20_5
                     600M        378   19   F    -1 != U21_1
                     600M         67    2   F    -1  = W13_3
 ! Time = 31807.74s, Memory usage = 124.7 MB
 !               Branches  Non-fixed    W       Branch decision
                     600M         20    5        -1 != V15_6
                     570M        106   10         1 != U3_4
                     570M         94   14         0 != W22_6
                     570M        183   15   F    -1 != W7_4
                     590M        262    7        -1  = V18_1
                     600M         90    6   F    -1 != W15_4
                     590M        202    3   F     0  = V20_1
                     600M        348   11   F    -1 != V18_1
                     600M        142    9         0  = V14_3
                     610M         80   17         0  = W6_1
                     620M         36    1   F    -1  = V12_7
                     570M         99   12         1 != W11_8
                     570M        110   16         1  = V9_2
                     570M        103    8   F     0  = V9_2
                     570M        108   18   F        -
                     610M        170    4         1  = W22_0
                     600M         28   13         1 != V5_2
                     610M        331   19   F    -1  = U7_1
                     610M        119    2        -1  = W0_5
                     570M        106   20         1  = V1_1
 ! Time = 32282.73s, Memory usage = 124.7 MB
 !               Branches  Non-fixed    W       Branch decision
                     610M         19    5   F     1  = U21_1
                     580M        109   10         0 != V4_7
                     580M        213   15   F     0  = U18_8
                     580M        105   14         0 != U16_0
                     600M        224    7   F    -1 != U6_8
                     600M        160    3   F     1 != U9_0
                     610M        348   11   F     1 != U13_7
                     610M        110    6        -1 != V8_4
                     610M        140    9        -1 != W12_3
                     620M        125   17         0  = V8_6
                     630M         35    1         0  = W6_4
                     580M         95   12   F     0  = U8_2
                     620M        145    4        -1  = V9_6
                     580M        103   16   F    -1  = W15_6
                     580M        109    8        -1 != U15_2
                     580M        106   18   F     0 != W12_1
                     610M         16   13         0  = W13_8
                     620M        145    2         0 != V2_1
                     620M         25    5         0 != W13_1
                     620M        348   19   F    -1  = V20_1
 ! Time = 32792.71s, Memory usage = 124.7 MB
 !               Branches  Non-fixed    W       Branch decision
                     580M        107   20        -1  = W1_4
                     590M        147   15        -1 != V12_4
                     610M        270    7   F     0  = V2_5
                     610M        155    3        -1  = W4_0
                     620M        400   11   F     0  = W8_8
                     590M        109   10         1 != W12_2
                     590M         98   14         0 != U8_7
                     620M        150    9         0  = V13_2
                     620M        104    6   F     0 != W0_1
                     630M         86   17        -1  = U15_1
                     640M        100    1         0  = W17_7
                     590M        104   12         1  = V16_2
                     630M        181    4   F    -1  = V1_6
                     590M        109    8        -1  = U21_3
                     590M        106   16         0  = V20_7
                     620M         15   13   F    -1 != V20_1
                     630M         85    2         1 != V20_6
                     590M        108   18        -1 != V6_3
                     630M        348   19         0  = V19_1
                     630M         20    5         1 != V11_1
 ! Time = 33308.36s, Memory usage = 124.7 MB
 !               Branches  Non-fixed    W       Branch decision
                     620M        150    3        -1  = U15_8
                     630M        143    9   F     1 != W17_0
                     590M        108   20         1  = W9_4
                     620M        158    7         1  = V21_1
                     600M        108   15   F     0  = V13_0
                     600M        109   10        -1  = W16_1
                     630M        371   11        -1 != U14_7
                     600M        102   14         1  = V4_0
                     630M        357    6         1 != U9_4
                     650M         35    1   F    -1 != V11_1
                     640M        120   17   F     1  = V10_4
                     640M        161    4         0  = U13_8
                     630M         17   13        -1 != U3_4
                     600M         97   12         0  = V5_1
                     640M        105    2   F     0 != W7_6
                     600M        110    8   F     0  = W6_5
                     600M        103   16        -1  = V12_1
                     640M        345   19   F     0  = W10_3
                     640M         21    5   F     0  = W6_7
                     600M        111   18         1  = W1_7
 ! Time = 33854.99s, Memory usage = 124.7 MB
 !               Branches  Non-fixed    W       Branch decision
                     640M         70    9   F     0  = U22_6
                     640M        366   11   F     0  = W1_8
                     600M        108   20        -1  = U12_1
                     640M         81    6         0 != V6_4
                     610M        107   10   F    -1  = W5_1
                     610M         95   14        -1  = W9_4
                     660M         24    1   F     0  = U5_1
                     630M        149    7   F     1  = W7_7
                     630M        151    3         1 != U1_7
                     610M        156   15        -1  = V9_1
                     650M        118   17         0 != V3_6
                     650M        186    4         0 != U12_2
                     650M        124    2         0 != W19_1
                     640M         15   13   F    -1 != V10_3
                     650M        327   19   F     1  = W16_1
                     610M        100   12         1  = U20_3
                     610M        110    8   F    -1 != U0_1
                     610M        106   16   F    -1  = V12_8
                     650M         19    5         0 != V6_1
                     610M        110   18         0  = V7_4
 ! Time = 34469.98s, Memory usage = 124.7 MB
 !               Branches  Non-fixed    W       Branch decision
                     650M         40    9   F    -1 != V15_1
                     650M        385   11   F    -1 != V5_7
                     650M         99    6        -1 != W6_7
                     610M        109   20   F     1 != V6_2
                     640M        151    7   F     1  = W4_4
                     620M        111   10         0  = U20_4
                     660M         78   17        -1 != W6_3
                     620M         96   14   F     1  = U14_3
                     670M         35    1   F     1  = U21_0
                     620M        143   15   F     1 != U17_2
                     660M        140    4   F    -1 != U16_5
                     660M        136    2         1 != W8_6
                     640M        140    3   F     0  = V4_7
                     660M        252   19         0  = V6_7
                     620M        101   12         1  = V0_1
                     650M         22   13        -1  = U0_6
                     660M         21    5         1  = W4_2
                     620M        109    8   F     1 != U1_3
                     620M        110   16         0 != V21_1
                     660M        133    9   F     0 != U8_6
 ! Time = 35025.58s, Memory usage = 124.7 MB
 !               Branches  Non-fixed    W       Branch decision
                     660M        337   11   F     1 != U12_6
                     620M        107   18            -
                     660M        104    6        -1  = V11_6
                     650M        278    7   F     0 != V2_5
                     620M        105   20         0 != V20_3
                     670M         95   17   F     0  = U3_8
                     630M        108   10         0  = V3_4
                     680M         35    1   F    -1  = U13_0
                     630M         95   14        -1 != U0_0
                     670M        175    4         1  = U13_7
                     670M        102    2   F     1  = U20_1
                     650M        196    3   F    -1 != U2_1
                     630M        137   15   F    -1  = U12_5
                     660M         15   13         0 != U13_4
                     670M         25    5   F    -1 != U14_1
                     670M        280   19   F     1  = W0_0
                     630M        100   12   F    -1 != V11_2
                     630M        109    8   F    -1 != U19_3
                     630M        108   16   F     1  = U6_2
                     670M        360   11         0 != W15_8
 ! Time = 35585.73s, Memory usage = 124.7 MB
 !               Branches  Non-fixed    W       Branch decision
                     670M        132    9         0  = W17_1
                     660M        151    7   F    -1 != U8_1
                     630M        109   18        -1  = U17_3
                     670M        110    6   F     0  = U22_7
                     690M         35    1   F    -1  = V12_1
                     630M        107   20   F    -1  = V6_1
                     680M        100   17         0  = U10_0
                     640M        107   10        -1  = U17_8
                     640M        104   14        -1 != V3_5
                     660M        207    3        -1  = W20_4
                     680M        214    4   F     0  = W13_7
                     680M        131    2   F    -1 != V4_6
                     670M         16   13   F     0 != V7_1
                     680M         22    5   F     0 != V1_2
                     640M        181   15         1 != V4_5
                     680M        282   19        -1 != U7_5
                     640M         97   12        -1 != V2_0
                     670M        249    7   F    -1 != V20_1
                     640M        110    8         0 != U19_1
                     680M         97    9        -1 != W18_1
 ! Time = 36119.16s, Memory usage = 124.7 MB
 !               Branches  Non-fixed    W       Branch decision
                     640M        104   16         0 != V1_1
                     680M        373   11   F     0 != U13_7
submitit WARNING (2023-05-04 19:06:47,414) - Bypassing signal SIGCONT
submitit WARNING (2023-05-04 19:06:47,421) - Bypassing signal SIGTERM
