submitit INFO (2023-05-04 09:04:25,897) - Starting with JobEnvironment(job_id=27807, hostname=cpunode2, local_rank=4(5), node=0(1), global_rank=4(5))
submitit INFO (2023-05-04 09:04:25,897) - Loading pickle: /h/30/pashootan/Matrix-Mult-CP/src/../logs/5/3x3x3_23_May04_09:04:23/27807_submitted.pkl
Running with: Namespace(N=3, M=3, P=3, R=23, valid_ineq=False, symmetry=False, min_add=False, cyclic_invar=False, inex_bounds=(0, 0), output_dir='../logs/5/3x3x3_23_May04_09:04:23', n_seeds=5, n_workers=20, timeout=2880, solver='cpo', cpo_LogPeriod=10000000, cpo_RandomSeed=4, inexact_ineq=False)
Running solver with: {'LogPeriod': 10000000, 'RandomSeed': 4, 'Workers': 20, 'TimeLimit': 172800}
 ! --------------------------------------------------- CP Optimizer 22.1.1.0 --
 ! Satisfiability problem - 621 variables, 729 constraints
 ! TimeLimit            = 172800
 ! Workers              = 20
 ! LogPeriod            = 10000000
 ! RandomSeed           = 2015
 ! Initial process time : 0.08s (0.08s extraction + 0.00s propagation)
 !  . Log search space  : 984.3 (before), 984.3 (after)
 !  . Memory usage      : 5.2 MB (before), 5.2 MB (after)
 ! Using parallel search with 20 workers.
 ! ----------------------------------------------------------------------------
 !               Branches  Non-fixed    W       Branch decision
                   10000k        103    2   F    -1 != U22_5
                   10000k        114    4         0 != U4_1
                   10000k         68   17        -1 != V6_5
                   10000k         79   13         0 != W6_5
                   10000k        152   11        -1  = V17_1
                   10000k        120    5   F     0  = V0_2
                   10000k        123    6   F     1  = V1_1
                   10000k        127    9         0  = U15_1
                   10000k        170   19        -1  = V16_7
                   10000k        115    1        -1  = W8_1
                   10000k         94    3        -1 != V17_8
                   10000k        107   16        -1 != U17_5
                   10000k        116    7         0  = V19_1
                   10000k        104   20         1 != W0_7
                   10000k        109   18         1 != W11_0
                   10000k        110   12        -1  = V1_0
                   10000k        106   10   F     0 != V13_1
                   10000k        107   14   F    -1  = W14_8
                   10000k        108   15        -1  = V5_8
                   10000k        101    8         0 != V4_5
 ! Time = 686.93s, Memory usage = 124.7 MB
 !               Branches  Non-fixed    W       Branch decision
                   20000k        134    4   F    -1 != W5_7
                   20000k         71   17         1  = V9_1
                   20000k        109    2         0  = V8_1
                   20000k         76   13         0  = W1_5
                   20000k        132    5   F     1  = W13_3
                   20000k        133    6        -1 != V3_2
                   20000k        142    9   F     1 != V7_3
                   20000k        310   19   F     0 != W12_3
                   20000k        109    1         0 != U18_1
                   20000k         88    3        -1 != W22_3
                   20000k        134    7        -1  = U13_7
                   20000k        243   11   F     1 != V11_0
                   20000k        107   16   F    -1  = W13_7
                   20000k        107   20         0 != W11_2
                   20000k        108   14   F    -1 != U21_5
                   20000k        109   10   F     1  = U14_1
                   20000k        110   18   F    -1 != V7_3
                   20000k        104   12         1  = W7_7
                   20000k        107    8         1  = U6_8
                   20000k         96   15   F    -1  = V11_2
 ! Time = 1347.58s, Memory usage = 124.7 MB
 !               Branches  Non-fixed    W       Branch decision
                   30000k        130    4   F     1  = W14_0
                   30000k         98    2         1 != W14_0
                   30000k        122   17   F     1  = U11_0
                   30000k         79   13         1  = W0_1
                   30000k        108    5   F     1 != U3_8
                   30000k        106    1   F     0  = V1_1
                   30000k        124    6         0  = W21_5
                   30000k        139    9   F    -1  = W5_7
                   30000k        337   19   F     0 != W6_1
                   30000k        196   11   F    -1  = V20_1
                   30000k        108   14   F     0  = W15_0
                   30000k        105   20   F    -1 != W16_6
                   30000k        108   16        -1  = V3_7
                   30000k        106   10   F    -1  = V10_2
                   30000k        120   15   F     1  = V5_8
                   30000k        131    3   F    -1 != U8_5
                   30000k        153    7   F    -1  = V15_5
                   30000k        108   12         1  = W3_1
                   30000k         98    8         0  = W22_0
                   30000k        103   18         0  = W20_5
 ! Time = 1995.22s, Memory usage = 124.7 MB
 !               Branches  Non-fixed    W       Branch decision
                   40000k        135    2         1 != W4_4
                   40000k        109   17   F     0  = V12_5
                   40000k        120    6         1 != W1_8
                   40000k         79   13         0 != U15_4
                   40000k         74    9         1  = V22_4
                   40000k        119    5   F     1 != V22_2
                   40000k        109    1         0  = W7_4
                   40000k        333   19        -1  = U18_1
                   40000k        120    4        -1  = U8_8
                   40000k        288   11         1  = U7_0
                   40000k        129    3   F     1  = V22_7
                   40000k        108   14   F    -1 != W22_7
                   40000k        109   20        -1  = W11_0
                   40000k        154   15         1  = U22_1
                   40000k        107   10         1  = V3_2
                   40000k        107   16         1  = W17_2
                   40000k        106   12         1 != W5_6
                   40000k        106    8        -1  = W18_8
                   40000k        109   18            -
                   40000k        148    7   F    -1 != V19_1
 ! Time = 2647.30s, Memory usage = 124.7 MB
 !               Branches  Non-fixed    W       Branch decision
                   50000k        150    2         0 != U9_5
                   50000k         97   17        -1 != W8_1
                   50000k         68   13   F    -1 != U21_1
                   50000k        129    5   F     0 != W18_0
                   50000k         80    9         0  = V13_7
                   50000k        120    1         0  = V3_6
                   50000k        128    6   F    -1  = U15_4
                   50000k        334   19        -1  = V7_5
                   50000k        133    4   F    -1 != U17_3
                   50000k        152   15   F    -1  = W19_3
                   50000k         91    3   F    -1 != W3_5
                   50000k        296   11         1 != V3_0
                   50000k        111   14   F     1 != V20_3
                   50000k        108   20   F     1 != V2_2
                   50000k        106   10         1  = U18_7
                   50000k        109   16        -1  = U5_6
                   50000k        109    8   F     0  = W21_3
                   50000k        110   18        -1  = W9_0
                   50000k        102   12        -1  = V6_1
                   50000k        142    7         0  = W5_7
 ! Time = 3297.54s, Memory usage = 124.7 MB
 !               Branches  Non-fixed    W       Branch decision
                   60000k        169    2         0  = U11_1
                   60000k        113    5         0 != W11_3
                   60000k        111   17        -1 != W14_3
                   60000k        118    6         1 != U20_8
                   60000k        100    1        -1 != V16_1
                   60000k         68    9         0  = W12_8
                   60000k         69   13   F     0  = W16_2
                   60000k        348   19   F    -1 != U16_5
                   60000k        140    4         0  = W1_3
                   60000k        109   14         1  = U0_6
                   60000k        147    3        -1 != U12_6
                   60000k        107   10         1  = U7_2
                   60000k        106   20         0 != U1_0
                   60000k        110   16   F     1 != V2_1
                   60000k        109   18         1 != W17_2
                   60000k        107    8         0 != W21_1
                   60000k        107   12         0 != W21_4
                   60000k        146    7         0 != V14_8
                   60000k        309   11        -1  = V17_1
                   60000k        147   15   F    -1  = V9_8
 ! Time = 3955.67s, Memory usage = 124.7 MB
 !               Branches  Non-fixed    W       Branch decision
                   70000k        116    5   F     1 != U2_2
                   70000k        127    2   F    -1 != W14_1
                   70000k        279   19         1  = V12_4
                   70000k        110    1   F     0  = U17_0
                   70000k        102   17   F     1  = W20_7
                   70000k         72    9   F     1 != U19_8
                   70000k        181    6         0 != W15_2
                   70000k         66   13   F     0  = U2_3
                   70000k        138    4   F    -1  = V22_7
                   70000k        101    3        -1 != W5_5
                   70000k        318   11   F    -1  = U11_0
                   70000k        111    7   F    -1 != V16_8
                   70000k        109   10   F    -1  = W9_8
                   70000k        104   14   F     0 != V13_1
                   70000k        108   16         1 != U10_3
                   70000k        106   20   F     1 != U0_8
                   70000k        106   18         1  = W6_0
                   70000k        107    8   F     0  = V20_5
                   70000k        107   12        -1 != U2_8
                   70000k        142   15        -1 != U5_6
 ! Time = 4611.52s, Memory usage = 124.7 MB
 !               Branches  Non-fixed    W       Branch decision
                   80000k        122    5         0 != V20_1
                   80000k        109    1   F     0  = W20_3
                   80000k        339   19   F     1  = W1_1
                   80000k         77    9         1  = V13_7
                   80000k         73   17   F     0  = V20_1
                   80000k        147    6         0  = V15_4
                   80000k        161    2   F     1 != W1_4
                   80000k         69   13        -1  = V8_6
                   80000k        138    4   F     1 != V1_4
                   80000k        348   11   F     1 != W17_6
                   80000k         59    3         1  = U20_7
                   80000k        146    7   F    -1 != V8_6
                   80000k        106   10   F    -1  = U10_6
                   80000k        106   14   F    -1  = U15_3
                   80000k        108   18         1 != U4_0
                   80000k        105   20   F     1  = W3_2
                   80000k        110   16   F    -1  = V20_4
                   80000k        106    8         0  = U1_0
                   80000k        107   12         1  = U18_4
                   80000k        144   15        -1 != V12_4
 ! Time = 5285.94s, Memory usage = 124.7 MB
 !               Branches  Non-fixed    W       Branch decision
                   90000k        117    5   F     0  = U12_7
                   90000k        217   19   F     1  = W19_6
                   90000k        113    1        -1  = V18_7
                   90000k         95   17         1 != V1_2
                   90000k         69    9   F    -1 != U0_1
                   90000k        120    2   F    -1 != V1_4
                   90000k        117    6         1 != V17_8
                   90000k         68   13        -1 != W13_5
                   90000k        126    4   F    -1  = W11_1
                   90000k        141    3   F    -1  = V18_2
                   90000k        342   11         1 != U1_8
                   90000k        127    7   F     0  = V20_4
                   90000k        109   10   F    -1 != U12_2
                   90000k        106   18        -1  = V9_0
                   90000k        107   14        -1  = V21_2
                   90000k        107   20         0  = U14_6
                   90000k        108   16        -1  = W0_8
                   90000k        108    8   F     1  = W8_8
                   90000k        108   12   F        -
                   90000k        145   15   F     0 != U20_6
 ! Time = 5925.19s, Memory usage = 124.7 MB
 !               Branches  Non-fixed    W       Branch decision
                     100M        115    1        -1  = W21_1
                     100M        110    5         1  = V19_4
                     100M        348   19        -1 != V8_0
                     100M        118   17        -1  = W14_1
                     100M        124    6   F     0  = W22_5
                     100M        155    2   F     0 != W4_7
                     100M         75    9   F     1 != V16_7
                     100M         71   13   F     1  = W10_5
                     100M        124    4         1  = W0_4
                     100M        322   11        -1 != V18_1
                     100M        132    3   F     0  = W22_1
                     100M        106    7   F    -1 != V9_6
                     100M        104   18   F     0  = V8_1
                     100M        108   10         0  = V12_6
                     100M        109   14         1  = W22_7
                     100M        107   16        -1 != W13_7
                     100M        102    8         1 != U20_4
                     100M        100   20        -1  = U21_0
                     100M        154   15   F    -1 != W5_4
                     100M        106   12         1 != W0_5
 ! Time = 6520.02s, Memory usage = 124.7 MB
 !               Branches  Non-fixed    W       Branch decision
                     110M        101    1   F     0 != U8_7
                     110M        128    5   F     0  = U10_5
                     110M        113   17   F     0  = V7_6
                     110M        354   19        -1  = V20_4
                     110M        145    6         0  = W1_7
                     110M        148    2        -1 != W17_7
                     110M         83    9   F    -1  = W0_8
                     110M        126    4   F    -1 != U13_1
                     110M        348   11        -1  = U12_0
                     110M         56   13         0  = V2_3
                     110M        151    3         1 != V19_2
                     110M         85    7   F     1  = U15_0
                     110M         79   15        -1  = V15_7
                     110M        108   18         0  = U22_0
                     110M        108   10         0 != U20_0
                     110M        110   16   F     0  = V14_1
                     110M        102   14   F    -1  = V1_2
                     110M        108    8   F    -1 != V0_5
                     110M        109   20         0  = W11_1
                     110M        105   12        -1 != V10_0
 ! Time = 7160.59s, Memory usage = 124.7 MB
 !               Branches  Non-fixed    W       Branch decision
                     120M        101    1         0 != U20_5
                     120M        120    5         1  = W12_2
                     120M        193    6   F    -1  = W8_2
                     120M         73   17         0 != V16_1
                     120M        348   19   F     0  = W19_5
                     120M        155    2         0 != W9_1
                     120M        348   11        -1 != W21_4
                     120M         89    9   F     0  = U17_8
                     120M        154    4         0  = V0_2
                     120M        162    3   F     1 != U20_1
                     120M         58   13        -1 != V4_6
                     120M        116    7   F     1 != W1_2
                     120M         99   15   F     0  = U7_5
                     120M        108   18   F    -1  = W8_0
                     120M        107   16        -1  = V6_4
                     130M        101    1        -1  = W17_3
                     120M        106   14        -1  = W19_1
                     120M        107   10   F    -1 != V1_1
                     120M        106    8   F     1 != U18_8
                     120M        111   20   F    -1  = U6_0
 ! Time = 7808.94s, Memory usage = 124.7 MB
 !               Branches  Non-fixed    W       Branch decision
                     120M        106   12   F    -1 != V16_1
                     130M        119    5   F     0  = V12_6
                     130M         98    6        -1 != V3_4
                     130M         82   17         0 != U1_4
                     130M        322   11   F    -1 != V13_1
                     130M        129    4        -1  = U16_3
                     130M        110    2   F    -1  = W19_1
                     130M        243   19   F    -1  = V20_1
                     130M         70    9   F     1  = V0_7
                     130M        128    3   F    -1 != W10_7
                     130M         62   13         1  = W15_3
                     130M         95    7   F    -1 != W16_5
                     130M         83   15   F     1  = W20_7
                     140M        101    1         0  = W3_0
                     130M        107   18   F    -1 != U18_3
                     130M        105   16   F     0  = V7_3
                     130M        108   14         0 != U14_2
                     130M        110   10        -1 != V18_3
                     130M        109    8        -1 != V13_5
                     130M        107   20        -1 != V16_1
 ! Time = 8469.12s, Memory usage = 124.7 MB
 !               Branches  Non-fixed    W       Branch decision
                     130M        108   12            -
                     140M        117    6   F     1  = U1_2
                     140M        128    5   F     1 != V7_3
                     140M        113   17        -1  = W4_4
                     140M        348   11         1  = U11_8
                     140M        128    4   F     0 != W6_2
                     140M         71    9   F    -1 != U8_4
                     140M        324   19         1 != W12_6
                     140M        147    2   F     1  = U17_6
                     140M        151    3        -1  = W4_3
                     140M         74   13   F     0 != V8_4
                     150M        101    1        -1  = U5_8
                     140M        157   15         0  = V19_1
                     140M        147    7         0  = V0_3
                     140M        109   18        -1  = U21_5
                     150M        125    5        -1 != W12_2
                     140M        106   16         0 != V20_1
                     140M        108   14   F    -1  = V8_5
                     140M        107   10   F     1  = W16_0
                     140M        108    8        -1  = W18_8
 ! Time = 9092.14s, Memory usage = 124.7 MB
 !               Branches  Non-fixed    W       Branch decision
                     140M        108   12         0 != U9_4
                     140M        109   20   F    -1 != V14_1
                     150M        101    6         1  = W4_7
                     150M        348   11        -1 != V17_1
                     150M         81   17         0 != W10_4
                     150M         79    9         1 != U5_1
                     150M        151    2         0  = U20_0
                     150M        123    4   F    -1 != U18_3
                     150M        346   19        -1  = V20_0
                     150M        163    3   F    -1 != U12_4
                     150M         64   13         0 != W8_2
                     160M         90    1   F     1  = V11_7
                     150M        127    7   F    -1  = U2_0
                     150M        159   15   F    -1  = V0_7
                     160M        111    5         0  = W3_0
                     150M        110   18         1 != U8_6
                     160M        100    6   F     1 != W2_1
                     150M        107   16        -1  = V16_5
                     150M        107    8         1  = V8_7
                     150M        106   10        -1 != W16_6
 ! Time = 9736.45s, Memory usage = 124.7 MB
 !               Branches  Non-fixed    W       Branch decision
                     150M        109   14   F     1  = U22_3
                     150M        106   12        -1  = V18_6
                     150M        110   20        -1  = V9_4
                     160M         92   17   F     1  = U18_6
                     160M        348   11   F    -1  = U4_8
                     160M         73    9   F    -1 != U11_7
                     160M        138    4        -1  = U5_2
                     160M        153    2        -1 != W11_6
                     160M        157    3   F    -1  = W11_0
                     160M        385   19   F    -1 != U19_3
                     160M         61   13         1 != U0_1
                     170M         90    1   F    -1 != W11_6
                     170M        110    5   F    -1  = U16_2
                     160M        106    7   F     1  = U21_4
                     170M        123    6        -1 != V5_6
                     160M        109   18        -1  = U1_0
                     160M        108   16            -
                     160M        105    8        -1  = U22_8
                     160M        108   12   F    -1 != U15_3
                     160M        106   14        -1  = V6_5
 ! Time = 10405.14s, Memory usage = 124.7 MB
 !               Branches  Non-fixed    W       Branch decision
                     160M        110   10        -1 != V10_0
                     170M        101   17         1  = W19_2
                     170M         73    9         0 != W1_1
                     160M        111   20        -1 != V13_2
                     160M        142   15         0 != V15_8
                     170M        124    4   F     1 != W10_7
                     170M        379   11   F    -1  = U22_5
                     170M        161    3   F    -1 != V16_2
                     170M         89    2        -1  = V12_2
                     170M        343   19        -1 != U10_4
                     170M         70   13         0  = W5_5
                     180M         81    1   F     1 != V4_6
                     180M        115    5         0 != V5_7
                     170M        147    7        -1 != V19_1
                     180M         96    6        -1 != W22_2
                     170M        110   18   F    -1 != U16_3
                     170M        115   15        -1 != W20_5
                     180M        111   17   F    -1  = V10_6
                     170M        107   16   F        -
                     170M        108    8   F    -1 != V17_8
 ! Time = 11035.19s, Memory usage = 124.7 MB
 !               Branches  Non-fixed    W       Branch decision
                     170M        108   10         0  = V6_2
                     180M         77    9   F     0 != U12_4
                     170M        108   14         0 != V2_2
                     170M        107   12        -1  = U7_3
                     180M        140    4        -1  = U21_5
                     170M        105   20        -1 != V3_4
                     180M        348   11   F     1  = V14_0
                     180M         87    2   F     0  = U15_2
                     180M        143    3         1  = W16_3
                     180M        348   19   F    -1 != U5_3
                     180M         56   13   F    -1  = W18_4
                     190M         92    1         1 != W16_0
                     180M         98    7        -1  = V5_8
                     190M        119    5        -1 != V17_4
                     190M        100   17   F     1  = V10_7
                     190M        100    6   F    -1  = V7_1
                     180M        110   18   F     0 != W20_1
                     190M        140    4        -1  = V12_3
                     180M        155   15         1  = W20_2
                     190M        371   11         1 != W12_0
 ! Time = 11710.39s, Memory usage = 124.7 MB
 !               Branches  Non-fixed    W       Branch decision
                     180M        108   16        -1  = W8_1
                     180M        106    8        -1 != W14_8
                     180M        110   10         1  = W14_6
                     190M         75    9   F     0 != U21_1
                     180M        106   12        -1  = U11_4
                     180M        107   14         1  = W20_8
                     180M        109   20         0 != U13_6
                     190M        144    3   F    -1  = V20_1
                     190M         81    2   F     0 != V7_7
                     190M         63   13         0  = W2_4
                     200M         91    1         0  = V10_1
                     190M        323   19         0 != U20_5
                     190M        140    7   F    -1 != W11_6
                     200M        122    5         0  = V3_1
                     200M        348   11   F     1 != V15_0
                     190M         86   15   F    -1 != W22_1
                     200M         99    6        -1  = W10_5
                     200M        135    4         0  = U19_2
                     200M         98   17        -1 != U1_5
                     190M        108   18   F    -1  = W19_0
 ! Time = 12292.85s, Memory usage = 124.7 MB
 !               Branches  Non-fixed    W       Branch decision
                     200M        123    3         0  = V14_0
                     200M         74    9        -1  = V20_6
                     190M        106   16         0 != U17_6
                     190M        108    8   F    -1  = W10_1
                     190M        107   10        -1  = W12_4
                     190M        103   12         0 != V14_1
                     190M        109   14         0 != W16_7
                     200M         82    2   F     1  = W5_2
                     190M        109   20   F     1 != U7_4
                     200M         59   13   F     0  = V0_6
                     210M         90    1         0  = V9_6
                     200M        322   19         0 != V16_1
                     200M         85    7   F    -1 != W18_4
                     210M         96    6   F    -1 != W11_7
                     210M        350   11         1  = V13_6
                     210M        101    5   F    -1  = V11_6
                     210M         80   17         0  = W4_7
                     210M        151    4   F    -1 != V2_1
                     210M         71    9         0  = U7_4
                     210M        132    3         1  = U16_7
 ! Time = 12945.14s, Memory usage = 124.7 MB
 !               Branches  Non-fixed    W       Branch decision
                     200M        108   18         0 != W19_2
                     200M        145   15        -1 != W18_1
                     210M         81    2   F    -1  = U7_0
                     200M        106   16   F     0 != U0_6
                     200M        106    8            -
                     200M        109   14        -1  = U22_5
                     200M        110   12   F     0  = W13_7
                     200M        109   10   F    -1  = V15_1
                     200M        100   20   F     0 != U9_0
                     210M         65   13         1  = W13_2
                     210M        341   19   F    -1  = U11_1
                     220M         87    1        -1  = W18_7
                     210M        154    7   F     1 != W21_5
                     220M         99    6   F     1 != V10_1
                     220M        126    4   F    -1  = V1_3
                     220M        114    5   F    -1  = V19_0
                     220M         76   17   F    -1  = U18_3
                     220M        337   11        -1  = V15_0
                     220M         70    9         0  = V9_3
                     210M         90   15         0 != U21_6
 ! Time = 13586.22s, Memory usage = 124.7 MB
 !               Branches  Non-fixed    W       Branch decision
                     220M        152    3        -1 != U9_1
                     210M        106   18            -
                     220M         92    2   F     0 != V0_0
                     210M        110   16   F     0  = W13_8
                     210M        105    8         0  = W6_1
                     210M        109   14   F     0  = W19_7
                     210M        106   12   F    -1 != V4_0
                     210M        109   10         1  = V17_2
                     210M        108   20        -1  = U0_6
                     220M         61   13   F     1  = U4_4
                     220M        334   19         1  = V14_4
                     230M         87    1   F     0  = U21_3
                     220M        145    7         0 != V0_2
                     230M        136    4        -1  = W20_4
                     230M        187    3        -1  = V11_8
                     230M         98    6   F     0  = W16_4
                     230M        112    5         0 != W4_3
                     230M        348   11   F     1  = W17_0
                     230M         75    9         0  = W2_1
                     230M         67   17         0  = U0_3
 ! Time = 14184.09s, Memory usage = 124.7 MB
 !               Branches  Non-fixed    W       Branch decision
                     220M        107   18         0 != W7_1
                     230M        114    2        -1 != V15_3
                     220M        117   15         1 != W6_1
                     220M        108    8   F    -1  = U18_0
                     220M        103   16   F        -
                     220M        109   14            -
                     220M        107   12   F    -1  = U5_2
                     220M        108   10        -1  = V13_6
                     220M        112   20         0 != V3_1
                     230M        342   19   F    -1  = V20_1
                     230M         59   13         1  = W15_2
                     240M         87    1   F     1  = W2_0
                     230M         71    7        -1  = V10_2
                     240M        119    3   F    -1 != V6_6
                     240M        124    4         0  = V21_7
                     240M        274   11         1  = U3_8
                     240M         97    6        -1  = W16_5
                     240M         97    9         1  = U6_1
                     240M         72   17   F     0 != V0_7
                     240M        141    5         0 != V5_8
 ! Time = 14810.20s, Memory usage = 124.7 MB
 !               Branches  Non-fixed    W       Branch decision
                     240M         69    2         0 != V8_0
                     230M        110   18         0  = W9_6
                     230M        156   15   F    -1  = W4_6
                     240M        348   19   F    -1  = W3_3
                     230M         98    8   F     1  = V21_6
                     230M        108   16         1  = V12_1
                     230M        107   14        -1 != U17_5
                     230M        101   12            -
                     230M        102   10   F     1 != U9_6
                     230M        109   20        -1 != U21_0
                     240M         61   13         1 != U21_0
                     250M         87    1         0 != U13_6
                     240M        152    7   F     1  = U20_4
                     250M        154    4   F     0  = V8_4
                     250M        370   11   F    -1 != W2_0
                     250M        113    3   F    -1  = V16_1
                     250M         76    9   F    -1 != V7_2
                     250M         97    6   F     0 != U19_1
                     250M         95    5        -1 != W10_5
                     250M         71   17   F    -1 != U3_5
 ! Time = 15500.85s, Memory usage = 124.7 MB
 !               Branches  Non-fixed    W       Branch decision
                     250M         71    2         0  = U8_3
                     240M        109   18         0  = U22_0
                     240M        179   15        -1 != V18_1
                     250M        340   19   F     0  = V6_5
                     240M        105    8        -1  = U15_8
                     240M        105   14         0 != U3_0
                     240M        106   16   F     0  = V13_4
                     240M        109   12         0  = U18_5
                     240M        109   10        -1 != W3_2
                     240M        109   20        -1  = U11_0
                     250M         58   13   F     1  = U6_5
                     260M         87    1        -1  = U11_0
                     260M        348   11        -1  = V17_1
                     250M        146    7   F    -1  = W0_7
                     260M        103    6         0  = V21_8
                     260M        109    5   F     1  = U22_2
                     260M        143    4   F     1 != V13_1
                     250M         93   15   F    -1  = V9_7
                     260M         78    9   F     1  = V19_2
                     260M         67   17         1  = U4_0
 ! Time = 16130.01s, Memory usage = 124.7 MB
 !               Branches  Non-fixed    W       Branch decision
                     260M        148    3   F     1  = U11_7
                     260M         56    2   F     0 != V10_2
                     250M        109   18   F     1  = V14_4
                     260M        318   19   F    -1 != V21_5
                     250M        105    8         0  = U12_0
                     250M        108   14   F        -
                     250M        108   16         0  = W4_7
                     250M        109   12   F     0 != W6_2
                     250M        108   20        -1  = W10_2
                     250M        100   10   F    -1  = W2_0
                     270M         86    1        -1  = U10_0
                     260M         60   13         0 != U4_1
                     270M        348   11   F    -1 != W5_0
                     260M        125    7   F    -1  = W17_0
                     270M        115    6   F    -1 != U15_2
                     270M        133    5         0  = V12_6
                     270M        135    4         0 != V4_6
                     270M         72    9         0  = V13_5
                     260M        108   15         0  = U12_6
                     270M         57    2         0  = V10_7
 ! Time = 16719.92s, Memory usage = 124.7 MB
 !               Branches  Non-fixed    W       Branch decision
                     270M        178    3         0 != U0_2
                     270M         49   17   F    -1  = V11_7
                     260M        107   18            -
                     270M        340   19         0  = V17_1
                     260M        108    8        -1  = U4_5
                     260M        107   14   F    -1  = W1_5
                     260M        111   16         0  = V18_4
                     260M        109   12         0 != V13_1
                     260M        104   20         1  = V18_1
                     280M         84    1   F     0  = W3_1
                     260M        106   10   F    -1 != V15_1
                     270M         57   13         0 != V8_3
                     270M        131    7        -1 != W7_0
                     280M        293   11   F     0  = U15_3
                     280M        133    4         0  = U20_3
                     280M        104    6         1  = U11_4
                     280M        155    3   F    -1  = W12_7
                     280M         71    9   F    -1  = U5_2
                     280M         74    2         0  = W18_6
                     280M        106    5         1  = V10_3
 ! Time = 17377.96s, Memory usage = 124.7 MB
 !               Branches  Non-fixed    W       Branch decision
                     280M         36   17         0 != U13_5
                     270M        121   15         1 != V22_3
                     280M        348   19        -1  = U15_0
                     270M        109   18         0 != W13_6
                     270M        106    8   F    -1 != V22_1
                     280M         62   13         0  = W8_2
                     290M         84    1         0 != V14_3
                     270M        108   14   F    -1 != W17_7
                     270M        103   16         0 != W17_0
                     270M        107   12   F     1  = V5_0
                     270M        112   20   F     0 != V8_6
                     270M        108   10   F    -1  = W0_8
                     290M        307   11         0  = U3_3
                     280M        129    7   F     1 != V12_0
                     290M        133    4         0 != W9_1
                     290M        203    3   F    -1  = V17_3
                     290M        109    6   F     0  = U20_8
                     290M         55    2   F     0 != V0_7
                     290M         73    9   F    -1  = U17_5
                     290M        102    5         0  = W1_2
 ! Time = 17975.67s, Memory usage = 124.7 MB
 !               Branches  Non-fixed    W       Branch decision
                     290M        383   19   F     1 != V6_0
                     290M         56   17         0  = V12_7
                     280M        206   15         1  = W14_5
                     290M         56   13         0  = V4_3
                     280M        107   18        -1  = W10_7
                     300M         84    1        -1  = W8_3
                     280M        103    8        -1  = W11_1
                     280M        104   16         1 != W6_7
                     280M        108   12         1  = W4_7
                     280M        101   14   F     1  = W4_7
                     300M        310   11   F    -1  = V20_1
                     280M        111   20   F    -1 != U14_0
                     280M        105   10         0 != U16_3
                     290M        139    7         1  = U22_2
                     300M        135    3   F    -1  = V19_3
                     300M        134    4   F     0 != U15_5
                     300M         75    9         1  = W3_4
                     300M         58    2   F     0  = U22_2
                     300M        136    5         1  = W6_5
                     300M        353   19   F     0  = W6_6
 ! Time = 18591.36s, Memory usage = 124.7 MB
 !               Branches  Non-fixed    W       Branch decision
                     290M        175   15   F    -1  = W14_5
                     300M         91   17         1  = W16_2
                     300M         96    6         0  = W0_4
                     300M         49   13        -1  = U1_4
                     310M         78    1         0 != V4_7
                     290M        109   18         0  = U8_8
                     310M        348   11         1 != W22_6
                     290M        104    8        -1  = U19_0
                     290M        109   16   F        -
                     290M        105   12         1  = V7_4
                     290M        106   14   F     1  = W15_1
                     290M        108   20        -1  = V22_4
                     290M        107   10         0  = W20_8
                     300M        194    7        -1  = U1_2
                     310M         73    9         1  = V16_4
                     310M         55    2   F     1 != W2_3
                     310M        353   19   F    -1  = U19_3
                     310M        101    4   F     1 != V3_5
                     300M        108   15         0  = W5_7
                     310M        134    3         1 != V20_5
 ! Time = 19192.90s, Memory usage = 124.7 MB
 !               Branches  Non-fixed    W       Branch decision
                     310M        115    5   F     0  = U2_0
                     310M        116    6   F    -1  = U5_6
                     310M         39   17        -1 != U3_0
                     320M         84    1   F     1  = V14_8
                     320M        375   11   F    -1 != W1_0
                     300M        105   18   F     0  = V3_7
                     310M         51   13         0  = V0_5
                     300M        108    8   F     0 != U15_7
                     310M         70    7        -1 != U20_7
                     300M        109   16   F     0  = U12_0
                     300M        107   12   F    -1  = W19_7
                     300M        108   14        -1  = V17_2
                     300M        103   20   F    -1  = U5_3
                     300M        108   10         1  = V12_3
                     320M        348   19        -1  = V17_1
                     320M        115    4         1  = W16_4
                     320M         73    9         0  = U21_4
                     320M         56    2         1 != V9_4
                     320M        149    3         0 != V3_8
                     320M         44   17   F     0  = W19_2
 ! Time = 19853.84s, Memory usage = 124.7 MB
 !               Branches  Non-fixed    W       Branch decision
                     320M        106    6        -1  = U3_6
                     330M         83    1        -1  = U9_0
                     320M        100    5   F     1 != W22_4
                     310M        114   15        -1 != W19_7
                     320M         51   13         0  = V0_8
                     330M        351   11   F    -1 != W6_0
                     310M        110   18        -1  = V8_7
                     310M        106    8   F    -1 != W6_1
                     320M        105    7   F    -1  = W20_4
                     310M        106   16         1  = V20_0
                     310M        105   12   F    -1  = V12_5
                     310M        106   14   F     1 != W21_5
                     310M        106   20         0 != V5_1
                     310M        106   10         0 != V21_1
                     330M         71    9        -1  = W16_6
                     330M        317   19        -1  = W1_6
                     330M        102    4         1  = W8_7
                     330M         56    2         0  = W17_1
                     330M        255    3   F     1  = W0_7
                     330M         43   17         0  = W5_7
 ! Time = 20494.50s, Memory usage = 124.7 MB
 !               Branches  Non-fixed    W       Branch decision
                     330M        111    6         1  = W22_4
                     340M         91    1         1  = W12_6
                     330M        100    5   F     0  = W9_7
                     340M        341   11   F    -1 != W8_6
                     330M         57   13         0 != W14_4
                     320M        144   15         1 != U14_3
                     320M        105   18   F     1 != U3_3
                     320M        105    8        -1 != W13_1
                     320M        105   16         0 != V10_4
                     320M        106   12   F     0  = W11_3
                     320M        103   14         0 != W19_5
                     330M        157    7   F     1 != V2_8
                     340M         69    9   F     1 != W5_1
                     320M        109   20         0 != U8_0
                     320M        110   10        -1 != V12_1
                     340M        362   19         0  = W21_3
                     340M         61    2   F     0 != W4_3
                     340M        113    4         0  = U14_3
                     350M         83    1   F    -1 != U13_6
                     340M        106    6         1 != V18_5
 ! Time = 21129.20s, Memory usage = 124.7 MB
 !               Branches  Non-fixed    W       Branch decision
                     340M        149    3   F     1 != U3_8
                     340M        117    5        -1 != W5_5
                     340M        108   17         1  = W17_8
                     350M        348   11   F     0  = V20_1
                     330M        163   15   F     0 != U10_4
                     340M         50   13        -1 != W16_0
                     330M        111   18   F    -1  = U10_0
                     340M        164    7         0  = W13_2
                     330M        108    8        -1 != U2_0
                     350M        370   19   F     0  = W2_1
                     350M         63    9         0 != V17_6
                     330M        106   16        -1  = W11_8
                     330M        109   12   F    -1  = U17_3
                     330M        107   14   F     0  = V5_1
                     350M         50    2         0 != U19_0
                     330M        111   20         0 != W14_1
                     350M        122    4         0  = W0_6
                     330M        104   10   F     0  = V4_1
                     360M         90    1   F     0  = V9_7
                     350M         55   17   F     0 != U4_6
 ! Time = 21766.61s, Memory usage = 124.7 MB
 !               Branches  Non-fixed    W       Branch decision
                     360M        324   11         1  = V0_0
                     350M        121    6   F     1  = W12_8
                     350M        161    3         0  = U15_8
                     350M         93    5         0  = V5_7
                     340M        220   15   F    -1  = V19_1
                     350M         59   13   F     0  = W17_3
                     360M        348   19        -1 != V18_1
                     340M        103   18   F    -1  = V9_0
                     350M        133    7   F     0  = U20_7
                     360M         54    2   F    -1 != V11_8
                     340M        106    8         1  = V3_4
                     360M        121    4   F    -1 != V19_4
                     340M        103   16            -
                     340M        109   12        -1  = U22_3
                     360M         74    9        -1  = W22_5
                     340M        108   14   F    -1 != V19_1
                     340M        107   20            -
                     340M        106   10        -1  = W16_6
                     370M         70    1   F     1 != V6_0
                     360M         41   17   F     1 != W17_8
 ! Time = 22390.98s, Memory usage = 124.7 MB
 !               Branches  Non-fixed    W       Branch decision
                     360M        231    3   F    -1  = V19_1
                     350M        146   15         0 != W18_6
                     360M        175    5   F     1 != V6_2
                     370M        372   11         1  = U3_3
                     360M         98    6   F     1  = V20_7
                     360M         50   13   F    -1  = W18_2
                     370M        348   19   F     1  = U10_3
                     360M        149    7   F     0 != W22_2
                     370M         51    2         1 != V8_6
                     350M        109   18   F    -1 != V17_0
                     370M        133    4   F     0 != U0_2
                     350M        105    8         1 != W3_8
                     380M         78    1         0  = V19_1
                     370M        126    9         0  = U1_8
                     350M        107   16         0  = U6_7
                     350M        109   12        -1  = V8_0
                     350M        107   14   F    -1  = V13_1
                     350M        109   20         1 != U0_6
                     350M        107   10        -1  = U13_8
                     370M        209    3   F    -1  = V6_8
 ! Time = 22930.29s, Memory usage = 124.7 MB
 !               Branches  Non-fixed    W       Branch decision
                     370M        177    5         0  = V13_1
                     360M        122   15   F     1  = U20_1
                     370M         58   17   F     0 != W19_5
                     370M         58   13         0 != V13_4
                     380M        332   11        -1  = V14_0
                     370M        102    6         0 != W12_5
                     370M        102    7         0 != U1_0
                     380M         55    2         1  = U2_3
                     360M        109   18         1  = U4_1
                     380M        122    4         0 != W3_3
                     380M        401   19        -1 != U10_3
                     390M         70    1   F     0  = W13_7
                     360M        106    8         1  = U16_7
                     380M         58    9   F     0  = V17_1
                     360M        103   12   F     1  = V2_1
                     360M        107   16         0 != V7_1
                     360M        111   14   F     1  = W11_0
                     380M        124    3         0 != U14_0
                     360M        108   20        -1 != U18_0
                     360M        107   10   F     1 != W11_4
 ! Time = 23580.70s, Memory usage = 124.7 MB
 !               Branches  Non-fixed    W       Branch decision
                     380M         79   17         0  = W19_4
                     370M        151   15   F     1 != V17_5
                     380M        149    5   F    -1  = W13_1
                     390M        348   11   F    -1  = V20_1
                     380M         46   13         0 != V17_1
                     380M         98    6         0  = W1_1
                     380M         94    7   F    -1  = V0_0
                     400M         74    1         1  = W20_7
                     390M         53    2   F    -1 != W15_4
                     370M        110   18   F     1 != U14_3
                     390M        107    4   F    -1  = U2_3
                     390M         71    9   F     0 != U3_5
                     370M        107    8   F     1  = V6_2
                     370M        108   12   F    -1 != U10_3
                     370M        110   16   F    -1  = V9_8
                     370M        107   14        -1 != V12_7
                     370M        110   20   F    -1 != V10_4
                     390M        113    3        -1 != V5_4
                     390M        399   19   F    -1 != W2_3
                     370M        108   10   F    -1  = V7_1
 ! Time = 24248.46s, Memory usage = 124.7 MB
 !               Branches  Non-fixed    W       Branch decision
                     380M        185   15   F    -1  = V14_6
                     400M        348   11   F    -1  = W22_0
                     390M         40   17        -1  = U11_3
                     390M         44   13   F     1 != W20_1
                     390M        114    5   F     0  = V10_0
                     390M         99    6   F     0 != V17_8
                     410M         71    1   F     0 != U10_5
                     400M         54    2   F    -1 != W0_4
                     400M        137    4        -1  = U15_2
                     380M        108   18         0 != V2_5
                     400M         77    9   F    -1  = U1_5
                     380M        107    8   F    -1  = W9_1
                     380M        106   12   F    -1  = W11_7
                     380M        108   16   F    -1  = V11_4
                     390M        237   15   F    -1  = U19_8
                     390M        141    7   F     1  = W19_6
                     380M        109   14   F    -1  = V8_2
                     380M        105   20         1  = W20_7
                     410M        230   11   F     0 != V18_1
                     380M        105   10   F    -1 != U5_6
 ! Time = 24938.12s, Memory usage = 124.7 MB
 !               Branches  Non-fixed    W       Branch decision
                     400M        320   19        -1 != W18_1
                     400M         54   13   F     1  = W1_3
                     400M        145    3   F     1 != V22_5
                     400M        152    5         1  = W19_1
                     400M         58   17   F     0 != W17_1
                     400M         99    6         0  = V7_2
                     420M         70    1   F     0  = W15_4
                     410M         51    2         0  = W22_4
                     390M        108   18        -1  = V13_8
                     410M        141    4   F    -1 != U11_5
                     400M        163   15        -1 != W3_4
                     410M         51    9         1  = U15_8
                     390M        107    8        -1 != W9_8
                     390M        105   12        -1  = U17_4
                     390M        107   16   F     0 != U14_2
                     390M        103   14        -1  = U19_4
                     390M        107   20         1 != W2_5
                     410M         50   13         0  = V6_3
                     410M        211    3   F     0  = V18_5
                     400M        156    7         0  = W5_5
 ! Time = 25567.16s, Memory usage = 124.7 MB
 !               Branches  Non-fixed    W       Branch decision
                     410M        331   19         1  = W6_6
                     390M        106   10         0 != W15_2
                     410M        103    6        -1 != V14_1
                     420M        314   11        -1  = V14_6
                     410M         71   17        -1  = W11_4
                     430M         75    1   F    -1 != U0_0
                     410M        170    5   F    -1 != U15_0
                     420M         50    2   F    -1 != W16_0
                     400M        106   18   F    -1 != V17_8
                     420M         54    9         0  = W10_6
                     420M        129    4        -1  = U4_1
                     400M        110    8   F     1 != W13_6
                     420M        201    3   F     0 != V20_1
                     400M        107   12   F     0  = U12_4
                     410M        174    7   F    -1  = W1_3
                     400M        109   16        -1  = W11_0
                     420M        103    6   F     0  = U5_5
                     400M        107   14   F     0 != W15_1
                     400M        108   20         1  = V16_4
                     420M        106   17         1 != U13_5
 ! Time = 26191.64s, Memory usage = 124.7 MB
 !               Branches  Non-fixed    W       Branch decision
                     410M        145   15         1  = W0_1
                     400M        105   10        -1 != V19_4
                     430M        324   11   F    -1  = W17_0
                     420M         71   13         1  = V17_2
                     420M        131    5         1 != W9_5
                     420M        344   19   F    -1 != W4_3
                     440M         70    1   F     1 != V0_8
                     430M         55    2   F     1  = V10_0
                     410M        106   18   F     1 != V8_0
                     430M         58    9         0  = V2_2
                     430M        299    3   F     1 != V7_5
                     430M        101    4        -1 != U18_8
                     430M         99    6   F    -1  = W20_4
                     420M        170    7         1  = U15_7
                     410M        108    8         0 != W13_6
                     420M        153   15   F     0 != V0_6
                     410M        107   12        -1  = W7_7
                     410M        109   16        -1  = W17_4
                     410M        109   14   F     1  = W13_7
                     410M        110   20   F     1 != U11_1
 ! Time = 26834.22s, Memory usage = 124.7 MB
 !               Branches  Non-fixed    W       Branch decision
                     430M         88   17   F     1 != W8_3
                     430M         64   13         0 != V6_3
                     440M        339   11         1 != W14_3
                     410M        103   10        -1  = W6_5
                     450M         70    1         0  = V14_4
                     430M        154    5   F    -1 != W14_1
                     440M         50    2   F     0  = V6_7
                     440M        114    4         0  = V6_6
                     430M        171    7   F    -1  = W14_3
                     430M        345   19         0 != V16_1
                     420M        109   18   F     1  = W21_7
                     440M         60    9         1 != W6_5
                     440M        149    3         1  = W19_1
                     440M         99    6        -1  = W19_5
                     430M        191   15        -1  = V6_3
                     420M        107    8        -1 != U18_0
                     440M         46   13         1 != V10_1
                     420M        106   12   F    -1  = V3_6
                     440M         50   17   F     1  = V10_7
                     420M        109   14         1  = W2_3
 ! Time = 27485.37s, Memory usage = 124.7 MB
 !               Branches  Non-fixed    W       Branch decision
                     420M         94   16        -1  = W19_8
                     420M        110   20         0  = W11_7
                     420M        106   10   F    -1  = U17_6
                     450M        315   11   F    -1 != U12_8
                     460M         42    1   F    -1 != V10_7
                     440M        144    5   F    -1  = V18_0
                     450M         52    2         1 != U11_0
                     440M        348   19   F    -1 != V19_4
                     440M        113    7         0 != W0_4
                     450M        129    4   F     1 != U21_0
                     450M         91    9         1  = W11_2
                     450M         99    6   F     0 != W4_2
                     430M        107   18         0 != W8_1
                     440M        278   15         1 != U10_8
                     450M        144    3   F    -1  = V22_3
                     430M        104    8            -
                     450M         54   17        -1  = V6_1
                     430M        105   12   F    -1  = V7_1
                     450M         49   13         0 != W18_1
                     430M        109   14   F     0  = V13_3
 ! Time = 28116.32s, Memory usage = 124.7 MB
 !               Branches  Non-fixed    W       Branch decision
                     430M        105   16   F     1  = V22_4
                     430M        108   20   F        -
                     470M         31    1         0 != V13_0
                     460M        344   11   F    -1 != V19_1
                     430M        107   10         0 != U1_3
                     450M        147    5   F     1 != W21_5
                     460M         56    2        -1  = U11_3
                     450M        116    7   F    -1  = U6_8
                     460M        118    4   F     0 != V3_7
                     450M        260   15         0  = V14_6
                     460M         66    9        -1  = U19_2
                     450M        361   19   F    -1  = U17_5
                     460M        220    3   F     1  = V6_5
                     440M        104   18   F     1  = W19_1
                     460M         95    6         1  = V22_7
                     460M         59   13        -1 != V10_8
                     470M        348   11   F     0 != W19_0
                     440M        105    8   F     0  = W4_6
                     460M         83   17         0  = V2_5
                     440M        108   12         0 != V20_1
 ! Time = 28730.38s, Memory usage = 124.7 MB
 !               Branches  Non-fixed    W       Branch decision
                     480M         37    1        -1  = W18_6
                     440M        107   14         1 != U8_5
                     440M        108   16         0 != U6_0
                     440M        110   20   F     1  = U6_3
                     440M        106   10   F    -1 != V14_0
                     460M        123    5         1  = U7_8
                     460M        231   15         0  = U19_5
                     470M         47    2   F    -1 != V2_8
                     470M        139    4         1  = V18_3
                     470M        179    3   F    -1  = V20_1
                     470M         60    9         1 != W1_6
                     470M         96    6        -1 != V12_7
                     460M        336   19   F    -1  = U12_4
                     450M        107   18   F     1  = U19_3
                     480M        367   11   F    -1  = W11_6
                     490M         31    1         1  = V20_6
                     470M         87   13   F     0  = V22_7
                     460M        163    7   F    -1 != U12_7
                     450M        106    8         0  = U13_4
                     450M        109   12   F    -1  = U21_4
 ! Time = 29359.58s, Memory usage = 124.7 MB
 !               Branches  Non-fixed    W       Branch decision
                     450M        107   14         0  = W5_8
                     450M        106   20   F     0  = W11_3
                     450M        109   16   F     1  = U20_6
                     470M         36   17        -1 != U16_7
                     450M        105   10        -1 != V10_2
                     470M        152    5   F     0 != U20_4
                     470M        162   15        -1 != U5_8
                     480M        295    3        -1  = W8_7
                     480M        101    4         1 != U6_6
                     480M         60    9   F     0 != U4_5
                     480M         99    6   F    -1 != V4_4
                     480M         47    2         1 != V22_7
                     470M        317   19   F     1  = U22_4
                     490M        413   11         0  = V9_6
                     500M         37    1   F     1  = W1_7
                     460M        104   18   F    -1 != V11_1
                     480M         48   13        -1  = W15_1
                     470M        196    7        -1 != W0_7
                     460M        109    8   F    -1 != W7_8
                     480M         56   17   F     0 != V21_6
 ! Time = 29988.65s, Memory usage = 124.7 MB
 !               Branches  Non-fixed    W       Branch decision
                     460M        105   12   F    -1  = V5_5
                     460M        111   14         1  = U21_7
                     460M        104   20   F    -1 != W5_7
                     460M        103   16         1  = V8_7
                     460M        103   10            -
                     490M        272    3   F    -1 != V6_5
                     480M        133   15   F    -1  = U5_8
                     480M        135    5         0 != W10_5
                     490M         78    9         0  = U2_7
                     490M        111    4   F     0 != U18_5
                     490M        107    6         0  = V20_7
                     490M         57    2   F     1  = V4_7
                     510M         22    1         0  = U0_8
                     490M         66   13         1 != V16_6
                     480M        321   19         0 != V21_0
                     480M        259    7        -1 != V20_1
                     470M        108   18         0  = V10_3
                     500M        368   11   F    -1  = W22_0
                     490M         57   17         0  = V5_6
                     470M        106    8         1  = U14_0
 ! Time = 30599.68s, Memory usage = 124.7 MB
 !               Branches  Non-fixed    W       Branch decision
                     470M        108   12        -1  = U10_2
                     470M        104   14   F     1  = V4_5
                     500M        191    3         0  = V14_5
                     470M        108   20   F    -1  = U0_6
                     470M        109   16   F     0 != W3_5
                     470M        110   10        -1  = V16_1
                     490M        119   15   F     0 != V22_6
                     490M        115    5         1  = U14_8
                     500M        102    4   F    -1 != W10_4
                     500M        112    6         1  = W6_5
                     500M         47    9         0 != W9_8
                     500M         58   13   F     1 != W13_5
                     500M         42    2   F     0 != W18_3
                     490M        142    7   F     0  = U3_7
                     490M        348   19   F    -1 != V20_1
                     520M         28    1        -1  = V19_0
                     510M        396   11         0  = V6_0
                     480M        109   18        -1  = W1_0
                     500M         93   17   F     1  = V2_4
                     480M        100    8        -1  = W21_8
 ! Time = 31235.52s, Memory usage = 124.7 MB
 !               Branches  Non-fixed    W       Branch decision
                     480M        104   12        -1 != V15_1
                     480M        108   14   F     1  = W13_2
                     480M        111   20   F     0 != U1_6
                     480M        109   16   F     1  = V21_8
                     480M        112   10   F    -1 != U19_0
                     510M        162    3        -1 != V15_8
                     510M        115    4         0  = U8_8
                     500M        102   15   F    -1 != U11_8
                     510M        260    6   F    -1  = W22_2
                     510M         58    9         1  = V14_8
                     500M         88    5         0  = W8_0
                     510M         49   13         1 != W13_5
                     500M        335   19   F     0  = V1_5
                     510M         72    2         0  = U18_3
                     530M         28    1         1 != W11_4
                     510M         96   17   F     0  = V2_1
                     490M        109   18        -1 != V17_4
                     500M        164    7        -1 != U2_7
                     490M        109    8         0  = V4_1
                     490M        106   12            -
 ! Time = 31919.65s, Memory usage = 124.7 MB
 !               Branches  Non-fixed    W       Branch decision
                     520M        120    4   F    -1 != W0_0
                     490M        103   14   F    -1  = W17_7
                     490M        110   16         0  = U8_2
                     490M        109   20        -1  = U5_6
                     490M         94   10   F     0  = V17_1
                     520M         96    6   F     0  = W3_4
                     520M         91    9        -1  = V3_5
                     510M         97    5         0 != U18_1
                     520M         46   13   F    -1 != U4_8
                     520M        136    3   F     1  = V16_3
                     510M        113   15   F    -1  = V6_3
                     520M        348   11        -1  = V17_1
                     510M        352   19         0  = W17_6
                     520M         56    2   F    -1  = V13_6
                     540M         28    1         0  = W12_4
                     520M         63   17   F    -1 != U19_0
                     500M        109   18         0 != U12_0
                     530M        107    4         1  = W22_7
                     510M        104    7   F     0  = U21_7
                     500M        108    8         1  = V2_3
 ! Time = 32532.11s, Memory usage = 124.7 MB
 !               Branches  Non-fixed    W       Branch decision
                     500M        106   12        -1 != V3_3
                     530M         66    9   F     0  = U12_6
                     500M        106   16   F     1  = U12_6
                     500M        107   14         0 != W13_3
                     500M        107   20        -1  = V17_6
                     530M        111    6   F     1 != U19_8
                     500M        102   10   F    -1  = W8_6
                     530M        348   11   F     0 != V19_1
                     530M        221    3         1  = V20_2
                     520M        362   19   F    -1  = U4_4
                     530M         73   13        -1  = U4_5
                     520M        177    5        -1  = U10_0
                     550M         28    1   F    -1  = W6_1
                     520M        158   15         1 != W4_4
                     530M         82    2         0 != W16_5
                     530M         57   17         1  = V22_8
                     510M        110   18   F    -1 != V18_0
                     540M        107    4         1 != V17_1
                     540M         66    9         1  = U21_6
                     510M        107    8         0  = W19_1
 ! Time = 33187.11s, Memory usage = 124.7 MB
 !               Branches  Non-fixed    W       Branch decision
                     540M        348   11         1 != W21_0
                     510M        109   12   F    -1  = V16_0
                     540M         96    6        -1 != U1_5
                     540M        157    3         0  = V15_2
                     520M        112    7         1 != W14_7
                     510M        109   16         0  = U7_8
                     510M        108   20         1 != V4_2
                     510M        110   14        -1 != V13_1
                     510M         98   10   F     0 != V5_1
                     530M        363   19        -1 != U2_1
                     560M         28    1        -1  = U0_0
                     530M        113    5        -1 != V7_8
                     530M        167   15   F     1 != U21_8
                     540M        145   13         1 != U6_8
                     540M         56    2         1 != V4_1
                     540M         46   17   F    -1  = V3_0
                     520M        110   18   F     0 != V15_1
                     550M        136    4   F     0  = U6_0
                     520M        107    8         1  = W0_6
                     550M        193    3   F    -1 != V17_1
 ! Time = 33842.16s, Memory usage = 124.7 MB
 !               Branches  Non-fixed    W       Branch decision
                     550M         96    6         0  = W21_5
                     520M        105   12         0 != W6_3
                     530M        146    7   F     1  = V19_3
                     550M         90    9   F    -1  = U17_8
                     520M        108   16   F     1  = V13_4
                     520M        107   14        -1  = W2_3
                     520M        107   20         0  = V10_8
                     550M        383   11         1 != U7_3
                     570M         23    1   F     1  = V4_1
                     520M        107   10         0  = U4_1
                     540M        224   15   F     0 != W0_2
                     540M        152    5         0  = W9_3
                     550M         51   13         0  = V3_7
                     550M         53    2         1  = V16_8
                     540M        369   19   F     0 != V15_0
                     530M        109   18        -1  = U6_2
                     560M        268    3        -1 != V18_5
                     550M         36   17   F    -1  = V13_1
                     540M        213    7         0  = W5_7
                     560M        106    4        -1  = W1_0
 ! Time = 34439.75s, Memory usage = 124.7 MB
 !               Branches  Non-fixed    W       Branch decision
                     530M        104    8         0 != W10_0
                     580M         23    1   F     1  = V15_1
                     530M        106   12         1  = W3_2
                     560M        338   11         0  = W20_4
                     550M        280   15        -1 != V17_1
                     560M         92    6         0  = W14_5
                     530M        109   20   F    -1  = V10_1
                     530M        108   16        -1  = W8_7
                     560M         66    9   F     0  = W8_7
                     530M        107   14         1 != U14_0
                     530M        106   10         0  = U20_0
                     550M        144    5         1 != W21_5
                     560M         48    2   F     1  = W9_0
                     560M         58   13         0  = V8_6
                     550M        348   19   F    -1 != V19_1
                     570M        235    3   F    -1 != V21_5
                     550M        219    7   F    -1  = V20_1
                     540M        106   18        -1  = W1_5
                     560M        132   17   F     0  = W12_7
                     590M         19    1   F     0  = V0_7
 ! Time = 35012.23s, Memory usage = 124.7 MB
 !               Branches  Non-fixed    W       Branch decision
                     570M        116    4         0 != V18_7
                     570M        371   11   F     1 != W20_0
                     560M        157   15   F    -1  = V6_4
                     540M        107    8         1 != W16_8
                     540M        105   12   F        -
                     570M         93    6   F    -1 != V7_4
                     560M         98    5         1  = V10_0
                     570M         68    9         1 != V21_4
                     540M        109   20   F     0  = V15_1
                     540M        107   16         1 != V20_4
                     540M        110   14   F    -1  = V15_1
                     540M        110   10        -1  = V11_4
                     570M         53   13         1  = U12_3
                     570M         52    2         1  = U18_5
                     560M        348   19   F     0  = V9_0
                     580M        160    3        -1 != V6_5
                     560M         72    7   F    -1 != W19_2
                     550M        110   18         0 != W0_1
                     580M        111    4   F    -1  = V22_3
                     570M        245   15        -1 != U18_7
 ! Time = 35579.91s, Memory usage = 124.7 MB
 !               Branches  Non-fixed    W       Branch decision
                     580M        384   11   F     0 != V3_6
                     600M         19    1        -1  = U8_2
                     570M        104   17         0  = W13_7
                     550M        104    8        -1  = V18_1
                     580M         52    9         1  = W19_5
                     580M         98    6         0 != U0_0
                     550M        104   12         1  = V19_0
                     580M         42   13         0  = W18_4
                     550M        111   20         0 != U16_0
                     550M        109   16        -1 != V7_4
                     550M        104   14         1  = U14_5
                     570M        120    5   F     1  = W11_0
                     550M        107   10        -1  = U10_0
                     580M         50    2        -1 != V0_8
                     590M        142    3        -1 != V15_5
                     570M        384   19         0 != V4_0
submitit WARNING (2023-05-04 19:06:47,415) - Bypassing signal SIGCONT
submitit WARNING (2023-05-04 19:06:47,421) - Bypassing signal SIGTERM
