submitit INFO (2023-04-30 19:21:49,217) - Starting with JobEnvironment(job_id=27538, hostname=cpunode6, local_rank=2(5), node=0(1), global_rank=2(5))
submitit INFO (2023-04-30 19:21:49,217) - Loading pickle: /h/30/pashootan/Matrix-Mult-CP/src/../logs/2x2x2_6_Apr30_19:21:47/27538_submitted.pkl
 ! --------------------------------------------------- CP Optimizer 22.1.1.0 --
 ! Satisfiability problem - 72 variables, 64 constraints
 ! TimeLimit            = 7200
 ! Workers              = 8
 ! LogPeriod            = 10000000
 ! RandomSeed           = 1602
 ! Initial process time : 0.00s (0.00s extraction + 0.00s propagation)
 !  . Log search space  : 114.1 (before), 114.1 (after)
 !  . Memory usage      : 431.0 kB (before), 431.0 kB (after)
 ! Using parallel search with 8 workers.
 ! ----------------------------------------------------------------------------
 !               Branches  Non-fixed    W       Branch decision
                   10000k          6    8         0 != V4_1
                   10000k          8    3   F    -1 != W2_2
                   10000k          7    7         0  = V1_2
                   10000k          4    4   F     0 != U3_0
                   10000k          4    1         0  = W4_0
                   10000k          4    5         0 != W2_1
                   10000k          4    2   F    -1 != U5_3
                   10000k          4    6         0 != W4_3
                   20000k          5    8   F        -
                   20000k          6    7        -1 != U4_3
                   20000k          4    1        -1  = U2_2
                   20000k          7    3         1  = W2_1
                   20000k          4    2         0 != V1_1
                   20000k          4    4   F     0  = U3_0
                   20000k          4    5   F    -1 != U1_2
                   20000k          4    6   F     1 != W2_1
                   30000k          6    8            -
                   30000k          9    7         0  = V0_1
                   30000k          5    3   F    -1 != W0_1
                   30000k          4    1        -1 != U3_0
 ! Time = 290.54s, Average fail depth = 14, Memory usage = 202.2 MB
 !               Branches  Non-fixed    W       Branch decision
                   30000k          4    2   F     1  = W0_1
                   30000k          4    5         0 != V0_3
                   30000k          4    4         1  = V0_3
                   30000k          4    6   F     0  = V0_0
                   40000k          9    7         0 != V1_1
                   40000k          6    8         1 != W0_0
                   40000k          8    3        -1 != V1_2
                   40000k          4    1         1 != V4_2
                   40000k          4    2   F     1  = V2_0
                   40000k          4    5         0 != U1_3
                   40000k          4    6         1 != U5_1
                   40000k          4    4   F    -1  = V2_3
                   50000k          9    7        -1  = W5_1
                   50000k          7    8        -1 != W0_2
                   50000k          6    3         1  = U0_3
                   50000k          4    1         1 != U5_2
                   50000k          4    4        -1 != W4_2
                   50000k          4    2         0 != V4_0
                   50000k          4    6         1 != U2_2
                   50000k          4    5   F     1  = U2_2
 ! Time = 492.06s, Average fail depth = 14, Memory usage = 328.7 MB
 !               Branches  Non-fixed    W       Branch decision
                   60000k          9    7   F     0 != V2_1
                   60000k          6    8         1 != U4_0
                   60000k          6    3   F    -1  = U4_1
                   60000k          4    1        -1 != W0_0
                   60000k          4    6         1  = U4_2
                   60000k          4    4   F    -1  = W1_2
                   60000k          4    2         1 != V4_3
                   60000k          6    5   F     0  = U1_2
                   70000k         10    7   F     1  = W3_2
                   70000k          6    8         1  = U1_0
                   70000k          8    3        -1 != V2_1
                   70000k          4    1   F     1  = W4_0
                   70000k          4    6   F     1  = V3_0
                   70000k          4    4   F     1 != W3_3
                   70000k          4    2   F     0  = W0_2
                   70000k          5    5         0 != W3_1
                   80000k          8    7         0 != W5_2
                   80000k          6    8   F     0 != U2_2
                   80000k          8    3         0 != V0_1
                   80000k          4    1   F    -1 != U1_2
 ! Time = 783.22s, Average fail depth = 15, Memory usage = 485.3 MB
 !               Branches  Non-fixed    W       Branch decision
                   80000k          4    4        -1  = W1_3
                   80000k          4    2        -1  = V1_1
                   80000k          4    6         0 != W2_3
                   80000k          5    5         0 != U2_0
                   90000k          8    7   F     0 != U1_2
                   90000k          7    3        -1  = V4_2
                   90000k          6    8         1 != U1_2
                   90000k          4    1   F     0 != U4_2
                   90000k          4    4   F    -1  = V4_0
                   90000k          4    2   F    -1 != V4_3
                   90000k          4    5         1 != W5_3
                   90000k          7    6         0  = U2_3
                     100M          9    7        -1 != V1_0
                     100M          7    3         0 != V3_3
                     100M          7    8   F        -
                     100M          4    1   F    -1 != V3_1
                     100M          4    4         1 != V2_0
                     100M          4    2   F     0  = V5_3
                     100M          4    5   F     0 != U4_3
                     100M          9    6        -1 != W5_0
 ! Time = 1016.97s, Average fail depth = 15, Memory usage = 592.5 MB
 !               Branches  Non-fixed    W       Branch decision
                     110M          7    7   F    -1  = V2_3
                     110M          8    3        -1  = U5_0
                     110M          6    8        -1 != W1_1
                     110M          4    1         0  = W1_1
                     110M          4    4   F    -1 != W4_2
                     110M          4    2   F     0 != U5_3
                     110M          5    5   F     0  = U3_3
                     110M          4    6   F    -1 != W1_1
                     120M          7    7   F    -1  = W1_1
                     120M          7    8   F     1  = V2_0
                     120M          6    3         0 != W0_1
                     120M          4    1         0 != V1_0
                     120M          4    4         1 != V5_0
                     120M          4    2        -1  = U4_2
                     120M          5    5        -1 != V3_1
                     120M          4    6   F    -1  = V2_3
                     130M          8    7   F     1  = W1_1
                     130M          6    8         1  = V5_0
                     130M          9    3         1  = U1_0
                     130M          4    1         0  = W0_2
 ! Time = 1284.95s, Average fail depth = 15, Memory usage = 739.9 MB
 !               Branches  Non-fixed    W       Branch decision
                     130M          4    2        -1  = W4_1
                     130M          4    4   F    -1 != U1_3
                     130M          5    5         1  = V5_1
                     130M          4    6         0  = W0_3
                     140M          6    7        -1  = W4_3
                     140M          7    8   F        -
                     140M          5    1         0  = W0_2
                     140M          8    3   F    -1  = V1_2
                     140M          4    2        -1 != V2_1
                     140M          4    4   F     1 != V5_1
                     140M          5    5   F     1 != V4_3
                     140M          4    6         0  = W1_1
                     150M          6    8   F        -
                     150M         12    7         1  = W3_1
                     150M          4    1   F     1 != V4_0
                     150M          7    3         1 != V3_3
                     150M          4    4   F    -1  = W3_3
                     150M          5    5         0 != U1_3
                     150M          7    2   F     0  = W4_2
                     150M          5    6   F     1  = W2_3
 ! Time = 1523.58s, Average fail depth = 15, Memory usage = 843.5 MB
 !               Branches  Non-fixed    W       Branch decision
                     160M          6    8         0 != W0_1
                     160M          8    7         0  = W5_3
                     160M          4    1         0 != U1_3
                     160M          9    3   F     0 != V3_2
                     160M          4    4   F     0  = U3_0
                     160M          5    5        -1 != U5_1
                     160M          7    2   F     1  = V0_0
                     160M          5    6   F     0  = U1_2
                     170M          6    8            -
                     170M          7    7         1  = U2_3
                     170M          4    1        -1  = V4_0
                     170M          8    3        -1  = W0_1
                     170M          4    4        -1 != W4_1
                     170M          5    5   F     0  = W2_2
                     170M          5    6   F     1  = U0_1
                     170M          7    2   F    -1 != W3_3
                     180M          5    8   F     0  = U3_1
                     180M          7    7   F     0 != V2_2
                     180M          4    1         1 != U3_1
                     180M         11    3   F     0  = U5_2
 ! Time = 1784.06s, Average fail depth = 15, Memory usage = 964.0 MB
 !               Branches  Non-fixed    W       Branch decision
                     180M          4    4   F     0  = U4_3
                     180M          5    5   F     1 != V5_3
                     180M          4    6   F     1  = W5_3
                     180M          6    2         1 != W3_1
                     190M          6    8   F     0  = U1_0
                     190M          8    7         1  = U4_1
                     190M          4    1   F     1  = U1_0
                     190M         10    3   F     0 != W3_1
                     190M          5    5         1 != W4_3
                     190M          5    4        -1 != V1_1
                     190M          4    6        -1  = V5_0
                     190M          4    2        -1 != V4_0
                     200M          9    7        -1  = U5_0
                     200M          6    8   F     0  = W3_2
                     200M          4    1         0 != V3_0
                     200M          9    3   F     0 != W5_0
                     200M          4    5         0  = V0_0
                     200M          4    4   F     1 != U1_2
                     200M          5    6         1 != U2_0
                     200M          6    2         0 != W4_2
 ! Time = 2026.27s, Average fail depth = 15, Memory usage = 1.0 GB
 !               Branches  Non-fixed    W       Branch decision
                     210M          8    7         0 != W3_1
                     210M          5    8            -
                     210M          4    1         1 != V3_3
                     210M          9    3   F     0  = V1_1
                     210M          6    5   F    -1 != U5_0
                     210M          5    6        -1  = V2_1
                     210M          8    4         0 != W1_2
                     210M          5    2         1  = W4_2
                     220M          9    7   F     1  = U1_2
                     220M          7    8   F     1  = V0_2
                     220M          5    3   F    -1  = U4_2
                     220M          4    1         0  = V4_3
                     220M          5    5         0 != W1_3
                     220M          6    4   F     0  = W1_0
                     220M          5    6         1 != U5_2
                     220M          5    2   F     0  = W0_1
                     230M         11    7        -1  = V5_2
                     230M          7    8   F    -1 != W5_2
                     230M         12    3   F     0 != U1_2
                     230M          4    1         1 != W5_2
 ! Time = 2288.54s, Average fail depth = 15, Memory usage = 1.1 GB
 !               Branches  Non-fixed    W       Branch decision
                     230M          5    5         0 != U4_3
                     230M          4    6   F    -1  = W2_1
                     230M          5    2   F    -1  = U5_0
                     240M          7    7        -1 != W1_3
                     230M          9    4        -1  = W5_3
                     240M          6    8        -1  = W5_1
                     240M         13    3   F    -1  = V3_1
                     240M          4    1        -1  = V1_0
                     240M          5    5   F     0 != W2_0
                     240M          5    2         1 != U2_2
                     240M          4    6   F     0  = U2_1
                     250M          9    7        -1 != W3_1
                     240M          9    4   F    -1 != U2_0
                     250M          6    8   F     1  = W1_2
                     250M          9    3        -1 != V3_2
                     250M          7    1   F     1 != W5_2
                     250M          5    5        -1  = U2_1
                     250M          6    2   F    -1  = W4_3
                     250M          4    6         0 != W1_2
                     260M          6    7   F    -1  = W1_3
 ! Time = 2543.77s, Average fail depth = 15, Memory usage = 1.2 GB
 !               Branches  Non-fixed    W       Branch decision
                     260M          7    8   F     1 != V2_1
                     250M          8    4         0  = V0_2
                     260M          8    3         0  = W3_3
                     260M          6    1   F    -1  = V2_2
                     260M          6    5         1  = V2_2
                     260M          5    2   F     1 != U1_1
                     260M          4    6         0 != W3_2
                     270M          6    7   F     0  = V1_1
                     270M          6    8   F     1 != U0_0
                     260M          6    4         1  = V1_1
                     270M          6    3   F    -1  = U0_3
                     270M          6    1         0  = V1_3
                     270M          5    5         1  = U0_3
                     270M          5    2         0  = W0_1
                     280M          8    7   F    -1  = U2_1
                     270M          4    6         0  = U4_3
                     280M          6    8        -1  = W0_1
                     270M          4    4        -1  = V1_0
                     280M          7    3   F     1 != U5_3
                     280M          7    1   F    -1 != W4_3
 ! Time = 2808.79s, Average fail depth = 15, Memory usage = 1.3 GB
 !               Branches  Non-fixed    W       Branch decision
                     280M          5    5   F     1 != W5_1
                     280M          6    2   F    -1  = V4_3
                     290M         10    7         1  = U5_1
                     280M          4    6   F     0 != W4_3
                     290M          7    8   F    -1 != U4_2
                     280M          4    4         1 != U2_0
                     290M          7    3   F    -1  = U1_1
                     290M          5    5        -1 != W1_3
                     290M          7    1   F     1  = V3_3
                     290M          5    2   F    -1 != W3_3
                     300M          8    7         0 != V1_2
                     290M          4    6         1  = V1_0
                     300M          6    8   F    -1 != W0_0
                     300M         12    3   F     1  = W0_0
                     290M          4    4         0  = V1_0
                     300M          5    5   F    -1  = V3_2
                     300M          5    2   F    -1  = V2_3
                     300M          4    1         0 != U4_2
                     310M          9    7         0  = V1_2
                     300M          4    6   F    -1 != W5_0
 ! Time = 3040.63s, Average fail depth = 15, Memory usage = 1.4 GB
 !               Branches  Non-fixed    W       Branch decision
                     310M          5    8         0 != W1_2
                     310M          7    3        -1 != U1_2
                     300M          4    4         1  = W1_3
                     310M          5    5   F     0  = V0_1
                     310M          5    2         0 != V3_0
                     320M          6    7        -1 != U3_2
                     310M          6    1         1 != U1_3
                     320M          7    8        -1 != U1_1
                     310M          4    6   F     1  = W5_1
                     320M         10    3         0 != V2_1
                     310M          4    4   F     0 != V5_0
                     320M          4    5         0  = U4_0
                     320M          6    2   F     0  = U2_0
                     330M          8    7         1  = U5_0
                     320M          8    1        -1  = V0_1
                     330M          6    8        -1  = U4_1
                     330M         11    3        -1  = U5_3
                     320M          4    6        -1  = V1_3
                     320M          4    4         0  = W1_1
                     330M          6    5   F    -1  = V0_0
 ! Time = 3306.95s, Average fail depth = 15, Memory usage = 1.5 GB
 !               Branches  Non-fixed    W       Branch decision
                     330M          5    2         0  = V4_3
                     340M          9    7   F     1  = U4_0
                     330M          4    1         1 != V3_1
                     340M          6    8   F    -1 != V3_0
                     340M         12    3         1 != U2_0
                     330M          4    6   F     0 != U2_2
                     330M          4    4   F     1  = U4_2
                     340M          6    5   F    -1  = W1_0
                     340M          5    2   F     1 != W3_3
                     350M          8    7   F    -1  = U3_1
                     340M          6    1         0 != U3_2
                     350M          8    3   F     0  = V4_2
                     350M          6    8        -1  = V5_3
                     340M          5    6   F     0  = U3_3
                     340M          4    4   F     1 != U3_2
                     350M          5    2         1 != V4_3
                     350M          5    5         0 != W0_2
                     360M         15    7        -1 != V1_1
                     360M          6    3         0 != W3_2
                     350M          5    1        -1  = U2_2
 ! Time = 3540.13s, Average fail depth = 16, Memory usage = 1.6 GB
 !               Branches  Non-fixed    W       Branch decision
                     360M          7    8            -
                     350M          4    6         1  = W5_2
                     350M          4    4   F     0 != V1_0
                     360M          5    5   F     0 != V4_1
                     360M          5    2   F     0  = U1_2
                     370M          8    3   F     1 != V4_0
                     370M          8    7         0 != U2_2
                     360M          5    1   F    -1  = W1_2
                     370M          5    8         0 != V2_0
                     360M          4    6   F     0  = V4_3
                     360M          4    4   F     0  = W0_2
                     370M          5    5         0 != V5_1
                     370M          5    2        -1 != V3_3
                     380M          8    3   F    -1 != V0_0
                     370M          5    1            -
                     380M          8    7        -1  = U2_0
                     380M          7    8   F     1 != V5_1
                     370M          5    6         0 != W5_0
                     370M          4    4   F     1 != U1_3
                     380M          6    5        -1 != U0_1
 ! Time = 3825.38s, Average fail depth = 16, Memory usage = 1.7 GB
 !               Branches  Non-fixed    W       Branch decision
                     380M          5    1         1 != U4_1
                     380M          5    2        -1  = V1_3
                     390M          7    3   F     1  = V3_2
                     390M         10    7         1 != V5_0
                     390M          6    8   F     0 != V1_2
                     380M          5    6         1  = U1_1
                     380M          4    4         0 != U2_2
                     390M          5    1         0  = W4_2
                     390M          5    5         0  = V5_3
                     390M          5    2         0  = U3_2
                     400M          7    3   F     1 != V0_0
                     400M          6    8            -
                     400M          8    7   F     0  = U5_1
                     390M          4    4   F    -1  = V1_3
                     390M          5    6         1  = V4_0
                     400M          5    1   F    -1  = W2_1
                     400M          5    2   F     1  = V2_0
                     400M          5    5   F     1 != W5_2
                     410M          7    3         1 != U4_2
                     410M          7    8        -1  = U0_0
 ! Time = 4040.45s, Average fail depth = 16, Memory usage = 1.8 GB
 !               Branches  Non-fixed    W       Branch decision
                     410M          6    7   F    -1  = V4_2
                     400M          4    4   F     1 != U1_2
                     400M          5    6         0 != W0_1
                     410M          5    1   F     1  = W4_2
                     410M          5    2         0  = W2_2
                     410M          5    5         1 != W4_1
                     420M         11    3         0 != W2_3
                     420M         12    7         0  = W4_3
                     420M          7    8   F     1  = W0_1
                     410M          4    4         1 != U1_0
                     410M          4    6   F     0  = V2_0
                     420M          5    1         0 != V3_2
                     420M          5    2   F     0  = U5_3
                     420M          5    5   F    -1 != U2_0
                     430M          8    3         0  = V5_0
                     430M          8    7   F     0 != U4_2
                     430M          7    8        -1 != U4_2
                     420M         14    6   F     1  = U4_2
                     420M          4    4   F    -1 != V1_3
                     430M          5    1   F     0  = W3_3
 ! Time = 4314.13s, Average fail depth = 16, Memory usage = 1.9 GB
 !               Branches  Non-fixed    W       Branch decision
                     430M          5    5   F     0 != W3_3
                     430M          5    2   F    -1  = U0_2
                     440M          8    3        -1 != W1_2
                     440M          9    7        -1 != U4_0
                     440M          7    8         0 != W1_2
                     430M          5    6   F     0  = V3_0
                     430M          4    4        -1 != U3_1
                     440M          4    1   F     0  = V3_1
                     440M          5    5        -1 != U5_3
                     450M         12    3         1 != W3_0
                     440M          5    2   F     0  = V2_3
                     450M          6    8   F     0  = V5_0
                     450M          7    7         1 != V3_0
                     440M          5    6   F    -1  = U4_3
                     440M          4    4   F     0  = W0_2
                     450M          5    1        -1  = V1_0
                     460M          9    3         1 != W5_3
                     460M          6    8   F        -
                     450M          5    5   F     0 != V1_1
                     450M          6    2         0 != W3_3
 ! Time = 4545.02s, Average fail depth = 16, Memory usage = 2.0 GB
 !               Branches  Non-fixed    W       Branch decision
                     450M          5    6        -1 != W4_1
                     460M          7    7         1 != U0_0
                     450M          4    4   F    -1 != W2_1
                     460M          5    1        -1  = V2_3
                     470M          6    3   F     1  = V4_3
                     460M          5    2         0 != W5_2
                     470M          6    8        -1  = U4_1
                     460M          5    5         0 != V4_1
                     470M          8    7         0 != U3_3
                     460M          5    6         0 != W0_2
                     460M          4    4   F    -1 != W2_2
                     470M          5    1   F     1 != V1_3
                     480M          8    3   F    -1  = V5_2
                     470M          5    2         0 != U3_3
                     480M          7    8        -1  = U4_2
                     470M          5    5   F     1  = W5_1
                     480M         13    7   F    -1  = V2_1
                     470M          5    6         1  = U1_2
                     470M          4    4         0 != U3_0
                     480M          5    1   F     1 != W0_1
 ! Time = 4799.61s, Average fail depth = 16, Memory usage = 2.1 GB
 !               Branches  Non-fixed    W       Branch decision
                     480M          5    2         1  = W0_2
                     490M          7    8   F     1  = W4_1
                     490M          7    3         0 != U3_0
                     480M          5    5         0 != V0_2
                     490M          8    7         0 != U2_1
                     480M          6    6         1 != U4_1
                     480M          4    4         0 != U1_2
                     490M          5    1         1  = W5_1
                     490M          5    2         0 != V2_3
                     500M         10    3   F     1  = V5_2
                     500M          7    8         0  = U1_2
                     500M          7    7   F    -1  = U3_1
                     490M          5    5         0 != V0_3
                     490M          4    6         0 != V0_1
                     490M          4    4   F    -1 != V2_2
                     500M          5    1        -1  = U4_2
                     500M          6    2   F     1 != U4_2
                     510M          9    3        -1 != U1_3
                     510M          7    8        -1 != U5_1
                     510M         11    7   F     1  = V5_1
 ! Time = 5054.22s, Average fail depth = 16, Memory usage = 2.2 GB
 !               Branches  Non-fixed    W       Branch decision
                     500M          6    5   F     0  = V5_0
                     500M          4    6         0 != U4_1
                     500M          4    4   F     0  = W5_2
                     510M          5    2   F     1 != V5_3
                     510M          5    1   F     1  = W1_0
                     520M         11    3   F    -1 != U1_0
                     520M          7    8            -
                     520M         10    7         1 != V2_1
                     510M          5    5         1  = V3_0
                     510M          5    6   F     0  = V1_3
                     510M          5    4   F     0  = V0_0
                     520M          5    2   F    -1  = W1_1
                     520M          5    1   F     1 != U2_2
                     530M          8    3         1  = W3_0
                     530M          6    8   F     0  = V3_2
                     530M         10    7         0 != U4_0
                     520M          5    6   F     1  = V4_3
                     520M          5    5         1  = V0_1
                     520M          4    4        -1  = U2_2
                     530M          5    2         1  = W5_1
 ! Time = 5313.27s, Average fail depth = 16, Memory usage = 2.3 GB
 !               Branches  Non-fixed    W       Branch decision
                     540M          7    3   F    -1  = V0_0
                     530M          5    1   F    -1 != U3_0
                     540M          7    8         1 != W0_2
                     540M          9    7        -1 != U3_2
                     530M          5    5   F     1  = U4_3
                     530M          4    6   F     1  = W2_2
                     530M          4    4        -1 != U4_3
                     550M          7    3   F     1 != W0_1
                     540M          6    2         0  = V3_3
                     540M          5    1   F     0 != W0_2
                     550M          6    8   F    -1  = W2_1
                     540M          5    6         1 != V0_0
                     540M          6    5   F     1  = V5_0
                     550M          8    7   F    -1  = V1_3
                     540M          4    4         1 != U3_3
                     560M         12    3   F    -1 != V0_1
                     550M          5    1        -1 != V4_0
                     550M          5    2        -1 != U0_2
                     560M          7    8   F    -1  = W4_0
                     550M          4    6        -1 != V0_3
 ! Time = 5557.27s, Average fail depth = 16, Memory usage = 2.4 GB
 !               Branches  Non-fixed    W       Branch decision
                     550M          6    5         1 != V3_2
                     560M         10    7   F    -1  = V3_1
                     570M         13    3   F    -1  = V1_1
                     550M          4    4         0 != U2_3
                     560M          5    1   F     1 != V3_0
                     560M          5    2   F     0  = U1_0
                     570M          6    8            -
                     560M         10    6   F     1  = V0_3
                     570M         10    7   F    -1  = W4_0
                     560M          6    5         0 != V1_3
                     560M          4    4   F     0  = W4_3
                     570M          5    1         0 != W0_2
                     580M          9    3   F    -1  = W0_1
                     570M          5    2         0  = U5_0
                     580M          7    8   F    -1  = U5_3
                     570M          4    6   F     1  = U3_2
                     580M         12    7        -1  = W1_1
                     570M          5    5   F     0  = U5_1
                     590M          7    3        -1  = U5_3
                     580M          5    1         0 != U3_1
 ! Time = 5801.67s, Average fail depth = 15, Memory usage = 2.5 GB
 !               Branches  Non-fixed    W       Branch decision
                     570M          6    4   F     1  = V0_3
                     580M          4    2   F    -1 != V3_3
                     590M          6    8   F    -1 != W4_1
                     590M         12    7   F     1 != U3_2
                     580M          5    6        -1 != W5_1
                     580M          6    5   F     1  = W3_2
                     600M         12    3         1  = V4_0
                     580M          4    4         1  = V4_0
                     590M          5    1         1  = U2_1
                     590M          5    2         0 != V2_0
                     600M          7    8         0  = V3_1
                     600M         11    7         1  = V3_1
                     590M          5    6   F     0  = V1_1
                     590M          6    5   F     0 != W2_1
                     610M          6    3   F     1  = V1_0
                     590M          5    4         0  = W1_3
                     600M          6    2   F    -1  = V2_0
                     600M          5    1   F     1 != V4_0
                     610M          6    8   F     1  = V2_3
                     610M         12    7        -1 != U3_1
 ! Time = 6044.34s, Average fail depth = 15, Memory usage = 2.6 GB
 !               Branches  Non-fixed    W       Branch decision
                     600M          5    6   F     1 != U3_1
                     600M          6    5        -1  = U4_1
                     620M          6    3         1  = U3_1
                     600M          4    4         0  = V3_0
                     610M          5    2   F    -1 != W2_1
                     610M          4    1         0  = V3_3
                     620M          6    8         1  = V4_0
                     620M          7    7        -1  = W2_3
                     610M          5    6   F    -1 != U1_2
                     610M          5    5        -1 != W2_2
                     630M          9    3   F    -1  = U5_3
                     610M          5    4         0  = U5_2
                     620M          5    1         0 != W2_3
                     620M          5    2   F    -1 != U1_1
                     630M          6    8   F     1  = W1_3
                     630M          7    7         0 != U4_1
                     620M          5    6        -1 != U2_2
                     620M          6    5        -1  = V5_3
                     640M         10    3         0  = V1_1
                     630M          5    1   F     1  = U5_1
 ! Time = 6306.52s, Average fail depth = 16, Memory usage = 2.7 GB
 !               Branches  Non-fixed    W       Branch decision
                     620M          4    4         0  = W5_3
                     640M         14    7   F    -1  = V0_1
                     640M          6    8   F    -1 != U5_2
                     630M          5    2         1 != V4_3
                     630M          5    6   F    -1  = V4_0
                     630M          5    5   F    -1 != U3_3
                     650M         14    3   F    -1  = V3_2
                     650M         12    7   F     1 != W1_3
                     630M          4    4         1 != U0_0
                     650M          7    8         0 != V0_1
                     640M          5    1         0  = W2_3
                     640M          5    6        -1  = V2_0
                     640M          5    2   F    -1  = U3_2
                     640M          5    5         1  = W5_1
                     660M          9    3        -1  = U0_3
                     660M          8    7   F    -1  = V5_0
                     640M          4    4         0 != U4_2
                     660M          7    8            -
                     650M          5    1         0  = V3_0
                     650M          4    6         1  = U2_3
 ! Time = 6535.15s, Average fail depth = 15, Memory usage = 2.8 GB
 !               Branches  Non-fixed    W       Branch decision
                     650M          5    2   F     0  = V5_3
                     650M          5    5         0  = V0_3
                     670M          8    3         0  = U3_0
                     670M          9    7   F    -1 != U5_1
                     650M          4    4   F     0  = V2_0
                     670M          6    8        -1  = U2_1
                     660M          4    6   F    -1 != W0_1
                     660M          5    2         0 != V2_0
                     660M          6    5   F    -1 != V0_0
                     660M          6    1   F     1 != V2_0
                     680M          9    7   F     1  = U2_2
                     680M          9    3         0 != V5_2
                     660M          4    4        -1  = W5_1
                     680M          6    8   F        -
                     670M          5    6        -1  = U0_2
                     670M          5    2   F     0  = U0_3
                     670M          5    5   F    -1 != V1_1
                     670M          5    1         0  = W3_2
                     690M         12    3   F     0  = U5_2
                     690M         10    7         1  = U3_2
 ! Time = 6794.95s, Average fail depth = 15, Memory usage = 3.0 GB
 !               Branches  Non-fixed    W       Branch decision
                     670M          4    4   F     1  = W5_1
                     690M          7    8            -
                     680M          6    6   F    -1  = U0_0
                     680M          5    2   F    -1  = V0_3
                     680M          5    5   F     0 != U0_1
                     680M          5    1   F     0 != V2_3
                     700M         12    3   F     1 != W3_0
                     700M         11    7         1 != U0_0
                     680M          4    4   F     0  = V5_1
                     700M          6    8   F    -1  = V4_0
                     690M          6    6   F     1  = V3_0
                     690M          6    2   F     1  = W5_1
                     690M          5    1   F    -1  = V4_0
                     710M          9    3   F     1  = U3_2
                     690M          5    5   F     1  = V0_0
                     710M          9    7         0  = U5_1
                     690M          4    4         1  = W5_3
                     710M          6    8   F        -
                     700M          4    6         1 != U2_2
                     700M          5    2   F    -1 != V3_1
 ! Time = 7060.90s, Average fail depth = 15, Memory usage = 3.1 GB
 !               Branches  Non-fixed    W       Branch decision
                     700M          5    1         0  = V5_3
                     720M          8    3   F    -1  = U2_0
                     720M          7    7   F     0 != W1_1
                     700M          4    4         0  = U3_0
                     700M          6    5   F     0  = V2_0
                     720M          7    8         1 != V4_1
                     710M          6    2   F    -1  = W5_2
submitit WARNING (2023-04-30 21:21:12,361) - Bypassing signal SIGCONT
submitit INFO (2023-04-30 21:21:12,380) - Job has timed out. Ran 119 minutes out of requested 121 minutes.
submitit WARNING (2023-04-30 21:21:12,380) - Caught signal SIGUSR2 on cpunode6: this job is timed-out.
submitit INFO (2023-04-30 21:21:12,380) - Not checkpointing nor requeuing since I am a slave (procid=2).
                     710M          6    6        -1  = W3_1
                     730M          8    3   F     0  = V2_2
                     710M          5    1         1  = W4_0
                     730M         10    7   F    -1  = V3_0
                     710M          4    4   F     0  = U0_1
                     710M          5    5         1  = U1_3
 ! ----------------------------------------------------------------------------
 ! Search terminated by limit, no solution found.
 ! ----------------------------------------------------------------------------
 ! Number of branches     : 5754636644
 ! Number of fails        : 2814783185
 ! Total memory usage     : 3.3 GB (3.3 GB CP Optimizer + 0.0 GB Concert)
 ! Time spent in solve    : 7200.04s (7200.04s engine + 0.00s extraction)
 ! Search speed (br. / s) : 799250.6
 ! ----------------------------------------------------------------------------
Unknown
Saving stats to: /h/30/pashootan/Matrix-Mult-CP/logs/2x2x2_6_Apr30_19:21:47/27538_2_stats.csv
submitit INFO (2023-04-30 21:21:50,063) - Job completed successfully
