submitit INFO (2023-04-30 19:21:49,217) - Starting with JobEnvironment(job_id=27538, hostname=cpunode6, local_rank=3(5), node=0(1), global_rank=3(5))
submitit INFO (2023-04-30 19:21:49,217) - Loading pickle: /h/30/pashootan/Matrix-Mult-CP/src/../logs/2x2x2_6_Apr30_19:21:47/27538_submitted.pkl
 ! --------------------------------------------------- CP Optimizer 22.1.1.0 --
 ! Satisfiability problem - 72 variables, 64 constraints
 ! TimeLimit            = 7200
 ! Workers              = 8
 ! LogPeriod            = 10000000
 ! RandomSeed           = 9620
 ! Initial process time : 0.01s (0.01s extraction + 0.00s propagation)
 !  . Log search space  : 114.1 (before), 114.1 (after)
 !  . Memory usage      : 431.0 kB (before), 431.0 kB (after)
 ! Using parallel search with 8 workers.
 ! ----------------------------------------------------------------------------
 !               Branches  Non-fixed    W       Branch decision
                   10000k          7    3   F     1  = W1_1
                   10000k          6    7   F     0  = U3_3
                   10000k          5    8         1  = W2_0
                   10000k          4    2        -1 != U3_0
                   10000k          4    5        -1 != V3_1
                   10000k          4    6   F    -1 != U2_0
                   10000k          5    4         1 != U3_1
                   10000k          4    1   F    -1 != V5_1
                   20000k          7    3   F    -1 != V2_1
                   20000k          5    8         1 != W2_1
                   20000k          4    4        -1 != W3_1
                   20000k          6    7        -1 != U1_1
                   20000k          4    2   F     1  = V4_2
                   20000k          4    6   F     0  = U0_3
                   20000k          4    5         0  = U3_2
                   20000k          4    1   F     0  = W1_2
                   30000k          8    3        -1 != V1_2
                   30000k          5    8   F     1  = U0_3
                   30000k          7    7   F    -1 != W4_0
                   30000k          4    4        -1 != W4_1
 ! Time = 285.28s, Average fail depth = 14, Memory usage = 199.3 MB
 !               Branches  Non-fixed    W       Branch decision
                   30000k          4    2   F    -1 != W1_2
                   30000k          4    6   F     1 != W4_0
                   30000k          4    5   F     0 != U5_3
                   30000k          4    1         0  = U4_1
                   40000k          7    3   F    -1 != V3_2
                   40000k          5    8   F     0  = U2_0
                   40000k          8    7   F     0  = W3_2
                   40000k          4    4         1  = U3_0
                   40000k          4    2        -1 != U3_0
                   40000k          4    6        -1  = W5_0
                   40000k          5    5   F     1 != W3_2
                   40000k          4    1        -1 != U5_2
                   50000k          5    8         1 != W1_1
                   50000k          8    7         1 != U1_3
                   50000k          4    4   F     1 != W2_2
                   50000k          7    3        -1  = U1_2
                   50000k          4    2         0 != U1_0
                   50000k          4    5   F     0  = U3_0
                   50000k          4    6         0 != W1_0
                   50000k          4    1         0  = W4_2
 ! Time = 493.25s, Average fail depth = 14, Memory usage = 337.4 MB
 !               Branches  Non-fixed    W       Branch decision
                   60000k          7    7        -1 != U2_0
                   60000k          5    8         1  = U4_3
                   60000k          5    4         0  = U1_0
                   60000k          4    2   F     1 != W3_0
                   60000k          8    3         0 != V1_1
                   60000k          5    5   F     0  = V3_0
                   60000k          4    6   F    -1 != V1_3
                   60000k          4    1   F     1  = U5_2
                   70000k          7    7   F    -1  = V4_0
                   70000k          5    8        -1  = V1_3
                   70000k          4    4         0  = V4_2
                   70000k          8    3        -1  = V5_3
                   70000k          4    2   F    -1  = U4_0
                   70000k          4    5         1 != W4_3
                   70000k          4    6   F     1  = U0_1
                   70000k          5    1   F    -1 != U3_0
                   80000k          8    7   F    -1 != V0_2
                   80000k          5    8            -
                   80000k          4    4         0  = W3_2
                   80000k          6    3         0 != V1_2
 ! Time = 777.98s, Average fail depth = 14, Memory usage = 515.6 MB
 !               Branches  Non-fixed    W       Branch decision
                   80000k          4    2   F    -1  = W3_3
                   80000k          4    5   F     1  = W2_2
                   80000k          4    6         1 != V4_1
                   80000k          4    1   F     0  = U3_1
                   90000k          9    7        -1  = U4_1
                   90000k          5    8            -
                   90000k          7    3        -1  = V3_1
                   90000k          4    4         0  = W5_2
                   90000k          4    2   F     1 != W3_2
                   90000k          5    5         1 != U0_3
                   90000k          4    6   F     0  = U4_2
                   90000k          5    1         0  = U2_0
                     100M          5    8         1  = V4_3
                     100M          7    3   F     0 != U4_2
                     100M          8    7   F     0  = V2_2
                     100M          4    4         0 != W3_2
                     100M          4    2         0 != V3_1
                     100M          4    6        -1  = V5_2
                     100M          5    5        -1 != U5_2
                     100M          5    1         0  = U4_2
 ! Time = 998.58s, Average fail depth = 14, Memory usage = 658.2 MB
 !               Branches  Non-fixed    W       Branch decision
                     110M          5    8   F    -1  = V1_1
                     110M          5    3        -1 != W3_2
                     110M          7    7         0 != W1_0
                     110M          4    4   F     1 != W2_0
                     110M          4    2   F    -1 != W1_0
                     110M          5    5         0  = W1_0
                     110M          4    6         0 != U5_2
                     110M          5    1   F     0  = W5_2
                     120M          5    8   F     1  = W0_1
                     120M          6    7        -1  = V4_3
                     120M          4    4   F     1  = W2_0
                     120M          6    3         0  = V0_3
                     120M          4    2         1 != U3_2
                     120M          4    5   F     1  = W1_3
                     120M          6    6   F     1 != U2_1
                     120M          5    1         0  = V3_0
                     130M          4    8   F    -1  = V4_1
                     130M          6    7   F    -1  = U4_0
                     130M          6    3         1  = U3_2
                     130M          4    4   F     1  = W5_3
 ! Time = 1270.34s, Average fail depth = 15, Memory usage = 794.9 MB
 !               Branches  Non-fixed    W       Branch decision
                     130M          4    2   F     0 != V1_1
                     130M         10    6        -1  = V2_3
                     130M          5    5         0  = W5_0
                     130M          5    1   F    -1  = U4_1
                     140M          5    7        -1 != V1_1
                     140M          4    8   F     0  = U4_0
                     140M          7    3   F    -1  = W0_2
                     140M          5    4         1  = V4_2
                     140M          4    2         1  = U4_0
                     140M          6    6   F     1 != W1_1
                     140M          5    1         1  = W2_3
                     140M          8    5         0  = W2_0
                     150M          4    8        -1  = W1_1
                     150M         10    3   F     1 != U5_1
                     150M          9    7   F     0 != W4_1
                     150M         10    4   F     0  = V4_1
                     150M          7    2         1  = U1_2
                     150M          4    6        -1  = W3_2
                     150M          4    1         1 != V0_2
                     150M          9    5        -1 != U5_1
 ! Time = 1515.54s, Average fail depth = 15, Memory usage = 837.0 MB
 !               Branches  Non-fixed    W       Branch decision
                     160M          5    8         1 != U0_2
                     160M          8    3   F     0 != U4_1
                     160M          8    7        -1 != W2_2
                     160M          8    4   F     0 != V0_2
                     160M          7    2         1 != V2_0
                     160M          5    6   F     0  = V5_3
                     160M          5    1   F     1 != V1_1
                     160M          5    5        -1  = U2_0
                     170M          5    8         0 != W1_2
                     170M          6    3        -1 != U4_3
                     170M          7    7   F    -1 != U5_2
                     170M          9    4   F     0  = U1_2
                     170M          4    6        -1 != V5_2
                     170M          8    2         0  = W3_0
                     170M          4    1        -1  = W5_2
                     170M          8    5   F     1 != V3_0
                     180M          5    8         0 != V0_3
                     180M         11    3         0 != V1_3
                     180M          9    7   F     1  = W4_1
                     180M          4    6         1  = W5_3
 ! Time = 1792.18s, Average fail depth = 15, Memory usage = 893.5 MB
 !               Branches  Non-fixed    W       Branch decision
                     180M          5    4   F     1 != U4_3
                     180M          5    1         1 != U2_1
                     180M          7    2         0 != V3_1
                     180M          6    5         0  = U5_2
                     190M          4    8        -1 != U5_0
                     190M          6    3        -1  = V2_0
                     190M          7    7         1 != U4_1
                     190M          4    6         0  = U4_1
                     190M          6    4   F     1  = U5_2
                     190M          4    2   F    -1  = U3_0
                     190M          5    1   F     1 != U0_2
                     190M          5    5         0 != V0_2
                     200M          9    3   F     0 != U4_0
                     200M          5    8   F    -1 != U5_2
                     200M          7    7   F     0  = U4_3
                     200M          4    6   F    -1 != W0_1
                     200M          4    4         1 != W3_2
                     200M          4    2   F    -1 != U4_0
                     200M          5    1   F    -1  = W2_3
                     200M          4    5         0 != W0_3
 ! Time = 2033.08s, Average fail depth = 16, Memory usage = 987.5 MB
 !               Branches  Non-fixed    W       Branch decision
                     210M          5    8         0  = V4_1
                     210M          8    3         0  = U4_0
                     210M          9    7   F    -1 != W4_1
                     210M          4    6        -1 != V1_0
                     210M          5    4        -1  = U5_2
                     210M          4    2         1 != U5_2
                     210M          5    1   F    -1 != U1_0
                     210M          5    5   F    -1  = V3_3
                     220M          4    8   F     0  = V3_0
                     220M          6    3         0  = U4_0
                     220M          9    7         1  = V4_1
                     220M          4    6         1 != W5_0
                     220M          4    4   F    -1 != V1_2
                     220M          4    2   F     1 != U4_2
                     220M          7    1         0  = U5_3
                     220M          5    5         0  = U2_3
                     230M          5    8   F     0  = U3_0
                     230M          6    3         1  = U5_1
                     230M          9    7   F    -1 != W0_2
                     230M          5    4        -1  = V1_2
 ! Time = 2297.29s, Average fail depth = 16, Memory usage = 1.1 GB
 !               Branches  Non-fixed    W       Branch decision
                     230M          4    6   F     0  = U5_2
                     230M          4    2   F    -1 != V5_1
                     230M          5    5         0  = W2_3
                     230M          6    1         0  = U5_1
                     240M          5    8   F    -1 != U4_0
                     240M          8    3         0 != V5_2
                     240M          8    7        -1  = V1_1
                     240M          5    4   F     0  = V2_2
                     240M          4    6        -1 != U5_1
                     240M          4    2   F     1 != U2_3
                     240M          5    5   F     0  = W5_3
                     250M          5    8   F     1 != W0_1
                     240M          6    1   F     0  = V4_3
                     250M          7    3         0 != U5_2
                     250M          6    7         1 != U2_1
                     250M          4    4        -1 != W2_3
                     250M          4    6         0 != V3_0
                     250M          4    2         1 != U3_0
                     250M          5    5         1  = W3_2
                     260M          5    8   F     1  = W5_3
 ! Time = 2532.90s, Average fail depth = 16, Memory usage = 1.2 GB
 !               Branches  Non-fixed    W       Branch decision
                     260M          7    3         1 != U3_0
                     260M         11    7         1  = V2_0
                     250M          8    1        -1 != V2_3
                     260M          4    6         0 != W0_3
                     260M          4    4   F    -1 != U3_0
                     260M          4    2         1 != U2_0
                     260M          5    5         1  = V1_1
                     270M          4    8   F     1  = W0_3
                     270M          7    7         0 != V3_1
                     270M         11    3        -1 != V4_1
                     260M          6    1        -1  = W5_2
                     270M          5    4   F     0 != V4_1
                     270M          4    6   F     1 != U1_1
                     270M          4    2   F    -1 != V4_0
                     270M          6    5         1 != U5_1
                     280M         12    7   F     0  = U2_0
                     280M          4    8            -
                     280M          6    3   F     0 != U0_1
                     270M          6    1         1 != V1_3
                     280M          4    4         0  = V4_0
 ! Time = 2775.42s, Average fail depth = 15, Memory usage = 1.3 GB
 !               Branches  Non-fixed    W       Branch decision
                     280M          4    6   F    -1  = U1_1
                     280M          4    2        -1 != U0_1
                     280M          6    5   F     0 != V5_3
                     290M          8    3   F     1  = U5_3
                     290M         10    7   F    -1 != W3_3
                     290M          5    8   F    -1 != U5_3
                     280M          7    1   F     0  = W4_0
                     290M          5    4   F    -1 != W0_0
                     290M          4    6   F    -1  = W5_1
                     290M          4    2   F    -1 != W5_0
                     300M          7    3   F    -1  = W5_3
                     290M          5    5   F     0  = V0_3
                     300M          8    7         0 != V5_3
                     300M          5    8            -
                     300M          5    4        -1  = V4_1
                     290M          6    1   F    -1 != U2_0
                     300M          4    6         0 != W4_3
                     300M          4    2        -1 != V2_2
                     310M         13    3         0 != W1_0
                     300M          5    5   F     1  = V5_1
 ! Time = 3015.52s, Average fail depth = 15, Memory usage = 1.3 GB
 !               Branches  Non-fixed    W       Branch decision
                     310M         11    7   F    -1 != V2_2
                     310M          5    8        -1  = V4_2
                     310M          5    4        -1 != W0_0
                     300M          7    1   F     1 != W4_2
                     310M          4    6         0 != U4_2
                     310M          4    2        -1  = U0_0
                     320M          7    3        -1 != V2_2
                     320M          7    7        -1 != W1_3
                     310M          5    5         0  = U5_3
                     320M          5    8   F     1 != W3_1
                     320M          5    4   F     0  = W3_0
                     320M          4    6         0  = W5_1
                     310M          5    1   F     1  = V1_3
                     330M         10    3   F     1  = W3_2
                     320M          4    2         1 != U0_2
                     330M          6    7   F    -1  = W4_0
                     320M          4    5   F    -1  = V0_3
                     330M          5    8   F    -1  = W3_1
                     330M          4    4         1  = U4_2
                     330M          4    6        -1 != W5_1
 ! Time = 3286.31s, Average fail depth = 16, Memory usage = 1.5 GB
 !               Branches  Non-fixed    W       Branch decision
                     320M          4    1   F     1 != U3_2
                     340M          6    3         1 != V5_0
                     330M          4    2         1 != U2_0
                     340M          9    7         0 != U5_0
                     340M          4    8         1  = U5_2
                     330M          4    5   F     0  = W5_1
                     340M          5    6   F     0 != U3_1
                     340M          5    4   F    -1 != V0_0
                     330M          5    1   F    -1  = W4_2
                     350M          8    3        -1  = W5_3
                     340M          4    2         0 != U5_3
                     350M          6    7        -1 != U5_3
                     350M          4    8        -1  = W0_1
                     340M          5    5   F    -1  = V2_3
                     350M          5    6         0 != V4_2
                     350M          5    4   F     0  = W3_3
                     360M          9    3   F     0 != W0_2
                     340M          5    1         0  = U3_2
                     360M          6    7         0  = V0_2
                     350M          4    2   F    -1  = V3_1
 ! Time = 3514.88s, Average fail depth = 16, Memory usage = 1.5 GB
 !               Branches  Non-fixed    W       Branch decision
                     360M          4    8         0 != V0_2
                     350M          6    5   F     0  = U4_0
                     360M          4    6   F    -1  = V1_0
                     360M          4    4   F     0  = V0_0
                     370M          9    3   F    -1 != U1_1
                     350M          5    1         0 != V4_1
                     370M          8    7         0  = U1_0
                     370M          4    8        -1  = U0_0
                     360M          4    2   F     1 != U0_3
                     360M          5    5   F     0  = W4_3
                     370M          4    6         0  = W1_2
                     370M          4    4         1 != V2_0
                     380M          6    3   F    -1 != U0_0
                     360M          5    1         1  = W0_0
                     380M          6    7        -1 != W3_2
                     380M          4    8   F     1  = V2_2
                     370M          5    5         1 != V4_1
                     370M          4    2        -1  = W2_3
                     380M          4    6         0  = W0_0
                     380M          4    4   F     0 != U3_0
 ! Time = 3775.33s, Average fail depth = 16, Memory usage = 1.7 GB
 !               Branches  Non-fixed    W       Branch decision
                     390M          7    3         1 != U3_0
                     370M          4    1   F     0  = U2_2
                     390M          8    7   F     1  = W0_0
                     390M          4    8        -1 != W3_0
                     380M          5    5        -1 != V5_0
                     380M          4    2   F    -1 != W4_2
                     400M          7    3   F     1  = U4_1
                     390M          4    6        -1 != U3_2
                     390M          5    4   F    -1 != V5_0
                     380M          6    1   F    -1  = U3_1
                     400M          7    7         0 != U1_0
                     400M          4    8            -
                     390M          6    5        -1 != W2_3
                     390M          4    2   F     0  = U5_2
                     410M          9    3   F     0 != W5_2
                     400M          4    6         1 != V2_2
                     390M          5    1   F    -1  = W1_0
                     410M         12    7   F    -1 != W4_1
                     400M          5    4   F    -1  = W1_0
                     410M          4    8   F     1  = V3_3
 ! Time = 4008.42s, Average fail depth = 16, Memory usage = 1.8 GB
 !               Branches  Non-fixed    W       Branch decision
                     400M          6    5         0  = U0_3
                     400M          4    2   F     1 != V3_0
                     420M         11    3        -1 != V2_2
                     410M          5    6   F     0  = U1_1
                     400M          5    1         0 != W1_0
                     420M          8    7        -1 != W4_1
                     420M          5    8   F    -1 != W4_2
                     410M          5    4         1  = V5_2
                     410M          6    5         0 != V4_3
                     410M          4    2   F     1  = U5_2
                     430M          8    3         0 != W3_2
                     420M          4    6         0 != V2_2
                     410M          6    1        -1 != W5_0
                     430M         12    7        -1  = W0_3
                     430M          4    8   F     1  = U4_2
                     420M          6    5   F     1 != U0_0
                     420M          5    4   F    -1 != W5_3
                     420M          4    2        -1  = U0_2
                     440M          6    3   F     1 != V1_2
                     430M          5    6         1 != V2_3
 ! Time = 4268.74s, Average fail depth = 16, Memory usage = 1.9 GB
 !               Branches  Non-fixed    W       Branch decision
                     420M          6    1         1 != V5_3
                     440M         12    7         1 != U1_1
                     440M          4    8         0 != U2_0
                     430M          5    5        -1 != W0_3
                     430M          4    2        -1  = V1_0
                     430M          6    4   F     1  = U3_2
                     450M         10    3         0 != W5_3
                     440M          4    6        -1  = V0_0
                     430M          5    1         1  = W5_2
                     450M          7    7         1 != V4_0
                     450M          4    8            -
                     440M          5    5   F     0  = W2_3
                     440M          4    2   F     1 != U5_2
                     440M          5    4         1  = V2_2
                     460M          7    3   F     0  = W4_1
                     450M          5    6   F     0  = V4_0
                     440M          6    1         0  = V0_2
                     460M          4    8   F     0  = U4_0
                     450M          5    5   F     1  = W0_0
                     450M          4    2   F     1 != W3_0
 ! Time = 4511.95s, Average fail depth = 16, Memory usage = 2.0 GB
 !               Branches  Non-fixed    W       Branch decision
                     460M          7    7        -1 != W3_0
                     450M          5    4   F    -1 != U0_2
                     470M          7    3   F    -1 != U5_0
                     460M          4    6   F     0  = U0_0
                     450M          5    1         0 != U1_3
                     470M          4    8   F     1  = W5_2
                     460M          5    5   F    -1 != U5_2
                     470M          7    7         0 != W1_3
                     460M          4    2   F     1 != W1_2
                     460M          5    4        -1  = W0_3
                     480M          7    3         0 != W5_2
                     470M          4    6        -1  = V3_0
                     460M          5    1         0 != V0_1
                     480M          4    8         0 != W3_3
                     470M          6    5        -1  = V3_1
                     480M          9    7   F    -1  = V3_2
                     470M          4    2         0  = W4_2
                     470M          5    4   F     1 != W2_3
                     490M          7    3   F     0 != V1_2
                     480M          4    6         0  = V5_2
 ! Time = 4766.08s, Average fail depth = 16, Memory usage = 2.1 GB
 !               Branches  Non-fixed    W       Branch decision
                     470M          5    1         1 != V1_0
                     490M          4    8         1  = W2_2
                     480M          6    5   F    -1  = U0_2
                     490M         13    7   F    -1  = W1_2
                     480M          5    4   F     0 != V0_0
                     480M          4    2        -1 != U5_0
                     500M         12    3   F     1  = U4_1
                     490M          4    6   F     0  = V0_2
                     480M          6    1         1  = W2_2
                     500M          4    8   F     0  = W3_1
                     490M          5    5         1 != U3_1
                     500M         11    7   F     0  = V1_2
                     490M          5    4   F     1  = U2_0
                     490M          4    2        -1  = W4_2
                     510M          6    3   F     1 != W4_0
                     490M          5    1   F    -1  = W1_0
                     500M          5    6         0 != W0_0
                     510M          4    8   F    -1  = U4_0
                     500M          5    5   F     1 != V3_3
                     510M         10    7   F    -1  = W3_1
 ! Time = 4997.92s, Average fail depth = 16, Memory usage = 2.2 GB
 !               Branches  Non-fixed    W       Branch decision
                     500M          5    4   F     0 != U2_3
                     500M          4    2   F     1  = U2_1
                     520M          7    3   F     1  = W4_2
                     500M         10    1   F    -1  = U0_1
                     510M          4    6         1 != W4_2
                     520M         10    7   F     1  = U2_1
                     520M          4    8   F    -1 != W4_1
                     510M          6    5         0  = U0_1
                     510M          4    4   F     0  = V2_0
                     510M          4    2        -1  = U5_2
                     530M         10    3        -1  = W2_0
                     510M          5    1   F    -1  = W2_1
                     520M          4    6         1 != U4_0
                     520M          5    5        -1  = U3_2
                     530M          4    8         0 != V3_3
                     530M          8    7         0  = U2_2
                     520M          5    4   F    -1 != W5_0
                     520M          5    2        -1  = W2_2
                     540M          8    3   F    -1  = V3_1
                     530M          4    6   F    -1 != W5_2
 ! Time = 5262.48s, Average fail depth = 16, Memory usage = 2.3 GB
 !               Branches  Non-fixed    W       Branch decision
                     520M          5    1         0 != U3_3
                     530M          5    5   F    -1 != W2_2
                     540M          4    8         1  = U3_3
                     540M          8    7         0 != V5_0
                     530M          4    4   F     0  = U3_0
                     530M          4    2         0 != V5_0
                     550M          6    3        -1 != V1_1
                     530M          5    1        -1  = U3_1
                     540M          4    6   F    -1 != W0_1
                     540M          5    5         1 != U2_2
                     550M          4    8        -1  = W3_2
                     550M         11    7        -1  = U1_2
                     540M          5    4         0 != W3_0
                     540M          4    2   F     0 != W1_2
                     560M          8    3   F    -1 != W3_0
                     540M          5    1   F     0 != U2_2
                     550M          4    6   F     0  = U1_3
                     550M          4    5   F     0  = U3_0
                     560M          4    8         0  = W1_0
                     560M         14    7   F     0  = U5_0
 ! Time = 5487.84s, Average fail depth = 16, Memory usage = 2.4 GB
 !               Branches  Non-fixed    W       Branch decision
                     550M          5    4   F     1 != V1_2
                     550M          4    2         1  = V0_1
                     570M         11    3   F     1  = U1_1
                     550M          5    1   F     1 != W0_2
                     570M         11    7        -1 != V1_2
                     560M          4    6         0  = V0_2
                     560M          4    5   F    -1 != U1_1
                     570M          4    8   F    -1 != W3_3
                     560M          4    4        -1  = V0_2
                     560M          4    2         1  = V0_1
                     580M         12    3         1  = W0_1
                     560M          5    1         0 != V4_0
                     570M          5    5        -1 != U3_2
                     580M          9    7   F    -1  = U2_2
                     580M          4    8   F    -1 != V4_0
                     570M          4    6   F     1 != W2_2
                     570M          4    2         0  = V2_0
                     570M          6    4         0 != V5_2
                     590M         13    3   F    -1  = V4_1
                     570M          6    1   F     1  = U2_0
 ! Time = 5747.25s, Average fail depth = 16, Memory usage = 2.5 GB
 !               Branches  Non-fixed    W       Branch decision
                     590M          9    7        -1  = W5_2
                     590M          4    8        -1  = V4_0
                     580M          4    6        -1 != U0_2
                     580M          6    5   F     1  = V5_3
                     580M          4    2   F     1  = U4_1
                     580M          5    4         0 != U0_0
                     600M          5    3         0 != W5_1
                     580M          6    1   F    -1 != W3_1
                     590M          4    6   F    -1  = V0_2
                     600M          8    7   F     1 != W4_1
                     600M          4    8         1 != W2_2
                     590M          5    5         0  = U4_3
                     590M          4    2         1  = W3_2
                     590M          5    4         1 != V4_0
                     610M          6    3   F    -1  = V5_2
                     590M          5    1   F     0  = W2_1
                     600M          4    6         0 != V2_0
                     610M         12    7        -1  = U3_1
                     610M          4    8         1  = U1_3
                     600M          5    5   F     0  = U1_1
 ! Time = 5992.04s, Average fail depth = 16, Memory usage = 2.6 GB
 !               Branches  Non-fixed    W       Branch decision
                     600M          4    2         1  = U3_0
                     600M          4    4        -1  = W1_2
                     620M          7    3        -1 != V3_1
                     600M          6    1         1  = V2_1
                     610M          4    6   F     0  = W0_2
                     620M          4    8         1 != V4_1
                     620M          9    7         0 != V4_2
                     610M          6    5   F    -1 != W1_0
                     610M          4    2        -1 != W1_0
                     610M          5    4         1  = U3_1
                     630M         12    3        -1 != V2_1
                     610M          6    1         0 != V0_1
                     620M          4    6   F     1  = V5_3
                     630M          4    8   F     0 != V2_2
                     630M          9    7         0 != U2_0
                     620M          5    5   F     0 != V3_3
                     620M          4    2         1  = U3_0
                     620M          5    4   F     1 != V3_0
                     640M         12    3         1 != W0_3
                     620M          5    1   F     1 != V3_1
 ! Time = 6246.23s, Average fail depth = 16, Memory usage = 2.7 GB
 !               Branches  Non-fixed    W       Branch decision
                     630M          4    6   F    -1  = W5_2
                     640M          4    8            -
                     640M          6    7        -1 != U2_1
                     630M          4    2         0 != W1_0
                     630M          5    5   F    -1 != V3_1
                     630M          5    4   F     1  = V4_0
                     650M          8    3         0 != W5_0
                     630M          5    1   F     1  = V3_2
                     640M          4    6   F    -1  = W3_0
                     650M         10    7   F    -1  = V4_1
                     650M          4    8        -1  = U5_0
                     640M          4    5   F    -1 != V1_0
                     640M          4    2   F     1 != V0_1
                     640M          5    4   F     1  = W0_2
                     660M         10    3   F    -1 != V0_2
                     650M          4    6   F     1  = W3_1
                     640M          6    1   F     1  = W4_2
                     660M         10    7   F     1  = U2_0
                     660M          4    8         0  = V0_1
                     650M          4    2        -1  = U3_3
 ! Time = 6495.29s, Average fail depth = 16, Memory usage = 2.8 GB
 !               Branches  Non-fixed    W       Branch decision
                     650M          5    4        -1 != U1_0
                     670M         12    3   F     1  = W2_0
                     650M          8    5   F     1  = W4_1
                     660M          5    6   F    -1 != W2_2
                     650M          5    1        -1 != V2_0
                     670M          8    7   F    -1 != U1_0
                     670M          4    8        -1 != W5_3
                     660M          4    2        -1  = V3_2
                     660M          4    4   F    -1  = W0_2
                     680M          6    3         1  = U2_3
                     660M          5    5         1  = W5_1
                     670M          4    6         1 != W0_3
                     660M          6    1         0 != U1_3
                     680M         10    7         0 != U0_0
                     680M          4    8   F     0  = W5_1
                     670M          4    2   F    -1  = U3_0
                     670M          4    4         1  = W3_2
                     670M          5    5         0  = W0_2
                     690M          6    3        -1 != W3_3
                     680M          4    6         0  = U0_0
 ! Time = 6750.64s, Average fail depth = 16, Memory usage = 3.0 GB
 !               Branches  Non-fixed    W       Branch decision
                     670M          5    1         1 != V2_1
                     690M         12    7        -1 != U1_2
                     690M          4    8   F    -1 != W5_3
                     680M          4    2   F     0  = W0_3
                     680M          5    4   F    -1  = U4_1
                     680M          6    5        -1 != U0_2
                     700M          5    3         0 != W2_0
                     690M          5    6        -1  = U5_1
                     680M          5    1   F     1 != V3_0
                     700M         11    7   F     1  = U0_3
                     700M          4    8   F    -1  = U4_0
                     690M          4    2   F    -1  = V2_1
                     690M          5    4   F     0  = V2_1
                     690M          6    5   F     0 != U5_1
                     710M          7    3         0  = U1_1
                     700M          4    6   F    -1  = U5_3
                     690M          4    1         0  = V5_1
                     710M          4    8        -1  = U5_3
                     710M          8    7         0 != W1_2
                     700M          4    2   F     1  = V1_2
 ! Time = 6993.62s, Average fail depth = 16, Memory usage = 3.0 GB
 !               Branches  Non-fixed    W       Branch decision
                     720M          8    3   F    -1 != V2_2
                     700M          5    4         1 != W0_0
                     700M          5    5        -1  = W3_3
                     710M          4    6   F    -1  = U0_0
                     720M          4    8         0  = W5_1
                     700M          6    1   F     1 != U4_3
                     720M          9    7   F     0 != W5_2
                     730M         12    3   F    -1  = V2_1
                     710M          4    2   F     0  = U4_2
                     710M          6    5         1  = U4_2
                     710M          5    4         0 != W0_2
                     720M          4    6         1 != W4_1
                     730M          4    8        -1  = U5_0
submitit WARNING (2023-04-30 21:21:12,361) - Bypassing signal SIGCONT
submitit INFO (2023-04-30 21:21:12,380) - Job has timed out. Ran 119 minutes out of requested 121 minutes.
submitit WARNING (2023-04-30 21:21:12,380) - Caught signal SIGUSR2 on cpunode6: this job is timed-out.
submitit INFO (2023-04-30 21:21:12,380) - Not checkpointing nor requeuing since I am a slave (procid=3).
                     730M          6    7   F     1  = W0_1
                     710M          5    1         1 != V3_0
                     740M          7    3   F     1 != W3_0
                     720M          4    2         1 != V5_2
                     720M          5    5        -1 != W0_2
 ! ----------------------------------------------------------------------------
 ! Search terminated by limit, no solution found.
 ! ----------------------------------------------------------------------------
 ! Number of branches     : 5807070707
 ! Number of fails        : 2839296464
 ! Total memory usage     : 3.3 GB (3.3 GB CP Optimizer + 0.0 GB Concert)
 ! Time spent in solve    : 7200.05s (7200.04s engine + 0.01s extraction)
 ! Search speed (br. / s) : 806533.1
 ! ----------------------------------------------------------------------------
Unknown
Saving stats to: /h/30/pashootan/Matrix-Mult-CP/logs/2x2x2_6_Apr30_19:21:47/27538_3_stats.csv
submitit INFO (2023-04-30 21:21:50,133) - Job completed successfully
