submitit INFO (2023-04-30 19:21:49,217) - Starting with JobEnvironment(job_id=27538, hostname=cpunode6, local_rank=4(5), node=0(1), global_rank=4(5))
submitit INFO (2023-04-30 19:21:49,217) - Loading pickle: /h/30/pashootan/Matrix-Mult-CP/src/../logs/2x2x2_6_Apr30_19:21:47/27538_submitted.pkl
 ! --------------------------------------------------- CP Optimizer 22.1.1.0 --
 ! Satisfiability problem - 72 variables, 64 constraints
 ! TimeLimit            = 7200
 ! Workers              = 8
 ! LogPeriod            = 10000000
 ! RandomSeed           = 9276
 ! Initial process time : 0.00s (0.00s extraction + 0.00s propagation)
 !  . Log search space  : 114.1 (before), 114.1 (after)
 !  . Memory usage      : 431.0 kB (before), 431.0 kB (after)
 ! Using parallel search with 8 workers.
 ! ----------------------------------------------------------------------------
 !               Branches  Non-fixed    W       Branch decision
                   10000k          7    7         0  = V0_1
                   10000k          8    3   F    -1  = V3_2
                   10000k          7    8         0  = U3_0
                   10000k          4    4         1  = U0_2
                   10000k          4    1         1 != V1_0
                   10000k          4    2   F     1 != W3_1
                   10000k          4    6   F    -1 != W1_1
                   10000k          4    5         1  = U1_2
                   20000k          7    3   F    -1  = U1_0
                   20000k          6    7   F     0 != V2_2
                   20000k          6    8        -1 != W0_1
                   20000k          5    4   F     1  = W2_3
                   20000k          5    1         1 != W0_0
                   20000k          4    6   F     0  = V4_1
                   20000k          4    2   F    -1 != W0_0
                   20000k          4    5   F     0  = U3_1
                   30000k          7    8   F     1 != V5_3
                   30000k          9    3   F    -1  = U0_3
                   30000k          6    7   F    -1  = U3_1
                   30000k          4    4         1  = V1_1
 ! Time = 295.21s, Average fail depth = 14, Memory usage = 200.8 MB
 !               Branches  Non-fixed    W       Branch decision
                   30000k          4    6         0 != U5_0
                   30000k          5    2   F     0 != W4_3
                   30000k          4    1   F    -1  = W4_0
                   30000k          4    5        -1  = U0_2
                   40000k          7    8            -
                   40000k          6    3        -1 != W2_1
                   40000k          4    7         0 != V3_0
                   40000k          5    4        -1 != V4_0
                   40000k          4    6   F     0  = V2_1
                   40000k          4    1        -1 != U0_2
                   40000k          5    2   F    -1 != W2_3
                   40000k          5    5   F     1  = U5_0
                   50000k          6    8   F     1 != U1_3
                   50000k         10    3   F     0  = W3_0
                   50000k          7    7         0  = W3_0
                   50000k          4    4   F     1 != W3_3
                   50000k          4    1   F    -1  = V0_3
                   50000k          4    6   F     1  = W4_2
                   50000k          4    2         0  = U1_2
                   50000k          4    5         0  = V4_3
 ! Time = 504.46s, Average fail depth = 14, Memory usage = 330.3 MB
 !               Branches  Non-fixed    W       Branch decision
                   60000k          6    8         0  = W0_1
                   60000k          7    3         1  = V3_0
                   60000k          4    7   F    -1  = V0_0
                   60000k          4    1   F    -1 != U5_2
                   60000k          4    4   F    -1 != U5_3
                   60000k          4    6   F     0  = W3_3
                   60000k          4    2         0 != V4_0
                   60000k          5    5         0 != W1_1
                   70000k          9    3         1  = U2_2
                   70000k          6    8            -
                   70000k          5    7        -1 != V0_2
                   70000k          5    1   F    -1 != V0_2
                   70000k          5    4   F     1 != V0_0
                   70000k          5    2   F    -1  = U2_3
                   70000k          4    6   F     1  = U0_2
                   70000k          5    5        -1 != W2_3
                   80000k          7    3        -1  = U3_3
                   80000k          7    8        -1 != W3_1
                   80000k          9    7        -1  = W2_3
                   80000k          5    1   F     1  = U4_3
 ! Time = 793.78s, Average fail depth = 14, Memory usage = 512.6 MB
 !               Branches  Non-fixed    W       Branch decision
                   80000k          4    4         0  = U3_0
                   80000k          4    6   F     1  = U1_2
                   80000k          5    2         0 != U5_3
                   80000k          5    5         0  = U4_1
                   90000k          6    3   F    -1 != U4_2
                   90000k          7    8         0 != V3_3
                   90000k          8    7         1  = W1_0
                   90000k          5    1   F     0 != W0_3
                   90000k          5    4   F     0  = W1_0
                   90000k          4    2   F    -1  = V5_3
                   90000k          4    6   F     1 != W1_3
                   90000k          5    5         1 != W4_3
                     100M         10    3        -1  = V4_0
                     100M          7    8         0 != W2_0
                     100M          6    7         0  = V5_1
                     100M          5    1         1 != U2_0
                     100M          4    2   F    -1 != W3_3
                     100M          5    4         0  = W5_1
                     100M          4    6   F    -1  = W3_2
                     100M          5    5        -1 != W1_2
 ! Time = 1014.92s, Average fail depth = 14, Memory usage = 651.1 MB
 !               Branches  Non-fixed    W       Branch decision
                     110M         11    3         1 != U5_2
                     110M          6    8        -1 != V4_1
                     110M          8    7        -1  = V2_3
                     110M          4    2   F     0  = V4_2
                     110M          5    1   F     0  = V2_3
                     110M          4    6         0 != U0_1
                     110M          4    4   F     1 != V5_1
                     110M          5    5         0  = W4_3
                     120M          7    3         0 != U4_2
                     120M          7    8   F     1  = V4_3
                     120M          6    7   F    -1 != U0_2
                     120M          5    1   F     0  = U5_1
                     120M          4    2         1 != V5_2
                     120M          4    6   F     0  = W3_1
                     120M          4    4   F    -1 != V4_3
                     120M          7    5         1  = U1_1
                     130M          7    3        -1  = V2_3
                     130M          6    8   F    -1  = W3_3
                     130M          8    7        -1 != U1_1
                     130M          5    1   F     1  = W3_0
 ! Time = 1291.86s, Average fail depth = 14, Memory usage = 796.6 MB
 !               Branches  Non-fixed    W       Branch decision
                     130M          4    2         1 != V5_0
                     130M          4    6         1 != V5_3
                     130M          4    4         0  = W1_1
                     130M          7    5   F     1  = W4_3
                     140M          8    3   F    -1  = W1_2
                     140M          6    8   F     1  = V2_0
                     140M          7    7   F     1 != U2_0
                     140M          5    1   F     1 != W3_3
                     140M          4    6   F    -1  = U5_0
                     140M          4    2         0 != V0_2
                     140M          4    4   F     1 != V3_3
                     150M          9    3        -1  = W1_3
                     140M          7    5   F     0  = U1_0
                     150M          7    7        -1  = W3_2
                     150M          6    8   F        -
                     150M          5    1   F    -1  = V1_0
                     150M          4    6        -1 != U3_0
                     150M          4    2   F    -1  = V3_3
                     150M          4    4         1 != V0_2
                     160M          6    3        -1  = V1_2
 ! Time = 1549.14s, Average fail depth = 15, Memory usage = 922.9 MB
 !               Branches  Non-fixed    W       Branch decision
                     150M          6    5         1 != U3_3
                     160M          9    7        -1  = U2_3
                     160M          7    8   F    -1  = V3_2
                     160M          5    1         1  = V4_0
                     160M          4    6   F    -1 != U3_3
                     160M          5    2         0 != U3_1
                     160M          5    4         1 != W0_0
                     170M         10    3   F    -1  = U5_2
                     160M          6    5        -1 != U4_2
                     170M         12    7         0 != V1_2
                     170M          5    8   F     1 != W4_0
                     170M          4    6   F    -1  = V4_2
                     170M          5    1   F    -1  = V4_2
                     170M          7    2   F    -1  = W3_2
                     170M          7    4        -1  = V0_3
                     180M          8    3         0  = V4_0
                     170M          6    5   F    -1 != V4_1
                     180M          7    8   F    -1 != U0_1
                     180M          6    7   F    -1 != V3_1
                     180M          4    6   F     0  = V2_2
 ! Time = 1794.87s, Average fail depth = 15, Memory usage = 1.0 GB
 !               Branches  Non-fixed    W       Branch decision
                     180M          5    1   F     1 != W1_2
                     180M          7    2   F     0  = U1_2
                     180M          7    4        -1  = V1_1
                     190M          8    3        -1  = V4_0
                     180M          5    5         1  = V0_0
                     190M          5    8   F    -1 != V2_2
                     190M          8    7        -1  = W3_0
                     190M          4    6   F     0 != V3_2
                     190M          5    1   F     0 != U1_1
                     190M          9    2   F    -1  = V5_3
                     190M          9    4        -1  = W5_1
                     190M          5    5         1  = U5_1
                     200M          9    3   F    -1 != W4_3
                     200M          7    8        -1 != W2_3
                     200M          7    7   F    -1 != W2_1
                     200M          5    1   F     1  = V2_3
                     200M          5    6        -1 != V0_3
                     200M          9    4         1 != W1_1
                     200M          6    2        -1 != W2_0
                     200M          5    5   F    -1  = V2_0
 ! Time = 2033.58s, Average fail depth = 15, Memory usage = 1.1 GB
 !               Branches  Non-fixed    W       Branch decision
                     210M          6    3   F     0 != V3_1
                     210M          7    8         1 != U4_1
                     210M          7    7   F    -1 != V5_2
                     210M          4    1         0 != V4_2
                     210M          4    6   F     0  = U0_2
                     210M          8    4        -1  = U5_2
                     210M          5    2         0 != U2_1
                     210M          4    5   F    -1  = V0_3
                     220M         12    3   F    -1  = U0_1
                     220M          5    8        -1  = U4_3
                     220M          6    7   F     1  = W4_3
                     220M          5    1   F    -1  = W3_2
                     220M          4    6   F     0 != U1_2
                     220M          6    4   F     0  = W2_0
                     220M          6    2   F     1  = W1_2
                     230M         12    3   F     0  = W0_2
                     220M          5    5   F    -1  = W2_3
                     230M         12    7         1 != U2_2
                     230M          7    8         1 != U3_2
                     230M          5    1   F    -1 != W4_3
 ! Time = 2294.61s, Average fail depth = 15, Memory usage = 1.2 GB
 !               Branches  Non-fixed    W       Branch decision
                     230M          4    6   F     1 != W5_0
                     230M          5    4         0 != V1_1
                     240M          7    3   F    -1  = V1_1
                     230M          5    5        -1 != V4_2
                     230M          5    2   F     0 != W5_0
                     240M          9    7         0 != V1_1
                     240M          7    8   F    -1 != U3_1
                     240M          4    1   F     0  = U5_1
                     240M          4    6         1  = U1_1
                     240M          5    4   F    -1  = W3_3
                     250M         12    3        -1 != W5_1
                     240M          5    5         1 != U0_0
                     240M          5    2         1  = U5_0
                     250M          7    7        -1  = V0_0
                     250M          5    8   F    -1 != W2_0
                     250M          5    1   F    -1 != V2_3
                     250M          8    6        -1  = U4_3
                     250M          5    4        -1  = V2_2
                     250M          4    5         1  = W3_0
                     250M          4    2        -1 != U1_0
 ! Time = 2540.92s, Average fail depth = 15, Memory usage = 1.3 GB
 !               Branches  Non-fixed    W       Branch decision
                     260M         11    3         1 != W1_1
                     260M          9    7         1 != V1_0
                     260M          7    8        -1  = V3_2
                     260M          5    1         1  = W5_0
                     260M          9    6        -1  = U4_3
                     260M          5    4   F    -1  = U1_2
                     260M          4    5        -1  = U3_1
                     260M          4    2         0  = W2_3
                     270M          7    3        -1 != W1_0
                     270M          6    7         1 != V1_2
                     270M          7    8         0  = V0_1
                     270M          5    1         1  = W1_2
                     270M          6    4   F     0 != W3_0
                     270M          4    5   F     0 != U1_1
                     270M          5    2        -1 != U3_1
                     280M          6    3   F    -1  = U5_2
                     270M          5    6   F     0  = V5_2
                     280M          6    7   F    -1 != V3_1
                     280M          6    8   F     0  = V2_1
                     280M          5    1        -1  = V0_1
 ! Time = 2797.47s, Average fail depth = 15, Memory usage = 1.4 GB
 !               Branches  Non-fixed    W       Branch decision
                     280M          5    4   F    -1  = V0_0
                     280M          6    5   F    -1  = U5_0
                     290M         10    7   F    -1 != V1_0
                     280M          5    2         1 != U5_2
                     290M          8    3         1 != U4_2
                     280M         10    6   F     1 != V2_3
                     290M          6    8            -
                     290M          5    1   F     0 != U0_3
                     290M          5    4        -1 != W5_3
                     290M          5    5         0 != W2_1
                     300M         11    7   F     1 != V4_2
                     290M          4    2   F    -1  = W0_3
                     300M          7    3         0 != V5_3
                     300M          6    8   F        -
                     290M          7    6   F     0 != U2_1
                     300M          5    1         0  = U4_3
                     300M          4    4         0 != U2_1
                     300M          4    2         0  = V0_0
                     300M          4    5   F     1  = W3_0
                     310M          8    7         1  = V1_2
 ! Time = 3045.01s, Average fail depth = 15, Memory usage = 1.5 GB
 !               Branches  Non-fixed    W       Branch decision
                     310M          6    3   F     1  = W0_3
                     310M          5    8        -1 != U1_1
                     300M          5    6   F     0 != W1_0
                     310M          5    4        -1  = W0_0
                     310M          5    1        -1 != U5_0
                     310M          5    2   F     0  = U4_2
                     320M          7    7   F    -1  = V5_0
                     310M          5    5   F    -1  = W1_2
                     320M          7    3   F    -1  = V3_1
                     320M          5    8   F    -1 != U4_1
                     310M         10    6   F    -1  = W2_2
                     320M          4    4         0  = U2_3
                     320M          5    1   F    -1  = U2_3
                     320M          4    5        -1  = U1_1
                     320M          4    2   F     0  = U0_3
                     330M          9    7   F    -1  = V2_0
                     330M          6    3   F    -1  = W3_0
                     330M          7    8   F    -1  = U5_1
                     330M          5    4   F    -1 != U1_2
                     320M          8    6        -1  = W0_3
 ! Time = 3292.42s, Average fail depth = 15, Memory usage = 1.6 GB
 !               Branches  Non-fixed    W       Branch decision
                     330M          5    1   F     1  = V1_3
                     340M         12    7   F    -1  = U3_0
                     330M          5    5   F     1 != V0_2
                     330M          4    2        -1  = U2_1
                     340M         12    3   F     1 != W4_0
                     340M          7    8            -
                     340M          5    4         1  = U2_3
                     340M          5    1         0  = U4_2
                     330M          6    6   F    -1 != U1_0
                     350M         12    7   F    -1  = U5_3
                     340M          4    5         0  = U1_3
                     350M          9    3        -1 != U3_2
                     340M          4    2         1  = U2_2
                     350M          6    8         0 != W0_1
                     350M          5    4         0 != V4_3
                     350M          4    1   F     0  = V1_0
                     340M         10    6         0 != V5_3
                     360M          9    7         0 != V1_0
                     350M          5    5         1 != U2_3
                     360M         10    3   F     0 != V1_2
 ! Time = 3536.77s, Average fail depth = 15, Memory usage = 1.7 GB
 !               Branches  Non-fixed    W       Branch decision
                     360M          5    8   F     1 != V2_0
                     350M          4    2         0 != V1_2
                     360M          5    4         1  = V5_3
                     360M          4    1         0  = V3_3
                     350M          5    6   F    -1  = U3_2
                     370M         12    7   F    -1  = V3_1
                     370M          9    3   F    -1  = U3_3
                     360M          5    5         1  = U1_2
                     370M          5    8        -1  = U3_1
                     360M          5    2   F     1 != W1_2
                     370M          5    4        -1 != W4_3
                     370M          5    1        -1  = U0_1
                     360M          5    6   F     1 != W1_0
                     380M          9    7   F     0  = W0_1
                     380M         11    3         1 != W3_3
                     370M          5    5   F    -1 != U5_0
                     380M          7    8        -1  = W2_3
                     370M          5    2   F    -1  = W1_3
                     380M          5    4   F     1  = V5_2
                     380M          5    1   F     0 != U4_1
 ! Time = 3804.43s, Average fail depth = 15, Memory usage = 1.8 GB
 !               Branches  Non-fixed    W       Branch decision
                     390M          6    7        -1  = V4_1
                     370M          5    6   F     1  = U4_0
                     390M         10    3         1  = W5_3
                     380M          6    5   F    -1 != W4_3
                     390M          6    8   F     0  = W2_3
                     380M          5    2         1 != V0_2
                     390M          5    1   F    -1 != V5_0
                     390M          5    4         1 != U0_1
                     380M          6    6         1 != W4_0
                     400M          8    7         0 != V1_0
                     400M          7    3   F    -1 != W0_2
                     400M          5    8   F     1  = W1_0
                     390M          5    5        -1  = V4_1
                     390M          4    2   F     1  = U3_1
                     400M          5    1   F    -1 != W3_2
                     390M          5    6   F     1  = W1_2
                     410M          5    7   F    -1  = U5_3
                     400M          5    4         0  = U2_0
                     410M         10    3        -1  = V1_2
                     400M          4    5   F     0 != W4_3
 ! Time = 4038.65s, Average fail depth = 15, Memory usage = 1.9 GB
 !               Branches  Non-fixed    W       Branch decision
                     410M          7    8   F    -1  = U0_2
                     400M          5    2        -1  = U4_2
                     400M          5    6         1 != U0_3
                     410M          5    1   F     0  = W1_0
                     420M          6    7   F    -1 != U3_0
                     410M          5    4        -1 != U5_3
                     420M          6    3   F    -1  = U2_3
                     420M          7    8   F    -1  = V4_2
                     410M          5    5         0  = V5_1
                     410M          5    2   F     1  = W2_2
                     410M          6    6        -1  = V4_2
                     430M          6    7        -1  = W1_3
                     420M          5    1        -1  = W0_3
                     420M          6    4         0  = U4_3
                     430M          5    3   F    -1  = W2_1
                     430M          6    8   F    -1 != U3_0
                     420M          5    5        -1 != V5_3
                     420M          6    2   F    -1 != V3_0
                     440M          5    7   F    -1  = W1_0
                     420M          5    6        -1 != W5_0
 ! Time = 4299.76s, Average fail depth = 15, Memory usage = 2.0 GB
 !               Branches  Non-fixed    W       Branch decision
                     430M          4    4         0  = W2_2
                     440M         12    3         1 != V2_0
                     430M          5    1        -1  = W2_0
                     440M          6    8            -
                     430M          5    5   F     1  = W3_3
                     430M          5    2        -1  = V2_0
                     450M         12    7         1 != U1_2
                     430M          5    6   F     1 != V0_2
                     440M          6    4         0 != U2_3
                     440M          5    1   F     0 != W3_0
                     450M          9    3   F     1 != W3_0
                     450M          6    8   F     1  = W1_1
                     440M          4    5   F     1 != V0_2
                     440M          5    2   F    -1 != W3_0
                     460M          7    7        -1  = U1_1
                     440M          5    6   F    -1 != V1_1
                     450M          5    1         1  = V5_3
                     450M          6    4   F    -1  = U2_0
                     460M          7    3   F     0  = W5_1
                     460M          5    8   F    -1 != V0_3
 ! Time = 4537.92s, Average fail depth = 15, Memory usage = 2.1 GB
 !               Branches  Non-fixed    W       Branch decision
                     450M          5    5   F    -1 != U0_2
                     450M          5    2         0 != W1_2
                     450M          5    6         0  = U4_2
                     470M          6    7   F    -1 != W1_1
                     460M          4    1         0 != U0_3
                     460M          5    4         1  = U2_0
                     470M          7    3   F    -1  = V1_2
                     470M          6    8   F    -1  = W1_0
                     460M          5    5   F    -1  = V3_3
                     460M          5    2   F    -1  = U2_3
                     460M          5    6   F    -1  = V1_1
                     480M          7    7   F    -1 != W2_0
                     470M          5    1   F     1  = U5_0
                     470M          5    4         0 != W3_3
                     480M         12    3         1 != W4_0
                     480M          7    8            -
                     470M          5    2   F    -1 != W3_3
                     470M          5    5         1 != W4_2
                     490M         13    7        -1 != V4_0
                     470M          4    6         0 != W0_3
 ! Time = 4786.43s, Average fail depth = 15, Memory usage = 2.3 GB
 !               Branches  Non-fixed    W       Branch decision
                     480M          5    1   F    -1 != W2_0
                     490M         11    3   F    -1  = V1_3
                     480M          4    4   F     1  = V5_2
                     490M          7    8         0 != U3_1
                     480M          4    5   F     0 != U0_2
                     480M          5    2   F     0 != U2_0
                     480M          5    6   F     1 != W2_0
                     500M         10    7        -1 != V4_0
                     490M          4    1   F     1 != V1_0
                     500M         12    3   F     1 != U4_3
                     500M          6    8   F    -1  = V4_2
                     490M          4    4        -1  = U5_1
                     490M          4    5   F     0  = U5_0
                     490M          5    2   F     1  = W1_0
                     510M         10    7   F    -1  = V1_3
                     490M          5    6         1 != U2_0
                     500M          4    1        -1  = U4_1
                     510M          9    3   F     1  = V0_2
                     510M          5    8   F     0  = V2_2
                     500M          5    4   F    -1  = W4_3
 ! Time = 5036.08s, Average fail depth = 15, Memory usage = 2.4 GB
 !               Branches  Non-fixed    W       Branch decision
                     500M          4    5         0 != V4_3
                     500M          4    2   F     1  = W2_0
                     520M          9    7   F     0  = V1_2
                     500M          6    6         1 != W0_2
                     520M          8    3         1 != U1_1
                     510M          4    1         1 != U3_1
                     520M          7    8            -
                     510M          5    4   F     0 != W1_2
                     510M          5    2         0  = W0_3
                     510M          4    5   F     1  = W0_3
                     530M          8    7        -1  = W1_0
                     530M          6    3         1  = W2_1
                     510M          5    6        -1  = V5_3
                     530M          6    8   F     0  = U5_0
                     520M          8    1        -1  = U5_3
                     520M          5    4         1  = W5_2
                     520M          7    2         1 != U5_1
                     520M          5    5         1  = V3_3
                     540M          6    7         0  = U3_2
                     540M          6    3        -1 != U3_2
 ! Time = 5302.33s, Average fail depth = 15, Memory usage = 2.5 GB
 !               Branches  Non-fixed    W       Branch decision
                     520M          6    6   F     0  = V4_3
                     540M          6    8   F    -1  = W3_3
                     530M          5    4         1  = U5_1
                     530M          7    1   F    -1  = U0_3
                     530M          5    2   F     0 != W0_1
                     530M          4    5   F     0 != W4_3
                     550M          7    7   F    -1  = V4_0
                     530M          5    6   F    -1  = W5_0
                     550M          6    3   F    -1 != W0_2
                     550M          6    8         1  = V0_2
                     540M          5    4   F    -1  = W5_0
                     540M          4    5   F     0 != W3_3
                     540M          8    1        -1  = W1_0
                     540M          4    2   F     1  = W4_0
                     560M         10    7         0 != V0_1
                     540M          5    6         1  = U4_2
                     560M         11    3   F     0  = V4_1
                     550M          5    4        -1 != U4_3
                     560M          7    8   F    -1 != W3_0
                     550M          5    2         1  = U3_1
 ! Time = 5541.98s, Average fail depth = 15, Memory usage = 2.5 GB
 !               Branches  Non-fixed    W       Branch decision
                     550M          4    5         1 != W0_0
                     550M          7    1   F     1  = W2_2
                     570M         14    7   F    -1  = U3_3
                     550M          5    6   F    -1  = V2_1
                     570M          6    3         1  = W2_1
                     560M          5    4   F     1 != W3_0
                     570M          6    8   F     1 != W0_2
                     560M          5    2         1 != W5_0
                     560M          6    5        -1 != V0_2
                     580M          7    7         0 != U1_1
                     560M         10    1   F     0  = V0_3
                     580M          6    3        -1 != U5_2
                     560M          4    6         0 != V5_3
                     580M          6    8   F     0  = W0_3
                     570M          5    4         1  = W3_0
                     570M          6    2   F    -1 != W2_3
                     570M          5    5   F    -1 != U5_1
                     590M         11    7         1 != W0_3
                     570M          7    1        -1  = W5_1
                     590M          7    3   F    -1  = V2_1
 ! Time = 5797.76s, Average fail depth = 15, Memory usage = 2.6 GB
 !               Branches  Non-fixed    W       Branch decision
                     570M          5    6        -1 != W3_2
                     590M          6    8        -1 != U0_1
                     580M          5    4   F    -1  = V3_2
                     600M         11    7   F    -1  = U2_1
                     580M          5    2        -1  = V4_0
                     580M          4    5   F     1  = U1_3
                     580M          7    1   F     0 != W1_2
                     600M         12    3         1 != W3_3
                     580M          5    6   F     0 != V0_2
                     600M          5    8   F     0  = U1_3
                     590M          5    4   F    -1 != W2_0
                     590M          5    5         0 != V2_3
                     610M          7    7   F     0 != U3_0
                     590M          6    2   F    -1  = U1_1
                     590M          7    1        -1  = U3_0
                     590M          5    6         1  = U0_2
                     610M         10    3   F    -1  = W4_2
                     610M          6    8            -
                     600M          6    4         1 != V1_0
                     600M          5    2        -1 != V3_1
 ! Time = 6055.89s, Average fail depth = 15, Memory usage = 2.7 GB
 !               Branches  Non-fixed    W       Branch decision
                     620M          6    7         0 != V5_0
                     600M          7    1        -1  = U4_1
                     600M          5    5   F     0 != U1_0
                     600M          5    6         1 != V0_1
                     620M         11    3   F    -1  = V3_0
                     620M          6    8   F     0 != V0_2
                     610M          4    4   F     0  = U2_0
                     610M          5    2        -1  = U0_1
                     630M         10    7   F     0  = U3_1
                     610M          5    5        -1 != V1_3
                     610M          8    1        -1  = W3_1
                     610M          6    6   F    -1 != V5_3
                     630M         10    3   F     0 != W4_1
                     630M          5    8   F     1 != V5_2
                     620M          4    4   F     1 != U5_3
                     620M          5    2   F    -1 != V4_2
                     640M         10    7        -1  = V1_1
                     620M          4    5   F     0  = W5_2
                     620M          7    1         0 != U3_3
                     620M          4    6        -1  = W2_1
 ! Time = 6283.06s, Average fail depth = 15, Memory usage = 2.8 GB
 !               Branches  Non-fixed    W       Branch decision
                     640M          6    8   F     0  = V2_1
                     640M         10    3        -1  = W0_3
                     630M          5    4        -1  = V1_2
                     650M         13    7         0  = W5_3
                     630M          8    2   F     0 != V4_2
                     630M          6    5   F    -1  = W0_2
                     630M         10    1   F     1 != V0_0
                     630M          4    6         0 != W4_2
                     650M          6    8            -
                     650M         12    3   F    -1  = V3_1
                     660M         11    7   F     1  = W0_3
                     640M          5    4         0 != W2_1
                     640M          4    2         0 != U1_2
                     640M          4    5   F     0  = U5_2
                     640M          6    1         0  = W0_2
                     640M          5    6   F     1 != V2_3
                     660M         11    3         1  = W0_2
                     660M          6    8   F    -1 != U1_1
                     670M         10    7   F    -1  = W5_0
                     650M          4    4         0 != W1_0
 ! Time = 6537.17s, Average fail depth = 15, Memory usage = 2.9 GB
 !               Branches  Non-fixed    W       Branch decision
                     650M          7    5        -1  = V4_0
                     650M          5    2         0 != V1_3
                     650M          6    1         0 != U2_3
                     650M          4    6   F     1 != W2_3
                     670M          6    3   F     0 != W5_1
                     670M          6    8   F    -1  = V4_0
                     680M         11    7   F     1  = W5_2
                     660M          6    4         0 != W2_3
                     660M          4    5         1 != V5_3
                     660M          5    2         1  = U3_0
                     660M          4    6   F     0  = V1_2
                     660M         10    1         0 != W0_0
                     680M          9    3        -1  = W2_1
                     680M          6    8         0 != U3_1
                     690M          7    7         1  = V3_2
                     670M          4    4   F    -1  = U1_0
                     670M          8    5         1 != V5_2
                     670M          4    2         1  = V0_3
                     670M          5    6   F     1 != W2_2
                     690M         10    3        -1  = V0_1
 ! Time = 6788.83s, Average fail depth = 15, Memory usage = 3.0 GB
 !               Branches  Non-fixed    W       Branch decision
                     670M          5    1   F    -1  = V4_0
                     690M          6    8            -
                     700M          7    7   F    -1  = U0_3
                     680M          5    4   F     1  = V0_3
                     680M          4    5   F     0  = V3_2
                     680M          5    2        -1 != W0_2
                     680M          4    6        -1 != W0_0
                     700M         12    3         1  = V3_1
                     680M          5    1         1  = V0_3
                     700M          6    8   F    -1 != W4_1
                     710M          9    7         0  = U3_2
                     690M          4    4   F    -1  = W1_0
                     690M          5    5   F     1 != V4_1
                     690M          5    2        -1 != V3_2
                     690M          4    6         1 != U5_2
                     710M         12    3        -1  = U0_3
                     690M         11    1        -1 != U4_2
                     710M          5    8   F        -
                     720M         10    7   F     0 != W0_1
                     700M          5    4   F     0 != U3_1
 ! Time = 7040.34s, Average fail depth = 15, Memory usage = 3.0 GB
 !               Branches  Non-fixed    W       Branch decision
                     700M          5    5   F    -1 != U2_2
                     700M          5    2         0 != U0_3
                     700M          4    6         1 != V2_0
                     720M         11    3   F     1  = U4_3
                     700M          7    1   F     0  = U4_3
                     720M          5    8         0 != U1_0
                     710M          4    4   F    -1  = V0_0
                     730M         11    7   F     0  = V1_1
                     710M          6    5   F    -1 != U3_1
submitit WARNING (2023-04-30 21:21:12,361) - Bypassing signal SIGCONT
submitit INFO (2023-04-30 21:21:12,380) - Job has timed out. Ran 119 minutes out of requested 121 minutes.
submitit WARNING (2023-04-30 21:21:12,380) - Caught signal SIGUSR2 on cpunode6: this job is timed-out.
submitit INFO (2023-04-30 21:21:12,380) - Not checkpointing nor requeuing since I am a slave (procid=4).
                     730M          7    3         0  = V5_0
                     710M          5    2   F    -1 != U5_0
                     710M          5    6   F    -1 != V4_3
                     730M          6    8            -
                     710M          5    1         1  = W0_3
 ! ----------------------------------------------------------------------------
 ! Search terminated by limit, no solution found.
 ! ----------------------------------------------------------------------------
 ! Number of branches     : 5765579398
 ! Number of fails        : 2819157746
 ! Total memory usage     : 3.2 GB (3.2 GB CP Optimizer + 0.0 GB Concert)
 ! Time spent in solve    : 7200.09s (7200.09s engine + 0.00s extraction)
 ! Search speed (br. / s) : 800764.9
 ! ----------------------------------------------------------------------------
Unknown
Saving stats to: /h/30/pashootan/Matrix-Mult-CP/logs/2x2x2_6_Apr30_19:21:47/27538_4_stats.csv
submitit INFO (2023-04-30 21:21:50,155) - Job completed successfully
