submitit INFO (2023-04-30 19:21:49,217) - Starting with JobEnvironment(job_id=27538, hostname=cpunode6, local_rank=1(5), node=0(1), global_rank=1(5))
submitit INFO (2023-04-30 19:21:49,217) - Loading pickle: /h/30/pashootan/Matrix-Mult-CP/src/../logs/2x2x2_6_Apr30_19:21:47/27538_submitted.pkl
 ! --------------------------------------------------- CP Optimizer 22.1.1.0 --
 ! Satisfiability problem - 72 variables, 64 constraints
 ! TimeLimit            = 7200
 ! Workers              = 8
 ! LogPeriod            = 10000000
 ! RandomSeed           = 1976
 ! Initial process time : 0.02s (0.02s extraction + 0.00s propagation)
 !  . Log search space  : 114.1 (before), 114.1 (after)
 !  . Memory usage      : 431.0 kB (before), 431.0 kB (after)
 ! Using parallel search with 8 workers.
 ! ----------------------------------------------------------------------------
 !               Branches  Non-fixed    W       Branch decision
                   10000k          6    7   F     0  = V3_2
                   10000k          4    4   F    -1  = V4_2
                   10000k          7    8   F     0  = V5_2
                   10000k          4    6        -1 != V4_1
                   10000k          4    5         0 != V4_1
                   10000k          4    1   F     1 != W5_3
                   10000k          7    3   F    -1 != U1_0
                   10000k          4    2        -1  = U4_2
                   20000k          7    7         1 != V5_0
                   20000k          6    3   F     1  = V1_2
                   20000k          7    8   F     1  = U1_3
                   20000k          4    4   F     1 != V0_1
                   20000k          4    1   F     0 != V1_3
                   20000k          4    5         0  = W3_3
                   20000k          4    2        -1  = U3_2
                   20000k          4    6         0 != V1_0
                   30000k          6    7   F    -1 != U1_3
                   30000k         10    3   F     0  = V1_1
                   30000k          7    8   F    -1  = W2_0
                   30000k          4    4         1 != W3_2
 ! Time = 292.50s, Average fail depth = 14, Memory usage = 199.3 MB
 !               Branches  Non-fixed    W       Branch decision
                   30000k          4    1         0 != W4_2
                   30000k          4    5         0 != V0_2
                   30000k          4    2         1 != U1_3
                   30000k          4    6   F     0 != W5_2
                   40000k          8    3        -1 != V2_3
                   40000k          8    7   F    -1 != V5_1
                   40000k          7    8        -1 != V1_1
                   40000k          4    4         0  = W3_3
                   40000k          4    5         0  = V4_0
                   40000k          4    1   F     0  = W5_3
                   40000k          4    6   F     1 != W3_0
                   40000k          4    2   F     0 != V2_2
                   50000k         10    3        -1  = W3_2
                   50000k          6    8         1  = V4_2
                   50000k          4    4   F    -1  = W5_3
                   50000k          9    7         0 != U5_3
                   50000k          4    5   F     0  = W5_0
                   50000k          4    1   F    -1  = U3_2
                   50000k          4    6         1 != U0_1
                   50000k          5    2   F     1 != W0_0
 ! Time = 496.97s, Average fail depth = 14, Memory usage = 328.3 MB
 !               Branches  Non-fixed    W       Branch decision
                   60000k          6    3   F    -1  = W4_1
                   60000k          6    8   F    -1  = U4_0
                   60000k          7    7         1  = U3_1
                   60000k          4    4   F     0 != U5_0
                   60000k          4    5   F     1  = W1_0
                   60000k          4    1   F     0  = U0_1
                   60000k          5    6        -1 != U2_3
                   60000k          4    2         1  = V1_0
                   70000k          6    3   F    -1 != W2_2
                   70000k          6    8   F    -1  = V3_1
                   70000k          7    7        -1  = W3_0
                   70000k          4    5   F     0 != U5_3
                   70000k          5    1   F     0 != U1_0
                   70000k          4    4         1 != V3_1
                   70000k          4    6         1 != U2_3
                   70000k          4    2         1 != W4_2
                   80000k          7    3   F     1  = U1_0
                   80000k          6    8   F     1  = V0_0
                   80000k          8    7         0  = U4_0
                   80000k          4    1         0 != V2_1
 ! Time = 785.08s, Average fail depth = 15, Memory usage = 505.2 MB
 !               Branches  Non-fixed    W       Branch decision
                   80000k          4    5        -1  = W5_1
                   80000k          4    4   F     0 != U4_3
                   80000k          4    2   F    -1  = W2_3
                   80000k          4    6   F     1  = U5_2
                   90000k         11    3        -1  = W4_1
                   90000k          6    8        -1  = V1_3
                   90000k          9    7   F     0  = V3_2
                   90000k          5    1         0 != W3_1
                   90000k          4    5   F     0  = U3_2
                   90000k          4    4   F    -1 != U1_0
                   90000k          4    2         1  = W2_3
                   90000k          5    6   F     0  = W5_0
                     100M          8    3   F     0 != U0_3
                     100M          6    8        -1  = W1_2
                     100M          7    7   F     1  = V1_0
                     100M          5    1         1 != V2_0
                     100M          4    5         0 != V4_1
                     100M          4    4   F     1  = V1_2
                     100M          4    2         1 != W5_0
                     100M          4    6   F     0  = V1_0
 ! Time = 1001.52s, Average fail depth = 15, Memory usage = 637.7 MB
 !               Branches  Non-fixed    W       Branch decision
                     110M          6    3        -1 != U5_0
                     110M          6    8        -1  = W2_2
                     110M          7    7   F     1  = U1_0
                     110M          4    1        -1 != U2_1
                     110M          4    5         0 != U2_0
                     110M          4    4   F    -1 != W4_2
                     110M          4    2        -1 != W2_3
                     110M          5    6   F     1  = V4_1
                     120M          9    3        -1 != V1_2
                     120M          6    8            -
                     120M          4    1        -1  = W2_0
                     120M          9    7   F    -1  = U1_1
                     120M          4    5   F     1  = V5_1
                     120M          6    4   F    -1 != U0_3
                     120M          4    2   F     1 != U0_3
                     120M          4    6        -1 != W2_3
                     130M          9    3   F     1  = V3_0
                     130M          6    8         1 != V2_2
                     130M         11    7   F     1  = W3_2
                     130M          4    1   F     0  = W5_2
 ! Time = 1278.56s, Average fail depth = 15, Memory usage = 783.0 MB
 !               Branches  Non-fixed    W       Branch decision
                     130M          5    5        -1 != U0_0
                     130M          8    4   F     0  = V2_2
                     130M          4    2   F    -1  = W0_2
                     130M          4    6         1  = U4_1
                     140M          8    3         0 != U1_3
                     140M          7    8        -1 != U3_3
                     140M          4    1         0 != W5_3
                     140M          4    5         0 != W5_2
                     140M          8    7         0  = V1_1
                     140M          4    2        -1 != W4_2
                     140M          6    4   F     1 != U2_2
                     140M          7    6         0  = V0_3
                     150M         11    3         1 != U1_3
                     150M          6    8   F    -1  = U4_0
                     150M          4    1        -1 != W4_3
                     150M          6    7         1 != W3_0
                     150M          4    5         0 != U0_1
                     150M          4    2   F    -1  = W4_3
                     150M          8    4        -1  = V0_2
                     150M          8    6         0 != V0_3
 ! Time = 1533.88s, Average fail depth = 15, Memory usage = 879.5 MB
 !               Branches  Non-fixed    W       Branch decision
                     160M         11    3         0  = V2_2
                     160M          7    8   F     0  = V2_2
                     160M          4    1   F    -1 != U3_2
                     160M          8    7        -1  = V1_1
                     160M          4    5         1 != W0_2
                     160M          4    2   F    -1 != W1_0
                     160M          4    4   F     0 != U4_2
                     160M          7    6         0  = V4_3
                     170M          8    3         1 != U4_0
                     170M          7    8   F    -1  = U4_0
                     170M          8    7         1  = V1_3
                     170M          5    1        -1 != V2_2
                     170M          4    5   F    -1  = U1_3
                     170M          4    4   F     0  = U1_3
                     170M          8    2         0  = V2_2
                     180M          9    3        -1  = V0_3
                     170M          8    6   F     0 != U4_0
                     180M          7    8   F    -1 != W3_2
                     180M         11    7        -1 != U0_1
                     180M          5    1         1 != U0_2
 ! Time = 1767.50s, Average fail depth = 15, Memory usage = 948.3 MB
 !               Branches  Non-fixed    W       Branch decision
                     180M          4    5         0 != W1_1
                     180M          4    4   F     0 != V4_3
                     180M          9    2         1 != U4_0
                     190M          8    3   F    -1  = U3_3
                     190M          6    7        -1  = U3_2
                     190M          6    8        -1 != U2_0
                     190M          4    1   F    -1  = W3_3
                     180M          8    6   F     1  = W2_1
                     190M          4    5   F    -1 != U4_0
                     190M          4    4   F    -1  = W1_2
                     190M          9    2         1 != U0_1
                     200M         10    3         1 != U1_3
                     200M          9    7         0 != W5_0
                     200M          7    8         0 != U3_0
                     200M          4    1         1 != W0_2
                     200M          5    5   F    -1 != W4_0
                     190M          5    6         0 != U3_0
                     200M          4    4         0 != U1_2
                     210M          7    3         0  = U0_1
                     200M          6    2   F     0  = V4_2
 ! Time = 2044.13s, Average fail depth = 15, Memory usage = 1.1 GB
 !               Branches  Non-fixed    W       Branch decision
                     210M         12    7        -1 != V1_2
                     210M          7    8   F    -1  = V5_2
                     210M          4    1         1  = V2_3
                     200M          4    6         0  = W3_0
                     210M          5    5         0 != U0_2
                     210M          4    4   F     1 != V4_2
                     220M          8    3   F    -1 != W1_2
                     220M         12    7   F     0 != W0_0
                     210M          8    2   F     1 != V4_2
                     220M          6    8         1 != U0_1
                     220M          5    1         1 != U0_2
                     210M          5    6   F     1 != W1_2
                     220M          4    5   F    -1 != U2_0
                     220M          4    4   F     1  = U0_3
                     230M          9    3        -1  = V2_0
                     230M          6    7         0 != W1_0
                     230M          6    8   F    -1  = V5_2
                     230M          5    1         0  = V2_2
                     220M          7    2         1 != U4_3
                     220M          4    6   F    -1  = W2_2
 ! Time = 2280.86s, Average fail depth = 15, Memory usage = 1.1 GB
 !               Branches  Non-fixed    W       Branch decision
                     230M          6    5         0 != W1_2
                     230M          5    4        -1  = U4_0
                     240M          7    3   F     0  = V5_3
                     240M          6    7        -1 != V1_1
                     240M          6    8   F     0  = V5_2
                     240M          5    1        -1  = U2_3
                     230M          4    2         0 != W1_2
                     230M          5    6         0 != W2_0
                     240M          7    5        -1  = V1_1
                     240M          4    4   F     1 != W1_0
                     250M          7    3   F     0  = U1_3
                     250M         10    7   F    -1  = V1_2
                     250M          7    8   F     1  = U4_0
                     250M          5    1         1 != U1_1
                     240M          5    2   F     1  = U2_2
                     240M          4    6   F    -1 != V1_1
                     250M          4    4   F     0  = W4_3
                     250M          6    5        -1 != V4_1
                     260M         10    3         1  = W2_3
                     260M          9    7   F    -1  = W1_0
 ! Time = 2535.18s, Average fail depth = 15, Memory usage = 1.2 GB
 !               Branches  Non-fixed    W       Branch decision
                     260M          7    8         0  = U5_2
                     260M          5    1        -1  = W4_3
                     250M          4    2         1  = V2_1
                     250M          4    6         1  = U2_3
                     260M          7    5         0  = U0_0
                     260M          4    4         1 != W3_0
                     270M         11    3   F     0  = V1_1
                     270M         11    7   F    -1  = V0_0
                     270M          5    1   F     1 != V2_2
                     270M          5    8   F     0 != U1_3
                     260M          4    2         1  = W5_3
                     260M          6    6   F     1  = V4_3
                     270M          5    4   F     0 != V5_1
                     270M          8    5   F     0  = W5_2
                     280M         13    7   F     1  = U2_2
                     280M          7    3        -1  = V4_2
                     280M          6    8            -
                     280M          5    1   F     0  = W4_0
                     270M          5    2         1  = W2_2
                     270M          5    6   F     1 != U4_3
 ! Time = 2763.81s, Average fail depth = 15, Memory usage = 1.3 GB
 !               Branches  Non-fixed    W       Branch decision
                     280M          4    4        -1 != W2_2
                     280M          6    5   F    -1 != V5_3
                     290M         12    7   F     1  = U5_1
                     290M          7    3   F     1  = V1_1
                     290M          6    8         1 != U4_3
                     290M          5    1   F     0 != U2_2
                     280M          4    6   F     1  = U2_1
                     280M          4    2   F     0  = U5_0
                     290M          4    4         1  = V4_2
                     300M          7    3        -1 != V2_2
                     290M         11    5   F    -1  = U4_1
                     300M          6    7   F     1  = U2_2
                     300M          5    8        -1  = V3_2
                     290M          4    6         0 != W5_2
                     300M          6    1   F     0  = U4_2
                     290M          4    2   F     0 != V4_1
                     300M          5    4   F     1  = V0_1
                     310M         12    3         0 != V5_2
                     300M          6    5   F    -1 != W2_3
                     310M          6    7   F    -1 != V3_1
 ! Time = 3049.47s, Average fail depth = 15, Memory usage = 1.4 GB
 !               Branches  Non-fixed    W       Branch decision
                     300M          4    6        -1  = U0_3
                     310M          5    8        -1 != U5_0
                     310M          7    1         0 != V0_0
                     300M          4    2   F     1 != V0_0
                     310M          4    4         0 != U1_1
                     320M          8    3   F     0 != U4_0
                     310M          7    5   F     1 != W1_0
                     320M         12    7         0 != U3_1
                     310M          5    6   F     1  = U2_0
                     320M          6    8   F    -1  = W4_3
                     320M         10    1   F     0  = W3_3
                     310M          5    2   F     1 != U5_0
                     320M          4    4         0  = W2_2
                     330M          8    3         0 != V1_2
                     320M          7    5        -1 != W5_1
                     320M          5    6         1  = W3_0
                     330M          6    7   F     1  = W3_0
                     330M          5    8        -1 != U5_3
                     320M          4    2   F     1 != W2_2
                     330M          8    1        -1  = W2_0
 ! Time = 3278.38s, Average fail depth = 16, Memory usage = 1.5 GB
 !               Branches  Non-fixed    W       Branch decision
                     330M          5    4   F     0  = W2_3
                     340M          8    3        -1 != U2_1
                     330M          5    6   F    -1  = W1_0
                     340M         12    7         1 != V4_0
                     330M          5    5         0 != W5_2
                     340M          5    8            -
                     330M          4    2         0 != U2_3
                     340M          7    1   F     0  = U5_0
                     340M          4    4         0 != U4_0
                     350M          7    3         1  = U4_3
                     340M          5    6   F     0 != V5_2
                     340M          5    5   F    -1 != V5_0
                     350M          7    7         1 != U4_1
                     350M          5    8         1 != V1_1
                     340M          4    2        -1  = W4_0
                     350M          7    1   F     1  = U4_2
                     350M          4    4         1 != V5_2
                     360M         12    3   F    -1  = W3_2
                     350M          4    6         0  = W2_2
                     350M          4    5   F    -1 != V1_0
 ! Time = 3538.97s, Average fail depth = 16, Memory usage = 1.6 GB
 !               Branches  Non-fixed    W       Branch decision
                     360M          7    7   F     0 != V1_2
                     360M          6    8        -1  = U2_3
                     350M          4    2         0 != U1_0
                     360M          7    1        -1 != V1_3
                     370M          8    3         1  = V1_0
                     360M          5    4        -1 != W2_0
                     360M          5    6   F    -1  = W5_3
                     370M         10    7   F    -1  = V1_1
                     360M          5    5   F     0 != U0_2
                     370M          7    8         1 != U3_3
                     360M          4    2   F     0  = U4_0
                     380M         10    3        -1 != V1_2
                     370M          7    1        -1 != U1_2
                     370M          4    4   F     0  = V4_1
                     370M          4    6        -1 != V3_1
                     380M         12    7         1  = W0_2
                     370M          4    5         1 != U1_1
                     380M          5    8   F        -
                     370M          5    2   F     1 != W3_3
                     390M          9    3        -1  = U2_0
 ! Time = 3804.02s, Average fail depth = 16, Memory usage = 1.6 GB
 !               Branches  Non-fixed    W       Branch decision
                     380M          7    1   F    -1  = U0_2
                     380M          4    4         1  = V5_0
                     380M          4    6         1 != V0_0
                     380M          4    5        -1  = W2_3
                     390M          8    7   F    -1  = V0_3
                     390M          6    8        -1  = U0_1
                     380M          5    2         0  = V5_2
                     400M         11    3         1 != V4_3
                     390M          7    1   F    -1 != W5_1
                     390M          4    4        -1 != V3_0
                     390M          5    6   F     1  = V4_0
                     390M          5    5         0  = V3_0
                     400M          7    8   F    -1  = V1_1
                     400M          7    7   F     0  = V1_2
                     390M          6    2   F     0  = W3_3
                     410M         12    3         0  = V1_0
                     400M          6    1   F    -1 != V2_0
                     400M          4    4   F     0  = W3_0
                     400M          5    6         0  = U3_3
                     410M          6    8        -1 != U2_1
 ! Time = 4048.77s, Average fail depth = 16, Memory usage = 1.7 GB
 !               Branches  Non-fixed    W       Branch decision
                     400M          5    5   F    -1  = W4_3
                     410M          6    7        -1  = V0_2
                     400M          5    2   F     1  = V5_1
                     420M          9    3   F    -1 != W1_2
                     410M          4    4   F    -1 != W4_3
                     410M          9    1   F     1 != U1_0
                     410M          5    6   F     1 != U5_3
                     420M          5    8         0  = U4_0
                     410M          4    5   F    -1  = V5_0
                     420M          6    7         0 != U2_2
                     410M          4    2   F     0  = W2_0
                     430M          7    3   F    -1  = U0_2
                     420M          4    4   F    -1 != W2_0
                     420M          5    1         0  = W1_0
                     420M          5    6         1 != V5_2
                     430M          6    8        -1 != W4_1
                     420M          5    5         0 != W4_0
                     430M          6    7   F    -1  = V4_3
                     420M          5    2   F     0  = W0_2
                     440M          8    3   F     0 != W3_2
 ! Time = 4293.72s, Average fail depth = 16, Memory usage = 1.8 GB
 !               Branches  Non-fixed    W       Branch decision
                     430M          4    4   F     0 != U5_3
                     430M          6    1   F    -1 != U4_2
                     430M          5    6         0 != U2_3
                     440M          5    8   F    -1  = V0_0
                     430M          4    5         0 != V0_0
                     440M          7    7        -1  = W5_2
                     430M          6    2   F     1  = U5_2
                     450M         13    3   F    -1 != W5_2
                     440M          4    4   F     1 != U2_2
                     440M          5    1   F    -1  = W4_0
                     440M          6    6   F     1  = V0_0
                     450M          7    8   F        -
                     440M          5    5   F     0  = V3_2
                     440M          4    2         1  = U4_2
                     460M         12    3         1  = V1_0
                     450M          7    7         0 != U2_0
                     450M          4    4         0  = V2_0
                     450M          5    1         0  = W4_0
                     450M          5    6        -1 != U3_0
                     460M          7    8         0  = U2_0
 ! Time = 4546.09s, Average fail depth = 16, Memory usage = 1.9 GB
 !               Branches  Non-fixed    W       Branch decision
                     450M          6    5   F     1 != U2_1
                     450M          5    2   F     1  = V1_1
                     470M          9    3        -1  = V1_2
                     460M          4    4   F    -1  = W1_0
                     460M          5    1   F    -1  = U0_3
                     460M          7    7         0  = W0_0
                     460M          4    6   F     1 != W3_0
                     470M          7    8   F        -
                     460M          5    5   F     0  = W5_0
                     460M          4    2   F    -1 != U1_2
                     470M          4    4         0  = U4_2
                     470M          5    1         0 != W0_2
                     480M         10    3   F     0 != V2_0
                     470M          5    6        -1 != U2_3
                     470M          9    7   F     0  = V2_1
                     480M          5    8   F    -1 != W3_3
                     470M          5    5         0 != U5_1
                     470M          4    2        -1  = V4_2
                     480M          4    4   F     1  = W2_0
                     480M          5    1   F     0  = W5_3
 ! Time = 4790.31s, Average fail depth = 16, Memory usage = 2.0 GB
 !               Branches  Non-fixed    W       Branch decision
                     490M         11    3   F    -1 != U1_0
                     480M          4    6        -1  = V5_1
                     480M          7    7   F    -1  = U5_2
                     490M          5    8        -1 != W1_3
                     480M          5    5   F     0 != U3_1
                     480M          5    2   F     0  = V4_2
                     500M         12    3   F     1  = V1_1
                     490M          4    4        -1  = V2_0
                     490M          4    1         0 != V3_1
                     490M          5    6         0 != V1_0
                     490M          7    7   F    -1 != U2_3
                     500M          5    8        -1 != U5_2
                     490M          5    5         0  = W4_0
                     490M          5    2   F     1 != V5_0
                     510M         12    3   F    -1  = V5_1
                     500M          5    1        -1  = U2_0
                     500M          5    4   F     0 != V4_0
                     500M          5    6   F    -1  = W3_0
                     500M         12    7   F     1  = W1_1
                     510M          6    8         1 != U1_3
 ! Time = 5043.33s, Average fail depth = 16, Memory usage = 2.1 GB
 !               Branches  Non-fixed    W       Branch decision
                     500M          5    2         0 != U1_0
                     500M          6    5   F     1 != V3_1
                     520M         10    3         1 != U4_3
                     510M          4    4         1 != W0_0
                     510M          6    1         1 != U2_0
                     510M         10    7   F     0  = U0_0
                     510M          5    6   F     1  = V0_3
                     520M          6    8        -1 != U5_3
                     510M          5    5        -1 != W0_1
                     510M          5    2         1  = U1_1
                     530M          8    3   F     1  = W4_1
                     520M          4    4   F     1  = V2_1
                     520M          5    1         1 != U3_0
                     520M          6    6        -1 != W4_3
                     520M         10    7   F    -1  = U2_0
                     530M          6    8        -1  = U0_3
                     540M          9    3         0 != W3_2
                     520M          6    5        -1 != W4_2
                     530M          4    4         1  = V4_3
                     520M          4    2   F     0 != V3_0
 ! Time = 5287.22s, Average fail depth = 16, Memory usage = 2.2 GB
 !               Branches  Non-fixed    W       Branch decision
                     530M          8    7   F     0  = V4_3
                     530M          5    6   F     0  = V2_2
                     530M          5    1         1  = U3_2
                     540M          6    8   F    -1 != V1_2
                     530M          6    5   F     0  = V4_1
                     550M         14    3   F     0  = V4_0
                     530M          5    2         1  = V5_2
                     540M          4    4   F     0  = V2_1
                     540M          5    6         0  = V3_2
                     540M          8    7         1  = U5_0
                     540M          5    1         1 != V1_1
                     550M          5    8   F     1  = U3_0
                     540M          4    5   F     1  = V2_2
                     560M         14    3        -1 != U0_1
                     540M          5    2         1 != U5_3
                     550M          5    4         0 != W1_0
                     550M          5    6         0  = V2_3
                     550M          9    7        -1  = U4_1
                     550M          5    1   F     0 != W2_2
                     560M          7    8         1 != V1_0
 ! Time = 5536.15s, Average fail depth = 16, Memory usage = 2.3 GB
 !               Branches  Non-fixed    W       Branch decision
                     570M         10    3        -1  = U3_0
                     550M          4    5   F     0 != W2_2
                     550M          5    2   F     1  = V5_2
                     560M          4    4         1  = W1_0
                     560M         13    7         1  = U4_2
                     560M          5    6   F     1 != U1_2
                     560M          5    1   F    -1  = U5_3
                     570M          7    8         1 != U0_3
                     580M         10    3   F     0  = U3_3
                     560M          5    5   F     0  = V2_2
                     560M          5    2         0  = V1_1
                     570M         12    7         1 != W3_0
                     570M          4    4         1  = V5_0
                     570M          6    6         0 != U4_3
                     570M          5    1   F    -1 != U5_2
                     580M          5    8         1  = U5_1
                     590M         12    3         1 != U5_1
                     570M          4    5        -1  = V0_0
                     570M          4    2   F     1  = U2_0
                     580M          8    7   F     0  = V5_2
 ! Time = 5791.52s, Average fail depth = 16, Memory usage = 2.5 GB
 !               Branches  Non-fixed    W       Branch decision
                     580M          4    4         1  = U1_0
                     580M          6    6         0 != W1_1
                     580M          5    1         1  = V5_0
                     590M          5    8   F     1 != V4_1
                     600M         10    3         1 != V2_1
                     580M          4    2         0 != W5_0
                     580M          5    5         1 != U4_2
                     590M          4    4   F     0  = U2_0
                     590M         11    7        -1 != U4_2
                     590M          5    6         1 != V3_2
                     590M          6    1         0  = U2_0
                     600M          6    8   F    -1  = U4_0
                     590M          5    5   F     1  = V0_1
                     590M          5    2   F    -1  = W5_3
                     610M          7    3   F     1  = U3_2
                     600M         14    7   F     0 != V3_1
                     600M          4    4         0  = V1_0
                     600M          6    6        -1  = V2_3
                     600M          5    1   F    -1 != W0_2
                     610M          6    8        -1  = V5_3
 ! Time = 6036.47s, Average fail depth = 16, Memory usage = 2.6 GB
 !               Branches  Non-fixed    W       Branch decision
                     600M          5    5         1 != V5_3
                     610M         14    7   F    -1 != V3_1
                     610M          4    4         0 != U4_2
                     600M          5    2         0 != W2_1
                     620M          6    3   F     0 != U1_3
                     610M          5    6         0 != U2_1
                     610M          5    1   F     0  = U1_2
                     620M          5    8        -1  = W0_0
                     610M          5    5   F    -1  = V4_1
                     620M          4    4        -1 != W5_2
                     630M          6    3   F     0  = V0_1
                     620M          7    7        -1 != W1_0
                     620M          6    6   F    -1 != W1_3
                     610M          6    2         0  = V0_3
                     620M          5    1        -1 != V4_0
                     630M          6    8         1  = U1_1
                     620M          5    5        -1 != W5_2
                     640M          8    3        -1  = W4_3
                     630M          4    4   F     0  = W4_3
                     630M          7    7   F    -1 != W4_1
 ! Time = 6282.88s, Average fail depth = 16, Memory usage = 2.7 GB
 !               Branches  Non-fixed    W       Branch decision
                     630M          5    6         1 != W4_3
                     620M          4    2         1  = W5_1
                     630M          4    1         0 != V1_1
                     640M          7    8         1 != V5_0
                     630M          5    5         1  = U0_1
                     650M         14    3   F    -1  = V3_1
                     640M          4    4         0 != U0_0
                     640M          5    6   F     0  = W2_0
                     640M          9    7        -1 != U2_1
                     630M          4    2         1 != U1_1
                     640M          5    1   F    -1  = U3_2
                     650M          6    8         1 != U2_0
                     660M         14    3         1  = U4_2
                     640M          5    5        -1  = U1_0
                     650M          4    4        -1  = U3_2
                     650M         11    7         1 != V2_1
                     650M          7    6        -1 != V4_2
                     640M          4    2   F    -1 != U5_2
                     650M          6    1   F    -1 != U2_3
                     660M          5    8         0 != W1_1
 ! Time = 6531.88s, Average fail depth = 16, Memory usage = 2.8 GB
 !               Branches  Non-fixed    W       Branch decision
                     670M          6    3   F    -1 != W0_0
                     650M          4    5   F     0 != V4_2
                     660M          4    4   F     1 != U4_3
                     660M          6    6   F     1  = W4_1
                     650M          4    2         1 != V3_2
                     660M          7    7   F    -1 != V5_0
                     660M          5    1        -1 != W0_0
                     670M          6    8   F     1 != W0_3
                     680M          7    3   F    -1 != V4_1
                     660M          5    5        -1 != W3_2
                     670M         11    4   F     1 != W5_1
                     670M          5    6   F    -1 != V5_0
                     660M          4    2        -1  = W0_3
                     670M          5    1   F    -1  = V3_0
                     670M          9    7   F     1  = U5_1
                     680M          6    8   F    -1  = V5_1
                     690M         12    3         1 != V0_3
                     670M          5    5        -1  = W4_0
                     680M          4    4        -1 != W0_0
                     680M          5    6   F    -1  = V1_1
 ! Time = 6778.86s, Average fail depth = 16, Memory usage = 2.9 GB
 !               Branches  Non-fixed    W       Branch decision
                     670M          5    2   F    -1 != V0_0
                     680M          6    1        -1 != U1_3
                     680M          7    7         0 != V5_2
                     690M          7    8        -1  = U3_0
                     690M          4    4         1 != W4_0
                     700M          8    3         1  = U2_3
                     690M          5    6         1 != V4_2
                     680M          6    5         1 != V2_0
                     690M          5    1   F     1 != W3_0
                     680M          5    2        -1  = U3_2
                     690M          7    7   F    -1  = U1_3
                     700M          6    8   F    -1 != V4_3
                     700M          5    4   F    -1  = W1_1
                     710M         10    3        -1 != V1_3
                     700M          5    6         1 != U2_1
                     690M          5    5   F     1 != U3_0
                     700M          5    1        -1 != V3_0
                     700M         11    7   F     0 != V3_1
                     690M          6    2        -1  = U4_1
                     710M          7    8         1  = V1_1
 ! Time = 7026.79s, Average fail depth = 16, Memory usage = 3.0 GB
 !               Branches  Non-fixed    W       Branch decision
                     710M          5    4         0 != U1_1
                     720M          7    3         1  = V5_1
                     700M          5    5        -1 != U1_1
                     710M          5    6   F    -1 != V2_2
                     710M          5    1         1 != W2_3
                     710M          8    7         1  = U1_2
                     700M          4    2         1  = W1_0
                     720M          6    8   F    -1  = W2_1
                     730M         15    3         0 != U1_3
                     720M          5    4   F     0  = W0_2
submitit WARNING (2023-04-30 21:21:12,361) - Bypassing signal SIGCONT
submitit INFO (2023-04-30 21:21:12,380) - Job has timed out. Ran 119 minutes out of requested 121 minutes.
submitit WARNING (2023-04-30 21:21:12,380) - Caught signal SIGUSR2 on cpunode6: this job is timed-out.
submitit INFO (2023-04-30 21:21:12,380) - Not checkpointing nor requeuing since I am a slave (procid=1).
                     710M          6    5   F     0 != U1_3
                     720M          5    6         0  = V2_0
                     720M          6    1         0  = V1_1
 ! ----------------------------------------------------------------------------
 ! Search terminated by limit, no solution found.
 ! ----------------------------------------------------------------------------
 ! Number of branches     : 5772904640
 ! Number of fails        : 2822312104
 ! Total memory usage     : 3.2 GB (3.2 GB CP Optimizer + 0.0 GB Concert)
 ! Time spent in solve    : 7200.04s (7200.03s engine + 0.02s extraction)
 ! Search speed (br. / s) : 801789.0
 ! ----------------------------------------------------------------------------
Unknown
Saving stats to: /h/30/pashootan/Matrix-Mult-CP/logs/2x2x2_6_Apr30_19:21:47/27538_1_stats.csv
submitit INFO (2023-04-30 21:21:50,115) - Job completed successfully
