submitit INFO (2023-04-30 13:43:43,423) - Starting with JobEnvironment(job_id=27527, hostname=cpunode2, local_rank=1(5), node=0(1), global_rank=1(5))
submitit INFO (2023-04-30 13:43:43,423) - Loading pickle: /h/30/pashootan/Matrix-Mult-CP/src/../logs/2x2x2_5_Apr30_13:43:39/27527_submitted.pkl
 ! --------------------------------------------------- CP Optimizer 22.1.1.0 --
 ! Satisfiability problem - 60 variables, 164 constraints
 ! TimeLimit            = 7200
 ! Workers              = 8
 ! LogPeriod            = 10000000
 ! RandomSeed           = 447
 ! Initial process time : 0.00s (0.00s extraction + 0.00s propagation)
 !  . Log search space  : 95.1 (before), 95.1 (after)
 !  . Memory usage      : 502.6 kB (before), 502.6 kB (after)
 ! Using parallel search with 8 workers.
 ! ----------------------------------------------------------------------------
 !               Branches  Non-fixed    W       Branch decision
                   10000k          7    8            -
                   10000k          7    2   F    -1  = U3_1
                   10000k          6    1         1  = W0_0
                   10000k          6    6         0 != W0_3
                   10000k          6    4   F     0 != V2_2
                   10000k          7    7   F    -1  = V3_3
                   10000k          7    5         1  = W4_0
                   10000k          8    3   F     1  = W2_2
                   20000k          7    8        -1 != W4_3
                   20000k          9    7   F    -1  = U3_2
                   20000k          6    2   F     0  = U4_3
                   20000k          6    6   F     0 != V2_2
                   20000k          6    1   F    -1  = U0_1
                   20000k          7    5         0 != W1_1
                   20000k          6    4   F     1  = U4_3
                   20000k          7    3        -1  = U3_3
                   30000k          7    8   F    -1  = U2_0
                   30000k          7    2   F     0 != W1_3
                   30000k          6    5        -1  = V3_3
                   30000k          7    7   F     1  = V0_3
 ! Time = 276.77s, Average fail depth = 19, Memory usage = 137.2 MB
 !               Branches  Non-fixed    W       Branch decision
                   30000k          5    6   F    -1 != W0_0
                   30000k          7    1   F     0 != V3_3
                   30000k          7    4   F    -1  = V4_2
                   30000k          6    3   F    -1 != U1_3
                   40000k          7    8   F    -1  = W4_3
                   40000k          7    2   F     0  = U4_2
                   40000k          6    5   F     0  = W0_0
                   40000k          6    6   F     0  = U2_0
                   40000k          6    1        -1  = V1_2
                   40000k          8    7   F     1 != U3_0
                   40000k          7    3   F     0 != V4_3
                   40000k          8    4        -1 != W0_2
                   50000k          7    8        -1  = U0_2
                   50000k          8    5   F    -1  = U0_1
                   50000k          7    2   F    -1  = U1_3
                   50000k          8    6   F     0  = U4_0
                   50000k          7    3        -1  = W4_3
                   50000k          8    1   F     0  = W0_1
                   50000k          8    4   F     0  = V0_3
                   50000k          7    7   F     0 != V2_2
 ! Time = 469.46s, Average fail depth = 19, Memory usage = 221.8 MB
 !               Branches  Non-fixed    W       Branch decision
                   60000k          7    8   F     0 != V2_1
                   60000k          7    5   F    -1 != W1_3
                   60000k          9    2   F    -1  = V4_2
                   60000k          7    3         0  = U0_0
                   60000k          7    6   F    -1 != U3_3
                   60000k          7    1         0  = W0_0
                   60000k          7    4   F     1 != U4_1
                   60000k          9    7        -1  = U2_1
                   70000k          7    8   F     0  = V1_0
                   70000k          8    5        -1  = V3_2
                   70000k          7    3        -1 != V1_2
                   70000k          7    2         1 != V4_1
                   70000k          7    6         1 != U1_1
                   70000k          6    1        -1 != U0_1
                   70000k          8    4   F    -1  = U2_3
                   70000k          8    7         0  = V2_3
                   80000k          6    8   F    -1  = W2_1
                   80000k          7    3   F     0  = V3_1
                   80000k          8    5   F     0  = V4_3
                   80000k          9    2         0 != U3_0
 ! Time = 739.99s, Average fail depth = 19, Memory usage = 340.5 MB
 !               Branches  Non-fixed    W       Branch decision
                   80000k          7    6   F    -1  = W3_0
                   80000k          8    1   F     1  = U3_3
                   80000k          8    4   F     0 != W2_0
                   80000k          8    7   F    -1 != W3_2
                   90000k          7    8         1 != U2_0
                   90000k          9    5   F     0  = U0_0
                   90000k          8    2         1 != V2_3
                   90000k          7    3        -1 != W3_3
                   90000k          8    1        -1 != U2_1
                   90000k          7    6         0  = U1_0
                   90000k          8    4   F     0  = U1_1
                   90000k          7    7         0 != W4_2
                     100M          7    8            -
                     100M          9    2         0 != W1_1
                     100M          8    5         0  = V2_1
                     100M          8    6         1 != U1_3
                     100M          8    1         1 != V2_2
                     100M          9    4        -1  = W0_0
                     100M          8    3   F     0 != W1_1
                     100M          9    7   F     1  = W4_2
 ! Time = 943.95s, Average fail depth = 19, Memory usage = 430.8 MB
 !               Branches  Non-fixed    W       Branch decision
                     110M          7    8         1  = W2_3
                     110M          9    2   F    -1  = V1_1
                     110M          8    5        -1  = V4_2
                     110M          7    3   F     1  = W0_0
                     110M          8    1        -1  = V2_2
                     110M          8    4   F     1  = U2_3
                     110M          9    6         1 != U4_0
                     110M          7    7   F    -1  = W2_3
                     120M          7    8   F     0  = U2_1
                     120M          8    2         1 != U2_2
                     120M          8    3   F    -1  = U2_3
                     120M          8    5   F    -1  = V3_3
                     120M          7    1   F    -1 != W3_2
                     120M          8    4         0 != V2_3
                     120M          8    6         0 != W4_3
                     120M          7    7         0 != V4_2
                     130M          6    8   F     0  = U0_2
                     130M          7    2   F    -1 != V4_2
                     130M          8    5   F    -1 != V2_1
                     130M          8    3        -1  = W4_1
 ! Time = 1205.47s, Average fail depth = 19, Memory usage = 544.8 MB
 !               Branches  Non-fixed    W       Branch decision
                     130M          9    6   F     1  = U4_2
                     130M          7    4        -1  = V1_2
                     130M          8    1   F     0  = U1_1
                     130M          8    7   F    -1 != W2_0
                     140M          6    8        -1 != W0_3
                     140M          7    2         1  = U1_0
                     140M          8    3   F    -1  = W0_2
                     140M          7    5   F     1  = W0_1
                     140M          8    6         1  = U1_1
                     140M          8    4         1 != V1_3
                     140M          7    1        -1 != W2_0
                     140M          8    7   F    -1  = W2_0
                     150M          7    8   F    -1 != U2_0
                     150M          8    2   F     1  = V0_0
                     150M          7    5         0  = W2_0
                     150M         10    3   F    -1  = V1_1
                     150M          8    4         1  = V4_1
                     150M          6    6         0  = U0_3
                     150M          7    1   F     0 != V3_2
                     150M          8    7   F     1 != U0_1
 ! Time = 1409.21s, Average fail depth = 19, Memory usage = 634.5 MB
 !               Branches  Non-fixed    W       Branch decision
                     160M          6    8   F    -1 != V1_0
                     160M          8    2         0 != V1_1
                     160M          7    3         1 != W1_1
                     160M          9    5   F     0  = U4_2
                     160M          8    4        -1 != W1_3
                     160M          8    6         0  = U2_3
                     160M          9    1   F     1  = W4_1
                     160M          8    7         0 != W2_0
                     170M          7    8   F     0 != V2_2
                     170M          9    2        -1  = V2_2
                     170M          8    5   F     0 != U0_3
                     170M         10    3        -1 != U2_1
                     170M          8    1        -1  = V3_2
                     170M          8    4   F     1 != U2_1
                     170M          8    6         1  = W2_1
                     170M          7    7         1 != V3_3
                     180M          8    8   F     1 != V3_0
                     180M          8    2   F     1  = W4_3
                     180M          7    3   F    -1 != W4_1
                     180M          7    5         0 != U4_1
 ! Time = 1670.56s, Average fail depth = 19, Memory usage = 747.3 MB
 !               Branches  Non-fixed    W       Branch decision
                     180M          7    1         0 != W0_1
                     180M          9    6         1 != V2_2
                     180M          7    4         1  = W0_0
                     180M          7    7        -1 != V0_3
                     190M          7    8         0  = V2_2
                     190M          8    2         1  = U3_1
                     190M          8    1         1 != V4_1
                     190M          8    5         0 != V3_2
                     190M          7    6         1 != V3_3
                     190M         10    3         0 != W2_0
                     190M          8    4   F    -1  = U3_3
                     190M          8    7        -1 != U4_1
                     200M          7    8   F    -1  = W3_0
                     200M          8    2         1  = W1_3
                     200M          7    1   F     0  = V4_2
                     200M          8    5   F    -1 != W3_1
                     200M          8    6         0 != V3_3
                     200M          7    3         0 != W2_3
                     200M          8    4   F     0 != W1_2
                     200M         12    7   F     1  = V0_1
 ! Time = 1872.81s, Average fail depth = 19, Memory usage = 836.5 MB
 !               Branches  Non-fixed    W       Branch decision
                     210M          7    8        -1  = W1_3
                     210M          9    1        -1 != V3_2
                     210M          8    2         0 != V3_2
                     210M          8    5        -1 != V2_1
                     210M          9    6   F     1 != V2_1
                     210M         11    3   F    -1 != U1_3
                     210M          8    4         1 != V3_3
                     210M          7    7   F    -1 != V1_1
                     220M          7    8        -1  = W3_0
                     220M          8    1         0 != W4_0
                     220M          8    2         0 != V3_3
                     220M          8    5        -1 != W3_0
                     220M          8    6   F     0  = W1_0
                     220M         10    3   F     1  = W1_0
                     220M          7    7        -1 != W4_0
                     220M          8    4   F     1  = U4_3
                     230M          6    8         0 != V1_2
                     230M          9    1   F     1  = W2_0
                     230M          8    2        -1 != U1_0
                     230M          8    5   F     1 != W3_1
 ! Time = 2141.94s, Average fail depth = 19, Memory usage = 953.0 MB
 !               Branches  Non-fixed    W       Branch decision
                     230M          7    6   F     0  = U1_1
                     230M          7    3   F     0 != V1_1
                     230M          7    7         0 != V4_1
                     230M          9    4   F     0 != W3_3
                     240M          7    8        -1 != U4_2
                     240M          8    1   F    -1 != W1_2
                     240M          7    5        -1 != V2_0
                     240M          8    2   F     0 != W3_1
                     240M          7    3   F     0 != W3_1
                     240M          7    6   F    -1  = W1_1
                     240M          8    4   F    -1 != U3_3
                     240M          7    7        -1  = V1_3
                     250M          7    8            -
                     250M          9    1   F     0  = V2_0
                     250M          7    3   F     1  = U4_0
                     250M          8    2         0  = V0_1
                     250M          8    6        -1 != V3_2
                     250M          7    5   F    -1 != W2_1
                     250M          7    7        -1 != U4_1
                     250M          7    4   F     0  = V0_2
 ! Time = 2336.95s, Average fail depth = 19, Memory usage = 1.0 GB
 !               Branches  Non-fixed    W       Branch decision
                     260M          6    8        -1 != V1_1
                     260M          7    1        -1 != W2_1
                     260M          9    2   F     1 != U4_1
                     260M          8    6   F     1 != W1_2
                     260M          7    5         0 != V1_3
                     260M          9    3   F     1 != V1_1
                     260M          9    4         0 != V0_3
                     260M          7    7   F    -1 != W2_1
                     270M          7    8        -1  = V1_2
                     270M          9    1   F     0 != V2_1
                     270M         10    2   F    -1  = U3_0
                     270M          8    6   F     1  = U2_3
                     270M          8    4         1  = V3_1
                     270M          7    5        -1  = U3_3
                     270M          8    7   F    -1  = W3_3
                     270M          7    3        -1  = V0_1
                     280M          7    8   F     1  = W4_1
                     280M          7    1         0 != W3_0
                     280M          7    2        -1 != W0_3
                     280M          8    6        -1  = V1_3
 ! Time = 2608.56s, Average fail depth = 19, Memory usage = 1.1 GB
 !               Branches  Non-fixed    W       Branch decision
                     280M          9    4   F    -1  = W0_1
                     280M          9    5         1  = U3_3
                     280M          7    3        -1 != U4_3
                     280M          8    7         1 != U2_1
                     290M          7    8        -1  = V1_3
                     290M          7    1         1  = U1_3
                     290M          9    2   F     0  = W0_3
                     290M          6    6         0  = W2_1
                     290M          7    4   F     1 != U1_1
                     290M          7    7   F    -1 != W0_1
                     290M          8    5   F     1 != U0_2
                     290M         12    3         1 != V1_0
                     300M          9    1   F     1 != W0_1
                     300M          7    8         1 != W0_3
                     300M          8    6        -1  = W4_1
                     300M          8    4         1 != U0_3
                     300M          8    2   F     1 != U0_0
                     300M          7    7   F     1 != U1_1
                     300M          9    5   F     1 != W2_2
                     300M          7    3         0  = U1_1
 ! Time = 2825.70s, Average fail depth = 19, Memory usage = 1.2 GB
 !               Branches  Non-fixed    W       Branch decision
                     310M          6    1         0 != W0_0
                     310M          6    8   F    -1 != W2_2
                     310M          8    2   F    -1 != W3_3
                     310M          8    6         1 != U1_1
                     310M         10    4   F    -1 != V0_3
                     310M          8    5         1 != U4_1
                     310M          7    7   F    -1  = W4_1
                     310M          8    3         1  = W0_0
                     320M          7    1   F     1 != V1_2
                     320M          7    8   F     0 != U3_0
                     320M          8    4         0 != U2_2
                     320M          8    6   F    -1  = W0_1
                     320M          9    5        -1  = U0_3
                     320M          9    2   F     0  = W0_3
                     320M          7    7   F     0 != V1_1
                     320M          7    3         0 != U3_1
                     330M          7    8   F        -
                     330M          8    1         0  = W0_0
                     330M          8    6         1 != U2_1
                     330M          8    4         1 != V3_1
 ! Time = 3079.77s, Average fail depth = 19, Memory usage = 1.4 GB
 !               Branches  Non-fixed    W       Branch decision
                     330M          8    5         0  = U0_0
                     330M          8    2        -1  = V2_1
                     330M          7    3   F     1 != W3_1
                     330M          8    7        -1 != U3_1
                     340M          7    8        -1  = V3_1
                     340M          8    1         0 != V2_0
                     340M          8    6        -1  = U4_1
                     340M          8    2   F     1  = V2_0
                     340M          7    5         0  = V3_2
                     340M          9    4         1  = U1_1
                     340M          8    7        -1  = V0_1
                     340M         12    3         0 != W2_3
                     350M          7    8   F        -
                     350M          8    1   F     0  = W1_2
                     350M          8    6        -1 != W3_1
                     350M          8    2        -1  = V2_3
                     350M          8    5        -1  = W1_3
                     350M          9    4         0  = V3_1
                     350M         12    7   F    -1 != W0_0
                     350M          8    3         0  = U0_3
 ! Time = 3296.87s, Average fail depth = 19, Memory usage = 1.4 GB
 !               Branches  Non-fixed    W       Branch decision
                     360M          8    1   F     1  = V4_1
                     360M          7    8   F     1 != W3_3
                     360M          7    6         0 != V4_2
                     360M          8    2   F    -1  = V2_1
                     360M          9    4        -1  = W2_1
                     360M          8    5         1  = W1_0
                     360M          9    3         0 != V1_1
                     360M         10    7   F    -1  = V4_3
                     370M          9    1   F    -1 != U0_1
                     370M          6    8            -
                     370M          9    6        -1 != V4_2
                     370M          9    2   F     1  = U2_2
                     370M          7    4   F     1 != U4_1
                     370M          7    5         1 != W0_3
                     370M          7    3   F     0  = U3_3
                     370M         11    7         0  = V1_1
                     380M          8    1        -1  = V1_2
                     380M          7    8   F    -1 != U4_0
                     380M          7    6        -1  = V0_3
                     380M          8    2   F     0  = U0_0
 ! Time = 3545.37s, Average fail depth = 19, Memory usage = 1.6 GB
 !               Branches  Non-fixed    W       Branch decision
                     380M          8    4         1  = U3_1
                     380M          8    5        -1 != W2_1
                     380M         10    3   F     1 != W4_0
                     380M          7    7   F    -1  = W2_1
                     390M          8    1         0  = V4_2
                     390M          7    8            -
                     390M          8    4         1  = U0_3
                     390M          9    6         1 != U4_1
                     390M          7    2        -1  = U2_3
                     390M          8    5         1  = W0_1
                     390M          8    3         1  = U2_1
                     390M          7    7        -1  = V0_3
                     400M          8    1         0  = W4_1
                     400M          7    8        -1  = W3_1
                     400M          8    4   F    -1 != V4_3
                     400M          8    2         0 != W1_2
                     400M          8    6   F     0 != U0_3
                     400M          9    5   F     1  = U3_3
                     400M         14    3   F     0  = V2_2
                     400M         12    7         0 != W1_3
 ! Time = 3769.94s, Average fail depth = 19, Memory usage = 1.6 GB
 !               Branches  Non-fixed    W       Branch decision
                     410M          8    1   F    -1 != V2_3
                     410M          7    8   F    -1 != W3_0
                     410M          7    4   F     1  = W0_3
                     410M          8    6         1 != V4_3
                     410M          9    2         1  = W4_2
                     410M          7    5   F    -1 != V1_2
                     410M          8    3         0 != U2_3
                     410M         14    7         0 != W2_0
                     420M          8    1   F     0 != W4_1
                     420M          6    8   F     1 != V0_1
                     420M          9    6   F     1 != V0_1
                     420M          8    4         0  = W0_3
                     420M          7    2   F    -1  = V4_2
                     420M          8    5   F    -1 != W2_1
                     420M          9    3         0  = V0_1
                     420M          8    7   F     0  = V3_2
                     430M          7    1   F     1  = W3_0
                     430M          6    8         0 != W0_1
                     430M          7    4   F     1 != U3_1
                     430M          8    2         1  = U3_3
 ! Time = 4016.82s, Average fail depth = 19, Memory usage = 1.8 GB
 !               Branches  Non-fixed    W       Branch decision
                     430M          8    6   F     0 != U2_0
                     430M          8    3   F    -1  = U4_0
                     430M          8    5         0  = U4_0
                     430M          7    7         1 != W2_1
                     440M          8    1         1 != V2_2
                     440M          7    8   F    -1  = W4_1
                     440M          9    4   F     1  = U4_3
                     440M          9    2         0  = V0_2
                     440M          7    6   F    -1  = W0_1
                     440M          9    3         1 != W2_2
                     440M          7    5        -1  = U4_0
                     440M          7    7   F    -1 != U0_1
                     450M          8    1   F     1 != U4_3
                     450M          7    8        -1  = W4_3
                     450M          8    4        -1  = W0_0
                     450M          9    2   F    -1  = W2_1
                     450M          7    6         0  = W4_1
                     450M          8    5   F    -1  = W0_3
                     450M         11    3        -1 != V2_0
                     450M          7    7         1 != W1_0
 ! Time = 4229.32s, Average fail depth = 19, Memory usage = 1.8 GB
 !               Branches  Non-fixed    W       Branch decision
                     460M          8    1   F    -1 != V4_2
                     460M          7    8         0 != V0_0
                     460M          8    4   F    -1  = U2_2
                     460M          9    2   F     1 != U0_3
                     460M          8    5   F     1  = W3_3
                     460M          7    6   F    -1 != W2_1
                     460M          8    3   F    -1  = U4_1
                     460M          7    7   F     0 != V0_0
                     470M          7    8   F    -1  = V2_0
                     470M          8    1   F    -1 != W3_1
                     470M          8    4        -1  = W2_0
                     470M          8    2         0 != V3_1
                     470M          8    5   F     1 != U3_2
                     470M          9    6   F    -1 != U3_3
                     470M          8    3        -1  = V3_0
                     470M          8    7         1 != W3_1
                     480M          9    1         1  = U1_3
                     480M          7    8   F        -
                     480M          7    4   F    -1 != V1_2
                     480M          8    2   F     1 != U4_3
 ! Time = 4493.39s, Average fail depth = 19, Memory usage = 2.0 GB
 !               Branches  Non-fixed    W       Branch decision
                     480M         10    5   F     1  = U4_1
                     480M         10    3         0 != W1_0
                     480M          9    6         1  = W4_3
                     480M          8    7   F     0  = W2_3
                     490M          8    1         1  = U2_1
                     490M          7    8            -
                     490M          8    4   F     1 != V2_3
                     490M          8    5         1 != U3_1
                     490M          8    2         1  = V2_2
                     490M          9    3        -1 != W0_1
                     490M          8    6         1  = V2_2
                     490M          7    7         0 != W0_3
                     500M          7    1   F    -1  = V0_2
                     500M          7    8   F     0 != U3_3
                     500M          8    4   F     0  = W3_3
                     500M          9    2   F     0  = V1_3
                     500M          9    3        -1  = U3_3
                     500M          8    5   F     0 != V0_1
                     500M          8    6   F     1  = W3_1
                     500M          7    7        -1  = V3_1
 ! Time = 4705.47s, Average fail depth = 18, Memory usage = 2.1 GB
 !               Branches  Non-fixed    W       Branch decision
                     510M          8    1   F    -1  = W4_2
                     510M          7    8   F    -1 != U1_2
                     510M          8    4        -1  = V2_2
                     510M         10    3        -1 != U3_2
                     510M          8    2   F    -1  = W3_3
                     510M          8    5         0  = W4_3
                     510M          8    6         1 != U4_2
                     510M         11    7   F     1  = W1_3
                     520M          8    1   F    -1  = V2_3
                     520M          7    8   F     0  = W4_1
                     520M          9    4        -1 != W2_3
                     520M         12    3         1  = W1_3
                     520M         10    2         1  = U1_2
                     520M          9    5        -1  = V4_2
                     520M          9    6        -1  = W0_2
                     520M          8    7         1 != V4_3
                     530M          8    1   F     0  = W1_2
                     530M          7    8            -
                     530M          6    4        -1 != U4_1
                     530M          9    2         1  = V1_3
 ! Time = 4958.69s, Average fail depth = 19, Memory usage = 2.2 GB
 !               Branches  Non-fixed    W       Branch decision
                     530M          8    3   F    -1 != U3_3
                     530M          7    5   F    -1  = V1_3
                     530M          7    6   F     1  = W1_2
                     530M         10    7         1 != U4_2
                     540M          8    1   F    -1 != W4_0
                     540M          7    8   F    -1  = U0_3
                     540M          8    4   F    -1  = W0_1
                     540M          9    2   F     1  = V2_3
                     540M          7    5         1  = W1_3
                     540M          8    6         0 != U3_3
                     540M          7    3   F     0  = U1_3
                     540M          7    7        -1 != W2_3
                     550M          8    1         1 != U2_0
                     550M          7    8   F    -1  = V2_0
                     550M          9    4        -1  = V3_1
                     550M         10    2   F     1 != U1_2
                     550M          8    5         1  = V3_2
                     550M          8    6        -1 != V2_2
                     550M          7    3        -1 != U3_3
                     550M         14    7   F     0 != U1_2
 ! Time = 5182.48s, Average fail depth = 19, Memory usage = 2.3 GB
 !               Branches  Non-fixed    W       Branch decision
                     560M          9    1         1  = W0_1
                     560M          7    8         1  = W1_1
                     560M          7    4   F     1 != W4_2
                     560M          9    2   F    -1  = U0_2
                     560M          8    5   F     0 != V4_1
                     560M          8    6   F     1  = V0_2
                     560M          8    3   F     0  = U1_3
                     560M          7    7   F     1  = W4_2
                     570M          8    1   F    -1 != V2_3
                     570M          7    8         0 != U0_2
                     570M          7    4   F    -1  = W4_3
                     570M          7    2   F    -1 != U2_2
                     570M          8    5   F     0  = W4_3
                     570M          9    3   F    -1  = W4_2
                     570M          9    6        -1 != U4_2
                     570M          7    7   F     0  = W2_1
                     580M          7    1         1  = V4_3
                     580M          7    8         1  = V4_3
                     580M          7    4   F    -1  = V2_2
                     580M          8    2         1 != W3_3
 ! Time = 5422.15s, Average fail depth = 18, Memory usage = 2.4 GB
 !               Branches  Non-fixed    W       Branch decision
                     580M          8    5   F     1 != W2_1
                     580M          9    3        -1 != W0_1
                     580M          8    6         0 != W3_0
                     580M          7    7   F    -1  = U1_2
                     590M          8    1         0 != U3_1
                     590M          7    8         1  = W3_2
                     590M          7    4        -1  = U2_3
                     590M          9    2   F    -1 != W4_3
                     590M          7    5   F     0  = U4_2
                     590M         14    3   F     1  = W2_3
                     590M          7    6         1 != W0_3
                     590M         13    7   F    -1  = U0_2
                     600M          7    8   F        -
                     600M          9    1   F     1  = V4_2
                     600M          9    4   F     1  = U2_2
                     600M          9    2         0 != U1_3
                     600M          7    5   F    -1 != V2_1
                     600M         12    7   F     1 != U4_0
                     600M         10    6   F    -1  = U4_1
                     600M         12    3   F     1 != V3_1
 ! Time = 5629.22s, Average fail depth = 18, Memory usage = 2.4 GB
 !               Branches  Non-fixed    W       Branch decision
                     610M          7    8   F     1  = U3_2
                     610M          8    1         0 != U1_1
                     610M          8    4         1  = U2_1
                     610M          8    2        -1 != V1_0
                     610M          9    5   F     1  = W2_3
                     610M          7    7        -1  = U2_1
                     610M          7    6         1  = V4_3
                     610M          9    3   F     1  = W0_3
                     620M          7    8   F     0 != V0_0
                     620M          7    1   F    -1  = W1_1
                     620M          8    4   F    -1  = U0_1
                     620M          9    2         0 != U3_0
                     620M         10    5         1 != W0_3
                     620M          7    7   F    -1  = W2_0
                     620M          7    6   F     1 != U1_0
                     620M          8    3   F     0 != U0_3
                     630M          7    8         1  = U0_1
                     630M          8    4   F    -1 != V0_1
                     630M          7    1   F     1  = U3_1
                     630M          8    2   F     1 != V2_1
 ! Time = 5889.11s, Average fail depth = 18, Memory usage = 2.6 GB
 !               Branches  Non-fixed    W       Branch decision
                     630M         10    5         0  = V4_1
                     630M          7    7   F     1 != U0_1
                     630M          9    6         0 != V1_2
                     630M          8    3   F     0 != U4_3
                     640M          7    8            -
                     640M          8    1   F    -1 != V0_1
                     640M          9    4   F    -1  = U3_0
                     640M         10    2        -1 != V2_3
                     640M          8    5         1 != W3_0
                     640M          7    7   F     0 != W4_0
                     640M          7    6         1  = W3_3
                     640M          8    3   F    -1 != V4_2
                     650M          6    8        -1 != U2_2
                     650M          9    1   F    -1  = V4_2
                     650M          8    4   F     1 != V0_3
                     650M          8    2   F    -1  = V4_1
                     650M          8    5   F    -1  = U0_1
                     650M         14    7   F     0 != W2_3
                     650M          8    6        -1  = U4_3
                     650M          8    3        -1 != W4_0
 ! Time = 6104.42s, Average fail depth = 19, Memory usage = 2.7 GB
 !               Branches  Non-fixed    W       Branch decision
                     660M          7    8         1  = W0_2
                     660M          8    1        -1 != U1_3
                     660M          6    4   F     1 != U2_3
                     660M          8    2   F     1  = V4_2
                     660M          9    5   F     0 != U3_3
                     660M          7    7        -1 != V4_2
                     660M         13    6   F    -1 != U3_3
                     660M          7    3   F    -1 != V0_1
                     670M          7    8   F    -1 != W3_0
                     670M          8    1   F     1  = U3_0
                     670M         14    4        -1  = V2_2
                     670M         12    2         1  = W4_1
                     670M          8    5         1 != U0_1
                     670M          8    6         1  = U4_2
                     670M          7    7        -1  = W3_1
                     670M         14    3   F     1  = U3_0
                     680M          8    4         0 != U3_3
                     680M          7    8   F    -1  = W4_2
                     680M          7    1   F    -1  = V1_1
                     680M          7    2         1 != W1_1
 ! Time = 6344.27s, Average fail depth = 18, Memory usage = 2.8 GB
 !               Branches  Non-fixed    W       Branch decision
                     680M          8    5   F     0 != V4_1
                     680M          7    7        -1 != U3_0
                     680M          8    6        -1  = U3_1
                     680M         10    3   F    -1  = U4_3
                     690M          8    4         0  = W1_1
                     690M          7    8   F     1  = U2_3
                     690M          8    1   F    -1  = W1_2
                     690M          7    2        -1 != W2_2
                     690M         10    5   F     1 != V0_3
                     690M         13    7         1 != W0_0
                     690M          8    6         1  = V3_2
                     690M          8    3   F    -1  = W3_2
                     700M          8    4         0 != W2_3
                     700M          7    8   F        -
                     700M          7    2   F     1  = U0_3
                     700M         12    1         0 != V1_0
                     700M          8    5   F     1  = U4_2
                     700M         12    7   F     1  = W0_1
                     700M          8    6         0 != U4_1
                     700M         13    3   F     0  = V2_2
 ! Time = 6585.71s, Average fail depth = 18, Memory usage = 2.9 GB
 !               Branches  Non-fixed    W       Branch decision
                     710M          7    4         0  = W2_0
                     710M          6    8         0  = W2_3
                     710M          8    2   F    -1 != U3_0
                     710M          9    1   F     0 != U4_3
                     710M         11    5         0  = W1_1
                     710M         12    7   F    -1 != U2_2
                     710M          9    6   F     0 != W1_0
                     710M          7    3   F    -1 != V0_2
                     720M         11    4   F     0 != V0_2
                     720M          8    2         1  = W2_2
                     720M          7    8         0 != W4_3
                     720M          8    1   F     0  = U3_0
                     720M          8    5         1  = V1_3
                     720M          8    6         0 != V2_2
                     720M         12    7   F    -1 != V0_1
                     720M          8    3   F     0  = W2_2
                     730M          8    4   F    -1 != V4_2
                     730M          9    2   F    -1  = W0_1
                     730M         11    1   F    -1 != W2_3
                     730M          7    8   F    -1 != U2_1
 ! Time = 6803.09s, Average fail depth = 19, Memory usage = 2.9 GB
 !               Branches  Non-fixed    W       Branch decision
                     730M          9    5   F     0  = V2_1
                     730M          8    6   F     1  = U2_0
                     730M          8    7   F     1  = U1_1
                     730M         12    3        -1  = V0_1
                     740M          7    2         1  = V3_3
                     740M          8    4         1  = W3_3
                     740M          6    1   F     1 != V0_2
                     740M          7    8         0 != V0_1
                     740M          7    5        -1  = U3_1
                     740M          7    6   F     1 != W3_0
                     740M         12    3         1 != W1_2
                     740M          7    7   F     0  = W2_1
                     750M          8    1   F     0  = U0_0
                     750M          9    4   F     0  = V2_2
                     750M          8    2   F     1 != U4_3
                     750M          7    8        -1 != W3_1
                     750M          8    5         1  = W4_1
                     750M          7    6         0 != W1_2
                     750M          8    3   F    -1 != U4_3
                     750M          9    7   F     0  = W4_0
 ! Time = 7056.77s, Average fail depth = 18, Memory usage = 3.1 GB
 !               Branches  Non-fixed    W       Branch decision
                     760M          7    4        -1  = V3_3
                     760M          8    1         0 != U0_2
                     760M         10    2         1 != U2_0
                     760M          7    8         0  = V0_1
                     760M         11    5         1  = V0_1
                     760M          8    6         0  = W1_0
                     760M          8    3        -1 != V1_3
submitit WARNING (2023-04-30 15:42:42,330) - Bypassing signal SIGCONT
submitit INFO (2023-04-30 15:42:42,338) - Job has timed out. Ran 119 minutes out of requested 121 minutes.
submitit WARNING (2023-04-30 15:42:42,338) - Caught signal SIGUSR2 on cpunode2: this job is timed-out.
submitit INFO (2023-04-30 15:42:42,338) - Not checkpointing nor requeuing since I am a slave (procid=1).
                     760M         13    7        -1 != V2_1
                     770M          9    4        -1 != W2_3
                     770M          6    1   F    -1  = V1_2
                     770M          7    2         1 != V0_3
                     770M          7    8         1  = W0_2
                     770M          7    5         1 != U0_1
 ! ----------------------------------------------------------------------------
 ! Search terminated by limit, no solution found.
 ! ----------------------------------------------------------------------------
 ! Number of branches     : 6164596899
 ! Number of fails        : 3032888741
 ! Total memory usage     : 3.3 GB (3.3 GB CP Optimizer + 0.0 GB Concert)
 ! Time spent in solve    : 7200.05s (7200.05s engine + 0.00s extraction)
 ! Search speed (br. / s) : 856189.3
 ! ----------------------------------------------------------------------------
Unknown
Saving stats to: /h/30/pashootan/Matrix-Mult-CP/logs/2x2x2_5_Apr30_13:43:39/27527_1_stats.csv
submitit INFO (2023-04-30 15:43:44,032) - Job completed successfully
