submitit INFO (2023-04-30 19:21:39,061) - Starting with JobEnvironment(job_id=27534, hostname=cpunode3, local_rank=3(5), node=0(1), global_rank=3(5))
submitit INFO (2023-04-30 19:21:39,061) - Loading pickle: /h/30/pashootan/Matrix-Mult-CP/src/../logs/2x2x2_6_Apr30_19:21:36/27534_submitted.pkl
 ! --------------------------------------------------- CP Optimizer 22.1.1.0 --
 ! Satisfiability problem - 72 variables, 64 constraints
 ! TimeLimit            = 7200
 ! Workers              = 8
 ! LogPeriod            = 10000000
 ! RandomSeed           = 2110
 ! Initial process time : 0.00s (0.00s extraction + 0.00s propagation)
 !  . Log search space  : 114.1 (before), 114.1 (after)
 !  . Memory usage      : 431.0 kB (before), 431.0 kB (after)
 ! Using parallel search with 8 workers.
 ! ----------------------------------------------------------------------------
 !               Branches  Non-fixed    W       Branch decision
                   10000k          4    5         0 != W2_0
                   10000k          6    8        -1 != W4_0
                   10000k          6    7   F    -1  = U1_3
                   10000k          4    1   F     0 != V2_2
                   10000k          4    6   F     0 != W5_3
                   10000k          4    2         0 != U0_3
                   10000k          5    4   F     1  = W4_0
                   10000k          7    3   F     0 != V1_2
                   20000k          7    7   F    -1  = U2_3
                   20000k          5    8         1 != V3_2
                   20000k          4    6         1  = W0_1
                   20000k          4    5         0 != W3_2
                   20000k          9    3   F    -1 != U3_2
                   20000k          4    2         1  = W5_0
                   20000k          4    1   F     1 != U1_3
                   20000k          4    4        -1 != V5_1
                   30000k          7    7   F     0 != V4_1
                   30000k          5    8        -1  = U0_0
                   30000k          7    3        -1 != V1_2
                   30000k          4    6   F     1  = V0_2
 ! Time = 248.42s, Average fail depth = 14, Memory usage = 194.4 MB
 !               Branches  Non-fixed    W       Branch decision
                   30000k          4    2   F     0  = W4_2
                   30000k          4    1   F    -1 != W3_2
                   30000k          4    5        -1 != U4_3
                   30000k          4    4        -1 != W0_2
                   40000k          7    7        -1  = U2_3
                   40000k          5    8            -
                   40000k          4    6        -1  = V0_1
                   40000k          6    3        -1 != V5_0
                   40000k          4    2   F     0  = U5_1
                   40000k          4    1         1  = U0_0
                   40000k          4    4   F    -1  = V2_1
                   40000k          4    5   F     0  = V4_1
                   50000k          6    7   F     1 != W2_3
                   50000k          7    3        -1  = U3_2
                   50000k          5    8            -
                   50000k          4    6   F    -1 != V3_3
                   50000k          4    2         0  = W5_2
                   50000k          5    1         1  = V1_0
                   50000k          4    5   F    -1  = W0_0
                   50000k          4    4   F    -1  = U3_2
 ! Time = 421.33s, Average fail depth = 14, Memory usage = 322.1 MB
 !               Branches  Non-fixed    W       Branch decision
                   60000k          7    7         0  = W0_2
                   60000k          7    3         0 != V5_0
                   60000k          5    8        -1 != U5_1
                   60000k          4    6         1  = V5_2
                   60000k          4    2         1 != U1_1
                   60000k          4    1         1 != W3_0
                   60000k          4    5   F     0  = U1_1
                   60000k          4    4   F    -1 != W4_2
                   70000k          5    7   F    -1  = U1_3
                   70000k         10    3   F    -1  = U1_3
                   70000k          5    8         1  = U5_3
                   70000k          5    6         1  = W1_0
                   70000k          4    2         1  = V4_1
                   70000k          4    1   F     1  = U2_3
                   70000k          4    4        -1  = W0_3
                   70000k          4    5         1 != U2_3
                   80000k          7    7   F    -1  = U5_1
                   80000k          6    8         1 != U3_3
                   80000k          8    3        -1 != V0_1
                   80000k          5    6   F    -1  = U0_1
 ! Time = 658.87s, Average fail depth = 14, Memory usage = 495.8 MB
 !               Branches  Non-fixed    W       Branch decision
                   80000k          4    1   F     1 != V5_1
                   80000k          4    2   F     1  = V5_3
                   80000k          4    4         0  = V3_0
                   80000k          4    5         1  = V1_3
                   90000k          6    7   F     0 != U2_2
                   90000k          6    8   F    -1 != V4_1
                   90000k          6    3         0 != V5_2
                   90000k          4    6        -1 != U3_3
                   90000k          4    2         0  = U1_1
                   90000k          4    1         0 != V1_2
                   90000k          4    4         0  = W1_1
                   90000k          4    5   F     1  = V3_0
                     100M          8    7         1  = U1_2
                     100M          6    8        -1  = V5_0
                     100M         10    3   F     0  = V2_2
                     100M          5    6         0  = V4_1
                     100M          5    1         0 != V3_2
                     100M          4    2   F     1 != V5_2
                     100M          4    4   F    -1 != V3_2
                     100M          4    5   F    -1  = W2_2
 ! Time = 834.37s, Average fail depth = 14, Memory usage = 622.0 MB
 !               Branches  Non-fixed    W       Branch decision
                     110M          6    7   F     0 != V2_3
                     110M          5    8         1 != V2_3
                     110M          9    3   F     1 != W4_1
                     110M          5    6         1 != V5_3
                     110M          4    2         1  = U5_2
                     110M          4    4   F     1  = W5_3
                     110M          4    1         1 != W0_3
                     110M          5    5        -1 != W5_2
                     120M          6    7   F    -1  = U4_2
                     120M          5    8   F    -1 != W3_1
                     120M          9    3   F     0  = V3_1
                     120M          4    2   F     1 != U3_1
                     120M          5    4         1 != V1_3
                     120M          7    6         0 != W5_1
                     120M          4    1        -1 != U2_3
                     120M          6    5         1  = U4_3
                     130M          7    7         1  = V4_3
                     130M          5    8         1  = U4_1
                     130M          8    3   F     1 != V4_3
                     130M          4    2         0  = W3_0
 ! Time = 1073.03s, Average fail depth = 14, Memory usage = 737.8 MB
 !               Branches  Non-fixed    W       Branch decision
                     130M          5    1         1 != W0_2
                     130M          5    4   F    -1  = W4_3
                     130M          6    6   F     0  = W3_0
                     130M          7    5   F     1 != U3_1
                     140M          8    7   F    -1 != V3_1
                     140M          5    8         1  = W2_1
                     140M          7    3         0  = V1_2
                     140M          4    2         1  = V4_1
                     140M          4    1   F    -1 != W4_1
                     140M          4    4         0 != W1_0
                     140M          7    6   F     1 != U5_3
                     140M          5    5   F     1 != W4_3
                     150M          6    7        -1  = U2_2
                     150M          6    8   F     1  = V1_0
                     150M         12    3         1 != W3_0
                     150M          4    2         0 != W1_3
                     150M          4    1         0  = W1_1
                     150M          4    4   F     1  = W3_0
                     150M          5    6        -1 != V3_2
                     150M          6    5   F     0  = V2_3
 ! Time = 1283.49s, Average fail depth = 15, Memory usage = 840.0 MB
 !               Branches  Non-fixed    W       Branch decision
                     160M          5    7         0 != W4_1
                     160M          5    8         1 != V5_3
                     160M          6    3   F    -1  = V3_3
                     160M          4    2   F     1 != V4_1
                     160M          6    1         0  = W3_3
                     160M          4    4        -1 != W2_2
                     160M          5    6        -1  = U0_1
                     160M          5    5   F     1 != U3_2
                     170M          6    7         1  = W2_3
                     170M          5    8        -1  = U1_1
                     170M         10    3        -1  = V1_2
                     170M          4    2        -1 != W0_3
                     170M          4    1         0  = V2_2
                     170M          4    4         0  = W1_3
                     170M          4    6   F     1 != V0_0
                     170M          4    5         1 != U5_3
                     180M          7    7        -1  = U5_3
                     180M          6    8   F    -1  = U3_0
                     180M          6    3        -1 != W3_2
                     180M          4    2   F    -1  = U1_0
 ! Time = 1483.60s, Average fail depth = 15, Memory usage = 968.8 MB
 !               Branches  Non-fixed    W       Branch decision
                     180M          4    1   F    -1  = U2_0
                     180M          5    4        -1  = V2_2
                     180M          4    6   F     0  = W0_2
                     180M          4    5         0 != U5_2
                     190M          6    7        -1  = U1_1
                     190M          6    8   F     1 != V3_2
                     190M          6    3   F     0  = V1_1
                     190M          4    2        -1  = V2_2
                     190M          6    1   F     1 != W2_0
                     190M          5    6   F     0  = U3_3
                     190M          5    4   F    -1  = U3_1
                     190M          5    5         1  = W4_3
                     200M         10    7         1 != W4_0
                     200M          6    8   F    -1  = U5_2
                     200M          9    3   F     0  = U2_0
                     200M          4    4   F     1 != V5_2
                     200M          4    6         1 != W0_1
                     200M          9    2   F     0 != V3_1
                     200M          8    1         1  = U1_0
                     200M          5    5         0  = V3_3
 ! Time = 1702.75s, Average fail depth = 15, Memory usage = 1.0 GB
 !               Branches  Non-fixed    W       Branch decision
                     210M          7    3        -1 != V0_1
                     210M          6    8   F    -1  = V2_2
                     210M          9    7   F     0  = V4_1
                     210M          5    4         1 != U0_1
                     210M          5    6         0  = W5_0
                     210M          6    2         0 != W1_3
                     210M          6    1        -1 != U5_1
                     210M          4    5   F     1 != W3_3
                     220M          9    3   F    -1 != U5_1
                     220M          7    7         0  = U2_2
                     220M          5    8            -
                     220M          5    4         1 != U1_2
                     220M          5    6         0 != V4_3
                     220M          6    2   F     0  = W2_3
                     220M          4    1   F    -1 != V3_1
                     220M          4    5   F    -1  = V0_3
                     230M          5    8         0 != U4_1
                     230M          7    3         0 != V2_2
                     230M          9    7        -1 != U1_3
                     230M          6    4         0  = V0_3
 ! Time = 1905.98s, Average fail depth = 15, Memory usage = 1.1 GB
 !               Branches  Non-fixed    W       Branch decision
                     230M          5    6   F     0  = V4_3
                     230M          6    2         1  = U2_2
                     230M          5    5         0 != W0_3
                     230M          6    1         1 != U5_3
                     240M          4    8   F     0  = W0_0
                     240M          8    3         0 != V1_1
                     240M          8    7   F    -1 != V2_1
                     240M          8    4        -1  = V3_3
                     240M          5    6   F     0  = U3_1
                     240M          7    2         0  = V1_1
                     240M          4    5         0  = V2_2
                     250M         11    3   F    -1 != W0_1
                     240M          6    1         1 != W2_3
                     250M          5    8         1 != U0_1
                     250M          8    7        -1 != W1_3
                     250M          5    6   F     1 != U3_2
                     250M         11    4   F    -1  = V5_2
                     250M          8    2         1 != U3_0
                     250M          4    5         1  = W1_0
                     260M         10    3        -1 != U2_2
 ! Time = 2126.69s, Average fail depth = 15, Memory usage = 1.1 GB
 !               Branches  Non-fixed    W       Branch decision
                     250M          4    1        -1 != W0_1
                     260M          6    8         1 != W5_1
                     260M         11    7   F     1 != W4_0
                     260M          5    6         1  = U5_1
                     260M          7    4         0 != W3_2
                     260M          9    2         0 != V4_1
                     270M          9    3        -1  = V2_1
                     260M          4    5        -1  = V5_3
                     260M          4    1        -1 != U5_3
                     270M          6    8        -1 != V1_2
                     270M          7    7   F    -1 != U0_1
                     270M          5    6   F    -1  = W1_0
                     270M          4    2         0  = W2_1
                     270M          8    4   F     1  = U1_2
                     280M         10    3   F    -1  = V2_1
                     270M          4    5   F     1  = V4_0
                     280M          5    8            -
                     270M          4    1        -1 != W3_0
                     280M          6    7        -1 != V0_1
                     280M          5    6   F     0 != U1_0
 ! Time = 2334.42s, Average fail depth = 15, Memory usage = 1.2 GB
 !               Branches  Non-fixed    W       Branch decision
                     280M          6    4   F     1  = U1_1
                     280M          4    2   F     1  = V1_2
                     280M          4    5   F     0  = W3_0
                     280M          5    1   F     0 != W2_1
                     290M          6    8        -1 != W5_3
                     290M          8    3        -1  = U0_3
                     290M          6    7        -1  = U4_3
                     290M          4    6         0 != W2_3
                     290M          5    2   F     0  = U1_3
                     290M          7    4   F    -1  = V3_2
                     290M          4    1         0 != W3_3
                     290M          5    5         1  = W3_2
                     300M          5    8        -1 != V5_1
                     300M          5    3        -1  = U0_0
                     300M          9    7   F     1 != U5_0
                     300M          5    6        -1 != W2_3
                     300M          4    2   F     0 != V2_1
                     300M          4    1   F     1  = W5_3
                     300M          6    4   F     0 != U2_1
                     310M          5    8   F    -1  = V2_3
 ! Time = 2542.85s, Average fail depth = 15, Memory usage = 1.3 GB
 !               Branches  Non-fixed    W       Branch decision
                     300M          4    5   F     0  = W4_3
                     310M         10    3   F    -1  = W5_1
                     310M          8    7   F     0  = V1_2
                     310M          5    6         0 != W0_1
                     310M          4    2        -1 != W5_3
                     310M          5    1         1  = W5_0
                     310M          8    4   F     0  = V5_0
                     310M          4    5        -1 != U2_2
                     320M          9    3        -1  = V3_3
                     320M          6    8   F     1  = W3_0
                     320M          6    7        -1 != U5_0
                     320M          5    6        -1 != W2_1
                     320M          4    2   F    -1  = V5_2
                     320M          5    4         1  = U4_1
                     330M          7    3   F    -1 != V4_0
                     320M          5    5   F     0  = U3_1
                     330M          5    8         1  = U0_0
                     320M          5    1   F    -1 != V3_2
                     330M          7    7        -1 != V2_3
                     330M          5    6   F    -1  = U2_1
 ! Time = 2755.56s, Average fail depth = 16, Memory usage = 1.4 GB
 !               Branches  Non-fixed    W       Branch decision
                     330M          5    2        -1 != V2_1
                     340M          8    3   F    -1 != V2_0
                     330M          4    4   F    -1  = U4_0
                     340M          5    8   F    -1 != V5_3
                     330M          4    5         0 != U1_3
                     330M          5    1   F     0 != U4_3
                     340M          9    7   F     0 != U3_0
                     340M          5    6        -1 != V3_1
                     340M          5    2   F    -1  = W4_1
                     350M         10    3        -1 != W0_3
                     350M          5    8   F     0  = V0_1
                     340M          4    5         0  = V0_1
                     340M          4    4   F     0  = U5_3
                     340M          5    1   F     0  = V2_2
                     350M          8    7   F     1 != W5_1
                     350M          5    6         0  = V5_2
                     350M          5    2   F    -1  = W2_2
                     360M         10    3   F    -1 != U5_1
                     360M          4    8   F     0  = V2_3
                     350M          5    5   F    -1  = V1_0
 ! Time = 2962.48s, Average fail depth = 16, Memory usage = 1.5 GB
 !               Branches  Non-fixed    W       Branch decision
                     350M          5    1         1  = U3_0
                     350M          4    4   F     0  = V2_0
                     360M          6    7         0 != U5_2
                     360M          5    6        -1  = W3_1
                     360M          5    2         0  = W0_0
                     370M          8    3        -1  = V1_1
                     370M          6    8         1 != V0_3
                     360M          5    1         0 != W0_0
                     360M          5    5   F    -1 != V1_0
                     360M          4    4   F     1  = V0_2
                     370M          6    7   F    -1  = U3_1
                     370M          5    6   F     1  = V5_2
                     370M          4    2        -1  = W2_1
                     380M         11    3   F     1  = U5_3
                     380M          5    8        -1  = W0_1
                     370M          5    1        -1  = U1_2
                     370M          4    4         0 != U4_0
                     370M          4    5   F     1 != U0_2
                     380M          8    7   F    -1  = V2_1
                     380M          5    6   F     1 != W2_0
 ! Time = 3173.73s, Average fail depth = 16, Memory usage = 1.6 GB
 !               Branches  Non-fixed    W       Branch decision
                     380M          4    2         1 != U3_2
                     390M          5    8   F     1 != V0_3
                     380M          5    1         0 != U4_0
                     390M         10    3         0 != W5_2
                     380M          5    4   F     0  = U1_1
                     380M          5    5         0 != U5_1
                     390M          8    7   F    -1  = W2_3
                     390M          5    6         0  = W3_3
                     390M          4    2   F     1 != V3_1
                     400M          4    8        -1 != V2_1
                     390M          4    1   F    -1 != U3_3
                     390M          4    4   F     0  = U5_2
                     400M          5    3         0  = U5_0
                     390M          5    5   F    -1  = U0_2
                     400M         12    7         1  = V2_0
                     400M          5    6   F     1 != U3_1
                     400M          4    2   F    -1 != V2_2
                     410M          5    8   F     1 != V1_0
                     400M          4    1        -1  = U2_3
                     400M          4    4   F     1 != V3_3
 ! Time = 3380.22s, Average fail depth = 16, Memory usage = 1.7 GB
 !               Branches  Non-fixed    W       Branch decision
                     410M          7    3   F    -1 != U2_2
                     400M          5    5   F    -1  = W3_0
                     410M         12    7   F     1 != V5_2
                     410M          5    6         1 != U4_3
                     410M          4    2         0 != V3_3
                     420M          5    8   F    -1  = W0_3
                     410M          4    1   F        -
                     420M          9    3         0  = U1_2
                     410M          4    5         1  = W1_0
                     410M          5    4   F    -1 != U1_1
                     420M         10    7   F    -1 != V1_3
                     420M          5    6        -1  = U1_1
                     420M          5    2         0 != U0_3
                     430M          5    8   F    -1  = V4_1
                     420M          4    1        -1 != V5_0
                     430M         11    3   F    -1  = V4_1
                     420M          5    5   F     0  = W0_1
                     420M          5    4   F     1  = U0_2
                     430M          8    7        -1 != V5_2
                     430M          5    6   F     1 != W5_1
 ! Time = 3597.52s, Average fail depth = 16, Memory usage = 1.8 GB
 !               Branches  Non-fixed    W       Branch decision
                     430M          4    2        -1 != U3_1
                     440M          4    8   F     1 != W2_1
                     430M          5    1         1  = W3_3
                     440M          8    3        -1  = U1_2
                     430M          6    5   F     0  = W0_0
                     430M          4    4   F    -1 != V2_2
                     440M          7    7        -1  = U4_0
                     440M          5    6   F    -1 != U1_2
                     440M          5    2         1  = W3_1
                     450M          5    8   F    -1 != U2_3
                     440M          5    1         0  = W5_0
                     450M          8    3   F     0  = U1_0
                     440M          5    5         1 != V2_3
                     440M          4    4   F     1 != W2_0
                     450M          5    6   F    -1  = U5_3
                     450M          5    2         1 != U0_3
                     450M          7    7   F    -1 != V1_1
                     460M          5    8            -
                     450M          4    1   F     0 != W5_1
                     460M          8    3   F     0 != U1_3
 ! Time = 3794.00s, Average fail depth = 16, Memory usage = 1.9 GB
 !               Branches  Non-fixed    W       Branch decision
                     450M          4    5   F    -1 != V2_1
                     450M          5    4   F    -1  = W2_1
                     460M          5    6         1 != V3_2
                     460M          5    2   F     1  = U0_1
                     460M         12    7         1 != V1_0
                     460M          5    1   F     1 != V2_2
                     470M          5    8   F    -1 != V5_0
                     470M          8    3         0 != V1_1
                     460M          4    5   F     0  = W0_0
                     470M          5    6   F    -1  = W4_1
                     460M          4    4   F    -1  = V4_3
                     470M         10    7         0  = W1_0
                     470M          4    2   F    -1 != U2_2
                     480M          5    8   F     0  = U5_0
                     470M          5    1         1 != V3_3
                     480M          9    3   F     1  = V4_3
                     470M          4    5   F     1  = U5_1
                     480M          5    6   F    -1  = W2_1
                     470M          5    4         1  = W5_2
                     480M          4    2         1  = V1_3
 ! Time = 4019.98s, Average fail depth = 16, Memory usage = 2.0 GB
 !               Branches  Non-fixed    W       Branch decision
                     480M          6    7         0 != U5_3
                     490M          6    8            -
                     480M          4    1   F     1 != W3_0
                     490M          8    3         0  = V5_1
                     480M          5    5   F     1  = U4_2
                     490M          4    6   F     1  = W0_1
                     480M          5    4         1 != V0_2
                     490M          5    2   F    -1  = U3_3
                     490M          5    1         1  = W4_1
                     500M          5    8   F     1 != W3_3
                     490M          7    7        -1  = V4_1
                     500M         12    3   F     1  = U3_1
                     490M          5    5   F     1  = V4_1
                     490M          5    4   F     1 != U2_1
                     500M          5    6        -1  = W2_2
                     500M          4    2   F     1  = V0_0
                     500M         11    7        -1 != U1_1
                     500M          5    1        -1  = W3_1
                     510M          5    8        -1  = W1_0
                     510M         12    3   F     1  = W5_2
 ! Time = 4209.24s, Average fail depth = 16, Memory usage = 2.1 GB
 !               Branches  Non-fixed    W       Branch decision
                     500M          4    5   F     0  = V3_3
                     500M          5    4         1  = U2_1
                     510M          4    6         1 != V4_2
                     510M          4    2   F     1 != V0_1
                     510M          5    1         0 != V3_3
                     520M          6    8        -1 != U2_1
                     510M          6    7   F    -1 != V5_3
                     520M         11    3         0 != U0_3
                     510M          5    5   F     1  = W4_0
                     520M          5    6   F     1 != W4_2
                     510M          5    4   F     0 != W1_0
                     520M          4    2   F    -1  = V1_0
                     530M          5    8         1  = U1_3
                     520M          5    1         1 != W2_2
                     530M          9    3        -1 != U4_3
                     520M         10    7   F    -1  = W5_0
                     520M          4    5        -1  = W4_0
                     530M          5    6   F    -1  = U3_0
                     520M          4    4   F    -1  = W0_1
                     530M          5    2         0 != V1_1
 ! Time = 4430.37s, Average fail depth = 16, Memory usage = 2.2 GB
 !               Branches  Non-fixed    W       Branch decision
                     540M          5    8        -1 != W4_1
                     530M          6    1        -1  = U2_3
                     540M         12    3        -1  = W2_3
                     530M         10    7        -1  = V0_3
                     530M          4    5        -1  = U5_3
                     530M          6    4   F    -1  = W5_1
                     540M          4    6   F     0  = U0_0
                     540M          4    2         0 != V3_1
                     540M          5    1   F     1  = V4_0
                     550M          5    8            -
                     550M         12    3   F    -1  = V3_1
                     540M         12    7        -1  = V5_0
                     540M          6    5   F     0  = U1_2
                     550M          4    6   F     1  = W3_0
                     540M          5    4        -1 != V2_2
                     550M          5    2         1  = V2_1
                     550M          5    1   F     0 != V1_1
                     560M          8    3   F    -1  = U5_3
                     560M          5    8        -1  = U4_0
                     550M          6    7   F     0  = W1_1
 ! Time = 4634.57s, Average fail depth = 16, Memory usage = 2.3 GB
 !               Branches  Non-fixed    W       Branch decision
                     550M          5    5         0 != V5_0
                     560M          4    6   F     0  = V4_1
                     550M          5    4         1  = W0_1
                     560M          5    2   F     0 != V5_3
                     570M         12    3        -1  = U3_1
                     570M          4    8   F        -
                     560M          4    1         1  = V5_3
                     560M          6    7        -1  = V2_0
                     570M          4    6        -1 != W0_3
                     560M          5    5   F    -1  = U0_3
                     560M          5    4         1 != W1_3
                     570M          4    2   F    -1 != U2_0
                     580M         12    3   F     1  = W1_2
                     580M          5    8         1 != W2_2
                     570M          4    1         1 != W2_2
                     570M          7    7         0  = V4_0
                     570M          5    5         1 != W5_0
                     580M          4    6         1  = U3_0
                     570M          4    4   F     1  = W0_0
                     580M          5    2         1 != V1_3
 ! Time = 4842.00s, Average fail depth = 16, Memory usage = 2.4 GB
 !               Branches  Non-fixed    W       Branch decision
                     590M          4    8            -
                     590M          8    3         0 != W3_3
                     580M          5    1         0 != U4_3
                     580M         10    7        -1  = W2_3
                     580M          4    5        -1 != W3_3
                     580M          4    4        -1  = U0_2
                     590M          5    6         1 != V3_2
                     590M          4    2   F     1 != V5_1
                     590M          5    1   F    -1  = U1_0
                     600M          5    8   F        -
                     600M         12    3   F     1  = V1_2
                     590M          7    7   F    -1 != W3_3
                     590M          5    4   F    -1  = V4_2
                     590M          4    5   F     1 != U4_1
                     600M          4    6   F     0  = U2_2
                     600M          4    2         0 != U3_2
                     610M          8    3   F    -1 != W0_2
                     610M          5    8        -1 != U1_2
                     600M          4    1   F     1 != V2_3
                     600M          7    7   F     0  = U4_1
 ! Time = 5056.34s, Average fail depth = 16, Memory usage = 2.5 GB
 !               Branches  Non-fixed    W       Branch decision
                     600M          4    4         0  = V4_0
                     600M          5    5   F    -1 != U2_2
                     610M          5    6   F    -1  = V3_2
                     610M          6    2         1  = W1_3
                     620M          5    8         1  = V0_3
                     620M          8    3   F     0  = V2_1
                     610M          5    1         1  = V4_2
                     610M         12    7   F     1 != W4_3
                     610M          5    4   F    -1 != W0_2
                     610M          5    5        -1  = W3_3
                     620M          5    6   F     1 != V5_1
                     620M          5    2   F     0  = W2_3
                     630M          5    8        -1 != U0_1
                     630M         12    3        -1 != V1_2
                     620M          4    1         0  = V4_2
                     620M          7    7   F     1  = W4_1
                     620M          5    4   F     1  = W4_3
                     620M          4    5   F    -1 != V5_3
                     630M          5    6   F    -1 != V0_3
                     630M          5    2         1 != V2_3
 ! Time = 5261.49s, Average fail depth = 16, Memory usage = 2.6 GB
 !               Branches  Non-fixed    W       Branch decision
                     640M         12    3   F     0 != U2_0
                     640M          4    8        -1  = V1_3
                     630M          4    1         1 != W5_1
                     630M          7    7        -1 != U0_1
                     630M          5    4   F    -1  = V2_2
                     630M          5    5         1  = U0_1
                     640M          5    6   F     1 != U1_0
                     640M          4    2        -1  = V4_2
                     650M         12    3        -1 != U1_2
                     650M          5    8            -
                     640M          4    1   F     0 != U5_0
                     640M          4    4   F    -1  = V5_1
                     640M          9    7   F     0  = V5_1
                     640M          6    5         1  = W3_2
                     650M          5    6         0  = W0_3
                     650M          4    2         1  = V1_2
                     660M         11    3   F    -1 != V0_3
                     660M          5    8         1 != U1_2
                     650M          5    1   F     1  = U5_1
                     650M          4    4   F     1  = V0_0
 ! Time = 5480.33s, Average fail depth = 16, Memory usage = 2.7 GB
 !               Branches  Non-fixed    W       Branch decision
                     650M          7    7   F    -1  = V1_1
                     650M          5    5   F     0  = V4_2
                     660M          5    6   F    -1 != U2_3
                     670M          8    3         1 != U2_1
                     660M          4    1   F    -1 != U0_1
                     660M          4    2   F    -1 != W2_0
                     670M          5    8   F     0  = W0_0
                     660M          4    4   F     0  = W1_3
                     660M         12    7        -1  = W2_3
                     660M          4    5         0  = U4_0
                     670M          5    6         0 != V4_3
                     680M          8    3        -1 != V1_3
                     670M          4    2         1  = V0_2
                     670M          5    1         0 != W5_3
                     680M          5    8        -1 != W0_2
                     670M          4    4   F     0 != W5_1
                     670M         12    7   F    -1  = W1_3
                     680M          5    6   F    -1 != V0_2
                     670M          4    5        -1 != W3_2
                     690M          9    3         0 != W1_3
 ! Time = 5691.42s, Average fail depth = 16, Memory usage = 2.8 GB
 !               Branches  Non-fixed    W       Branch decision
                     680M          5    1        -1  = W3_1
                     690M          5    8   F    -1  = V5_1
                     680M          4    2   F     1 != U4_2
                     680M          5    4   F     1 != W4_1
                     680M          6    7         0  = W2_0
                     690M          5    6   F     0  = W3_0
                     700M         11    3   F    -1  = U5_2
                     680M          4    5        -1  = W5_3
                     700M          5    8         1  = W3_0
                     690M          4    2         0  = W0_2
                     690M          6    1   F    -1 != U2_0
                     690M          5    4        -1 != W4_3
                     690M          9    7   F    -1  = U3_0
                     710M          7    3   F    -1  = W5_1
                     700M          5    6   F    -1 != W2_3
                     690M          4    5   F     0  = U1_0
                     710M          5    8         1  = U1_3
                     700M          7    2   F    -1 != V1_3
                     700M          4    4   F    -1  = V3_2
                     700M          4    1   F    -1 != V4_3
 ! Time = 5880.90s, Average fail depth = 16, Memory usage = 2.9 GB
 !               Branches  Non-fixed    W       Branch decision
                     700M         12    7   F     1  = U5_3
                     720M         10    3   F     0 != U0_1
                     710M          4    6        -1  = U0_1
                     700M          4    5   F    -1 != U2_2
                     720M          5    8            -
                     710M          4    2   F    -1 != U1_2
                     710M          6    4   F     0  = U4_1
                     710M          5    1        -1  = U3_0
                     710M         12    7   F    -1  = V4_2
                     730M         12    3         0  = V1_1
                     710M          4    5         0 != W4_2
                     730M          5    8   F    -1 != U4_1
                     720M          6    6         0 != U1_3
                     720M         11    2         1  = U4_0
                     720M          5    4         0 != W0_2
                     720M          4    1   F     1  = V4_1
                     720M         13    7         1 != V1_0
                     740M         12    3         0  = U5_0
                     720M          5    5        -1  = V5_3
                     730M         11    2   F     0  = U5_2
 ! Time = 6114.09s, Average fail depth = 16, Memory usage = 3.0 GB
 !               Branches  Non-fixed    W       Branch decision
                     740M          5    8            -
                     730M          5    6         0  = U0_1
                     730M          4    4         0 != U1_2
                     730M          5    1   F    -1 != U0_1
                     730M          8    7   F     1  = U2_1
                     750M          7    3         0  = U3_0
                     730M          4    5         0  = V2_2
                     740M          4    2   F     0  = U2_3
                     750M          6    8            -
                     740M          4    6        -1 != U2_1
                     740M          5    4         1 != U2_1
                     740M          4    1         1  = U4_0
                     740M          7    7   F    -1 != U4_1
                     760M          7    3        -1  = U3_3
                     740M          5    5   F    -1  = U5_3
                     750M          5    2        -1  = W1_0
                     760M          5    8         1  = V4_3
                     750M          5    6        -1  = W0_1
                     750M          5    4         1 != V1_1
                     750M          8    7   F     0 != V0_3
 ! Time = 6307.67s, Average fail depth = 16, Memory usage = 3.1 GB
 !               Branches  Non-fixed    W       Branch decision
                     750M         11    1         1 != V5_3
                     770M         12    3   F     1  = V2_1
                     760M          6    2         0 != U4_3
                     750M          5    5   F    -1  = U5_1
                     770M          4    8         1  = W4_1
                     760M          5    6   F     0  = U5_1
                     760M          4    4        -1  = W5_3
                     760M          9    7         0  = V0_1
                     760M          4    1   F    -1 != W0_3
                     780M         12    3   F     1  = V3_2
                     770M          5    2   F    -1  = W3_0
                     760M          4    5   F     1 != V5_1
                     780M          5    8   F     0  = U2_1
                     770M          5    6   F     0  = W4_1
                     770M         15    7   F    -1  = V2_1
                     770M          4    4         1 != U2_0
                     770M          4    1            -
                     790M         11    3   F    -1 != W4_0
                     780M          5    2         1 != U3_2
                     770M          4    5         0 != V0_1
 ! Time = 6529.79s, Average fail depth = 16, Memory usage = 3.2 GB
 !               Branches  Non-fixed    W       Branch decision
                     780M          4    6         1 != U0_1
                     790M          4    8         1  = W4_3
                     780M         11    7         0  = U4_1
                     780M          8    4         1  = V3_1
                     800M          9    3         1  = V4_2
                     780M          6    1         0  = W4_3
                     790M          5    2   F     1 != W2_1
                     780M          4    5   F    -1 != V2_2
                     790M          4    6         0 != V5_2
                     800M          5    8         1  = U5_3
                     790M         10    7   F     0 != V5_1
                     790M          5    4   F    -1 != V2_1
                     810M          8    3         0 != V1_0
                     790M          5    1   F     1 != V1_3
                     800M          5    2        -1 != U2_0
                     790M          4    5         1  = U4_2
                     800M          5    6         1  = W0_1
                     810M          5    8   F        -
                     800M         10    7   F     0  = W5_3
                     800M          5    4        -1  = W2_2
 ! Time = 6709.93s, Average fail depth = 16, Memory usage = 3.3 GB
 !               Branches  Non-fixed    W       Branch decision
                     820M          8    3        -1 != V2_1
                     800M          7    1         0 != V5_2
                     810M          5    2   F     1 != V1_2
                     800M          7    5   F     0  = W5_0
                     810M          5    6   F    -1 != V4_1
                     820M          5    8   F    -1  = V0_2
                     810M         13    7        -1  = V4_2
                     810M          5    4         1  = U2_3
                     830M         12    3   F    -1 != V3_1
                     810M          4    1         0  = W4_3
                     820M          5    2        -1  = U0_2
                     820M          5    6         0 != W2_1
                     810M          5    5         1 != V1_2
                     820M         11    7         1 != U0_2
                     830M          4    8        -1  = V1_3
                     820M          4    4        -1  = W4_3
                     840M         13    3   F    -1 != U0_2
                     820M          5    1   F    -1  = U0_1
                     830M          8    2        -1 != U4_2
                     830M          5    6         0 != V5_1
 ! Time = 6935.68s, Average fail depth = 16, Memory usage = 3.4 GB
 !               Branches  Non-fixed    W       Branch decision
                     820M          4    5         1  = W1_3
                     830M         12    7   F     1  = U0_3
                     840M          6    8   F     0  = V5_1
                     830M          5    4        -1  = W2_3
                     850M          9    3   F    -1 != W1_1
                     830M          5    1         0 != V2_3
                     840M          5    2   F     1 != W2_0
                     840M          5    6        -1 != V2_1
                     830M          4    5   F    -1  = W3_1
                     840M          9    7   F     0  = V0_0
                     850M          5    8   F     1  = W4_3
                     840M          5    4         1  = V3_3
                     860M          9    3   F     0 != U0_0
                     840M          5    1   F     1  = W3_1
                     850M          4    2   F     1  = V2_2
                     850M         11    7         1 != U4_1
                     840M          4    5        -1 != V1_0
                     850M          7    6   F    -1 != U5_1
                     860M          4    8   F    -1  = W3_0
                     870M         11    3   F    -1  = V1_2
 ! Time = 7121.34s, Average fail depth = 16, Memory usage = 3.5 GB
 !               Branches  Non-fixed    W       Branch decision
                     850M          5    4         0 != W1_1
submitit WARNING (2023-04-30 21:20:42,328) - Bypassing signal SIGCONT
submitit INFO (2023-04-30 21:20:42,330) - Job has timed out. Ran 119 minutes out of requested 121 minutes.
submitit WARNING (2023-04-30 21:20:42,330) - Caught signal SIGUSR2 on cpunode3: this job is timed-out.
submitit INFO (2023-04-30 21:20:42,330) - Not checkpointing nor requeuing since I am a slave (procid=3).
                     850M          4    1         1  = U5_3
                     860M          5    2         1 != V2_2
                     860M          7    7         1 != U5_1
                     850M          5    5   F     1  = V1_1
                     860M          5    6         0 != W3_1
 ! ----------------------------------------------------------------------------
 ! Search terminated by limit, no solution found.
 ! ----------------------------------------------------------------------------
 ! Number of branches     : 6901037587
 ! Number of fails        : 3373245266
 ! Total memory usage     : 3.7 GB (3.7 GB CP Optimizer + 0.0 GB Concert)
 ! Time spent in solve    : 7200.06s (7200.06s engine + 0.00s extraction)
 ! Search speed (br. / s) : 958469.5
 ! ----------------------------------------------------------------------------
Unknown
Saving stats to: /h/30/pashootan/Matrix-Mult-CP/logs/2x2x2_6_Apr30_19:21:36/27534_3_stats.csv
submitit INFO (2023-04-30 21:21:40,065) - Job completed successfully
