submitit INFO (2023-04-30 19:21:39,061) - Starting with JobEnvironment(job_id=27534, hostname=cpunode3, local_rank=0(5), node=0(1), global_rank=0(5))
submitit INFO (2023-04-30 19:21:39,061) - Loading pickle: /h/30/pashootan/Matrix-Mult-CP/src/../logs/2x2x2_6_Apr30_19:21:36/27534_submitted.pkl
 ! --------------------------------------------------- CP Optimizer 22.1.1.0 --
 ! Satisfiability problem - 72 variables, 64 constraints
 ! TimeLimit            = 7200
 ! Workers              = 8
 ! LogPeriod            = 10000000
 ! RandomSeed           = 215
 ! Initial process time : 0.00s (0.00s extraction + 0.00s propagation)
 !  . Log search space  : 114.1 (before), 114.1 (after)
 !  . Memory usage      : 431.0 kB (before), 431.0 kB (after)
 ! Using parallel search with 8 workers.
 ! ----------------------------------------------------------------------------
 !               Branches  Non-fixed    W       Branch decision
                   10000k          6    3   F     0  = V4_1
                   10000k          5    8   F     0 != W1_1
                   10000k          5    7   F    -1 != W4_3
                   10000k          4    2   F    -1 != U3_0
                   10000k          4    4   F    -1 != V1_0
                   10000k          4    6   F     1  = U4_2
                   10000k          4    1   F     0  = V4_1
                   10000k          4    5   F     1  = V4_0
                   20000k          4    8        -1 != V4_1
                   20000k          7    7   F    -1  = V3_2
                   20000k          6    3   F     0  = U0_2
                   20000k          4    6   F     1 != U4_2
                   20000k          4    4   F     0  = U4_1
                   20000k          4    2        -1 != U5_3
                   20000k          4    1   F     1 != W3_0
                   20000k          4    5   F     1  = W5_3
                   30000k          5    8        -1 != U3_0
                   30000k          7    3   F    -1  = V1_1
                   30000k          6    7        -1 != V5_1
                   30000k          4    1         0  = U4_1
 ! Time = 266.06s, Average fail depth = 14, Memory usage = 201.8 MB
 !               Branches  Non-fixed    W       Branch decision
                   30000k          4    6         1  = W1_2
                   30000k          4    4   F    -1 != U2_1
                   30000k          4    2   F     1  = U1_3
                   30000k          4    5   F    -1  = W3_2
                   40000k          4    8   F     1 != W0_1
                   40000k          6    3   F     1 != U4_0
                   40000k          4    1         0  = V2_3
                   40000k          4    6        -1 != U2_0
                   40000k          4    5   F     1 != V3_1
                   40000k          8    7         0  = V1_1
                   40000k          4    4   F    -1 != W0_2
                   40000k          4    2   F     0  = U4_3
                   50000k          5    8   F     1  = U5_0
                   50000k          7    7        -1 != U1_0
                   50000k          4    6   F    -1  = U2_2
                   50000k          4    1   F    -1  = U1_3
                   50000k          8    3        -1  = W3_3
                   50000k          4    5         1 != U3_3
                   50000k          4    4   F    -1 != W4_1
                   50000k          5    2   F     1 != U2_2
 ! Time = 447.79s, Average fail depth = 14, Memory usage = 336.0 MB
 !               Branches  Non-fixed    W       Branch decision
                   60000k          4    8         0  = W5_0
                   60000k          9    7         1  = U2_2
                   60000k          7    3        -1 != W5_0
                   60000k          4    6   F     0 != V1_3
                   60000k          4    5         0  = U0_3
                   60000k          4    1   F    -1  = U2_2
                   60000k          4    2   F     1  = V4_1
                   60000k          4    4   F    -1  = V3_3
                   70000k          5    8   F     1 != U2_1
                   70000k          9    3         1  = W2_0
                   70000k          8    7   F    -1 != U5_2
                   70000k          4    6         1  = W3_1
                   70000k          4    5         0 != V3_2
                   70000k          4    1   F     1  = U2_1
                   70000k          4    2         0 != V1_0
                   70000k          4    4        -1  = W2_3
                   80000k          5    8   F    -1  = W0_2
                   80000k          9    7         0  = W1_0
                   80000k          4    6         0  = U1_2
                   80000k          4    5         0  = U0_1
 ! Time = 709.27s, Average fail depth = 14, Memory usage = 526.3 MB
 !               Branches  Non-fixed    W       Branch decision
                   80000k          7    3        -1 != V5_3
                   80000k          4    1   F     0  = V0_2
                   80000k          4    4   F     1 != U2_3
                   80000k          4    2   F    -1  = W1_2
                   90000k          5    8         1 != W1_1
                   90000k          6    7   F    -1  = V2_1
                   90000k          4    5         0  = W3_1
                   90000k          4    6         1 != V0_3
                   90000k         10    3   F     0 != V3_2
                   90000k          4    1         0  = W3_0
                   90000k          4    2   F     0 != U5_2
                   90000k          5    4   F     1 != W3_3
                     100M          5    8   F    -1 != U3_0
                     100M          6    7   F     1  = U0_2
                     100M          4    5        -1 != U4_2
                     100M          4    6   F     0  = U5_0
                     100M          4    1   F     1  = U1_3
                     100M          8    3         1  = U3_0
                     100M          4    2   F     0  = W2_3
                     100M          8    4   F     0  = W5_0
 ! Time = 905.93s, Average fail depth = 14, Memory usage = 644.0 MB
 !               Branches  Non-fixed    W       Branch decision
                     110M          6    8   F     0  = W1_3
                     110M         10    7         1  = U1_2
                     110M          4    5        -1 != V0_1
                     110M          4    6         1 != W3_3
                     110M          4    1         1 != U1_2
                     110M          7    3   F     1  = V5_1
                     110M          5    2   F     1  = U4_2
                     110M          5    4   F     1  = W0_0
                     120M          5    8   F     1 != U3_3
                     120M          4    6         1  = W4_0
                     120M          4    5   F     1  = W4_2
                     120M          4    1        -1 != V4_0
                     120M          6    3   F    -1 != W0_1
                     120M          6    7        -1  = V1_3
                     120M          5    2   F    -1  = U3_0
                     120M          7    4        -1  = U3_2
                     130M          5    8         1 != V5_1
                     130M          4    5   F     1 != V5_3
                     130M          8    3   F     0  = U0_3
                     130M          4    6   F     0  = U3_2
 ! Time = 1148.99s, Average fail depth = 15, Memory usage = 786.3 MB
 !               Branches  Non-fixed    W       Branch decision
                     130M          4    1   F     0  = W0_0
                     130M          7    7   F    -1 != U1_3
                     130M          4    2   F     1 != W1_3
                     130M          6    4         0  = W3_1
                     140M          4    8   F        -
                     140M          7    3   F     0 != U5_0
                     140M          4    6   F    -1 != W3_0
                     140M          4    1   F     1 != W0_1
                     140M          4    5         1 != U4_1
                     140M          6    7   F     0 != V2_3
                     140M          9    2   F     0  = V2_0
                     140M          5    4         0  = V1_3
                     150M          5    8         1  = W3_3
                     150M          6    3        -1 != U5_0
                     150M          4    1        -1  = U3_1
                     150M          6    7   F    -1  = W0_3
                     150M          4    5   F    -1  = U5_1
                     150M          4    6   F    -1 != U4_2
                     150M          8    2   F     0  = V2_2
                     150M          5    4         0  = W0_0
 ! Time = 1360.16s, Average fail depth = 15, Memory usage = 900.9 MB
 !               Branches  Non-fixed    W       Branch decision
                     160M          7    3        -1  = U5_0
                     160M          5    8   F    -1  = V2_2
                     160M          4    5   F    -1 != U3_1
                     160M          4    6   F     0 != U5_3
                     160M          4    1   F    -1 != V1_1
                     160M          6    7   F     1 != V0_3
                     160M          6    2         1 != U2_2
                     160M          5    4         0 != W5_0
                     170M         12    3   F     1 != U5_3
                     170M          5    8   F    -1 != W1_3
                     170M          4    5   F     0 != U1_3
                     170M          4    6        -1 != U5_1
                     170M          4    1         0 != V0_2
                     170M          6    7        -1  = W4_1
                     170M          5    4   F     0  = U4_2
                     170M          8    2         0 != V0_1
                     180M         10    3   F     0 != U1_1
                     180M          5    8   F    -1  = V3_2
                     180M          4    6   F     1 != W3_2
                     180M         11    7   F     0 != U5_3
 ! Time = 1609.65s, Average fail depth = 15, Memory usage = 976.4 MB
 !               Branches  Non-fixed    W       Branch decision
                     180M          7    5   F     1  = V1_3
                     180M          4    1         1 != U4_1
                     180M          5    4   F    -1 != U5_2
                     180M          8    2         1  = W0_2
                     190M          7    3         1 != U2_3
                     190M          5    8        -1  = V4_3
                     190M          8    7   F     0 != V1_1
                     190M          5    5        -1 != W3_3
                     190M         10    6        -1  = W0_1
                     190M          4    1         0 != W0_0
                     190M          5    2         0 != V4_3
                     190M          5    4   F     1  = V2_3
                     200M          6    3        -1  = U1_2
                     200M          4    8   F     0 != U5_1
                     200M          7    7   F    -1 != V3_0
                     200M          9    5         1 != V1_0
                     200M          5    6         0 != U5_1
                     200M          4    1         0 != W5_3
                     200M          5    4   F     1  = W4_1
                     200M          4    2        -1 != V3_0
 ! Time = 1823.81s, Average fail depth = 15, Memory usage = 1.0 GB
 !               Branches  Non-fixed    W       Branch decision
                     210M          7    3        -1 != U2_0
                     210M          5    8   F    -1  = V5_2
                     210M         10    7         0 != V5_3
                     210M          9    5   F    -1  = V0_3
                     210M          7    6   F     1 != W4_1
                     210M          4    1         1  = U1_1
                     210M          5    4        -1 != U5_1
                     210M          6    2         1 != W2_0
                     220M          8    3   F     1  = W4_2
                     220M          5    8   F     1  = U4_2
                     220M          9    7         0 != V1_2
                     220M          8    5         1  = V0_0
                     220M          7    6   F     1  = W2_0
                     220M          4    1   F     1  = U0_1
                     220M          5    4         1 != U1_1
                     220M          5    2         0 != U5_0
                     230M          9    3        -1 != W5_1
                     230M          5    8         1  = U5_1
                     230M         10    7         0 != U2_3
                     230M          6    5   F     1 != W4_0
 ! Time = 2067.11s, Average fail depth = 15, Memory usage = 1.1 GB
 !               Branches  Non-fixed    W       Branch decision
                     230M          5    4   F    -1 != V3_0
                     230M          4    1        -1 != V5_0
                     230M         10    6        -1 != U1_3
                     230M          5    2   F     1 != V5_3
                     240M          6    3   F    -1  = W2_1
                     240M          5    8         1  = V2_1
                     240M          7    7   F     1  = W4_1
                     240M          7    5         0 != U0_0
                     240M          4    1   F     1  = W0_3
                     240M          4    4   F     1 != V3_3
                     240M          6    6   F     0 != W2_3
                     240M          5    2         0 != V5_3
                     250M          6    3   F     1 != V3_1
                     250M          5    8   F    -1 != V3_2
                     250M          7    7        -1 != V0_2
                     250M          4    5        -1 != V1_0
                     250M          4    1        -1  = W1_0
                     250M          4    4         1 != U3_1
                     250M          7    6         1 != V5_2
                     250M          5    2   F    -1 != U4_0
 ! Time = 2270.22s, Average fail depth = 15, Memory usage = 1.1 GB
 !               Branches  Non-fixed    W       Branch decision
                     260M          9    3         1 != U0_2
                     260M          5    8   F     0  = W3_1
                     260M          8    7         0 != W2_1
                     260M          5    4   F     0  = V5_1
                     260M          4    1         1  = W4_0
                     260M          4    5   F    -1 != U5_3
                     260M          5    2   F     0  = V0_0
                     260M          4    6         1 != V5_1
                     270M          9    3        -1 != V3_3
                     270M          4    8   F    -1  = W5_2
                     270M          8    7   F     1  = W1_0
                     270M          4    4         1  = V5_1
                     270M          4    1   F     1 != V2_0
                     270M          4    5   F     0 != V5_0
                     270M          6    2   F     1  = U2_3
                     280M          8    3   F    -1 != W1_2
                     270M          4    6         1  = V5_0
                     280M          4    8   F     0  = W0_0
                     280M          8    7   F     0  = W3_3
                     280M          4    1        -1  = W3_2
 ! Time = 2526.33s, Average fail depth = 16, Memory usage = 1.3 GB
 !               Branches  Non-fixed    W       Branch decision
                     280M          5    4   F    -1 != U4_1
                     280M          4    5         1 != U1_0
                     280M          6    2         1  = V3_1
                     290M         12    3         1 != U0_3
                     280M          4    6   F     0  = W3_0
                     290M          5    8        -1 != V5_1
                     290M         12    7   F     0  = U1_1
                     290M          4    1         0  = U3_3
                     290M          5    5   F    -1  = V5_1
                     290M          5    2        -1 != U3_0
                     290M          5    4   F     1  = W0_3
                     290M          4    6   F     1  = U2_2
                     300M         11    3        -1 != W2_2
                     300M          5    8   F    -1  = V1_1
                     300M          7    7   F     0  = V0_3
                     300M          4    1         1  = W3_3
                     300M          5    5   F     0  = W0_2
                     300M          5    2         0 != U4_0
                     300M          5    4   F     1  = W4_3
                     310M          7    3        -1  = V1_2
 ! Time = 2722.79s, Average fail depth = 16, Memory usage = 1.4 GB
 !               Branches  Non-fixed    W       Branch decision
                     300M          4    6        -1 != W4_2
                     310M          5    8   F        -
                     310M         10    7   F     1  = W1_1
                     310M          4    1   F    -1 != V4_2
                     310M          5    2        -1 != V1_1
                     310M          5    5   F     0  = W2_3
                     310M          6    4         0 != U5_1
                     320M          7    3   F    -1 != W1_2
                     310M          4    6         1 != V2_3
                     320M          4    8   F     0  = U2_0
                     320M          6    7   F     0  = U5_3
                     320M          5    2         1  = U1_0
                     320M          4    1   F     1  = U0_3
                     320M          5    4   F     1  = V4_0
                     320M          4    5         0 != V3_3
                     330M         10    3         1 != U3_0
                     320M          4    6         0 != U0_2
                     330M          4    8            -
                     330M          8    7         0 != W5_1
                     330M          4    1         1  = V2_0
 ! Time = 2966.52s, Average fail depth = 16, Memory usage = 1.5 GB
 !               Branches  Non-fixed    W       Branch decision
                     330M          4    5   F    -1  = U0_1
                     330M          6    2        -1 != W1_0
                     330M          5    4        -1 != V4_0
                     330M          4    6        -1  = U1_1
                     340M         10    3   F     1 != W2_3
                     340M          5    8         0 != V5_2
                     340M          8    7         0  = U2_2
                     340M          4    1   F     0 != V3_2
                     340M          4    5   F     1 != W5_0
                     340M          6    2        -1 != V3_3
                     340M          5    4         1  = U4_1
                     340M          4    6         1 != W4_3
                     350M          8    3   F     0  = W2_2
                     350M          5    8   F    -1  = V1_2
                     350M          8    7   F     1 != V3_0
                     350M          5    1        -1 != V2_3
                     350M          4    5   F     1 != V2_0
                     350M          5    2         0  = V3_0
                     350M          4    6   F     1  = V3_0
                     350M          5    4   F     0  = U4_0
 ! Time = 3164.42s, Average fail depth = 16, Memory usage = 1.6 GB
 !               Branches  Non-fixed    W       Branch decision
                     360M          7    3         1 != U1_3
                     360M          5    8            -
                     360M          7    7         0 != V5_1
                     360M          4    5   F    -1  = U1_1
                     360M          5    1         0  = V3_3
                     360M          6    2   F     1 != V2_3
                     360M          5    4         0 != U3_2
                     360M          4    6         0  = U4_1
                     370M          6    3        -1 != U5_0
                     370M          4    8   F    -1 != U5_2
                     370M          7    7   F    -1 != V5_1
                     370M          4    5        -1 != U0_0
                     370M          5    2   F     0 != W3_3
                     370M          4    1         1 != V4_3
                     370M          4    6         1 != U3_2
                     370M          5    4   F     1  = U5_3
                     380M         12    3   F     1  = U3_2
                     380M          5    8         1 != U1_1
                     380M          7    7   F    -1 != V2_1
                     380M          5    2   F    -1 != W5_3
 ! Time = 3422.97s, Average fail depth = 16, Memory usage = 1.7 GB
 !               Branches  Non-fixed    W       Branch decision
                     380M          5    5   F     1  = V3_3
                     380M          5    1   F    -1 != V2_3
                     380M          5    4         1 != W5_0
                     390M          9    3   F    -1  = W3_1
                     380M          4    6         0  = V5_3
                     390M          4    8         1 != V1_1
                     390M          9    7   F    -1  = W1_1
                     390M          5    1   F     0  = V2_3
                     390M          4    5   F    -1  = W2_3
                     390M          5    4        -1 != U3_3
                     400M          7    3        -1 != U5_2
                     390M          4    6   F    -1  = V3_0
                     390M          5    2   F     0 != U3_1
                     400M          5    8   F     0  = U5_3
                     400M          7    7   F     1  = W3_1
                     400M          6    1         1  = W2_3
                     400M          5    4   F     1  = W3_0
                     410M          7    3         0  = V1_1
                     400M          4    5   F     1  = W2_1
                     400M          4    6   F     0  = U2_2
 ! Time = 3611.59s, Average fail depth = 16, Memory usage = 1.8 GB
 !               Branches  Non-fixed    W       Branch decision
                     400M          5    2   F     1 != W5_0
                     410M          5    8        -1 != W1_1
                     410M          6    7         0  = W4_3
                     410M          4    1         0 != U5_1
                     420M          9    3   F    -1 != U1_0
                     410M          5    4   F    -1 != V2_3
                     410M          4    6   F     1 != U2_0
                     410M          5    2   F     1  = U3_1
                     410M          4    5   F     1 != U2_2
                     420M          4    8         1  = W4_1
                     420M          6    7        -1 != U4_1
                     420M          5    1         0 != V1_2
                     430M          9    3         1 != W4_1
                     420M          6    4         0 != V4_0
                     420M          4    6   F    -1  = W2_0
                     420M          4    2         1 != W4_0
                     420M          4    5   F    -1 != U4_2
                     430M          4    8   F    -1  = W5_1
                     430M         14    7   F    -1  = U1_1
                     440M          6    3         1 != W0_0
 ! Time = 3860.08s, Average fail depth = 16, Memory usage = 1.9 GB
 !               Branches  Non-fixed    W       Branch decision
                     430M          5    1   F    -1  = U1_0
                     430M          5    4   F     0  = V0_3
                     430M          4    6   F     0  = U3_2
                     430M          5    2   F    -1  = W2_1
                     440M          4    8   F     1  = V4_0
                     430M          4    5   F    -1 != U1_1
                     440M          8    7   F    -1  = W3_1
                     440M          5    1   F     0  = V1_3
                     450M          9    3   F    -1 != W1_1
                     440M          5    4         1  = V3_2
                     440M          4    6   F     1 != U3_2
                     440M          5    5   F     1  = U4_3
                     440M          6    2        -1 != W1_1
                     450M          8    7         1 != U2_1
                     450M          5    8            -
                     450M          5    1         1  = W2_1
                     460M          6    3        -1  = W3_0
                     450M          4    5         0  = W5_3
                     450M          4    6         1  = U5_3
                     450M          5    2   F     1 != W5_3
 ! Time = 4060.13s, Average fail depth = 16, Memory usage = 2.0 GB
 !               Branches  Non-fixed    W       Branch decision
                     450M          5    4         1  = W0_3
                     460M         12    7         1 != U5_2
                     460M          4    8        -1  = V0_3
                     460M          5    1         0 != V5_2
                     470M         10    3         0 != V1_1
                     460M          4    5   F    -1  = U5_1
                     460M          4    6   F     0 != U5_2
                     460M          6    2         0 != U5_2
                     470M          5    8            -
                     470M          9    7   F     0 != U2_3
                     460M          4    4   F    -1 != W0_3
                     470M          5    1   F    -1  = V1_1
                     480M         11    3   F     0  = U5_1
                     470M          5    5   F     0 != U4_1
                     470M          5    2   F    -1 != U3_0
                     470M          4    6   F     0 != V0_2
                     480M          4    8         0 != V4_2
                     480M          9    7   F    -1 != V3_1
                     470M          5    4         1  = V2_0
                     490M         12    3   F     1 != U0_0
 ! Time = 4298.04s, Average fail depth = 16, Memory usage = 2.1 GB
 !               Branches  Non-fixed    W       Branch decision
                     480M          5    1   F    -1  = V3_2
                     480M          4    6         1  = U3_2
                     480M          5    5   F    -1  = V5_0
                     480M          5    2   F     0  = V1_3
                     490M          4    8            -
                     490M         11    7   F    -1  = U4_2
                     480M          5    4         0  = U4_2
                     500M         12    3   F     1 != W0_0
                     490M          5    1   F     1 != U1_1
                     490M          4    6        -1  = V2_2
                     490M          5    2        -1  = V4_0
                     500M          4    8   F     1 != U2_0
                     490M          5    5         0  = W0_0
                     500M         11    7   F    -1  = U3_3
                     490M          5    4   F     0 != V3_0
                     500M          5    1         0 != U3_2
                     510M         11    3         0  = U4_0
                     500M          5    2         0  = V1_3
                     500M          5    5        -1  = U5_2
                     500M          4    6         0 != W4_3
 ! Time = 4504.20s, Average fail depth = 16, Memory usage = 2.2 GB
 !               Branches  Non-fixed    W       Branch decision
                     510M          4    8         1 != V5_1
                     500M          5    4        -1  = U2_3
                     510M         10    7        -1 != W3_2
                     520M          8    3         0 != U3_1
                     510M          5    1   F     1 != U5_0
                     510M          5    5   F    -1  = V2_3
                     510M          4    6        -1 != W0_0
                     520M          4    8        -1  = V2_2
                     520M          8    7        -1 != V1_0
                     510M          5    2   F     1  = W2_3
                     510M          5    4        -1 != V5_2
                     530M          9    3         0  = V1_3
                     520M          5    1   F    -1  = W4_3
                     520M          5    5   F     1  = W4_0
                     520M          4    6         1  = U2_0
                     530M          4    8        -1 != U4_1
                     520M          5    2         0 != W0_3
                     520M          5    4         1  = U5_3
                     530M          7    7         0  = W0_0
                     540M          8    3        -1 != U5_0
 ! Time = 4741.09s, Average fail depth = 16, Memory usage = 2.3 GB
 !               Branches  Non-fixed    W       Branch decision
                     530M          5    1        -1  = V0_0
                     530M          5    5         1 != U1_0
                     530M          4    6   F     1  = W2_3
                     540M          4    8   F    -1 != U2_2
                     530M          6    2         1 != V5_0
                     530M          5    4        -1 != V0_0
                     540M          7    7         0 != W5_1
                     550M         10    3        -1 != W1_1
                     540M          5    1        -1 != U2_3
                     540M          4    5   F     1  = U5_3
                     540M          4    6        -1 != V3_2
                     550M          4    8            -
                     540M          5    2   F     1 != U5_3
                     540M          6    4         1  = W2_1
                     550M          7    7   F    -1 != V2_2
                     560M         11    3   F     1 != V2_1
                     550M          5    1   F     1 != U5_1
                     550M          4    5         0  = V0_1
                     550M          4    6         0  = W4_1
                     560M          5    8   F        -
 ! Time = 4949.00s, Average fail depth = 16, Memory usage = 2.4 GB
 !               Branches  Non-fixed    W       Branch decision
                     550M          5    2   F     0 != V1_1
                     550M          4    4         0  = V0_2
                     560M          6    7         1 != U2_2
                     570M          9    3   F     1 != W1_0
                     560M          4    1   F    -1 != V4_3
                     560M          4    5         0  = V2_3
                     560M          4    6   F    -1  = V1_2
                     570M          4    8        -1  = W1_0
                     560M          5    2   F    -1  = V5_0
                     560M          4    4         0  = W0_3
                     570M          6    7         0 != U3_3
                     570M          5    1   F    -1  = V5_3
                     570M          4    5         1 != W4_0
                     580M          8    3   F     0  = U3_1
                     570M          4    6   F     1  = U4_0
                     580M          4    8         0 != W5_0
                     570M          6    2   F    -1  = V3_0
                     570M          5    4        -1  = U5_1
                     580M         11    7   F    -1 != V4_2
                     580M          5    1   F     0 != U1_2
 ! Time = 5175.79s, Average fail depth = 16, Memory usage = 2.5 GB
 !               Branches  Non-fixed    W       Branch decision
                     580M          5    5   F     0  = W0_0
                     590M          7    3   F     1  = U4_3
                     590M          4    8        -1  = U5_3
                     580M          4    6   F     0  = U0_1
                     580M          6    2         1  = V0_1
                     580M          4    4         0 != U3_3
                     590M         12    7   F     1  = U3_1
                     590M          5    1         0 != U4_2
                     590M          4    5        -1 != V0_1
                     600M          8    3        -1 != U1_1
                     600M          4    8   F     0  = U4_1
                     590M          4    6   F    -1  = U5_0
                     600M         12    7         0 != V4_1
                     590M          5    4         1 != W2_0
                     590M          5    2   F     0 != U2_3
                     600M          5    1   F     0  = U2_0
                     610M          7    3   F    -1 != V2_1
                     600M          5    5         0  = U5_0
                     610M          4    8   F    -1  = U5_0
                     600M          4    6   F    -1  = U5_2
 ! Time = 5400.11s, Average fail depth = 16, Memory usage = 2.7 GB
 !               Branches  Non-fixed    W       Branch decision
                     610M          8    7        -1 != W4_1
                     600M          5    2         0 != U5_1
                     600M          6    4        -1 != U5_2
                     610M          6    1   F     1 != W3_2
                     620M         12    3   F    -1  = V2_1
                     610M          4    5         0 != U1_2
                     620M          4    8   F     1  = V1_2
                     610M          4    6   F     1  = V4_0
                     620M         12    7        -1 != V2_3
                     610M          5    4         1 != W0_3
                     610M          5    2   F    -1  = V2_0
                     620M          5    1   F    -1 != W3_0
                     630M          7    3   F     0 != U4_1
                     620M          4    5   F     0  = W1_0
                     630M          4    8         0 != U3_1
                     620M          9    6   F    -1  = V3_0
                     630M         14    7        -1 != V4_3
                     620M          6    4         0 != W5_2
                     620M          5    2         1 != V1_1
                     630M          5    1         1 != U5_1
 ! Time = 5617.93s, Average fail depth = 16, Memory usage = 2.8 GB
 !               Branches  Non-fixed    W       Branch decision
                     640M          8    3        -1  = U0_0
                     630M          5    5         0 != W4_0
                     640M          4    8         0  = W1_0
                     630M          4    6         0 != W5_3
                     640M         13    7         0  = V0_1
                     630M          5    4         1  = U0_0
                     640M          5    1         0 != U2_1
                     650M         12    3         1 != V5_2
                     630M          6    2        -1  = U0_1
                     640M          5    5   F     0  = W4_0
                     650M          4    8         1  = U2_3
                     640M          4    6         1 != U3_3
                     650M         11    7   F     1 != V0_3
                     640M          5    4        -1 != W4_1
                     650M          6    1   F     0 != U5_1
                     660M          9    3         1 != U1_2
                     640M          6    2         0 != V5_0
                     650M          5    5         0 != U1_1
                     660M          4    8   F     1  = W0_0
                     650M          4    6   F     1 != V2_3
 ! Time = 5841.27s, Average fail depth = 16, Memory usage = 2.9 GB
 !               Branches  Non-fixed    W       Branch decision
                     660M          7    7         0  = V0_3
                     650M          5    4   F     0  = W5_3
                     660M          6    1         1  = V4_2
                     670M          7    3   F     0  = U5_2
                     650M          5    2        -1 != W4_0
                     670M          4    8   F    -1 != W1_2
                     660M          4    6   F     0  = U5_2
                     660M          5    5   F     0 != W1_0
                     660M          5    4        -1 != V3_3
                     670M         10    7        -1  = U1_0
                     670M          5    1   F    -1  = V4_2
                     680M         12    3   F     1  = U3_3
                     660M          5    2         1  = U5_0
                     680M          4    8         0  = W0_0
                     670M          5    5   F     0  = W5_3
                     680M         12    7   F     1  = V4_2
                     670M          4    6   F     0 != U1_1
                     670M          6    4         0 != U5_0
                     680M          4    1         1 != U3_3
                     690M         10    3   F     0 != V5_2
 ! Time = 6071.09s, Average fail depth = 16, Memory usage = 3.0 GB
 !               Branches  Non-fixed    W       Branch decision
                     670M          5    2   F    -1  = U2_0
                     690M          4    8   F        -
                     680M          4    5   F     0 != V1_0
                     680M          4    6         1 != V1_1
                     690M          9    7   F    -1 != W5_1
                     680M         10    4   F     0  = U5_1
                     700M         12    3         0  = V2_2
                     690M          6    1         1  = V3_2
                     680M          5    2   F     1  = W5_3
                     700M          4    8   F     0  = W5_0
                     690M          5    5         1 != W2_1
                     690M          4    6   F    -1 != V5_2
                     690M          5    4        -1 != W2_0
                     700M          8    7   F     0  = V0_2
                     710M         12    3        -1  = V1_1
                     700M          5    1        -1  = W1_0
                     690M          5    2         0 != V2_3
                     710M          4    8   F     1 != W3_0
                     700M          5    5         1 != V2_3
                     700M          4    6   F     0 != V0_3
 ! Time = 6299.13s, Average fail depth = 16, Memory usage = 3.1 GB
 !               Branches  Non-fixed    W       Branch decision
                     710M          9    7         0 != W5_3
                     700M          6    4         0  = U5_2
                     720M          7    3        -1  = U2_3
                     710M          9    1   F     1  = W0_2
                     700M          6    2         0 != W4_1
                     720M          4    8         0  = U5_0
                     710M          5    5         0  = W0_1
                     710M          4    6   F     0  = V2_1
                     720M         12    7   F     0 != V2_2
                     730M          7    3   F     0  = W2_0
                     710M          5    4   F     1  = U2_1
                     720M          5    1         1 != V4_2
                     710M          5    2   F    -1  = U2_3
                     730M          4    8         0 != W3_1
                     720M          5    5   F     0  = V4_3
                     720M          4    6         0 != U2_2
                     730M         12    7   F    -1  = V3_2
                     740M          8    3   F    -1  = U0_3
                     720M          5    4         0  = U3_3
                     730M          5    1        -1 != V3_0
 ! Time = 6514.15s, Average fail depth = 16, Memory usage = 3.2 GB
 !               Branches  Non-fixed    W       Branch decision
                     720M          7    2         0 != U5_0
                     730M          4    5         0 != U0_3
                     740M          4    8        -1 != W1_0
                     730M          4    6        -1 != W2_3
                     740M          6    7   F     0 != W1_0
                     750M         11    3         1  = V2_0
                     730M          6    4   F     1  = W5_3
                     740M          5    1         1  = U0_2
                     730M          4    2        -1  = V2_3
                     750M          4    8   F    -1  = V3_3
                     740M         12    5   F     0 != U3_1
                     740M          4    6         1 != W4_2
                     750M          6    7   F     1 != U1_2
                     760M         11    3   F     1  = V2_1
                     740M          5    4        -1 != W5_0
                     750M          5    1         1 != U2_1
                     740M          6    2   F     1 != W1_1
                     760M          4    8   F    -1 != W5_1
                     750M          5    5         0 != V3_0
                     750M          4    6        -1  = U2_1
 ! Time = 6736.45s, Average fail depth = 16, Memory usage = 3.3 GB
 !               Branches  Non-fixed    W       Branch decision
                     760M          8    7   F     0 != V5_3
                     770M          6    3   F    -1 != W4_0
                     750M          6    4   F    -1 != U1_1
                     760M          5    1   F     0  = W4_2
                     750M          5    2        -1  = W4_1
                     760M          5    5   F     0 != U3_1
                     770M          4    8   F    -1 != V4_1
                     770M         12    7   F     0 != W2_0
                     760M          4    6   F     0 != V3_1
                     760M          5    4         1  = W0_3
                     780M          7    3   F     1 != U5_3
                     760M          6    2         0 != U5_3
                     770M          6    1            -
                     780M          4    8   F     1 != V2_2
                     770M          5    5   F     0 != U1_0
                     780M         12    7         1 != W1_1
                     770M          4    6        -1 != U5_2
                     770M          4    4         1  = U5_1
                     790M          7    3   F     1 != U3_2
                     770M          5    2        -1 != V1_1
 ! Time = 6968.29s, Average fail depth = 16, Memory usage = 3.4 GB
 !               Branches  Non-fixed    W       Branch decision
                     780M          5    1        -1  = U4_1
                     790M          4    8         1  = V1_2
                     780M          5    5   F     1  = U1_0
                     790M          7    7        -1 != W2_1
                     780M          4    6   F     1 != W5_0
                     780M          4    4   F     0  = U4_0
                     800M          7    3   F     0  = W0_2
                     780M          5    2   F     1  = V3_0
                     790M          5    1         0 != V5_3
                     800M          4    8            -
                     790M          5    5   F    -1 != V0_2
                     790M          4    4   F    -1  = W4_1
                     790M          4    6        -1 != U5_1
                     800M          7    7         1 != W5_1
                     810M          9    3   F    -1 != V1_2
submitit WARNING (2023-04-30 21:20:42,327) - Bypassing signal SIGCONT
submitit INFO (2023-04-30 21:20:42,330) - Job has timed out. Ran 119 minutes out of requested 121 minutes.
submitit WARNING (2023-04-30 21:20:42,330) - Caught signal SIGUSR2 on cpunode3: this job is timed-out.
submitit INFO (2023-04-30 21:20:42,330) - Job not requeued because: timed-out and not checkpointable.
submitit ERROR (2023-04-30 21:20:42,352) - Submitted job triggered an exception
