submitit INFO (2023-04-30 19:21:39,061) - Starting with JobEnvironment(job_id=27534, hostname=cpunode3, local_rank=1(5), node=0(1), global_rank=1(5))
submitit INFO (2023-04-30 19:21:39,061) - Loading pickle: /h/30/pashootan/Matrix-Mult-CP/src/../logs/2x2x2_6_Apr30_19:21:36/27534_submitted.pkl
 ! --------------------------------------------------- CP Optimizer 22.1.1.0 --
 ! Satisfiability problem - 72 variables, 64 constraints
 ! TimeLimit            = 7200
 ! Workers              = 8
 ! LogPeriod            = 10000000
 ! RandomSeed           = 5532
 ! Initial process time : 0.00s (0.00s extraction + 0.00s propagation)
 !  . Log search space  : 114.1 (before), 114.1 (after)
 !  . Memory usage      : 431.0 kB (before), 431.0 kB (after)
 ! Using parallel search with 8 workers.
 ! ----------------------------------------------------------------------------
 !               Branches  Non-fixed    W       Branch decision
                   10000k          8    3   F     0  = V5_2
                   10000k          5    7   F    -1 != V4_1
                   10000k          4    2   F     0 != U1_1
                   10000k          5    8         0  = U2_0
                   10000k          4    6         1 != V3_3
                   10000k          4    5        -1 != W3_2
                   10000k          4    1        -1  = V4_2
                   10000k          4    4         0 != W1_0
                   20000k          7    3        -1 != V2_1
                   20000k          7    7   F     0 != V2_1
                   20000k          5    8   F    -1  = V0_1
                   20000k          4    2         1 != U1_1
                   20000k          4    5   F     0  = V0_3
                   20000k          5    6   F     0  = V3_1
                   20000k          4    1        -1  = W2_0
                   20000k          4    4   F    -1  = U3_0
                   30000k          9    3   F    -1 != V3_1
                   30000k          5    8   F    -1  = U0_0
                   30000k          4    2         0 != U5_1
                   30000k          4    5   F    -1 != W5_2
 ! Time = 270.54s, Average fail depth = 14, Memory usage = 202.9 MB
 !               Branches  Non-fixed    W       Branch decision
                   30000k          6    7   F    -1 != V2_2
                   30000k          4    6         1  = V1_2
                   30000k          4    1   F     0  = V2_1
                   30000k          4    4         1 != U5_0
                   40000k          6    3        -1 != V2_1
                   40000k          6    7        -1 != W5_3
                   40000k          6    8        -1 != V5_1
                   40000k          4    2   F     0  = V1_2
                   40000k          4    5        -1  = W5_0
                   40000k          4    1        -1  = W4_0
                   40000k          5    4   F     1 != W1_0
                   40000k          4    6         0  = U2_0
                   50000k          8    3         1  = V2_0
                   50000k          7    7   F    -1 != V5_0
                   50000k          6    8         1  = V4_1
                   50000k          4    5         0 != W2_2
                   50000k          4    2   F    -1  = U2_1
                   50000k          4    1        -1 != V0_0
                   50000k          4    4         0 != V2_2
                   50000k          4    6   F     1 != V3_3
 ! Time = 445.04s, Average fail depth = 14, Memory usage = 337.3 MB
 !               Branches  Non-fixed    W       Branch decision
                   60000k          8    3        -1  = W4_1
                   60000k         10    7         1  = V2_1
                   60000k          6    8         0 != V2_1
                   60000k          4    2   F     1 != U2_2
                   60000k          4    5   F    -1  = U3_2
                   60000k          4    1        -1 != U4_2
                   60000k          4    6   F     1  = W5_0
                   60000k          5    4         0 != V4_0
                   70000k          8    7         0 != U3_0
                   70000k          5    8        -1 != V2_1
                   70000k          8    3   F     0  = V4_3
                   70000k          4    5   F     0 != V3_3
                   70000k          7    2         1 != W3_1
                   70000k          4    1         0  = V0_3
                   70000k          5    6         1  = W4_0
                   70000k          4    4         0 != W2_2
                   80000k          9    7         0 != V0_2
                   80000k          5    8   F     0  = U1_0
                   80000k          8    3        -1  = V0_1
                   80000k          4    5         1  = U5_3
 ! Time = 687.70s, Average fail depth = 14, Memory usage = 487.7 MB
 !               Branches  Non-fixed    W       Branch decision
                   80000k          4    1   F     0 != U2_0
                   80000k          4    4         0 != V5_3
                   80000k          7    2   F    -1  = V1_3
                   80000k          5    6   F     0  = V2_1
                   90000k          6    7         0  = W1_1
                   90000k          9    3   F    -1  = U4_3
                   90000k          5    8   F     1 != W5_0
                   90000k          4    5        -1 != U2_2
                   90000k          4    1         0  = W4_0
                   90000k          4    2         0 != V5_0
                   90000k          5    4   F    -1 != W2_3
                   90000k          5    6   F    -1  = V1_2
                     100M          7    3         1  = W1_3
                     100M          7    7   F    -1 != W1_1
                     100M          5    8   F     1  = W0_3
                     100M          4    5         1 != V2_2
                     100M          4    1         1 != W0_1
                     100M          4    2         1 != W3_1
                     100M          5    6   F     1  = U3_0
                     100M          8    4         0 != V0_1
 ! Time = 881.63s, Average fail depth = 15, Memory usage = 598.7 MB
 !               Branches  Non-fixed    W       Branch decision
                     110M          6    7   F     1  = W1_2
                     110M          5    3   F     0  = V2_3
                     110M          4    8   F        -
                     110M          4    5         0  = U1_2
                     110M          4    1   F     0 != V4_2
                     110M          4    2         0  = U0_0
                     110M          4    6        -1 != U3_3
                     110M          7    4         1  = U4_3
                     120M          6    7   F    -1 != V3_3
                     120M          9    3         0 != U2_0
                     120M          5    8         0 != V3_0
                     120M          7    5   F     0  = V3_0
                     120M          4    1   F    -1 != U2_1
                     120M          4    2   F     1 != W2_0
                     120M          7    4        -1  = U2_3
                     120M          7    6   F    -1  = W1_1
                     130M         11    3   F     1  = W5_3
                     130M          7    7   F     1 != V4_2
                     130M          5    8         1 != U0_1
                     130M          9    5         0 != W0_2
 ! Time = 1118.04s, Average fail depth = 15, Memory usage = 636.2 MB
 !               Branches  Non-fixed    W       Branch decision
                     130M          4    1   F     0 != U5_3
                     130M          4    2   F     1 != V3_1
                     130M          5    4   F     0 != V5_3
                     130M          6    6   F     1  = V2_2
                     140M         11    3   F    -1 != V2_2
                     140M          7    7         0 != V1_1
                     140M          5    8   F        -
                     140M          5    5   F     0  = W4_2
                     140M          4    1   F    -1  = V2_3
                     140M          4    2         0  = V0_0
                     140M          5    4   F    -1 != V2_3
                     140M          6    6         1 != W5_2
                     150M          8    7   F     0 != U5_1
                     150M         12    3         1 != U1_0
                     150M          5    8        -1  = U4_1
                     150M          9    5   F    -1 != U0_1
                     150M          4    2         1  = V2_1
                     150M          4    1         1  = V1_1
                     150M          5    4         1  = V4_0
                     150M          6    6         1 != W1_2
 ! Time = 1336.11s, Average fail depth = 16, Memory usage = 701.1 MB
 !               Branches  Non-fixed    W       Branch decision
                     160M         11    7   F     0  = U4_1
                     160M          9    3         0  = V2_1
                     160M          5    8         1  = U2_0
                     160M          4    5         1  = V3_0
                     160M          4    2   F    -1  = V5_0
                     160M          4    1         0 != U0_3
                     160M          5    4   F     1  = U1_0
                     170M         10    7   F    -1  = V2_3
                     160M          4    6         0 != W4_3
                     170M         11    3   F     1 != U5_2
                     170M          4    8        -1  = V0_3
                     170M          4    5        -1  = U1_1
                     170M          4    2   F     1  = W4_1
                     170M          4    1   F     1  = W0_0
                     170M          5    4        -1 != W0_1
                     180M          9    7        -1 != V2_2
                     170M          5    6   F     0  = U5_0
                     180M          7    3         1 != U5_0
                     180M          5    8   F     0  = U2_0
                     180M          4    5   F     0 != U2_0
 ! Time = 1538.88s, Average fail depth = 16, Memory usage = 805.9 MB
 !               Branches  Non-fixed    W       Branch decision
                     180M          4    2   F     1  = U5_2
                     180M          4    1         0  = U5_3
                     180M          5    4   F     1 != U1_0
                     190M         10    7        -1  = W4_3
                     180M          5    6   F     1  = V1_2
                     190M          6    3   F     1  = W3_0
                     190M          4    8        -1 != U4_3
                     190M          4    5   F    -1 != V5_3
                     190M          4    2         0  = W0_1
                     190M          4    4   F    -1  = W3_3
                     190M          4    1        -1  = V1_3
                     200M         10    7         0  = V3_1
                     190M          5    6        -1 != W3_1
                     200M          6    3        -1 != U3_1
                     200M          5    8        -1 != U4_0
                     200M          4    5   F     1 != U3_2
                     200M          4    2   F     1  = W1_1
                     200M          5    4   F     0  = V5_0
                     200M          4    1        -1 != U2_1
                     210M          8    7         0 != V1_2
 ! Time = 1743.27s, Average fail depth = 16, Memory usage = 911.0 MB
 !               Branches  Non-fixed    W       Branch decision
                     200M          5    6         1  = V4_2
                     210M          7    3        -1  = V0_2
                     210M          4    8        -1 != U5_0
                     210M          4    5         0 != V1_1
                     210M          4    2   F     1  = U2_2
                     210M          5    4        -1  = V3_3
                     210M          4    1         1 != U1_0
                     220M         10    7        -1 != V2_3
                     210M          4    6         1  = V3_2
                     220M          8    3        -1  = W0_1
                     220M          5    8         0  = V5_1
                     220M          4    5   F     0  = U0_1
                     220M          5    4         0  = V0_0
                     220M          4    1   F     0  = U0_1
                     220M          4    2   F    -1 != V3_3
                     230M         11    7        -1  = W4_3
                     220M          5    6        -1 != W0_3
                     230M         11    3   F     1 != U5_0
                     230M          4    8   F     1  = V3_2
                     230M          4    5        -1  = U3_2
 ! Time = 1956.31s, Average fail depth = 16, Memory usage = 1.0 GB
 !               Branches  Non-fixed    W       Branch decision
                     230M          5    4         0 != W2_3
                     230M          5    2         0  = V3_1
                     230M          4    1   F     1  = U3_2
                     240M         12    7         0  = V0_1
                     230M          5    6   F     0 != U3_0
                     240M         11    3        -1  = W4_0
                     240M          5    8            -
                     240M          4    5        -1  = U2_3
                     240M          5    4   F    -1  = W5_0
                     240M          4    2   F     0  = U1_1
                     240M          4    1         0 != U1_2
                     250M          8    7   F     1 != W2_3
                     240M          5    6   F     0 != V1_1
                     250M          8    3   F    -1  = W1_1
                     250M          5    8        -1 != V2_3
                     250M          4    5        -1 != V2_0
                     250M          4    4         1 != V2_2
                     250M          4    1         1 != U1_2
                     250M          5    2   F     1 != W1_1
                     260M          8    7   F    -1  = V2_1
 ! Time = 2162.13s, Average fail depth = 16, Memory usage = 1.1 GB
 !               Branches  Non-fixed    W       Branch decision
                     250M          5    6         0 != V5_3
                     260M          9    3   F     1  = W4_3
                     260M          5    8   F    -1 != U4_0
                     260M          4    5         1 != V4_3
                     260M          5    4        -1 != V3_2
                     260M          4    1   F     1  = V4_0
                     260M          5    2         0 != V5_0
                     270M          8    7   F     0 != W1_3
                     260M          5    6         1 != U1_3
                     270M          7    3   F     0  = U1_2
                     270M          5    8   F     1  = W0_1
                     270M          4    5   F    -1  = V2_2
                     270M          4    4   F     0 != U3_3
                     270M          5    2         0 != W3_3
                     270M          4    1   F     0  = U3_3
                     280M          9    7   F    -1 != V3_1
                     280M         11    3   F     0  = V3_1
                     270M          5    6   F     0  = V0_2
                     280M          5    8   F     0  = W5_3
                     280M          4    5   F     1 != V4_3
 ! Time = 2377.88s, Average fail depth = 16, Memory usage = 1.2 GB
 !               Branches  Non-fixed    W       Branch decision
                     280M          5    4         1  = U3_3
                     280M          4    2        -1  = U5_2
                     280M          4    1         0 != W1_1
                     290M         10    7        -1 != U1_1
                     290M          6    3         0 != U3_2
                     280M          5    6         0  = W0_0
                     290M          5    8   F    -1  = U1_2
                     290M          4    5         0  = V3_3
                     290M          5    4        -1 != W0_0
                     290M          4    2   F     0 != U0_3
                     300M          8    7   F     1  = U0_2
                     290M          4    1         1 != V4_2
                     300M         11    3        -1 != U5_1
                     290M          5    6   F    -1 != W2_0
                     300M          5    8   F        -
                     300M          4    5         1 != V1_2
                     300M          6    4         1 != U0_1
                     300M          4    2        -1  = U2_3
                     310M          8    7         0  = W3_3
                     300M          4    1   F    -1  = V4_0
 ! Time = 2584.33s, Average fail depth = 16, Memory usage = 1.4 GB
 !               Branches  Non-fixed    W       Branch decision
                     310M          7    3   F    -1 != U0_2
                     300M          5    6   F    -1 != W2_3
                     310M          5    8   F    -1 != V1_1
                     310M          4    5        -1 != U1_2
                     310M          4    2        -1  = U2_1
                     310M          5    4   F    -1 != V2_0
                     320M         12    7   F    -1 != W2_3
                     310M          4    1        -1  = U5_1
                     320M         12    3        -1  = V2_1
                     310M          4    6         1 != W5_0
                     320M          5    8        -1  = V1_0
                     320M          4    5   F     1 != U5_1
                     320M          5    4   F     1  = U2_0
                     320M          4    2   F    -1  = V5_3
                     330M          8    7   F     0 != V1_0
                     330M         11    3         1  = W3_2
                     320M          4    1   F     1 != W1_0
                     320M          7    6   F     1 != W0_1
                     330M          5    8   F    -1 != V5_2
                     330M          4    5   F    -1  = W4_3
 ! Time = 2789.68s, Average fail depth = 16, Memory usage = 1.5 GB
 !               Branches  Non-fixed    W       Branch decision
                     330M          6    4   F    -1 != W5_2
                     330M          4    2   F     1 != W2_2
                     340M          7    7        -1  = W3_0
                     340M          7    3   F    -1 != U4_3
                     330M          4    1         0 != U2_1
                     330M          5    6         1 != W0_0
                     340M          5    8        -1 != U1_2
                     340M          4    5        -1 != V3_0
                     340M          5    2   F     1 != U1_0
                     340M          5    4         0 != W3_0
                     350M         10    7         1  = U0_0
                     350M          9    3   F    -1  = U1_3
                     340M          4    1            -
                     340M          5    6         1 != U2_3
                     350M          5    8        -1  = U4_0
                     350M          4    5        -1 != W3_1
                     350M          5    2         0 != V0_1
                     350M          5    4   F     0 != U5_3
                     360M         15    3   F     0 != U3_2
                     360M          6    7        -1 != W3_3
 ! Time = 2993.52s, Average fail depth = 16, Memory usage = 1.6 GB
 !               Branches  Non-fixed    W       Branch decision
                     350M          4    1        -1  = W4_1
                     360M          5    8   F     0 != V4_0
                     350M          6    6         0 != W1_1
                     360M          4    5   F    -1  = V0_2
                     360M          5    2         0  = W2_0
                     360M          6    4        -1  = V1_3
                     370M          8    3   F    -1 != W0_2
                     370M         10    7        -1 != V3_2
                     360M          4    1   F    -1  = W1_0
                     370M          5    8   F    -1  = U3_2
                     360M          4    6   F    -1 != V3_3
                     370M          4    5         0  = W0_0
                     370M          5    2         1  = U1_3
                     370M          5    4   F     1 != V5_2
                     380M         10    3   F     0  = U2_2
                     380M          6    7        -1  = U1_3
                     370M          4    1   F     0 != V2_2
                     380M          5    8   F     0  = U0_0
                     370M          6    6   F     1  = W4_3
                     380M          4    5        -1 != W4_0
 ! Time = 3212.25s, Average fail depth = 16, Memory usage = 1.7 GB
 !               Branches  Non-fixed    W       Branch decision
                     380M          5    2         0 != U3_3
                     380M          6    4         1 != U3_1
                     390M          8    3        -1  = V0_0
                     390M         10    7         1 != U2_2
                     380M          4    1        -1 != U1_1
                     390M          5    8   F    -1  = W3_1
                     380M          5    6         1  = U2_0
                     390M          4    5         0 != V2_3
                     390M          5    2   F     0  = U5_1
                     390M          5    4   F    -1 != U1_3
                     400M         12    3         1 != W3_0
                     400M          9    7   F    -1 != W5_0
                     390M          4    1   F    -1 != U2_0
                     400M          5    8         1  = V4_1
                     390M          6    6   F    -1  = W2_0
                     400M          4    5        -1 != W3_0
                     400M          5    2   F     0 != W0_3
                     400M          6    4        -1 != V5_0
                     410M          7    3         0 != W4_1
                     410M          7    7         0 != W4_0
 ! Time = 3426.81s, Average fail depth = 16, Memory usage = 1.8 GB
 !               Branches  Non-fixed    W       Branch decision
                     400M          4    1         0  = W5_0
                     410M          5    8         1  = W0_2
                     400M          4    6         0 != W4_0
                     410M          4    5   F     0  = W4_2
                     410M          5    2   F     0 != V1_3
                     410M          6    4   F    -1 != U5_2
                     420M          6    3   F     0 != V3_3
                     410M          4    1        -1  = V0_3
                     420M          8    7        -1  = V5_0
                     420M          5    8         1  = U3_2
                     410M          6    6         1  = U4_3
                     420M          4    5   F    -1  = W5_2
                     420M          5    2   F    -1  = U1_3
                     420M          5    4   F     1 != V0_2
                     430M         11    3         1 != V1_1
                     420M          4    1        -1 != W3_3
                     430M         14    7         0 != V2_2
                     430M          5    8        -1 != U2_0
                     420M          5    6        -1  = V5_3
                     430M          5    2   F    -1  = W5_0
 ! Time = 3638.02s, Average fail depth = 16, Memory usage = 1.9 GB
 !               Branches  Non-fixed    W       Branch decision
                     430M          4    5         1  = V1_3
                     430M          5    4         1 != U1_1
                     440M          6    3   F     0  = U2_2
                     430M          4    1   F    -1 != U5_2
                     440M          8    7   F    -1 != V5_1
                     440M          5    8   F     0 != W4_0
                     430M          6    6        -1 != V5_3
                     450M          6    3        -1 != W1_1
                     440M          5    4        -1 != W4_0
                     440M          5    2   F     1 != V0_1
                     440M          4    5   F     1  = V0_2
                     440M          4    1   F    -1 != W3_2
                     450M          9    7        -1  = W5_0
                     450M          5    8            -
                     450M          6    4         0 != U1_0
                     450M          4    5         0 != W4_1
                     450M          5    2   F    -1  = W0_3
                     460M         10    3         1  = W1_0
                     440M          5    6        -1 != V0_0
                     450M          4    1         1  = W2_3
 ! Time = 3843.52s, Average fail depth = 16, Memory usage = 2.0 GB
 !               Branches  Non-fixed    W       Branch decision
                     460M         10    7        -1 != V3_2
                     460M          5    8         0  = W4_0
                     460M          4    5         0 != U5_0
                     460M          5    2         0 != U3_2
                     470M          6    3         0  = W0_1
                     460M          5    4   F     1  = U5_3
                     450M          6    6   F     1  = U2_0
                     460M          4    1   F     1 != W5_3
                     470M          7    7         1  = W0_1
                     470M          5    8   F        -
                     470M          4    5         0 != W5_3
                     470M          4    2   F     1  = U1_0
                     480M          6    3   F    -1 != U4_3
                     470M          6    4   F    -1  = V2_1
                     460M          5    6   F     0  = U2_1
                     470M          4    1   F     1  = V1_1
                     480M          7    7         0 != U0_3
                     480M          6    8   F     1  = W0_2
                     480M          4    5   F     0 != W4_2
                     480M          5    2         1 != V1_0
 ! Time = 4051.81s, Average fail depth = 16, Memory usage = 2.1 GB
 !               Branches  Non-fixed    W       Branch decision
                     490M         11    3   F    -1 != U0_1
                     480M          6    4         0 != U0_3
                     470M          5    6        -1  = U0_0
                     480M          4    1   F     0 != W0_0
                     490M         12    7        -1 != V1_1
                     490M          5    8   F    -1  = V3_0
                     490M          4    2   F     0 != W2_1
                     490M          4    5        -1  = U1_3
                     500M          6    3        -1 != U2_0
                     490M          5    4   F     0  = U5_1
                     490M          4    1         0 != W0_3
                     480M          6    6         0 != W3_0
                     500M          7    7        -1 != U1_3
                     500M          5    8   F    -1  = W1_2
                     500M          4    5         1 != V2_3
                     510M          6    3   F    -1  = W4_2
                     500M          5    2   F    -1  = W4_3
                     500M          6    4   F     1  = U4_1
                     500M          4    1   F    -1  = U3_1
                     490M          5    6   F    -1  = U3_1
 ! Time = 4247.72s, Average fail depth = 16, Memory usage = 2.2 GB
 !               Branches  Non-fixed    W       Branch decision
                     510M          8    7   F    -1  = W5_0
                     510M          5    8         0  = V1_1
                     510M          5    2   F    -1  = V2_3
                     520M         10    3         1  = V1_2
                     510M          4    5   F     1  = V3_0
                     510M          5    4   F     1 != U3_0
                     510M          4    1   F    -1 != U4_0
                     500M          5    6        -1 != W0_3
                     520M         12    7   F     1  = V4_2
                     520M          5    8        -1  = U0_0
                     520M          4    2   F    -1  = U2_3
                     520M          4    5        -1  = W1_2
                     520M          4    1   F     1  = U2_1
                     530M          8    3   F    -1  = V2_2
                     520M          5    4   F    -1  = W5_1
                     510M          5    6         1 != V1_3
                     530M          7    7        -1  = U1_2
                     530M          5    8   F     0 != V3_0
                     530M          4    2         0 != U2_3
                     530M          4    5   F    -1 != W3_3
 ! Time = 4482.25s, Average fail depth = 16, Memory usage = 2.3 GB
 !               Branches  Non-fixed    W       Branch decision
                     530M          4    1         0  = W4_1
                     530M          4    4   F     0  = W0_0
                     520M          7    6         1 != W1_1
                     540M          9    3   F     0  = W4_1
                     540M          7    7   F     1 != V4_3
                     540M          5    8   F    -1  = V5_3
                     540M          5    2         1 != V2_0
                     540M          4    5   F     1 != V4_1
                     540M          4    1         0  = U4_0
                     540M          5    4         1 != W0_0
                     530M          6    6   F    -1  = W5_0
                     550M          6    3   F     1  = U3_2
                     550M          7    7         0 != U0_0
                     550M          4    8   F    -1  = V1_2
                     550M          4    2         0 != U4_2
                     550M          4    5   F     0  = V5_3
                     550M          4    1         1  = W3_0
                     550M          5    4   F     0 != U3_2
                     540M          5    6   F    -1  = W2_3
                     560M          7    3         0 != V1_2
 ! Time = 4677.45s, Average fail depth = 16, Memory usage = 2.4 GB
 !               Branches  Non-fixed    W       Branch decision
                     560M          9    7   F    -1  = V3_1
                     560M          5    8   F     1 != W5_2
                     560M          5    2   F    -1  = U3_1
                     560M          4    1   F     0 != W4_0
                     560M          4    5         0  = V1_2
                     560M          5    4   F     0 != W1_2
                     550M          5    6         0 != U3_0
                     570M          8    3        -1  = V2_0
                     570M         10    7   F    -1  = U2_3
                     570M          6    8         0  = V0_3
                     570M          4    2        -1 != U0_2
                     570M          4    1   F     0  = V1_1
                     570M          4    5        -1  = U1_3
                     570M          6    4        -1  = W1_3
                     560M          6    6        -1 != W1_0
                     580M          8    3        -1  = W4_2
                     580M          6    7   F    -1 != U3_3
                     580M          5    8         1  = U5_0
                     580M          5    2        -1  = W1_0
                     580M          4    1         0 != W3_0
 ! Time = 4888.27s, Average fail depth = 16, Memory usage = 2.5 GB
 !               Branches  Non-fixed    W       Branch decision
                     580M          4    5         1 != V2_1
                     580M          5    4   F     1 != W4_2
                     570M          4    6   F    -1  = W4_2
                     590M          6    3        -1  = V4_0
                     590M          8    7         1  = V5_1
                     590M          5    8        -1  = U2_2
                     590M          4    5   F     1  = W4_1
                     590M          7    2   F    -1 != V5_0
                     590M          4    1   F    -1  = V0_1
                     590M          9    4   F    -1 != V0_0
                     580M          5    6   F    -1  = V3_3
                     600M         12    3   F     1  = V5_2
                     600M          8    7   F    -1  = U0_0
                     600M          5    8         0 != V2_1
                     600M          4    5   F    -1  = V1_2
                     600M          4    2   F     1 != V4_2
                     600M          4    1   F     0 != V0_1
                     600M          5    4        -1  = V1_0
                     590M          5    6         1 != U3_3
                     610M          7    3   F     1  = V1_1
 ! Time = 5086.50s, Average fail depth = 16, Memory usage = 2.6 GB
 !               Branches  Non-fixed    W       Branch decision
                     610M          6    7         0 != V1_2
                     610M          5    8            -
                     610M          4    5   F     1  = W5_2
                     610M          5    2   F    -1  = U5_0
                     610M          4    1         0  = V1_0
                     600M          4    6        -1 != V2_2
                     610M          5    4   F     0  = V5_2
                     620M          7    3        -1 != W5_2
                     620M          5    8        -1  = V4_0
                     620M          9    7        -1  = W0_3
                     620M          4    5         0  = W5_2
                     620M          4    1   F    -1 != U2_3
                     620M          5    2         0 != U1_3
                     620M          5    4   F     1 != W3_0
                     610M          6    6        -1 != V4_1
                     630M          6    3         1 != W3_0
                     630M          5    8   F     1 != V5_1
                     630M          9    7         0 != W0_3
                     630M          4    5   F     1  = W0_0
                     630M          4    1         0 != W0_0
 ! Time = 5305.25s, Average fail depth = 16, Memory usage = 2.8 GB
 !               Branches  Non-fixed    W       Branch decision
                     630M          5    2        -1 != W0_2
                     630M          6    4   F    -1 != U4_1
                     620M          6    6   F    -1 != V0_3
                     640M         12    3        -1 != U5_2
                     640M          5    8   F     0 != U5_1
                     640M          4    5   F     1 != U4_2
                     640M         12    7        -1 != V1_1
                     640M          4    1   F     0  = V0_3
                     640M          5    2   F     0  = U2_1
                     640M          4    4         1 != U0_0
                     630M          6    6   F     0  = V2_2
                     650M         12    3   F    -1  = V2_1
                     650M         11    7        -1 != U2_3
                     650M          4    8   F        -
                     650M          4    5   F     0  = U0_2
                     650M          5    2        -1  = U0_2
                     650M          4    1         0 != V2_1
                     650M          5    4         0 != V0_0
                     660M         12    3        -1  = W4_0
                     640M          6    6   F     1 != V5_3
 ! Time = 5498.59s, Average fail depth = 16, Memory usage = 2.9 GB
 !               Branches  Non-fixed    W       Branch decision
                     660M          7    7   F     0  = U1_3
                     660M          5    8            -
                     660M          4    5   F     1  = W4_1
                     660M          4    1   F    -1  = W2_1
                     660M          4    2   F    -1 != W2_1
                     660M          6    4   F     0  = V4_2
                     670M          7    3   F    -1  = W3_2
                     650M          6    6         1 != V2_0
                     670M         12    7   F    -1 != W1_2
                     670M          5    8         0 != W2_2
                     670M          4    5         0  = V4_2
                     670M          4    1   F     0  = U5_0
                     670M          5    2         0  = W2_3
                     670M          5    4         0 != V1_0
                     680M         13    3   F     0  = V1_2
                     660M          5    6         0 != U2_1
                     680M         11    7         1 != V3_2
                     680M          6    8   F    -1  = U0_1
                     680M          8    1         0 != W5_3
                     680M          5    2         1  = V5_1
 ! Time = 5721.90s, Average fail depth = 16, Memory usage = 3.0 GB
 !               Branches  Non-fixed    W       Branch decision
                     680M          6    5         1  = W1_3
                     680M          5    4         0  = V0_0
                     690M         12    3   F    -1  = W4_0
                     670M          5    6   F     1  = W4_1
                     690M          5    8         0 != W0_0
                     690M          9    7   F     1  = U5_1
                     690M          4    1         0 != U1_3
                     690M          4    5   F    -1 != W2_3
                     690M          5    2        -1 != W5_2
                     690M          5    4   F    -1 != V3_2
                     700M         10    3   F     1  = W0_3
                     680M         10    6         0 != V5_0
                     700M          5    8   F     1  = V1_1
                     700M          4    1         1 != V5_3
                     700M          4    5         0 != W3_0
                     700M          4    2   F     1  = W3_1
                     700M          5    4   F    -1  = W3_1
                     700M          9    7   F     0  = W5_2
                     710M          8    3   F     1  = W2_0
                     690M          5    6   F     0 != U4_2
 ! Time = 5941.90s, Average fail depth = 16, Memory usage = 3.1 GB
 !               Branches  Non-fixed    W       Branch decision
                     710M          4    1         1  = V3_3
                     710M          5    8   F     0 != V5_1
                     710M          5    2   F     0  = W0_1
                     710M          4    5         0 != V4_0
                     710M          6    4         0 != V0_0
                     720M          6    3         0  = U2_2
                     710M          6    7         1 != W3_3
                     700M          5    6   F    -1  = U0_3
                     720M          4    1   F     0 != U1_3
                     720M          5    8   F    -1  = U0_0
                     720M          4    2   F    -1  = V5_1
                     720M          4    5   F    -1 != W0_1
                     720M          4    4         0  = V4_1
                     730M          5    3   F     0 != W4_0
                     720M         11    7   F     0  = W3_2
                     710M          6    6   F     1  = W3_3
                     730M          5    8        -1 != W4_0
                     730M          6    2         0  = V0_3
                     730M          8    1        -1 != W3_2
                     730M          4    5         0 != W3_2
 ! Time = 6155.70s, Average fail depth = 16, Memory usage = 3.2 GB
 !               Branches  Non-fixed    W       Branch decision
                     730M          6    4        -1  = V2_1
                     740M          7    3   F    -1 != W4_2
                     730M         10    7   F     0 != V3_1
                     720M          7    6   F    -1  = W5_1
                     740M          5    8            -
                     740M          4    1        -1 != V2_0
                     740M          5    2         1  = V5_3
                     740M          5    4        -1  = W3_0
                     740M          4    5        -1  = U2_1
                     750M          7    3        -1  = V2_2
                     740M         12    7         0 != V2_1
                     730M          5    6   F    -1  = U4_2
                     750M          4    1         1  = V5_0
                     750M          5    8        -1 != W1_2
                     750M          5    2   F     1  = W1_1
                     750M          5    4   F     1  = U2_2
                     750M          9    7        -1 != U3_0
                     760M          7    3         0  = V0_1
                     750M          4    5   F     1  = U4_2
                     740M         11    6   F     0  = U0_3
 ! Time = 6350.77s, Average fail depth = 16, Memory usage = 3.3 GB
 !               Branches  Non-fixed    W       Branch decision
                     760M          4    1   F     0 != W3_0
                     760M          5    2   F     1 != U2_2
                     760M          6    8         0 != U3_0
                     760M          6    4        -1  = V0_1
                     770M         13    3        -1 != V1_3
                     760M          8    7   F    -1 != U2_3
                     760M          4    5        -1 != W2_0
                     750M          6    6         1  = V4_2
                     770M          4    1   F     0  = V2_0
                     770M          9    2        -1  = U3_2
                     770M          5    8            -
                     770M          5    4   F    -1 != U5_3
                     780M          6    3   F    -1  = U0_1
                     770M          7    7   F    -1 != V0_3
                     760M          5    6   F     1  = U0_3
                     770M          4    5   F     1  = W1_0
                     780M          5    2         0  = U1_1
                     780M          4    1   F     0 != V2_1
                     780M          5    8         1  = W4_0
                     780M          6    4        -1 != V2_3
 ! Time = 6560.49s, Average fail depth = 16, Memory usage = 3.4 GB
 !               Branches  Non-fixed    W       Branch decision
                     790M          6    3        -1 != U2_1
                     780M          8    7        -1 != V1_0
                     770M          5    6        -1  = W3_2
                     780M          4    5   F     1  = U5_0
                     790M          4    1        -1 != V3_1
                     790M          4    2         1  = U5_0
                     790M          5    8   F    -1  = V1_1
                     790M          6    4   F     1  = U2_1
                     800M         12    3   F    -1 != W3_3
                     790M         12    7         1  = U2_1
                     780M          5    6   F     1  = V5_3
                     790M          4    5         1 != U0_0
                     800M          4    1   F    -1 != V2_0
                     800M          4    2   F     0 != U5_1
                     800M          5    8   F    -1  = U3_3
                     810M         11    3   F     1  = U4_1
                     800M          5    4   F     1  = V2_1
                     800M          7    7   F     1  = W2_0
                     790M          5    6   F    -1  = U2_1
                     800M          4    5         1  = W5_3
 ! Time = 6770.83s, Average fail depth = 16, Memory usage = 3.5 GB
 !               Branches  Non-fixed    W       Branch decision
                     810M          5    2         1  = V3_2
                     810M          4    1         1 != U1_0
                     810M          5    8   F    -1  = U4_3
                     810M          5    4        -1 != W1_3
                     820M          9    3        -1 != W2_0
                     810M          5    7   F    -1 != U2_1
                     810M          4    5   F     1 != V4_2
                     800M          5    6         0 != U0_0
                     820M          4    2         0  = V2_3
                     820M          4    1   F    -1  = V4_0
                     820M          5    8   F     0  = W0_1
                     820M          5    4         1  = W3_0
                     820M          6    7         0  = U4_3
                     820M          4    5   F    -1 != W0_3
                     810M          5    6   F     0  = W2_0
                     830M          9    3         0 != V3_2
                     830M          8    1   F    -1 != W0_1
                     830M          6    8   F     0 != V2_0
                     830M          5    2   F    -1  = U1_0
                     830M          5    4   F     1  = W5_1
 ! Time = 6995.68s, Average fail depth = 16, Memory usage = 3.6 GB
 !               Branches  Non-fixed    W       Branch decision
                     830M          5    7   F     1 != U2_3
                     830M          4    5         0 != U2_3
                     820M          5    6   F     1 != U3_1
                     840M          4    1   F    -1  = W2_3
                     840M         10    3   F     0 != V1_3
                     840M          5    8   F     1 != U4_0
                     840M          4    2   F     1 != U5_0
                     840M          5    4         0  = V5_2
                     840M          4    5   F     0  = W5_2
                     840M          9    7   F    -1 != V4_2
                     830M          6    6   F     0 != W5_2
                     850M          8    3        -1  = V2_3
                     850M          4    1        -1 != V2_0
                     850M          6    8   F     0 != V0_2
                     850M          5    2         0 != W0_2
submitit WARNING (2023-04-30 21:20:42,327) - Bypassing signal SIGCONT
submitit INFO (2023-04-30 21:20:42,330) - Job has timed out. Ran 119 minutes out of requested 121 minutes.
submitit WARNING (2023-04-30 21:20:42,330) - Caught signal SIGUSR2 on cpunode3: this job is timed-out.
submitit INFO (2023-04-30 21:20:42,330) - Not checkpointing nor requeuing since I am a slave (procid=1).
                     850M          5    4   F    -1  = U4_1
                     850M          9    5         1  = W5_2
                     850M          7    7        -1 != V1_2
                     840M          5    6   F    -1  = V1_2
 ! ----------------------------------------------------------------------------
 ! Search terminated by limit, no solution found.
 ! ----------------------------------------------------------------------------
 ! Number of branches     : 6835507932
 ! Number of fails        : 3342420894
 ! Total memory usage     : 3.9 GB (3.9 GB CP Optimizer + 0.0 GB Concert)
 ! Time spent in solve    : 7200.06s (7200.06s engine + 0.00s extraction)
 ! Search speed (br. / s) : 949368.2
 ! ----------------------------------------------------------------------------
Unknown
Saving stats to: /h/30/pashootan/Matrix-Mult-CP/logs/2x2x2_6_Apr30_19:21:36/27534_1_stats.csv
submitit INFO (2023-04-30 21:21:40,076) - Job completed successfully
