submitit INFO (2023-04-30 13:43:34,401) - Starting with JobEnvironment(job_id=27524, hostname=cpunode2, local_rank=1(5), node=0(1), global_rank=1(5))
submitit INFO (2023-04-30 13:43:34,401) - Loading pickle: /h/30/pashootan/Matrix-Mult-CP/src/../logs/2x2x2_5_Apr30_13:43:32/27524_submitted.pkl
 ! --------------------------------------------------- CP Optimizer 22.1.1.0 --
 ! Satisfiability problem - 60 variables, 64 constraints
 ! TimeLimit            = 7200
 ! Workers              = 8
 ! LogPeriod            = 10000000
 ! RandomSeed           = 7184
 ! Initial process time : 0.00s (0.00s extraction + 0.00s propagation)
 !  . Log search space  : 95.1 (before), 95.1 (after)
 !  . Memory usage      : 398.3 kB (before), 398.3 kB (after)
 ! Using parallel search with 8 workers.
 ! ----------------------------------------------------------------------------
 !               Branches  Non-fixed    W       Branch decision
                   10000k          6    8         0  = V2_1
                   10000k          5    7         0  = U2_1
                   10000k          6    3   F    -1  = U0_2
                   10000k          6    4   F    -1  = V2_1
                   10000k          5    1         0 != W1_3
                   10000k          5    6         0 != W2_1
                   10000k          5    5         0  = W4_3
                   10000k          6    2   F     0 != V0_2
                   20000k          6    8        -1  = U1_2
                   20000k          7    3        -1  = U3_0
                   20000k          6    1   F    -1 != V4_3
                   20000k          7    6   F    -1 != W2_1
                   20000k          6    7   F    -1 != U2_3
                   20000k          6    4        -1  = U1_0
                   20000k          7    5   F     0  = V4_1
                   20000k          7    2        -1  = V2_3
                   30000k          6    8        -1  = W1_0
                   30000k          6    3   F    -1  = W1_1
                   30000k          7    1   F    -1  = V0_0
                   30000k          7    4         0  = V4_1
 ! Time = 281.41s, Average fail depth = 19, Memory usage = 137.1 MB
 !               Branches  Non-fixed    W       Branch decision
                   30000k          7    7   F    -1 != W0_2
                   30000k          7    5   F    -1  = W3_3
                   30000k          7    6         1  = V2_3
                   30000k          8    2   F     1  = V0_3
                   40000k          6    8   F    -1  = W3_3
                   40000k          7    3         0 != W1_1
                   40000k          6    1   F     1  = V4_3
                   40000k          7    4   F    -1 != U1_3
                   40000k          8    5   F     1 != V3_1
                   40000k          7    2         1  = W0_3
                   40000k          6    6         0 != V3_1
                   40000k          6    7         0  = U0_0
                   50000k          7    8        -1 != W4_2
                   50000k          7    3         0 != U4_3
                   50000k          7    1         1  = W2_1
                   50000k          7    4   F    -1 != W1_0
                   50000k          8    2   F    -1 != U3_0
                   50000k          6    5         0 != W2_0
                   50000k          6    7   F    -1  = W1_1
                   50000k          7    6         1  = U0_0
 ! Time = 476.99s, Average fail depth = 19, Memory usage = 225.1 MB
 !               Branches  Non-fixed    W       Branch decision
                   60000k          7    3   F     0 != V1_1
                   60000k          7    8   F     0 != W3_2
                   60000k          6    1   F    -1 != U1_1
                   60000k          6    4        -1 != W0_0
                   60000k          8    5   F     1 != W1_3
                   60000k          7    2   F     1  = W2_0
                   60000k          8    6         0 != V1_3
                   60000k          7    7         0 != W1_1
                   70000k          8    3   F    -1  = V2_1
                   70000k          6    8        -1  = W4_2
                   70000k          7    1        -1  = U1_2
                   70000k          8    2        -1  = V4_3
                   70000k          7    4   F    -1  = V3_1
                   70000k          7    5         1  = V1_1
                   70000k          9    7   F     0 != V1_1
                   70000k          7    6         1 != U1_0
                   80000k          7    8        -1  = U4_3
                   80000k          7    3   F     0  = V1_2
                   80000k          8    1   F     1 != V3_1
                   80000k          9    2   F     1 != U4_0
 ! Time = 757.75s, Average fail depth = 19, Memory usage = 347.3 MB
 !               Branches  Non-fixed    W       Branch decision
                   80000k          7    4   F     0  = V0_1
                   80000k          7    6         1 != V2_0
                   80000k          8    5   F     1 != W1_1
                   80000k          8    7   F    -1  = V2_1
                   90000k          7    8   F    -1 != U3_0
                   90000k          7    1         1 != U3_0
                   90000k          7    3        -1 != V0_1
                   90000k          6    4   F    -1 != U1_1
                   90000k          8    2        -1  = U1_0
                   90000k          9    5        -1 != V3_2
                   90000k          7    7         0 != W3_3
                   90000k          8    6   F     1 != U1_3
                     100M          6    8   F     0  = W3_2
                     100M          7    1         0 != W4_1
                     100M          7    3   F    -1 != W1_2
                     100M          8    4   F     0  = U0_0
                     100M          7    6   F     1  = W2_3
                     100M          8    7        -1 != U2_1
                     100M          8    5   F    -1 != V1_0
                     100M          8    2        -1  = W0_3
 ! Time = 952.31s, Average fail depth = 19, Memory usage = 434.4 MB
 !               Branches  Non-fixed    W       Branch decision
                     110M          6    8   F     0  = W0_3
                     110M          9    1   F     0 != W3_3
                     110M          8    3         1 != V3_3
                     110M          7    4         1  = U0_1
                     110M          8    6   F    -1 != W2_1
                     110M          7    7   F     1  = U1_0
                     110M          8    5        -1  = V3_1
                     110M          7    2         0  = W1_3
                     120M          8    1   F     1  = V0_0
                     120M          6    8        -1  = V1_2
                     120M          7    3        -1 != W1_2
                     120M          7    4   F     1 != V2_0
                     120M          8    7         1  = V2_3
                     120M          8    5   F    -1 != V2_0
                     120M          7    6   F     0  = W4_1
                     120M          7    2   F    -1 != U1_1
                     130M          6    8   F    -1 != U2_3
                     130M          7    1         0 != U4_3
                     130M          7    4         0 != V3_3
                     130M          8    3         1  = V4_3
 ! Time = 1230.02s, Average fail depth = 19, Memory usage = 559.5 MB
 !               Branches  Non-fixed    W       Branch decision
                     130M          9    5        -1  = V0_0
                     130M          7    7   F     0 != U3_2
                     130M          8    2         0  = V2_1
                     130M          7    6         0  = W0_1
                     140M          8    1        -1  = W2_0
                     140M          6    8        -1 != V4_3
                     140M          7    3   F    -1 != V1_3
                     140M          7    4   F    -1 != U0_1
                     140M          8    7         1  = W4_0
                     140M          9    5        -1  = W2_3
                     140M          7    2         1  = W1_3
                     140M          9    6   F     1  = V1_3
                     150M          9    1   F    -1  = W3_0
                     150M          7    8   F     1  = W1_3
                     150M          6    4         1  = U3_2
                     150M          9    7   F    -1  = W0_3
                     150M          8    3   F     1  = V0_3
                     150M          9    5   F     0 != U0_0
                     150M          7    2   F     0  = V3_0
                     150M          8    6   F     0 != W1_0
 ! Time = 1428.97s, Average fail depth = 19, Memory usage = 643.5 MB
 !               Branches  Non-fixed    W       Branch decision
                     160M          8    1         0  = U0_3
                     160M          7    8            -
                     160M          8    7         1  = U0_0
                     160M          7    3   F    -1 != W0_3
                     160M          9    5         0 != W0_0
                     160M          8    2   F     1  = V2_0
                     160M          7    4   F     1  = V2_0
                     160M          8    6   F    -1 != W2_0
                     170M          7    1        -1  = U2_0
                     170M          6    8   F    -1 != W2_2
                     170M         11    7        -1 != V1_1
                     170M          7    2         1  = W0_3
                     170M          7    5         1 != V3_2
                     170M          7    3   F    -1 != W4_2
                     170M          9    6   F     1 != W0_1
                     170M          7    4   F    -1 != W1_3
                     180M          7    1         1  = V3_1
                     180M          7    8            -
                     180M          9    7        -1 != U2_0
                     180M          6    3   F    -1  = W3_1
 ! Time = 1707.98s, Average fail depth = 19, Memory usage = 770.3 MB
 !               Branches  Non-fixed    W       Branch decision
                     180M          7    4   F    -1  = W3_3
                     180M          8    5        -1  = W1_0
                     180M          7    2         0  = W1_3
                     180M          7    6        -1  = W2_3
                     190M          8    1         0  = V1_3
                     190M          6    8        -1 != W2_3
                     190M         11    7        -1  = V3_2
                     190M         10    6   F     0  = V1_3
                     190M          7    4   F    -1 != W0_1
                     190M          8    5         1 != V3_0
                     190M          8    2   F     1  = W1_3
                     190M          7    3        -1 != V4_1
                     200M          7    1        -1  = U1_0
                     200M          6    8         1 != U0_3
                     200M          9    7   F     1 != V2_1
                     200M          8    4   F    -1 != U2_1
                     200M          9    5   F     1  = U2_1
                     200M          8    6   F     1 != V3_3
                     200M          8    2   F    -1 != U0_0
                     200M          6    3   F    -1  = U3_1
 ! Time = 1911.04s, Average fail depth = 19, Memory usage = 857.5 MB
 !               Branches  Non-fixed    W       Branch decision
                     210M          7    1   F    -1 != U3_3
                     210M          6    8         0  = W0_3
                     210M          7    7        -1  = V0_1
                     210M          8    5   F    -1  = W0_3
                     210M          8    4   F     0 != V0_1
                     210M          8    6        -1  = V0_1
                     210M          7    3        -1 != U4_1
                     210M          7    2   F    -1  = V3_3
                     220M          7    1   F    -1  = W2_3
                     220M          6    8        -1  = V0_0
                     220M         10    7         0 != U2_1
                     220M          9    5        -1 != W4_3
                     220M          8    4         1 != W4_3
                     220M          7    6   F     1  = V1_3
                     220M          8    2   F    -1  = V0_3
                     220M         12    3   F     1  = W4_1
                     230M          8    1   F     1 != U4_3
                     230M          6    8   F     1  = V3_2
                     230M          7    6         0 != V3_3
                     230M          8    4         0  = V2_2
 ! Time = 2182.49s, Average fail depth = 19, Memory usage = 974.9 MB
 !               Branches  Non-fixed    W       Branch decision
                     230M          8    5         1 != U2_1
                     230M         12    7   F     1 != U3_0
                     230M          8    2   F     1  = U0_1
                     230M          8    3         1  = U4_1
                     240M          8    1   F     0  = V0_0
                     240M          6    8        -1 != V1_3
                     240M          7    6         1 != W0_1
                     240M          7    4         0  = W3_1
                     240M          9    5         0 != U1_0
                     240M          7    2        -1 != V3_3
                     240M          7    3   F     1 != U3_2
                     240M          8    7   F     0 != V1_1
                     250M          8    1   F     1  = U4_1
                     250M          7    8        -1  = V1_3
                     250M          7    4        -1  = W3_0
                     250M          8    6   F     1  = W2_0
                     250M          9    7         0  = W2_1
                     250M          7    5   F     0  = V3_3
                     250M          8    2   F     0 != V0_0
                     250M          9    3   F     0  = V0_0
 ! Time = 2387.38s, Average fail depth = 19, Memory usage = 1.1 GB
 !               Branches  Non-fixed    W       Branch decision
                     260M          6    8   F     0 != W3_1
                     260M          7    1         1  = V0_1
                     260M          7    4   F     0  = V1_1
                     260M          7    6   F     0  = U3_2
                     260M          9    7         1 != V1_3
                     260M          6    2   F     1  = U2_1
                     260M          9    5   F     0  = V1_0
                     260M          8    3   F    -1 != V1_1
                     270M          6    8   F     1  = U3_1
                     270M          7    1   F     0  = U4_0
                     270M          8    4         0  = W1_3
                     270M          8    6        -1  = U3_0
                     270M          7    7   F     0  = W4_0
                     270M          7    5   F     0 != W3_3
                     270M          8    2   F     0  = W3_3
                     270M          7    3   F    -1 != W0_1
                     280M          6    8   F    -1 != W4_1
                     280M          8    4   F    -1 != W1_3
                     280M          7    1   F     0  = U4_1
                     280M          7    6   F     0  = V4_0
 ! Time = 2646.64s, Average fail depth = 19, Memory usage = 1.2 GB
 !               Branches  Non-fixed    W       Branch decision
                     280M          9    7        -1  = W1_3
                     280M          7    2        -1  = V2_3
                     280M          8    5        -1  = W4_3
                     280M          9    3         1  = V1_3
                     290M          6    8        -1  = V0_2
                     290M          7    4   F     0 != U3_0
                     290M          6    1   F    -1  = V2_1
                     290M          8    6         1 != U3_1
                     290M          7    7         0  = W3_1
                     290M          9    5   F     0  = U0_3
                     290M          6    2        -1  = U2_0
                     290M          8    3   F    -1  = W1_1
                     300M          7    8   F        -
                     300M          8    4   F     1 != U3_1
                     300M          8    6        -1  = W2_1
                     300M          7    1   F    -1 != V0_3
                     300M          8    7         1 != W3_3
                     300M          8    2   F    -1 != U4_1
                     300M          9    5         0 != U1_3
                     300M          8    3   F    -1  = V1_2
 ! Time = 2874.11s, Average fail depth = 19, Memory usage = 1.3 GB
 !               Branches  Non-fixed    W       Branch decision
                     310M          6    8   F    -1 != W2_3
                     310M          8    4         0 != W2_0
                     310M          8    1        -1  = U4_1
                     310M          8    6        -1  = V0_3
                     310M          8    5         1 != W0_1
                     310M          6    2         1 != W0_0
                     310M          7    3   F    -1 != W1_1
                     310M          8    7        -1 != W1_0
                     320M          6    8   F     0  = U4_0
                     320M          7    4         1 != V0_3
                     320M          8    1   F     1 != U1_0
                     320M         10    6   F     0 != W2_0
                     320M          6    2        -1 != U1_0
                     320M          8    5   F     1  = W4_3
                     320M          6    3   F    -1  = U1_1
                     320M          7    7   F     0  = V1_1
                     330M          8    4   F     1  = U0_0
                     330M          7    8   F     1 != W3_2
                     330M          7    1   F     1  = U3_0
                     330M          8    6         1 != W0_0
 ! Time = 3122.50s, Average fail depth = 19, Memory usage = 1.4 GB
 !               Branches  Non-fixed    W       Branch decision
                     330M          8    2         1 != U4_3
                     330M          9    5   F     0 != U2_1
                     330M          9    7   F    -1  = U2_0
                     330M         11    3         0  = U1_1
                     340M          7    4   F    -1 != W1_1
                     340M          6    8   F     1  = U0_3
                     340M          9    1         1 != W4_0
                     340M          9    6   F    -1 != V2_3
                     340M         10    5         1  = V1_0
                     340M          7    2        -1  = W3_0
                     340M          9    7        -1  = W4_0
                     340M          7    3   F    -1  = V1_1
                     350M          7    4         0  = W1_0
                     350M          6    8        -1  = U3_3
                     350M          8    1         0 != W2_3
                     350M          8    6   F    -1  = V1_0
                     350M          8    5         0 != V2_3
                     350M          8    2   F    -1  = W3_3
                     350M          9    7         1  = U4_3
                     350M          8    3   F     0 != U4_1
 ! Time = 3340.45s, Average fail depth = 19, Memory usage = 1.5 GB
 !               Branches  Non-fixed    W       Branch decision
                     360M          8    4         1  = U0_0
                     360M          7    8   F    -1  = W1_2
                     360M          9    1         1 != W0_0
                     360M          9    6         1 != W2_1
                     360M          6    2         1 != V0_3
                     360M          6    3   F     0  = W4_1
                     360M         10    5   F     1 != U0_0
                     360M          9    7        -1  = U3_0
                     370M          7    4         0  = V4_1
                     370M          6    8   F     1  = V4_2
                     370M          8    1         1  = W2_0
                     370M          9    6         1  = W0_1
                     370M          9    2         0  = W1_0
                     370M          8    3         1 != W3_2
                     370M          9    5        -1  = V0_1
                     370M          9    7        -1 != V2_2
                     380M          7    4         0  = U2_0
                     380M          6    8        -1 != W2_1
                     380M          8    1        -1  = W1_0
                     380M         11    6        -1  = U1_3
 ! Time = 3612.50s, Average fail depth = 19, Memory usage = 1.6 GB
 !               Branches  Non-fixed    W       Branch decision
                     380M          8    2         1  = W0_1
                     380M          9    5         1  = W2_0
                     380M          8    7         0  = W2_1
                     380M          9    3   F     0  = W2_3
                     390M          9    4         1 != V3_1
                     390M          8    1   F     0 != U1_2
                     390M          6    8   F    -1  = W2_2
                     390M          9    6         0 != V2_0
                     390M          9    5   F    -1 != U0_3
                     390M          8    2        -1  = U4_2
                     390M          9    7   F     1  = W0_1
                     390M          6    3   F     0 != U3_3
                     400M          8    4   F     1  = W2_0
                     400M          8    1         0  = V2_3
                     400M          6    8         0  = W3_1
                     400M          9    6         0 != U2_0
                     400M          8    5         1  = U2_1
                     400M          8    2         0 != U2_2
                     400M          8    7         0 != V4_2
                     400M          7    3         0 != W1_1
 ! Time = 3829.97s, Average fail depth = 19, Memory usage = 1.7 GB
 !               Branches  Non-fixed    W       Branch decision
                     410M          6    4   F     1  = W2_0
                     410M          7    1   F     1  = W1_0
                     410M          7    8   F    -1  = U3_2
                     410M          9    6   F     1 != W1_3
                     410M          7    5         1 != U1_2
                     410M          8    2         1 != U1_2
                     410M          8    7   F    -1 != U2_2
                     410M          6    3   F     0  = U4_1
                     420M          7    4   F     1  = V1_1
                     420M          9    1         0  = W1_0
                     420M          7    8   F     0 != V4_1
                     420M          8    6        -1 != U1_0
                     420M         10    5   F     0 != W3_0
                     420M          7    7        -1 != V1_1
                     420M          6    3   F     1 != U4_0
                     420M          7    2   F     0 != V1_2
                     430M          7    4         1  = W0_3
                     430M          8    1        -1  = W2_0
                     430M          7    8         0  = W1_3
                     430M          8    6         0 != W0_0
 ! Time = 4070.95s, Average fail depth = 19, Memory usage = 1.8 GB
 !               Branches  Non-fixed    W       Branch decision
                     430M         10    7        -1 != U1_0
                     430M          8    5   F    -1 != V0_1
                     430M         10    3   F    -1 != U0_2
                     430M          8    2   F    -1  = V3_2
                     440M          6    8   F    -1 != U2_0
                     440M          8    4        -1  = U4_2
                     440M          8    1   F    -1 != W2_1
                     440M          9    6        -1 != U1_1
                     440M          9    7   F    -1  = W1_3
                     440M          7    5         1 != V4_3
                     440M          7    3        -1  = W3_1
                     440M          9    2   F     0  = U0_1
                     450M          9    4   F     1  = U2_0
                     450M          6    8   F    -1 != U0_2
                     450M          7    1        -1  = U2_0
                     450M          9    6   F    -1 != V4_1
                     450M         12    7        -1 != V4_3
                     450M          8    5   F    -1 != U0_2
                     450M          7    3   F     0  = V1_1
                     450M          9    2   F     0 != U0_1
 ! Time = 4316.54s, Average fail depth = 19, Memory usage = 1.9 GB
 !               Branches  Non-fixed    W       Branch decision
                     460M          7    4         0 != W2_3
                     460M          7    8         1  = U1_3
                     460M          9    1   F     0 != U4_0
                     460M          8    6   F     0  = U3_1
                     460M          8    7         0  = W3_2
                     460M          8    5        -1 != V3_0
                     460M          7    3   F     0  = U0_1
                     460M          8    2         1  = V1_3
                     470M          7    4   F    -1 != U3_1
                     470M          6    8         0 != W0_3
                     470M          8    1   F     1  = V1_3
                     470M          8    6        -1  = U4_0
                     470M          8    7         1  = W4_0
                     470M          7    3   F    -1  = W0_1
                     470M          9    5         0 != U3_0
                     470M          9    2        -1 != U4_0
                     480M          7    4        -1  = W2_2
                     480M          7    8         1  = W4_2
                     480M          8    1         1  = V0_2
                     480M          9    6        -1  = U1_3
 ! Time = 4553.52s, Average fail depth = 19, Memory usage = 2.0 GB
 !               Branches  Non-fixed    W       Branch decision
                     480M          7    3   F     1  = W0_0
                     480M          9    7         0  = V0_1
                     480M          9    5   F    -1 != U1_0
                     480M          8    2   F    -1 != W1_1
                     490M          7    4   F     0 != U0_2
                     490M          7    8   F    -1 != V4_3
                     490M          8    1         1  = W4_1
                     490M         10    6   F     1  = U3_0
                     490M          8    7   F     0 != U3_1
                     490M         10    3         1 != V0_3
                     490M          8    5         0 != W1_1
                     490M          9    2   F     0  = U1_3
                     500M          7    4   F     0 != W2_0
                     500M          6    8         0  = U3_3
                     500M          8    1         0  = W4_3
                     500M          8    6         0  = V3_0
                     500M          8    7        -1 != U0_0
                     500M          7    3   F     1  = W4_0
                     500M          8    5        -1 != W1_0
                     500M          9    2        -1 != W1_3
 ! Time = 4794.13s, Average fail depth = 19, Memory usage = 2.1 GB
 !               Branches  Non-fixed    W       Branch decision
                     510M          7    4        -1  = V4_2
                     510M          7    8         0  = U0_1
                     510M          9    1        -1  = V3_3
                     510M          9    6         0 != W2_0
                     510M         11    7   F    -1  = V3_0
                     510M          7    3         0 != U3_2
                     510M          8    5         0  = U3_1
                     510M          8    2   F    -1 != U4_3
                     520M          7    4         1 != V4_3
                     520M          6    8   F    -1  = V4_1
                     520M          8    1   F    -1  = V2_0
                     520M         10    6         0  = U3_3
                     520M         12    7         1  = W2_2
                     520M         13    3         0 != U3_1
                     520M          9    5   F     1 != U2_2
                     520M          7    2   F     1 != V1_1
                     530M          8    4        -1  = W2_0
                     530M          7    8   F     1 != V1_0
                     530M          8    1         0  = U2_0
                     530M          8    6   F     1 != V0_3
 ! Time = 5041.23s, Average fail depth = 19, Memory usage = 2.2 GB
 !               Branches  Non-fixed    W       Branch decision
                     530M         11    7   F     1 != V0_3
                     530M          7    3         0 != V0_3
                     530M          7    5   F     0  = W3_3
                     530M          8    2   F    -1 != W1_0
                     540M          8    4         0 != V2_3
                     540M          6    8   F     0  = U0_3
                     540M          9    1   F     0  = U0_0
                     540M          9    6         0 != U4_3
                     540M         14    7   F     1  = V3_2
                     540M          7    3   F    -1 != W0_1
                     540M          9    5   F     0 != V3_0
                     540M          7    2   F    -1 != W2_0
                     550M          7    4   F    -1  = V2_3
                     550M          7    8        -1 != W1_2
                     550M          9    1   F     0  = W1_3
                     550M          9    6   F    -1 != U3_0
                     550M          7    3   F    -1 != V0_1
                     550M          7    7         0  = W3_1
                     550M          9    5        -1 != V1_3
                     550M          7    2   F    -1  = U0_1
 ! Time = 5279.18s, Average fail depth = 19, Memory usage = 2.3 GB
 !               Branches  Non-fixed    W       Branch decision
                     560M          7    4   F     1  = W1_1
                     560M          5    8        -1 != V2_3
                     560M          8    1         0 != W4_3
                     560M          8    6         0 != V1_1
                     560M          8    3   F     1 != V4_1
                     560M         10    7         0 != V0_1
                     560M          8    5         1 != U0_3
                     560M          7    2   F     0 != V4_2
                     570M          7    4   F     0 != V2_3
                     570M          5    8        -1 != U1_1
                     570M          9    1   F    -1  = V0_3
                     570M          7    6        -1 != U2_0
                     570M          8    3   F     1  = W2_1
                     570M          8    7         0  = U1_1
                     570M          9    5   F     0  = W2_0
                     570M          7    2   F     0  = U1_0
                     580M          7    4         1 != W1_3
                     580M          7    8        -1  = W3_3
                     580M          8    1   F    -1 != V3_3
                     580M         14    6         1  = U1_1
 ! Time = 5503.70s, Average fail depth = 19, Memory usage = 2.4 GB
 !               Branches  Non-fixed    W       Branch decision
                     580M         10    7        -1  = V0_0
                     580M          8    3   F    -1 != U3_3
                     580M          8    5        -1 != U2_2
                     580M          8    2         1 != U2_1
                     590M          8    4        -1  = U0_1
                     590M          6    8   F     0  = V3_2
                     590M          7    1         1 != V4_3
                     590M          8    6   F    -1 != U0_1
                     590M         12    7         1 != V3_1
                     590M          7    3   F    -1 != U4_0
                     590M          8    5        -1 != W0_0
                     590M          7    2         0 != V0_2
                     600M          7    4         0  = W3_1
                     600M          7    8   F    -1 != V3_1
                     600M          6    1   F     0  = V2_0
                     600M          8    6        -1  = U4_3
                     600M         12    7        -1  = W3_1
                     600M          7    3        -1 != U2_1
                     600M          9    5   F    -1  = V1_3
                     600M          7    2        -1 != V0_3
 ! Time = 5759.23s, Average fail depth = 19, Memory usage = 2.5 GB
 !               Branches  Non-fixed    W       Branch decision
                     610M          6    8        -1 != U1_3
                     610M          8    4         0 != W2_1
                     610M          7    1         0  = W4_0
                     610M          9    6         0 != V0_2
                     610M          7    7         0 != U4_2
                     610M         14    3   F     0 != V1_1
                     610M          9    5   F     0  = W2_0
                     610M          7    2        -1  = U3_0
                     620M          6    8   F    -1 != W3_1
                     620M          8    1         1 != W0_1
                     620M          8    4   F     1 != V3_1
                     620M          9    6   F     1 != W3_3
                     620M          8    7   F     1 != U1_0
                     620M          8    5   F     1  = U2_3
                     620M          7    3   F     0 != V2_3
                     620M          8    2         0 != U3_2
                     630M          7    8   F    -1 != V4_0
                     630M          7    1   F     1 != V2_0
                     630M          8    4        -1  = V3_3
                     630M          8    6         0 != U0_1
 ! Time = 5991.63s, Average fail depth = 19, Memory usage = 2.6 GB
 !               Branches  Non-fixed    W       Branch decision
                     630M          9    7         0  = V0_1
                     630M          7    5        -1 != U1_1
                     630M          7    3   F    -1 != U3_1
                     630M          7    2        -1 != W4_3
                     640M          7    8   F    -1  = U2_3
                     640M          8    1         0  = V0_3
                     640M          7    4         1 != W0_1
                     640M          8    7         0  = W1_1
                     640M          8    6   F     1 != V2_0
                     640M          8    5         0 != U1_1
                     640M          7    3        -1  = U0_1
                     640M          7    2        -1  = V0_0
                     650M          6    8   F    -1 != W0_2
                     650M          8    1         1  = V4_1
                     650M          7    4   F     1  = U1_0
                     650M          7    7        -1  = V4_2
                     650M          9    5         0  = W3_0
                     650M          8    6   F    -1  = V2_2
                     650M         12    3         1  = W1_2
                     650M          8    2         1 != V4_3
 ! Time = 6224.79s, Average fail depth = 19, Memory usage = 2.7 GB
 !               Branches  Non-fixed    W       Branch decision
                     660M          6    8   F     1 != V3_1
                     660M          8    1         0 != V1_1
                     660M          7    7         0 != W4_1
                     660M          8    4   F    -1  = U1_0
                     660M          9    5   F     1 != U2_1
                     660M         11    3   F     1 != V1_3
                     660M          8    6   F    -1 != W4_0
                     660M          7    2   F     1 != V0_0
                     670M          6    8        -1 != U3_3
                     670M          7    1   F     1 != W2_3
                     670M          8    7        -1  = W1_2
                     670M          7    4         0 != U4_0
                     670M          8    5   F     1  = W3_3
                     670M          8    6         0 != V3_0
                     670M         11    3         0 != U1_2
                     670M          7    2         1  = W3_0
                     680M          9    1   F     1 != W2_0
                     680M          6    8   F    -1  = V0_1
                     680M          7    4         0 != U2_0
                     680M         12    7         1  = U3_3
 ! Time = 6457.77s, Average fail depth = 19, Memory usage = 2.8 GB
 !               Branches  Non-fixed    W       Branch decision
                     680M          8    5   F     1 != W3_0
                     680M          7    6   F     1  = V2_0
                     680M          7    2        -1 != V1_3
                     680M          7    3         1  = U2_3
                     690M          8    1   F     1  = V0_0
                     690M          6    8            -
                     690M          8    4   F     1  = W3_2
                     690M          8    7   F    -1 != U1_1
                     690M          9    5   F     0  = V4_2
                     690M          7    6   F     1 != W4_0
                     690M          7    2         1 != U1_3
                     690M          7    3        -1 != V3_3
                     700M          8    1   F     1  = U3_3
                     700M          6    8   F        -
                     700M          7    4         1 != U3_0
                     700M         10    7         1 != V1_1
                     700M          9    5   F    -1  = W0_3
                     700M          8    2   F    -1  = U4_1
                     700M          8    6        -1 != W4_0
                     700M         11    3   F    -1  = V0_1
 ! Time = 6716.29s, Average fail depth = 19, Memory usage = 2.9 GB
 !               Branches  Non-fixed    W       Branch decision
                     710M          8    1         1  = V2_1
                     710M          6    8   F     0  = U0_1
                     710M          9    4         1  = V3_1
                     710M          8    7        -1 != W1_1
                     710M         14    5         1 != W4_0
                     710M          8    2   F     1 != U4_2
                     710M          8    6         0 != V4_3
                     710M          8    3   F     0 != W4_1
                     720M          6    8         0 != W2_1
                     720M          8    1        -1  = U1_1
                     720M          8    4   F    -1 != V4_2
                     720M          8    7   F     0 != U3_2
                     720M          6    2        -1 != U2_2
                     720M          7    5   F    -1 != V0_1
                     720M          7    3         0 != U4_1
                     720M          8    6   F    -1  = V2_3
                     730M          6    8   F    -1  = U4_3
                     730M          8    1   F     1  = V1_1
                     730M          7    4   F    -1  = W2_2
                     730M         12    7         0  = W2_2
 ! Time = 6962.45s, Average fail depth = 19, Memory usage = 3.0 GB
 !               Branches  Non-fixed    W       Branch decision
                     730M          9    5        -1 != U1_2
                     730M          8    2   F     1  = W2_1
                     730M          7    3        -1 != W4_3
                     730M          7    6         1  = W0_0
                     740M          6    8         1  = V2_3
                     740M          9    1        -1 != V0_1
                     740M          7    4   F     0  = V4_2
                     740M         14    7   F    -1  = W3_1
                     740M         11    5        -1 != V0_3
                     740M         11    2   F    -1 != V4_3
                     740M         12    3         1  = V2_1
                     740M          8    6        -1 != U4_0
                     750M          6    8        -1  = U0_1
                     750M         11    1   F    -1  = U1_0
                     750M          8    4         0 != W1_1
                     750M          7    7         0 != V3_2
submitit WARNING (2023-04-30 15:42:42,302) - Bypassing signal SIGCONT
submitit INFO (2023-04-30 15:42:42,310) - Job has timed out. Ran 119 minutes out of requested 121 minutes.
submitit WARNING (2023-04-30 15:42:42,310) - Caught signal SIGUSR2 on cpunode2: this job is timed-out.
submitit INFO (2023-04-30 15:42:42,310) - Not checkpointing nor requeuing since I am a slave (procid=1).
                     750M         11    5        -1  = U3_3
                     750M          7    2   F     0  = V4_3
                     750M         12    3   F     1  = U4_3
                     750M          7    6   F     0  = W1_3
 ! Time = 7196.33s, Average fail depth = 19, Memory usage = 3.1 GB
 !               Branches  Non-fixed    W       Branch decision
 ! ----------------------------------------------------------------------------
 ! Search terminated by limit, no solution found.
 ! ----------------------------------------------------------------------------
 ! Number of branches     : 6040701896
 ! Number of fails        : 2971765475
 ! Total memory usage     : 3.3 GB (3.3 GB CP Optimizer + 0.0 GB Concert)
 ! Time spent in solve    : 7200.06s (7200.06s engine + 0.00s extraction)
 ! Search speed (br. / s) : 838980.5
 ! ----------------------------------------------------------------------------
Unknown
Saving stats to: /h/30/pashootan/Matrix-Mult-CP/logs/2x2x2_5_Apr30_13:43:32/27524_1_stats.csv
submitit INFO (2023-04-30 15:43:34,996) - Job completed successfully
