submitit INFO (2023-04-30 13:43:34,401) - Starting with JobEnvironment(job_id=27524, hostname=cpunode2, local_rank=2(5), node=0(1), global_rank=2(5))
submitit INFO (2023-04-30 13:43:34,401) - Loading pickle: /h/30/pashootan/Matrix-Mult-CP/src/../logs/2x2x2_5_Apr30_13:43:32/27524_submitted.pkl
 ! --------------------------------------------------- CP Optimizer 22.1.1.0 --
 ! Satisfiability problem - 60 variables, 64 constraints
 ! TimeLimit            = 7200
 ! Workers              = 8
 ! LogPeriod            = 10000000
 ! RandomSeed           = 2240
 ! Initial process time : 0.00s (0.00s extraction + 0.00s propagation)
 !  . Log search space  : 95.1 (before), 95.1 (after)
 !  . Memory usage      : 398.3 kB (before), 398.3 kB (after)
 ! Using parallel search with 8 workers.
 ! ----------------------------------------------------------------------------
 !               Branches  Non-fixed    W       Branch decision
                   10000k          5    8            -
                   10000k          6    3   F     1  = U4_1
                   10000k          7    7   F    -1  = V0_1
                   10000k          4    1   F     1 != V1_3
                   10000k          6    2   F     1  = U3_2
                   10000k          4    6         1  = W0_1
                   10000k          4    4   F     1  = V0_2
                   10000k          6    5   F     1  = W1_3
                   20000k          8    7         0  = U2_1
                   20000k          6    8   F    -1 != V3_1
                   20000k          5    6         0 != W0_0
                   20000k          7    3        -1  = V1_3
                   20000k          8    1        -1 != U1_2
                   20000k          8    2         0 != U2_0
                   20000k          7    5         0 != V1_0
                   20000k          7    4   F     0 != W0_2
                   30000k          5    6   F    -1 != W0_3
                   30000k          6    8         0  = W0_1
                   30000k          6    7   F     0  = U4_0
                   30000k          8    1        -1 != W1_3
 ! Time = 237.05s, Average fail depth = 19, Memory usage = 140.4 MB
 !               Branches  Non-fixed    W       Branch decision
                   30000k          6    3        -1 != W3_2
                   30000k          6    5        -1  = U1_2
                   30000k          7    2   F     1 != U3_1
                   30000k          8    4         0 != V4_3
                   40000k          5    8   F     1  = W4_0
                   40000k          5    6         1 != V1_3
                   40000k          8    7         1  = U2_3
                   40000k          8    1         0  = V3_3
                   40000k          7    3        -1 != U4_3
                   40000k          8    5   F    -1 != U3_1
                   40000k          8    2         0  = W1_1
                   40000k          7    4   F     0 != V3_2
                   50000k          6    8   F     1  = W4_0
                   50000k          6    6         1  = U2_0
                   50000k          7    7   F    -1 != U2_0
                   50000k          7    1   F     0 != W0_2
                   50000k          8    2         0 != V0_1
                   50000k          7    5        -1 != V4_3
                   50000k          6    4         1  = W1_3
                   50000k          7    3   F     1  = U4_1
 ! Time = 403.43s, Average fail depth = 19, Memory usage = 230.2 MB
 !               Branches  Non-fixed    W       Branch decision
                   60000k          5    8   F    -1  = W3_0
                   60000k          9    1   F     1  = W3_2
                   60000k          6    7         0 != U2_1
                   60000k          8    2   F     0  = U4_1
                   60000k          7    6   F    -1  = W3_2
                   60000k          7    5         1 != U2_1
                   60000k          6    3         0  = W4_0
                   60000k          8    4   F    -1  = V2_3
                   70000k          6    8   F     1  = V0_1
                   70000k          6    2         1 != W2_2
                   70000k          7    7   F     0  = U4_0
                   70000k          8    1        -1  = V3_2
                   70000k          7    6   F    -1 != W1_2
                   70000k          6    3   F    -1  = W0_2
                   70000k          7    4   F     0  = U3_1
                   70000k          8    5        -1 != W4_3
                   80000k          6    8   F    -1 != W2_2
                   80000k          8    2         0  = W4_1
                   80000k          7    1        -1 != W2_0
                   80000k          7    7   F    -1 != W4_2
 ! Time = 637.07s, Average fail depth = 19, Memory usage = 356.7 MB
 !               Branches  Non-fixed    W       Branch decision
                   80000k          8    4   F    -1 != U3_1
                   80000k          7    3   F     1 != U4_3
                   80000k          6    6   F     0  = W4_2
                   80000k          7    5   F    -1 != W3_0
                   90000k          7    8            -
                   90000k          8    2         1 != U0_1
                   90000k          7    1   F     1  = W0_0
                   90000k          8    7   F     1  = U1_1
                   90000k          6    3   F     0 != V1_0
                   90000k          8    4         0 != V4_1
                   90000k          6    5   F     0 != U3_1
                   90000k          7    6         1 != V2_0
                     100M          5    8   F     1 != V0_2
                     100M          8    2        -1 != V4_0
                     100M          9    1   F    -1 != U4_0
                     100M          9    7   F     0 != W3_3
                     100M          8    3   F     1  = U1_3
                     100M          7    4         1  = W4_3
                     100M          8    6        -1 != U1_3
                     100M          8    5   F     1  = U0_1
 ! Time = 808.64s, Average fail depth = 19, Memory usage = 447.0 MB
 !               Branches  Non-fixed    W       Branch decision
                     110M          5    8   F     1 != V1_3
                     110M          8    2   F    -1  = W4_3
                     110M          7    1   F    -1  = W1_2
                     110M          7    7   F     1  = W2_1
                     110M          8    3        -1  = V0_3
                     110M          7    4        -1 != W0_3
                     110M          7    6        -1 != U1_1
                     110M          7    5        -1 != U0_0
                     120M          4    8   F     0  = V2_2
                     120M          6    2   F    -1  = U1_3
                     120M          7    7        -1  = W0_0
                     120M          8    1         1 != W2_2
                     120M          7    3         0  = V0_1
                     120M          8    4         0 != V3_3
                     120M          6    6         0 != W2_0
                     120M          8    5         1 != V1_1
                     130M          6    8         0 != W1_3
                     130M          8    2         1  = V0_2
                     130M          9    1         0 != W0_2
                     130M          9    7        -1 != W0_0
 ! Time = 1036.02s, Average fail depth = 19, Memory usage = 566.6 MB
 !               Branches  Non-fixed    W       Branch decision
                     130M          7    3         1 != U0_1
                     130M          8    4   F     1  = U2_2
                     130M          7    5   F     1 != V0_0
                     130M          7    6   F     1  = V1_3
                     140M          5    8   F     1  = V4_3
                     140M          7    2         1 != W2_2
                     140M          9    1        -1  = W2_3
                     140M          7    7        -1  = U3_0
                     140M          7    3         0 != U1_3
                     140M          7    4         1  = V3_0
                     140M          7    6   F     0 != V3_0
                     140M          6    5        -1  = W1_3
                     150M          6    8            -
                     150M          8    2   F     1  = W1_0
                     150M          9    1         1 != V4_3
                     150M          6    7         0  = W4_2
                     150M          7    6        -1  = U3_2
                     150M          7    3   F     0 != U1_2
                     150M          8    4   F     0  = W2_3
                     150M          8    5   F     0  = U1_1
 ! Time = 1207.24s, Average fail depth = 19, Memory usage = 657.2 MB
 !               Branches  Non-fixed    W       Branch decision
                     160M          6    8        -1 != W4_0
                     160M          7    2        -1 != W0_3
                     160M          9    7        -1 != V4_1
                     160M          9    1   F     1 != V2_0
                     160M          8    6   F    -1  = U1_2
                     160M          8    3   F    -1 != W1_2
                     160M          8    5        -1 != W1_1
                     160M          8    4   F     1  = W3_2
                     170M          6    8   F    -1  = U2_2
                     170M          6    2   F     1  = U1_2
                     170M          8    1   F     1  = W3_3
                     170M          7    7   F    -1 != V4_2
                     170M          7    6   F    -1 != W3_2
                     170M          7    5        -1 != W3_3
                     170M          7    4   F     0  = U0_2
                     170M          7    3         0 != U4_3
                     180M          5    8   F    -1 != W3_3
                     180M          7    1   F    -1  = W2_0
                     180M          7    7        -1 != W0_0
                     180M          7    6        -1 != U0_1
 ! Time = 1437.34s, Average fail depth = 19, Memory usage = 781.9 MB
 !               Branches  Non-fixed    W       Branch decision
                     180M          7    2         0  = W1_3
                     180M          8    4   F     0 != W3_0
                     180M          7    3         1 != U1_3
                     180M          7    5   F     1 != W2_0
                     190M          5    8   F     0 != V1_0
                     190M          8    2         0 != V0_3
                     190M          7    7         1 != W1_0
                     190M          8    1   F     0  = V2_0
                     190M          6    6   F     0  = W4_2
                     190M          9    4   F     1  = V0_0
                     190M          7    3         1  = U1_1
                     190M          7    5   F     0 != V2_2
                     200M          5    8         1 != W2_2
                     200M          7    1         1 != U3_0
                     200M          8    2   F    -1  = W4_2
                     200M          6    6   F     0  = V1_0
                     200M          8    4         0 != U0_3
                     200M          7    7         0 != U4_1
                     200M          8    5   F    -1 != V1_2
                     200M          8    3   F     0 != U0_3
 ! Time = 1607.34s, Average fail depth = 19, Memory usage = 871.7 MB
 !               Branches  Non-fixed    W       Branch decision
                     210M          6    8         0 != W2_1
                     210M          8    6         1 != U3_2
                     210M          8    1   F     0  = U1_2
                     210M          7    2         0 != W4_0
                     210M          7    4         1 != W2_3
                     210M          6    7        -1 != U2_1
                     210M          7    3         0 != U0_3
                     210M          8    5   F     0  = V0_0
                     220M          5    8   F    -1 != U4_0
                     220M          6    2        -1  = U2_2
                     220M          6    6         0  = U2_2
                     220M          9    1         1  = V0_0
                     220M          7    3         1 != U1_0
                     220M          7    4         0  = U0_0
                     220M          7    7   F     1 != V2_3
                     220M          8    5         1 != V3_3
                     230M          6    8        -1 != W0_1
                     230M          7    6         1 != V2_2
                     230M          7    2         0 != W1_0
                     230M          8    1         0  = W1_3
 ! Time = 1843.12s, Average fail depth = 19, Memory usage = 992.4 MB
 !               Branches  Non-fixed    W       Branch decision
                     230M          8    4   F     0 != U0_0
                     230M          7    7   F    -1  = V1_1
                     230M          8    3         1 != W0_2
                     230M          8    5   F    -1 != W0_0
                     240M          6    8            -
                     240M          7    6         0 != U1_3
                     240M          8    2         1 != V4_0
                     240M          7    7         0 != U2_3
                     240M          7    4         0  = U3_2
                     240M          8    1        -1 != W2_2
                     240M          6    3         0  = V1_3
                     240M          9    5         1 != U2_2
                     250M          5    8            -
                     250M          7    6   F     1 != U3_1
                     250M          8    2         1 != W4_2
                     250M          6    4   F     0 != W2_1
                     250M          8    1   F     1  = V2_1
                     250M          6    3        -1  = W1_0
                     250M          7    7   F    -1  = V4_2
                     250M          8    5        -1  = W1_0
 ! Time = 2022.24s, Average fail depth = 19, Memory usage = 1.1 GB
 !               Branches  Non-fixed    W       Branch decision
                     260M          6    8   F    -1 != W2_0
                     260M          7    6   F    -1  = V1_2
                     260M          7    2   F     1 != W1_3
                     260M          9    1         1  = W4_3
                     260M          8    4   F    -1 != U3_3
                     260M         12    3   F     1 != U3_1
                     260M          8    7   F     0 != U3_2
                     260M          9    5         1 != V2_0
                     270M          5    8   F    -1  = V3_2
                     270M          6    6   F     1  = U2_3
                     270M          7    2   F    -1  = W0_0
                     270M          8    1         1 != W3_0
                     270M          7    7         1  = W4_2
                     270M          7    4         0 != W4_3
                     270M          7    3   F     0  = V1_1
                     270M          8    5        -1 != W4_0
                     280M          6    8   F    -1 != V3_0
                     280M          9    2   F     0  = W3_0
                     280M          7    6         1 != V1_2
                     280M          9    1        -1  = U1_1
 ! Time = 2245.34s, Average fail depth = 19, Memory usage = 1.2 GB
 !               Branches  Non-fixed    W       Branch decision
                     280M          7    3   F     0  = U3_3
                     280M          7    7         1  = U3_3
                     280M          8    4         1 != W1_3
                     280M          8    5         0 != U2_2
                     290M          6    8         0 != U2_0
                     290M          9    2   F     0 != V1_1
                     290M          7    6        -1  = U1_3
                     290M          9    1   F     1  = V2_0
                     290M          8    3   F     1  = V0_1
                     290M          7    4   F    -1  = W2_2
                     290M         10    7   F     0  = W3_0
                     290M          7    5         1 != V1_2
                     300M          6    8        -1 != V3_1
                     300M          8    6        -1 != W4_1
                     300M          7    2   F    -1  = U3_3
                     300M          7    1        -1  = U0_3
                     300M          9    3        -1  = W2_2
                     300M          8    7        -1  = V1_2
                     300M          7    4   F     0  = U1_1
                     300M          8    5   F     0  = U0_2
 ! Time = 2428.58s, Average fail depth = 19, Memory usage = 1.3 GB
 !               Branches  Non-fixed    W       Branch decision
                     310M          6    8        -1 != V0_2
                     310M          7    6         1  = U3_2
                     310M          7    7   F    -1  = U2_0
                     310M          9    1         0 != W3_0
                     310M          9    2         0  = U0_1
                     310M          7    3        -1  = V1_1
                     310M          8    4         1  = W0_0
                     310M          6    5        -1  = W0_3
                     320M          5    8         0 != V1_1
                     320M          7    6   F     1  = V2_3
                     320M          7    7        -1  = W2_2
                     320M          8    3         0 != U0_3
                     320M          7    1        -1 != W4_0
                     320M          6    2        -1  = U3_1
                     320M          8    4   F     0  = V1_3
                     320M          8    5   F     1 != V0_2
                     330M          5    8         1 != W2_3
                     330M          7    6         1  = V3_3
                     330M         11    3   F     1  = V3_3
                     330M          8    2   F     1  = V1_1
 ! Time = 2646.23s, Average fail depth = 19, Memory usage = 1.4 GB
 !               Branches  Non-fixed    W       Branch decision
                     330M         10    7   F     0 != W1_1
                     330M          9    1   F     1 != V4_2
                     330M          8    4         1 != W1_0
                     330M          8    5   F     1  = W3_3
                     340M          6    8         0 != V1_3
                     340M          8    6   F    -1  = V0_2
                     340M          9    2         0 != U3_3
                     340M          7    1         1 != U2_0
                     340M          8    4         1 != U3_2
                     340M          9    3        -1 != W0_0
                     340M          9    7         0  = V4_3
                     340M          8    5   F     0 != W3_0
                     350M          5    8   F     0 != W4_1
                     350M          7    6   F    -1  = V3_1
                     350M          8    1   F     0 != U3_0
                     350M          8    2   F    -1  = W4_0
                     350M          8    4        -1  = W0_2
                     350M          7    7        -1  = V1_1
                     350M          8    3         0 != W4_0
                     350M          9    5   F    -1  = U4_1
 ! Time = 2839.89s, Average fail depth = 19, Memory usage = 1.5 GB
 !               Branches  Non-fixed    W       Branch decision
                     360M          4    8         0  = V1_2
                     360M          8    6         0 != U1_1
                     360M          8    1        -1  = U4_0
                     360M          7    4        -1  = V3_0
                     360M          7    7         0 != U4_2
                     360M          8    3   F    -1 != W2_0
                     360M          7    2   F     0  = V2_3
                     360M          8    5        -1  = W0_0
                     370M          5    8   F     1 != V1_2
                     370M          8    6        -1 != U1_1
                     370M          9    1         0 != U0_0
                     370M          6    7        -1 != U2_1
                     370M          9    4        -1  = W0_2
                     370M          7    3        -1 != W2_0
                     370M          7    2         1  = W0_0
                     370M          6    5   F     1  = V0_3
                     380M          5    8        -1  = V4_2
                     380M          9    6   F    -1  = U3_3
                     380M          8    1   F     0  = W2_0
                     380M          8    7         1  = U1_1
 ! Time = 3048.02s, Average fail depth = 19, Memory usage = 1.6 GB
 !               Branches  Non-fixed    W       Branch decision
                     380M          8    4         0  = W2_0
                     380M         11    3   F    -1 != W0_3
                     380M          8    2   F     0 != W0_2
                     380M          7    5   F    -1 != W4_0
                     390M          5    8        -1  = U0_2
                     390M          8    1         0 != V3_0
                     390M          8    6         1 != V3_3
                     390M          9    7         0 != V3_2
                     390M          8    2        -1  = W2_0
                     390M          8    4   F     1 != W2_1
                     390M          9    3         0  = U1_0
                     390M          8    5   F     0  = U3_3
                     400M          5    8        -1  = V1_0
                     400M          8    1   F     0  = U4_0
                     400M          8    6   F    -1  = W1_1
                     400M         11    7   F     1  = U1_0
                     400M          8    2   F    -1 != V1_3
                     400M          7    4        -1 != U2_3
                     400M          6    3        -1  = W3_3
                     400M          8    5   F    -1 != V2_2
 ! Time = 3246.63s, Average fail depth = 19, Memory usage = 1.7 GB
 !               Branches  Non-fixed    W       Branch decision
                     410M          5    8   F     0  = V2_2
                     410M          9    1   F     0 != U0_3
                     410M          7    6        -1  = U4_2
                     410M          9    7   F    -1  = V2_1
                     410M          7    2   F     0 != U2_3
                     410M          8    4   F     0 != V3_3
                     410M          7    3         0  = U4_2
                     410M          9    5   F     1  = W0_0
                     420M          5    8   F     1  = W4_1
                     420M          8    6         1 != V0_2
                     420M          8    1         1 != V3_0
                     420M          8    7        -1 != U1_0
                     420M          7    2   F     1  = W1_2
                     420M          8    4        -1  = V3_3
                     420M          7    3         0 != W4_0
                     420M          7    5         1  = V1_0
                     430M          5    8   F    -1  = V0_3
                     430M          9    6         0 != V0_1
                     430M          9    1   F     1  = V2_0
                     430M          8    7        -1 != U2_0
 ! Time = 3455.06s, Average fail depth = 19, Memory usage = 1.8 GB
 !               Branches  Non-fixed    W       Branch decision
                     430M          6    2         1  = U3_1
                     430M          7    4   F    -1  = U1_3
                     430M         12    3   F     0  = W4_1
                     430M          8    5        -1 != V0_0
                     440M          5    8   F     1 != V2_3
                     440M          7    1         0 != V4_2
                     440M          7    6   F     0  = V1_1
                     440M         12    7   F    -1  = W2_1
                     440M          7    2   F     1 != V4_2
                     440M          9    4   F     1  = U3_2
                     440M         10    3         0 != U3_0
                     440M          9    5        -1  = U1_1
                     450M          6    8         1  = V4_3
                     450M          8    6   F     1  = U4_2
                     450M          8    1   F     1 != W1_0
                     450M          7    2         1  = W3_2
                     450M          9    7         0  = U0_1
                     450M          6    3   F    -1  = V0_2
                     450M          7    4   F     0  = W1_0
                     450M          8    5   F     1  = W1_3
 ! Time = 3644.45s, Average fail depth = 19, Memory usage = 1.9 GB
 !               Branches  Non-fixed    W       Branch decision
                     460M          6    8         1 != V1_3
                     460M          8    6        -1 != W0_0
                     460M          7    1   F    -1  = V1_3
                     460M          7    2        -1  = V3_3
                     460M          8    4   F     1 != W2_0
                     460M         12    3   F    -1  = V0_1
                     460M          8    7        -1 != W3_0
                     460M          8    5         0  = V4_2
                     470M          4    8         0  = W2_0
                     470M          8    6         0  = W1_1
                     470M          9    1   F     1  = V0_1
                     470M          8    2         1  = V0_2
                     470M          7    3         1 != V4_2
                     470M          9    4         1  = U3_0
                     470M          8    5   F    -1 != U2_2
                     470M         10    7   F     0 != V2_1
                     480M          8    6   F    -1 != W0_1
                     480M          5    8   F    -1  = U4_0
                     480M          7    1   F     1 != V4_1
                     480M          8    2   F    -1  = V3_3
 ! Time = 3869.66s, Average fail depth = 19, Memory usage = 2.0 GB
 !               Branches  Non-fixed    W       Branch decision
                     480M          7    3   F     0 != V4_1
                     480M          8    4   F     1  = V2_0
                     480M          9    7        -1 != W4_2
                     480M          7    5   F     0  = W0_1
                     490M          8    6   F     1  = V4_2
                     490M          4    8        -1  = U0_3
                     490M          7    1   F    -1 != V3_2
                     490M          8    2   F     0 != W3_0
                     490M          7    3   F    -1  = W4_2
                     490M          8    7        -1 != W1_2
                     490M          9    4   F     0  = U0_3
                     490M          8    5   F     0  = W1_1
                     500M          8    6         0 != U2_0
                     500M          5    8   F     1  = U1_1
                     500M          6    1         1 != W0_3
                     500M          9    2        -1  = V1_3
                     500M          8    3   F     0 != W3_0
                     500M          8    7   F    -1 != U0_2
                     500M          8    4         0  = W1_0
                     500M          8    5   F    -1  = U3_0
 ! Time = 4045.79s, Average fail depth = 19, Memory usage = 2.1 GB
 !               Branches  Non-fixed    W       Branch decision
                     510M          8    6         1  = W3_1
                     510M          5    8            -
                     510M          8    1        -1  = V1_0
                     510M          7    2         0 != V3_3
                     510M         11    7   F     1  = V3_1
                     510M          9    4        -1  = U3_3
                     510M          8    5         0 != W0_1
                     510M          8    3   F     1 != W3_2
                     520M          5    8        -1  = W3_2
                     520M          7    1         0 != W4_0
                     520M          9    6         0 != W4_0
                     520M          8    2         0  = V3_2
                     520M          9    7        -1 != V3_2
                     520M          8    4         1 != U1_1
                     520M          7    5   F     0 != V3_1
                     520M          8    3         0  = U1_0
                     530M          7    1   F     1 != V1_2
                     530M          8    6         1 != V2_2
                     530M          4    8   F        -
                     530M          9    2        -1  = U2_3
 ! Time = 4272.42s, Average fail depth = 19, Memory usage = 2.3 GB
 !               Branches  Non-fixed    W       Branch decision
                     530M          8    7   F    -1 != W3_2
                     530M          8    5   F     1  = W2_0
                     530M          8    4         0 != W4_3
                     530M          8    3   F     0 != W3_1
                     540M          7    6        -1 != W4_0
                     540M          7    1         1  = U1_0
                     540M          5    8        -1 != W3_1
                     540M          7    2   F    -1 != U4_2
                     540M          7    7         0 != V3_2
                     540M          8    4   F     1  = W0_3
                     540M          8    5   F    -1  = W4_0
                     540M          8    3        -1 != V1_0
                     550M         10    1   F    -1  = W3_3
                     550M          8    6         1  = V4_2
                     550M          6    8        -1  = V4_0
                     550M          7    2   F     0  = W2_2
                     550M          9    5   F     1 != W2_0
                     550M          9    7        -1  = W3_3
                     550M          8    4   F     1 != V3_2
                     550M          8    3   F     0  = V1_1
 ! Time = 4482.25s, Average fail depth = 19, Memory usage = 2.4 GB
 !               Branches  Non-fixed    W       Branch decision
                     560M          8    1        -1  = W0_0
                     560M          7    6   F     0 != V0_3
                     560M          5    8   F        -
                     560M          8    2   F     0 != V0_0
                     560M          7    7   F    -1  = U1_0
                     560M          7    5         1  = W1_1
                     560M          8    4   F     1 != W1_2
                     560M          9    3   F     0  = U2_0
                     570M          7    6         1  = U4_3
                     570M          8    1         1 != W1_2
                     570M          6    8   F    -1 != W4_3
                     570M          6    2         0 != U1_3
                     570M          7    7         0 != W2_2
                     570M          8    5         0 != V2_1
                     570M          8    4   F     1  = U3_0
                     570M          6    3        -1  = V4_1
                     580M          7    1   F    -1 != W4_2
                     580M          8    6         1  = U1_2
                     580M          5    8   F     1  = U0_0
                     580M          6    2         1  = U1_3
 ! Time = 4673.71s, Average fail depth = 19, Memory usage = 2.5 GB
 !               Branches  Non-fixed    W       Branch decision
                     580M          7    7        -1  = W0_3
                     580M          7    5   F     1 != U1_0
                     580M          7    4   F     1  = V4_0
                     580M          6    3   F    -1  = U1_1
                     590M          7    1   F     0  = U0_1
                     590M          8    6   F     1 != V0_2
                     590M          5    8   F     1  = V1_2
                     590M          8    2   F     1  = W2_1
                     590M         10    7         1  = W2_0
                     590M          9    5   F     1 != W4_3
                     590M          7    4   F    -1 != W4_1
                     590M         11    3   F     1  = U1_0
                     600M          8    1   F     0  = U3_0
                     600M          8    6   F     1 != V0_2
                     600M          5    8   F    -1  = V3_2
                     600M          8    2        -1 != U4_2
                     600M          8    5         0 != W3_1
                     600M         10    7   F     0  = W0_3
                     600M          7    4   F     1  = U0_3
                     600M          9    3   F     0  = V4_0
 ! Time = 4889.84s, Average fail depth = 19, Memory usage = 2.6 GB
 !               Branches  Non-fixed    W       Branch decision
                     610M          8    6   F     0  = W2_2
                     610M          8    1         1  = U1_0
                     610M          5    8            -
                     610M          8    2        -1 != V0_3
                     610M          6    5   F     1  = U1_2
                     610M          8    7   F     0 != U1_0
                     610M          8    4   F    -1  = W3_2
                     620M          7    6         1 != U2_2
                     610M          7    3         0 != U3_3
                     620M          7    1   F     0  = U4_3
                     620M          6    8         1  = U1_3
                     620M          8    2   F     1  = W1_1
                     620M          8    5   F     1 != W4_0
                     620M          7    7   F    -1 != W1_0
                     620M          6    4         1 != V2_3
                     630M          7    6   F    -1  = U4_3
                     630M          8    1   F    -1  = W1_2
                     620M          7    3         0  = W1_2
                     630M          6    8         1  = U0_2
                     630M          8    2         1 != V4_3
 ! Time = 5072.43s, Average fail depth = 19, Memory usage = 2.7 GB
 !               Branches  Non-fixed    W       Branch decision
                     630M          8    5        -1 != V2_2
                     630M         11    7   F     0  = V1_1
                     630M          8    4   F     0 != W1_3
                     640M         11    6   F    -1  = V2_3
                     640M          8    1        -1  = U4_3
                     630M         11    3   F    -1 != V2_1
                     640M          4    8        -1  = W1_2
                     640M          8    2   F     1  = W1_1
                     640M          8    5         0  = W0_3
                     640M          7    7         1 != W1_2
                     640M          8    4   F     1  = U3_3
                     650M          8    6   F     1  = U4_2
                     650M          7    1        -1 != V2_3
                     640M          7    3   F     0  = U1_0
                     650M          4    8   F     1  = V0_2
                     650M          8    2   F     0  = V4_0
                     650M          8    5   F    -1  = V4_3
                     650M          8    7   F    -1  = W3_2
                     650M          7    4         0  = U3_0
                     660M          7    6   F    -1 != W4_1
 ! Time = 5281.96s, Average fail depth = 19, Memory usage = 2.8 GB
 !               Branches  Non-fixed    W       Branch decision
                     660M          8    1   F    -1  = V0_0
                     650M          7    3   F     1 != U4_0
                     660M          5    8   F     1 != V0_2
                     660M          7    2   F    -1 != U4_1
                     660M          8    5   F    -1 != U1_1
                     660M          7    7   F    -1 != W3_1
                     660M          8    4   F    -1 != V3_3
                     670M          9    6         0 != V1_3
                     670M          7    1         1 != V1_0
                     660M          7    3   F    -1 != U0_2
                     670M          5    8   F     0  = U3_2
                     670M         10    2   F     1 != W1_1
                     670M          8    5   F     0  = V3_0
                     670M         11    7         1 != W0_1
                     670M          8    4         1 != V2_0
                     680M          8    6   F    -1 != V4_0
                     680M          7    1         0  = W2_3
                     670M          7    3   F    -1  = U0_3
                     680M          4    8        -1  = V0_2
                     680M          8    2   F     0  = V2_2
 ! Time = 5487.02s, Average fail depth = 19, Memory usage = 2.9 GB
 !               Branches  Non-fixed    W       Branch decision
                     680M          8    7   F     1  = U3_2
                     680M          7    5   F     0 != W2_0
                     680M          8    4   F    -1 != W1_0
                     690M          9    1   F    -1  = V4_0
                     690M         11    6   F     0  = W3_1
                     680M          8    3   F     1 != W1_3
                     690M          4    8            -
                     690M         10    2        -1  = V2_2
                     690M          8    5   F     1  = V2_3
                     690M          9    7   F     1 != U1_0
                     690M          8    4        -1 != V0_3
                     700M          7    1         1  = W2_3
                     700M          8    6   F     1  = V2_1
                     690M          8    3         1  = W4_0
                     700M          5    8   F    -1 != U1_3
                     700M          9    2         0 != U2_2
                     700M          7    5   F     0  = W4_1
                     700M         10    7   F     0  = U0_3
                     700M          8    4   F     1  = W1_0
                     710M         10    1   F     0  = V3_0
 ! Time = 5687.65s, Average fail depth = 19, Memory usage = 3.0 GB
 !               Branches  Non-fixed    W       Branch decision
                     710M          8    6   F     0  = W2_0
                     700M          9    3   F     1  = V2_2
                     710M          4    8   F        -
                     710M          9    2         0 != V0_0
                     710M          6    5        -1  = V4_3
                     710M          7    7         0 != W4_2
                     710M          7    4         1  = U4_1
                     720M          7    1   F     1 != V3_0
                     720M          8    6        -1 != U1_1
                     710M          7    3   F     1 != U2_1
                     720M          5    8            -
                     720M          8    2   F     1  = U0_2
                     720M          7    5         0 != W3_0
                     720M          7    7   F     0  = W4_0
                     720M          9    4   F     1 != V3_0
                     730M          8    1   F     0 != U1_3
                     730M          8    6         0  = V3_2
                     720M          8    3        -1 != V2_1
                     730M          5    8            -
                     730M          9    2         0  = W3_3
 ! Time = 5886.27s, Average fail depth = 19, Memory usage = 3.1 GB
 !               Branches  Non-fixed    W       Branch decision
                     730M          7    5   F    -1  = W2_3
                     730M          7    4         1  = V1_2
                     730M         10    7   F    -1  = V3_1
                     740M          8    1   F     0  = V3_2
                     730M         16    3   F    -1  = V1_1
                     740M          8    6   F     0  = W1_1
                     740M          5    8         1 != U3_2
                     740M          7    2   F     1 != W2_3
                     740M          9    4         1 != W1_0
                     740M          9    5   F     1  = W1_1
                     740M          9    7   F    -1  = V2_1
                     750M          7    1         1  = W4_3
                     740M          7    3   F     1 != W1_1
                     750M          8    6        -1 != V4_0
                     750M          8    2         0 != V3_0
                     750M          4    8   F    -1 != U0_3
                     750M          8    7   F     1 != W4_0
                     750M          8    4         1 != U1_1
                     750M          7    5   F     0 != W4_0
                     760M         11    1        -1  = W4_0
 ! Time = 6084.29s, Average fail depth = 19, Memory usage = 3.2 GB
 !               Branches  Non-fixed    W       Branch decision
                     760M         11    6   F     0 != W4_1
                     750M          7    3   F    -1 != W0_3
                     760M          9    2   F     1 != V3_0
                     760M          4    8   F     0  = U2_3
                     760M          7    7   F    -1  = W0_0
                     760M          8    4         1  = V4_0
                     760M          8    5   F     1 != W4_3
                     770M          7    1   F     0  = V1_2
                     770M          8    6   F    -1 != U3_2
                     760M          7    3        -1  = U1_1
                     770M          7    2        -1  = V1_3
                     770M          4    8         1 != W3_2
                     770M          6    7   F    -1  = W2_2
                     770M          9    4   F     0  = V0_3
                     770M          8    5        -1  = U4_0
                     780M         10    1         0  = V2_2
                     780M          9    6   F     1  = V2_1
                     770M         12    3   F     1 != U2_1
                     780M          9    2         0 != V0_1
                     780M          5    8        -1  = V0_0
 ! Time = 6292.66s, Average fail depth = 19, Memory usage = 3.3 GB
 !               Branches  Non-fixed    W       Branch decision
                     780M         12    4   F    -1 != W2_3
                     780M         12    7        -1 != W2_2
                     790M          7    1   F     0 != W1_3
                     780M          8    5         0 != V3_2
                     780M          9    3   F     1  = W3_3
                     790M          7    6   F     1  = U0_1
                     790M          7    2        -1  = V3_2
                     790M          4    8         0 != U0_2
                     790M          6    4   F    -1  = U1_2
                     790M         12    7         1 != V4_1
                     800M          9    1         0  = U0_3
                     790M          6    5         0  = W3_3
                     790M         10    3         0  = U1_0
                     800M          8    6         1  = V2_1
                     800M          8    2         0  = U3_3
                     800M          4    8   F     1  = W2_1
                     800M          7    4   F     0  = U4_3
                     800M         10    7         1 != U0_3
                     800M          7    5   F     1 != V3_2
                     810M          8    1   F     0  = W1_2
 ! Time = 6489.88s, Average fail depth = 19, Memory usage = 3.4 GB
 !               Branches  Non-fixed    W       Branch decision
                     800M         11    3        -1  = W2_0
                     810M          8    6        -1  = W1_2
                     810M          7    2   F    -1  = W3_2
                     810M          4    8   F    -1  = W2_1
                     810M          8    4         1 != V1_3
                     810M          7    5         1 != W1_0
                     820M          7    1   F     1 != W0_2
                     810M          7    7   F     1  = V2_3
                     810M          8    3         1 != V4_1
                     820M          7    6        -1 != V0_2
                     820M          9    2   F     1  = V1_0
                     820M          4    8         1 != V1_1
                     820M          8    4         1  = W1_0
                     820M         11    5   F     0  = W4_0
                     820M          7    7   F     1 != U4_3
                     830M          8    1   F    -1  = W2_2
                     820M          7    3   F    -1  = W1_1
                     830M         11    6   F     1  = W2_0
                     830M          9    2   F     1  = V4_0
                     830M          4    8            -
 ! Time = 6699.72s, Average fail depth = 19, Memory usage = 3.5 GB
 !               Branches  Non-fixed    W       Branch decision
                     830M          7    4   F     0  = V4_0
                     830M          6    5         0 != W0_3
                     830M          7    7   F     0  = V3_1
                     830M         10    3         0 != W3_3
                     840M          7    1         1  = W0_0
                     840M          9    6   F     1 != V2_1
                     840M          7    2        -1 != W4_1
                     840M          4    8         1 != U1_2
                     840M          9    4   F     1  = W1_3
                     840M          7    5   F    -1  = W3_1
                     840M         10    7         0  = V0_1
                     840M         19    3   F     0 != V0_1
                     850M          8    1   F     0  = V4_2
                     850M          7    2   F     1  = V2_2
                     850M          7    6         0 != W1_0
                     850M          4    8         0 != W4_1
                     850M          8    4         0  = U4_3
                     850M          7    7   F    -1  = W0_2
                     850M          8    5         1  = V3_2
                     850M          7    3   F    -1  = U3_3
 ! Time = 6893.38s, Average fail depth = 19, Memory usage = 3.6 GB
 !               Branches  Non-fixed    W       Branch decision
                     860M         13    1         1 != U2_0
                     860M          8    2   F    -1  = W3_2
                     860M          8    6         0 != W0_0
                     860M          4    8        -1 != U2_3
                     860M          7    7         1  = W3_0
                     860M          7    4   F     1 != W1_3
                     860M          7    3   F     0  = U4_0
                     860M          9    5   F     1 != U0_0
                     870M          7    1   F     1 != W1_0
                     870M          9    6         1  = V2_0
                     870M          8    2   F     0  = W0_1
                     870M          4    8   F    -1 != V2_2
                     870M          7    7   F    -1 != U3_3
                     870M          7    4   F     1  = W0_1
                     870M          7    3         0 != U0_1
                     870M         10    5   F     1  = W1_0
                     880M          8    1         1 != U3_2
                     880M         14    6   F    -1 != W2_1
                     880M          8    2         1  = U0_3
                     880M          5    8        -1  = U1_0
 ! Time = 7104.52s, Average fail depth = 19, Memory usage = 3.7 GB
 !               Branches  Non-fixed    W       Branch decision
                     880M          7    7   F    -1  = W3_0
                     880M          9    4        -1  = W3_2
                     880M          7    5   F     1 != V1_3
                     880M          7    3        -1  = U3_3
                     890M          7    1         0 != U3_2
submitit WARNING (2023-04-30 15:42:42,302) - Bypassing signal SIGCONT
submitit INFO (2023-04-30 15:42:42,310) - Job has timed out. Ran 119 minutes out of requested 121 minutes.
submitit WARNING (2023-04-30 15:42:42,310) - Caught signal SIGUSR2 on cpunode2: this job is timed-out.
submitit INFO (2023-04-30 15:42:42,310) - Not checkpointing nor requeuing since I am a slave (procid=2).
                     890M          6    6        -1 != U3_1
                     890M          9    2   F     1  = W0_2
                     890M          5    8   F    -1  = W2_2
                     890M         11    7         1  = V3_3
                     890M          7    4   F    -1 != W3_3
 ! ----------------------------------------------------------------------------
 ! Search terminated by limit, no solution found.
 ! ----------------------------------------------------------------------------
 ! Number of branches     : 7136442459
 ! Number of fails        : 3509995991
 ! Total memory usage     : 4.0 GB (4.0 GB CP Optimizer + 0.0 GB Concert)
 ! Time spent in solve    : 7200.06s (7200.06s engine + 0.00s extraction)
 ! Search speed (br. / s) : 991165.7
 ! ----------------------------------------------------------------------------
Unknown
Saving stats to: /h/30/pashootan/Matrix-Mult-CP/logs/2x2x2_5_Apr30_13:43:32/27524_2_stats.csv
submitit INFO (2023-04-30 15:43:35,046) - Job completed successfully
