submitit INFO (2023-04-30 13:43:34,401) - Starting with JobEnvironment(job_id=27524, hostname=cpunode2, local_rank=3(5), node=0(1), global_rank=3(5))
submitit INFO (2023-04-30 13:43:34,401) - Loading pickle: /h/30/pashootan/Matrix-Mult-CP/src/../logs/2x2x2_5_Apr30_13:43:32/27524_submitted.pkl
 ! --------------------------------------------------- CP Optimizer 22.1.1.0 --
 ! Satisfiability problem - 60 variables, 64 constraints
 ! TimeLimit            = 7200
 ! Workers              = 8
 ! LogPeriod            = 10000000
 ! RandomSeed           = 8744
 ! Initial process time : 0.00s (0.00s extraction + 0.00s propagation)
 !  . Log search space  : 95.1 (before), 95.1 (after)
 !  . Memory usage      : 398.3 kB (before), 398.3 kB (after)
 ! Using parallel search with 8 workers.
 ! ----------------------------------------------------------------------------
 !               Branches  Non-fixed    W       Branch decision
                   10000k          5    8         1  = V0_0
                   10000k          6    3   F     0  = V2_1
                   10000k          7    7         0  = U1_0
                   10000k          5    4   F     1  = W1_1
                   10000k          4    1   F    -1  = U1_1
                   10000k          5    5   F    -1  = V0_3
                   10000k          5    6         0 != U1_0
                   10000k          4    2         1 != U3_3
                   20000k          5    8            -
                   20000k          6    7   F     0 != U0_0
                   20000k          4    1         1 != U2_1
                   20000k          7    3        -1 != W3_3
                   20000k          6    4         0  = U1_1
                   20000k          8    5   F    -1 != W3_1
                   20000k          6    6        -1  = U0_2
                   20000k          6    2   F     1 != V4_3
                   30000k          6    8   F     0  = V3_1
                   30000k          7    7        -1  = W2_0
                   30000k          8    3        -1 != W2_0
                   30000k          6    4        -1  = W1_2
 ! Time = 292.04s, Average fail depth = 19, Memory usage = 142.2 MB
 !               Branches  Non-fixed    W       Branch decision
                   30000k          7    6        -1  = U4_3
                   30000k          7    5        -1  = U1_2
                   30000k          6    1        -1 != V3_1
                   30000k          6    2   F    -1  = V0_0
                   40000k          5    8        -1  = U0_0
                   40000k          6    7   F     0 != W3_0
                   40000k          6    3        -1 != V4_1
                   40000k          6    4   F     1 != W2_2
                   40000k          8    6         0 != U2_2
                   40000k          6    5        -1 != W1_1
                   40000k          8    1   F     0 != V1_0
                   40000k          6    2        -1  = W1_2
                   50000k          6    8   F    -1  = U4_0
                   50000k          6    7   F    -1 != V4_1
                   50000k          6    4   F     0  = V0_3
                   50000k          7    3   F    -1  = W2_1
                   50000k          7    1         1 != U4_0
                   50000k          7    6   F    -1  = U3_2
                   50000k          7    5         0  = V4_0
                   50000k          7    2   F    -1 != W1_0
 ! Time = 498.29s, Average fail depth = 19, Memory usage = 233.7 MB
 !               Branches  Non-fixed    W       Branch decision
                   60000k          5    8            -
                   60000k          7    7        -1 != V1_1
                   60000k          7    4         0  = V4_3
                   60000k          9    3         0  = U3_3
                   60000k          7    1        -1 != V1_1
                   60000k          7    5   F     0  = V4_0
                   60000k          7    6   F    -1  = W0_2
                   60000k          6    2         1  = U4_1
                   70000k          6    8            -
                   70000k         11    7   F    -1  = W1_0
                   70000k          7    3   F     0  = V3_2
                   70000k          7    4   F    -1 != V3_3
                   70000k          7    5         0 != U1_0
                   70000k          7    1        -1 != U3_3
                   70000k          7    6   F     1  = W4_3
                   70000k          7    2   F    -1  = W2_2
                   80000k          7    7   F    -1  = U0_3
                   80000k          4    8   F    -1 != U4_2
                   80000k          8    3         1 != W0_2
                   80000k          7    4   F     1 != W2_2
 ! Time = 779.20s, Average fail depth = 19, Memory usage = 357.8 MB
 !               Branches  Non-fixed    W       Branch decision
                   80000k          8    1         1 != V1_0
                   80000k          8    6         1 != U4_2
                   80000k          8    5        -1 != U0_2
                   80000k          6    2   F     1 != V4_3
                   90000k          8    7   F     1  = U1_3
                   90000k          5    8         1 != W0_0
                   90000k          8    3   F    -1 != W0_1
                   90000k          7    4        -1 != V1_0
                   90000k          8    1   F     1 != U2_0
                   90000k          7    6         0 != V0_3
                   90000k          8    5         0 != U1_0
                   90000k          6    2         0 != V1_1
                     100M          8    7   F    -1  = W1_1
                     100M          7    3         0 != U1_3
                     100M          5    8   F        -
                     100M          8    4   F     0  = W0_3
                     100M          7    6   F     1  = W4_2
                     100M          7    1   F     0  = W4_0
                     100M          7    5   F    -1  = W1_2
                     100M          7    2        -1 != W3_2
 ! Time = 992.39s, Average fail depth = 19, Memory usage = 452.1 MB
 !               Branches  Non-fixed    W       Branch decision
                     110M          6    7   F    -1  = U2_2
                     110M          6    8            -
                     110M          7    3        -1 != W4_3
                     110M          6    4         1 != U2_1
                     110M          7    6   F     0  = U1_1
                     110M          7    1   F     1  = W2_3
                     110M          7    5         0  = V3_3
                     110M          6    2   F     1  = V3_2
                     120M          8    7   F     0 != V0_1
                     120M          5    8         0 != W3_1
                     120M         11    3        -1 != W2_3
                     120M          7    6        -1 != U0_2
                     120M          9    1        -1  = V0_0
                     120M          7    4         0 != U4_1
                     120M          6    2         1  = U4_2
                     120M          7    5   F     0  = U0_2
                     130M          7    7   F     0 != V3_3
                     130M          5    8   F     0  = U2_1
                     130M          7    6        -1 != V4_3
                     130M          9    3         0 != W2_3
 ! Time = 1266.84s, Average fail depth = 19, Memory usage = 570.8 MB
 !               Branches  Non-fixed    W       Branch decision
                     130M          7    4   F     1  = U4_2
                     130M          7    1   F     0  = U1_2
                     130M          6    2         0  = U1_1
                     130M          7    5        -1  = W1_3
                     140M          8    7   F    -1 != U2_3
                     140M          5    8   F    -1  = V1_0
                     140M          8    6   F     1  = W3_1
                     140M          8    3         0  = U4_2
                     140M          7    1         0  = V4_0
                     140M          7    4   F    -1  = W4_3
                     140M          6    2   F     1 != V0_1
                     140M          7    5         1 != V2_1
                     150M          8    7        -1  = W4_3
                     150M          5    8         1 != V0_0
                     150M          7    6        -1  = U4_1
                     150M          7    4   F     0  = V2_3
                     150M          8    1   F    -1 != W2_1
                     150M          7    2   F     0 != U1_0
                     150M         11    3   F     1 != U4_1
                     150M          6    5         1 != W4_1
 ! Time = 1481.58s, Average fail depth = 19, Memory usage = 667.6 MB
 !               Branches  Non-fixed    W       Branch decision
                     160M          6    7        -1  = U4_2
                     160M          5    8   F    -1 != U0_1
                     160M          8    6         0 != W4_3
                     160M          7    4   F    -1  = W4_2
                     160M          9    1   F     0  = V3_0
                     160M          6    2         0  = W2_2
                     160M          7    3   F     0 != U1_3
                     160M          7    5   F    -1  = V3_3
                     170M          6    7        -1  = W3_3
                     170M          4    8   F     1 != U2_1
                     170M          8    6   F    -1 != V3_3
                     170M          8    4         0  = U2_2
                     170M          8    1         1 != W1_2
                     170M         11    3        -1  = W2_0
                     170M          7    2   F     0  = U2_0
                     170M          7    5        -1 != V0_3
                     180M         11    7         0  = V0_1
                     180M          4    8         0 != U3_1
                     180M          8    6         1 != W0_1
                     180M          8    4        -1  = V3_3
 ! Time = 1758.23s, Average fail depth = 19, Memory usage = 790.4 MB
 !               Branches  Non-fixed    W       Branch decision
                     180M          7    3   F     0  = U3_3
                     180M          7    1   F    -1 != U0_2
                     180M          7    2   F     0  = U1_1
                     180M          8    5   F     1  = W3_1
                     190M          9    7   F    -1 != U0_0
                     190M          5    8         1 != W0_0
                     190M          8    6   F     1 != W2_1
                     190M          8    4         0 != U2_2
                     190M          7    1        -1  = U1_3
                     190M          8    3        -1 != U3_0
                     190M          7    2   F     1 != U2_3
                     190M          7    5        -1 != W2_3
                     200M         12    7   F    -1  = V3_2
                     200M          5    8   F    -1  = U4_3
                     200M          7    4   F     1 != V4_1
                     200M          8    6   F     1 != W4_2
                     200M          7    1   F     0  = V4_0
                     200M          7    3         0  = U1_2
                     200M          8    5   F    -1 != U1_0
                     200M          7    2   F     0 != V4_1
 ! Time = 1983.32s, Average fail depth = 19, Memory usage = 888.4 MB
 !               Branches  Non-fixed    W       Branch decision
                     210M          7    7   F    -1  = V4_2
                     210M          4    8   F     0  = U3_0
                     210M          8    4   F    -1 != U0_3
                     210M          8    6   F    -1  = V4_3
                     210M          7    1   F     1 != V3_0
                     210M          9    3   F    -1 != V2_1
                     210M          8    5         1  = W3_0
                     210M          6    2         1  = V4_3
                     220M         11    7        -1 != V3_2
                     220M          5    8            -
                     220M          8    4        -1 != U2_1
                     220M          7    6   F     0  = W4_1
                     220M          7    1         1 != V4_0
                     220M          7    3         0  = U3_0
                     220M          7    5        -1  = V1_0
                     220M          7    2   F     1 != U4_2
                     230M          8    7   F     1 != U2_1
                     230M          5    8   F     0 != U3_1
                     230M          7    4   F     1  = W3_3
                     230M          7    1         0  = V3_1
 ! Time = 2248.49s, Average fail depth = 19, Memory usage = 1.0 GB
 !               Branches  Non-fixed    W       Branch decision
                     230M          8    6         0  = W1_1
                     230M          7    3         1 != V1_3
                     230M          8    5   F     1  = W2_2
                     230M          6    2         0 != U0_2
                     240M          9    7   F    -1 != V2_1
                     240M          5    8            -
                     240M          7    4   F     0  = V0_3
                     240M          8    1         0 != U1_3
                     240M          7    6         1  = U1_1
                     240M          8    3   F    -1 != V2_1
                     240M          8    5   F     1 != W3_1
                     240M          6    2   F    -1  = V3_1
                     250M          9    7   F    -1  = V0_1
                     250M          5    8         0  = W3_1
                     250M          8    1        -1 != W1_1
                     250M          6    4   F    -1  = U2_2
                     250M          7    6   F    -1  = W4_3
                     250M          8    3         1  = W1_3
                     250M          7    5   F    -1  = U2_1
                     250M          6    2         0  = W4_3
 ! Time = 2472.00s, Average fail depth = 19, Memory usage = 1.1 GB
 !               Branches  Non-fixed    W       Branch decision
                     260M          8    7   F     1 != V3_1
                     260M          5    8   F     1 != V3_0
                     260M          8    1        -1 != W3_1
                     260M          8    4        -1 != W2_0
                     260M          8    6   F     0  = U4_0
                     260M          6    5   F    -1  = V2_3
                     260M          7    3   F     0  = U2_1
                     260M          7    2   F     0  = U4_3
                     270M          5    8        -1 != U4_0
                     270M          7    1         0 != W3_1
                     270M          7    7        -1 != W2_3
                     270M          8    4   F    -1  = W0_2
                     270M          8    6         0  = W0_1
                     270M          8    5   F     1  = V4_0
                     270M          8    3        -1 != V1_1
                     270M          6    2         0 != W0_3
                     280M          6    7   F     0 != U2_3
                     280M          7    1   F     0  = U1_3
                     280M          5    8   F    -1  = U1_0
                     280M          8    4   F    -1  = V0_1
 ! Time = 2732.49s, Average fail depth = 19, Memory usage = 1.2 GB
 !               Branches  Non-fixed    W       Branch decision
                     280M          8    6   F    -1  = W3_1
                     280M          8    5   F    -1  = V0_1
                     280M          9    3   F    -1  = U4_1
                     280M          6    2        -1 != U0_2
                     290M          7    7         0  = V1_1
                     290M          9    1         1  = W4_1
                     290M          6    8            -
                     290M          9    4   F     0 != U4_0
                     290M          6    6        -1 != W2_1
                     290M          8    5   F     1  = V1_0
                     290M          9    3         1 != W3_0
                     290M          6    2         1 != W0_3
                     300M         11    7         0 != V1_0
                     300M          8    1   F     1 != W3_1
                     300M          5    8   F     0  = U0_0
                     300M          8    4         0 != W4_3
                     300M          9    6        -1 != U0_1
                     300M          8    5   F     1 != V1_3
                     300M          8    3         0 != U0_2
                     300M          7    2   F     1 != V4_3
 ! Time = 2971.61s, Average fail depth = 19, Memory usage = 1.3 GB
 !               Branches  Non-fixed    W       Branch decision
                     310M          7    1   F     1 != V3_0
                     310M          8    4   F     1  = U1_2
                     310M         11    7         0  = V0_1
                     310M          4    8         0  = U2_1
                     310M          8    6   F     0  = U3_3
                     310M          7    5         0 != V0_1
                     310M          7    3         0 != U1_0
                     310M          7    2         1  = W1_3
                     320M          6    1   F    -1 != U4_2
                     320M          7    4         1  = W4_1
                     320M         11    7         0  = U2_2
                     320M          5    8   F    -1 != W2_0
                     320M          8    6        -1  = V3_0
                     320M          8    5   F    -1  = W2_0
                     320M          8    3   F    -1 != U3_1
                     320M          7    2   F     0  = V4_2
                     330M          8    1        -1 != V4_3
                     330M         12    7   F     1 != W1_0
                     330M          8    4   F     0 != V2_1
                     330M          6    8   F     1  = V0_1
 ! Time = 3223.24s, Average fail depth = 19, Memory usage = 1.4 GB
 !               Branches  Non-fixed    W       Branch decision
                     330M          9    6        -1 != W1_2
                     330M          7    5   F    -1 != W3_1
                     330M          8    3   F     1  = U4_3
                     330M          7    2        -1 != V1_3
                     340M          8    1         0 != W1_2
                     340M          7    4         0 != U1_0
                     340M         11    7         0 != W1_2
                     340M          5    8   F    -1  = V0_1
                     340M          7    6   F     0  = V2_3
                     340M          8    5   F    -1  = U1_0
                     340M          7    2   F     1 != W0_2
                     340M          7    3        -1  = V4_3
                     350M          9    1   F     1  = U2_2
                     350M          8    4   F     1  = W2_3
                     350M          8    7   F    -1  = V1_2
                     350M          5    8   F        -
                     350M          8    6   F     1  = U2_2
                     350M          8    5         1 != W0_2
                     350M          7    2   F     0  = W3_2
                     350M          7    3        -1 != V0_3
 ! Time = 3485.54s, Average fail depth = 19, Memory usage = 1.6 GB
 !               Branches  Non-fixed    W       Branch decision
                     360M          8    1         1  = U1_2
                     360M          8    4   F     0 != V0_3
                     360M          9    7   F     1 != U1_0
                     360M          5    8         0 != U3_0
                     360M          6    5         0  = V3_1
                     360M          8    6   F     0  = V2_1
                     360M          7    2   F     1 != V4_1
                     360M          8    3   F     1  = U1_3
                     370M          8    1         0  = W3_1
                     370M         10    7        -1 != W0_2
                     370M          5    8         1 != W2_1
                     370M          8    4         0 != W3_1
                     370M          9    6         1 != V2_0
                     370M          8    5   F     1  = U2_1
                     370M          7    2         0 != U1_1
                     370M         10    3        -1  = W1_0
                     380M          8    1         1 != V3_3
                     380M         11    7   F     0  = W2_3
                     380M          5    8            -
                     380M          8    4   F     0  = W0_1
 ! Time = 3711.50s, Average fail depth = 19, Memory usage = 1.6 GB
 !               Branches  Non-fixed    W       Branch decision
                     380M          7    5   F     0 != W4_2
                     380M          8    6         1 != U2_0
                     380M          7    2        -1  = W2_0
                     380M          9    3        -1  = U3_3
                     390M          9    7        -1  = W2_0
                     390M          8    1         1  = W4_3
                     390M          6    4         0  = V0_1
                     390M          5    8   F     0  = W3_0
                     390M          9    6   F    -1 != W0_1
                     390M          7    5   F    -1  = U4_0
                     390M          7    2         1  = U3_2
                     390M          8    3        -1 != W3_1
                     400M         10    7   F     0 != U1_2
                     400M          7    1   F    -1  = W1_0
                     400M          7    4   F    -1  = W1_2
                     400M          5    8   F     0  = V2_0
                     400M          7    6        -1  = W2_2
                     400M          9    5         0  = U0_1
                     400M          7    2   F     1  = W4_1
                     400M          8    3         0  = V0_1
 ! Time = 3978.08s, Average fail depth = 19, Memory usage = 1.8 GB
 !               Branches  Non-fixed    W       Branch decision
                     410M          7    7         1 != U1_1
                     410M          7    4   F    -1  = W3_2
                     410M          8    1   F     1 != V2_3
                     410M          5    8   F     1  = W2_0
                     410M          9    6   F    -1 != U3_2
                     410M          8    5   F    -1 != U3_0
                     410M          7    2   F     1  = W1_1
                     410M          7    3         1  = U2_1
                     420M          8    7        -1  = V2_0
                     420M          8    1   F    -1 != U1_2
                     420M          6    4         1 != U0_2
                     420M          5    8        -1  = V3_1
                     420M          8    6   F     0  = V4_0
                     420M          8    5        -1 != W4_1
                     420M          6    2   F    -1 != W2_3
                     420M          7    3        -1 != W3_2
                     430M          8    1         0 != V3_1
                     430M          9    7   F    -1  = U3_2
                     430M          7    4         0  = W0_0
                     430M          4    8         0 != V4_1
 ! Time = 4199.02s, Average fail depth = 19, Memory usage = 1.9 GB
 !               Branches  Non-fixed    W       Branch decision
                     430M          9    6        -1 != V3_0
                     430M          7    5   F    -1  = V4_0
                     430M          7    2         1 != V4_1
                     430M         12    3        -1  = W2_3
                     440M          7    1   F    -1 != V1_0
                     440M          5    8   F    -1  = U4_0
                     440M          7    4         1  = W4_0
                     440M          9    7         1  = U4_3
                     440M          8    6   F    -1  = U4_2
                     440M          7    5         0  = U4_1
                     440M          6    2         0 != V4_2
                     440M         10    3   F     1 != W2_2
                     450M          7    1   F     1  = V1_0
                     450M          8    4         0  = V3_1
                     450M          5    8         1  = W0_0
                     450M          8    7         0  = U1_0
                     450M          8    6   F     1 != V1_0
                     450M          7    5   F     1 != V2_3
                     450M          6    2   F     1 != W3_0
                     450M          6    3   F    -1  = U1_0
 ! Time = 4469.14s, Average fail depth = 19, Memory usage = 2.0 GB
 !               Branches  Non-fixed    W       Branch decision
                     460M          7    1         0  = V3_3
                     460M          5    8            -
                     460M          8    4        -1  = V2_0
                     460M          9    7         0 != W2_3
                     460M          7    6   F     1 != V4_0
                     460M          8    5         1 != W0_1
                     460M          7    2   F     1 != V3_2
                     460M         13    3   F     0  = V1_1
                     470M          7    1   F     0  = W3_2
                     470M          8    4         0 != U1_1
                     470M          5    8        -1 != W2_0
                     470M         13    7   F    -1 != W1_1
                     470M          9    6         0  = V4_0
                     470M          8    5         1 != U0_2
                     470M          7    2        -1 != V2_2
                     470M          7    3   F    -1 != U4_0
                     480M          7    1        -1 != W4_1
                     480M          7    4         1 != W4_1
                     480M          5    8         0  = V2_2
                     480M          7    7   F    -1 != W2_0
 ! Time = 4690.20s, Average fail depth = 19, Memory usage = 2.1 GB
 !               Branches  Non-fixed    W       Branch decision
                     480M          9    6   F    -1 != W0_1
                     480M          7    5   F     0 != W3_0
                     480M          7    2         1  = U0_3
                     480M          7    3        -1  = U4_3
                     490M          9    1   F    -1  = V2_3
                     490M          4    8        -1 != U1_0
                     490M         11    7        -1  = W1_0
                     490M          8    4   F     0 != W3_1
                     490M          8    6   F    -1  = V2_1
                     490M          7    5   F     1 != V0_1
                     490M          6    2   F     1 != W0_2
                     490M         10    3   F    -1 != V3_1
                     500M          9    1         0 != U1_0
                     500M          4    8   F     1 != U3_0
                     500M          8    7         1 != U0_0
                     500M          8    4   F    -1  = V4_1
                     500M          9    6   F    -1 != W4_1
                     500M          8    5   F     1 != V0_0
                     500M          6    2         1  = U2_3
                     500M          8    3   F     0  = U3_0
 ! Time = 4965.73s, Average fail depth = 19, Memory usage = 2.2 GB
 !               Branches  Non-fixed    W       Branch decision
                     510M          8    1         1  = W2_2
                     510M          4    8        -1  = W3_0
                     510M         11    7         0 != W3_2
                     510M          8    4        -1  = U4_1
                     510M          9    6   F     1  = U1_2
                     510M          8    5        -1  = V2_1
                     510M          6    2   F     1  = W0_2
                     510M          7    3         1 != U1_0
                     520M          8    1        -1  = V0_1
                     520M          4    8         0 != W2_1
                     520M          7    4         1  = V4_1
                     520M          8    7        -1  = U3_0
                     520M          9    6         1  = U4_2
                     520M          7    5         0 != V4_3
                     520M          7    2         0 != V3_0
                     530M          7    1         1 != W2_0
                     520M          7    3   F    -1 != V1_1
                     530M          4    8         1 != V3_2
                     530M          8    4   F    -1  = W0_3
                     530M          8    6   F    -1 != V4_0
 ! Time = 5198.17s, Average fail depth = 19, Memory usage = 2.3 GB
 !               Branches  Non-fixed    W       Branch decision
                     530M         10    7        -1  = V4_2
                     530M          7    5   F     0 != W2_0
                     530M          6    2        -1 != V3_0
                     530M          7    3         1  = U0_0
                     540M          7    1        -1 != U3_0
                     540M          8    4        -1  = U3_2
                     540M          4    8   F     1  = U1_1
                     540M         12    7        -1  = V1_1
                     540M          8    6        -1  = V3_0
                     540M          7    5   F    -1  = U4_0
                     540M          6    2   F    -1  = U3_1
                     540M          7    3         0 != V3_2
                     550M          8    1   F     1  = V2_0
                     550M          8    4   F     0  = V0_0
                     550M          4    8            -
                     550M          7    7   F     0  = U4_0
                     550M          7    6         1 != U1_0
                     550M          9    5   F     1  = V3_1
                     550M          7    2         0 != W2_2
                     550M          7    3        -1 != U0_2
 ! Time = 5454.36s, Average fail depth = 19, Memory usage = 2.4 GB
 !               Branches  Non-fixed    W       Branch decision
                     560M          7    1   F     0 != V3_1
                     560M          4    8   F    -1 != V1_0
                     560M          8    4   F     1  = W4_0
                     560M         10    7   F    -1 != W0_3
                     560M         10    6         1 != V0_3
                     560M          9    5   F     0  = U1_0
                     560M          7    2   F     1 != W0_2
                     570M          7    1        -1  = W0_2
                     560M         10    3         1  = V3_1
                     570M          4    8   F     0 != V2_0
                     570M          8    4         0  = V4_3
                     570M         12    7   F     1  = V2_0
                     570M          6    6        -1  = U3_2
                     570M          8    5   F    -1 != W3_1
                     570M          6    2   F     0  = U1_1
                     580M          7    1         0 != U1_2
                     580M          4    8         1 != U1_0
                     580M          8    4         1 != W1_0
                     580M          9    6         1  = U3_2
                     570M          9    3        -1  = W0_3
 ! Time = 5700.09s, Average fail depth = 19, Memory usage = 2.5 GB
 !               Branches  Non-fixed    W       Branch decision
                     580M          8    5   F    -1 != W1_0
                     580M         10    7   F     1  = W4_1
                     580M          7    2        -1  = U0_3
                     590M          7    1   F     0  = W1_0
                     590M          8    4        -1  = U1_2
                     590M          4    8         0 != V2_0
                     590M          9    6   F     0  = V3_0
                     590M          8    5         0 != V1_3
                     580M          7    3   F     0  = U2_0
                     590M         11    7         1  = U4_0
                     590M          6    2   F    -1 != U0_3
                     600M          8    1        -1  = U1_2
                     600M          8    4   F     1  = U0_1
                     600M          4    8        -1 != W3_1
                     600M          7    5   F    -1  = V3_1
                     600M          8    6   F    -1  = U3_0
                     590M          6    3        -1  = U3_0
                     600M          8    7         0 != U4_0
                     600M          7    2         1  = U0_2
                     610M          8    1   F    -1 != U0_2
 ! Time = 5957.49s, Average fail depth = 19, Memory usage = 2.6 GB
 !               Branches  Non-fixed    W       Branch decision
                     610M          4    8         1 != W2_3
                     610M          8    4   F    -1  = W2_3
                     610M          7    6   F     0  = V0_1
                     610M          7    5        -1 != V4_3
                     600M          8    3   F    -1 != V2_0
                     610M         10    7   F    -1  = V3_1
                     610M          6    2   F     0 != V4_1
                     620M          7    1        -1 != U1_0
                     620M          4    8        -1  = V0_3
                     620M          8    4   F     1  = W0_2
                     620M         10    6        -1  = U2_0
                     620M          8    5   F    -1  = V1_1
                     610M         12    3   F    -1  = W0_0
                     620M         11    7   F    -1  = U1_1
                     620M          7    2         0 != U1_3
                     630M          8    1         1 != W0_1
                     630M          4    8            -
                     630M          7    4   F     0  = W3_2
                     630M          8    6   F     1  = W4_2
                     630M          7    5   F    -1  = V4_1
 ! Time = 6179.61s, Average fail depth = 19, Memory usage = 2.7 GB
 !               Branches  Non-fixed    W       Branch decision
                     620M          7    3        -1  = W0_0
                     630M          9    7        -1 != U0_0
                     630M          7    2         1  = U0_3
                     640M          8    1        -1  = V1_3
                     640M          4    8        -1 != V3_0
                     640M          8    4   F     1 != W1_1
                     640M          9    6         0 != V3_3
                     640M          8    5        -1 != U1_2
                     630M          6    3        -1 != U0_0
                     640M          8    7   F    -1  = W4_0
                     640M          7    2   F    -1  = V4_1
                     650M          7    1   F    -1 != V2_1
                     650M          4    8         0 != W1_1
                     650M         10    6         0 != W3_1
                     650M          7    4        -1  = W4_3
                     640M          7    3        -1  = V3_0
                     650M          7    5   F    -1  = W2_0
                     650M         12    7   F     1 != W4_0
                     650M          7    2         1  = V3_2
                     660M          8    1        -1  = V2_1
 ! Time = 6453.18s, Average fail depth = 19, Memory usage = 2.9 GB
 !               Branches  Non-fixed    W       Branch decision
                     660M          4    8   F     0 != U4_1
                     660M          7    6   F     1 != U2_1
                     650M         11    3         1 != U1_0
                     660M          8    4   F     0  = W3_2
                     660M          9    5   F     0 != W4_3
                     660M          9    7        -1  = U2_2
                     660M          6    2   F     0 != W1_1
                     670M          9    1         1  = W3_0
                     670M          5    8   F     0  = V1_0
                     670M         10    6   F     1 != W3_1
                     670M          7    4   F    -1 != V1_1
                     660M          8    3   F     1  = V4_3
                     670M          7    5         0 != W0_3
                     670M         11    7         0 != U1_3
                     670M          6    2         0  = U2_1
                     680M          7    1   F    -1 != U3_0
                     680M          4    8   F     0  = V4_1
                     680M          9    6   F     0 != W3_1
                     680M          8    4         1  = V3_3
                     680M          8    5   F     1 != V2_1
 ! Time = 6692.84s, Average fail depth = 19, Memory usage = 3.0 GB
 !               Branches  Non-fixed    W       Branch decision
                     670M          9    3         0 != U2_2
                     680M          9    7        -1  = U2_0
                     680M          7    2         1 != V4_2
                     690M          8    1   F     1  = U2_0
                     690M          4    8   F     0  = V3_0
                     690M          8    6   F     0  = W3_1
                     690M          8    4         1 != V0_1
                     690M          8    5   F     0 != U3_0
                     680M          8    3         0  = W4_1
                     690M          8    7        -1  = U3_0
                     700M          7    1   F     0  = W2_1
                     690M          7    2         1  = W2_3
                     700M          4    8   F     0  = V3_0
                     700M         10    6   F     0 != V3_0
                     700M          7    4         1  = U4_1
                     690M         11    3        -1  = U2_3
                     700M          7    5   F    -1 != U0_0
                     700M         14    7        -1 != V0_1
                     710M          7    1        -1  = U3_0
                     710M          4    8   F     1  = U0_2
 ! Time = 6950.02s, Average fail depth = 19, Memory usage = 3.0 GB
 !               Branches  Non-fixed    W       Branch decision
                     700M          7    2         1 != U0_3
                     710M          8    6   F    -1  = W3_1
                     710M          7    4   F    -1  = U3_0
                     700M         17    3        -1 != U3_3
                     710M          9    5         1  = W0_3
                     710M          7    7   F     1  = V4_2
                     720M          7    1        -1 != U2_3
                     720M          4    8         0 != V3_0
                     710M          7    2   F    -1  = V1_3
                     720M          8    6        -1 != U4_1
                     720M          7    4   F     1  = W2_1
                     710M          7    3         0 != U0_0
                     720M          8    5        -1  = V4_1
                     720M          8    7         0 != U0_0
                     720M          7    2   F     1 != W0_2
                     730M          8    1         1 != V1_1
                     730M          4    8         0  = W1_1
submitit WARNING (2023-04-30 15:42:42,302) - Bypassing signal SIGCONT
submitit INFO (2023-04-30 15:42:42,310) - Job has timed out. Ran 119 minutes out of requested 121 minutes.
submitit WARNING (2023-04-30 15:42:42,310) - Caught signal SIGUSR2 on cpunode2: this job is timed-out.
submitit INFO (2023-04-30 15:42:42,310) - Not checkpointing nor requeuing since I am a slave (procid=3).
                     730M         10    6         0  = V2_1
                     720M         11    3   F    -1 != W3_3
                     730M          8    5   F    -1  = V0_1
 ! Time = 7171.52s, Average fail depth = 18, Memory usage = 3.2 GB
 !               Branches  Non-fixed    W       Branch decision
                     730M          8    4   F    -1 != W3_1
 ! ----------------------------------------------------------------------------
 ! Search terminated by limit, no solution found.
 ! ----------------------------------------------------------------------------
 ! Number of branches     : 5846196242
 ! Number of fails        : 2875138355
 ! Total memory usage     : 3.3 GB (3.3 GB CP Optimizer + 0.0 GB Concert)
 ! Time spent in solve    : 7200.07s (7200.07s engine + 0.00s extraction)
 ! Search speed (br. / s) : 811964.9
 ! ----------------------------------------------------------------------------
Unknown
Saving stats to: /h/30/pashootan/Matrix-Mult-CP/logs/2x2x2_5_Apr30_13:43:32/27524_3_stats.csv
submitit INFO (2023-04-30 15:43:35,002) - Job completed successfully
